[0.106s] Invoking command in '/Users/mukuyo/Desktop/RI-AI/build/proto_info': SHLVL=2 _=/usr/bin/env /usr/local/bin/cmake /Users/mukuyo/Desktop/RI-AI/src/proto_info -DCMAKE_INSTALL_PREFIX=/Users/mukuyo/Desktop/RI-AI/install/proto_info
[1.101s] -- The C compiler identification is AppleClang 11.0.3.11030032
[1.251s] -- The CXX compiler identification is AppleClang 11.0.3.11030032
[1.281s] -- Detecting C compiler ABI info
[1.760s] -- Detecting C compiler ABI info - done
[1.779s] -- Check for working C compiler: /Library/Developer/CommandLineTools/usr/bin/cc - skipped
[1.779s] -- Detecting C compile features
[1.780s] -- Detecting C compile features - done
[1.792s] -- Detecting CXX compiler ABI info
[2.280s] -- Detecting CXX compiler ABI info - done
[2.294s] -- Check for working CXX compiler: /Library/Developer/CommandLineTools/usr/bin/c++ - skipped
[2.295s] -- Detecting CXX compile features
[2.296s] -- Detecting CXX compile features - done
[2.335s] -- Found ament_cmake: 0.9.6 (/Users/mukuyo/ros2_ws/ros2-osx/share/ament_cmake/cmake)
[2.438s] -- Found PythonInterp: /usr/local/bin/python3 (found suitable version "3.8.5", minimum required is "3") 
[2.438s] -- Using PYTHON_EXECUTABLE: /usr/local/bin/python3
[4.245s] -- Found Protobuf: /usr/local/lib/libprotobuf.dylib (found version "3.12.4") 
[4.255s] -- Found python_cmake_module: 0.8.0 (/Users/mukuyo/ros2_ws/ros2-osx/share/python_cmake_module/cmake)
[4.359s] -- Found ament_lint_auto: 0.9.5 (/Users/mukuyo/ros2_ws/ros2-osx/share/ament_lint_auto/cmake)
[4.595s] -- Added test 'copyright' to check source files copyright and LICENSE
[4.603s] -- Added test 'flake8' to check Python code syntax and style conventions
[4.605s] -- Added test 'lint_cmake' to check CMake code style
[4.607s] -- Added test 'pep257' to check Python code against some of the style conventions in PEP 257
[4.612s] -- Added test 'xmllint' to check XML markup files
[4.624s] -- Configuring done
[4.646s] -- Generating done
[4.650s] -- Build files have been written to: /Users/mukuyo/Desktop/RI-AI/build/proto_info
[4.656s] Invoked command in '/Users/mukuyo/Desktop/RI-AI/build/proto_info' returned '0': SHLVL=2 _=/usr/bin/env /usr/local/bin/cmake /Users/mukuyo/Desktop/RI-AI/src/proto_info -DCMAKE_INSTALL_PREFIX=/Users/mukuyo/Desktop/RI-AI/install/proto_info
[4.659s] Invoking command in '/Users/mukuyo/Desktop/RI-AI/build/proto_info': SHLVL=2 _=/usr/bin/env /usr/local/bin/cmake --build /Users/mukuyo/Desktop/RI-AI/build/proto_info -- -j8 -l8
[4.987s] [  3%] Running cpp protocol buffer compiler on proto/messages_robocup_ssl_robot_status.proto
[4.988s] [  6%] Running cpp protocol buffer compiler on proto/messages_robocup_ssl_wrapper.proto
[4.989s] [  9%] Running cpp protocol buffer compiler on proto/messages_robocup_ssl_geometry.proto
[4.995s] [ 12%] Running cpp protocol buffer compiler on proto/grSim_Packet.proto
[4.996s] Scanning dependencies of target proto_info_py
[5.014s] [ 16%] Running cpp protocol buffer compiler on proto/messages_robocup_ssl_refbox_log.proto
[5.047s] [ 19%] Running cpp protocol buffer compiler on proto/messages_robocup_ssl_detection.proto
[5.120s] [ 22%] Running cpp protocol buffer compiler on proto/referee.proto
[5.192s] [ 25%] Running cpp protocol buffer compiler on proto/game_event.proto
[5.206s] [ 29%] Running cpp protocol buffer compiler on proto/grSim_Commands.proto
[5.209s] [ 32%] Running cpp protocol buffer compiler on proto/grSim_Replacement.proto
[5.214s] [ 35%] Running python protocol buffer compiler on proto/messages_robocup_ssl_wrapper.proto
[5.387s] [ 38%] Running python protocol buffer compiler on proto/messages_robocup_ssl_geometry.proto
[5.393s] [ 41%] Running python protocol buffer compiler on proto/messages_robocup_ssl_detection.proto
[5.412s] [ 45%] Running python protocol buffer compiler on proto/messages_robocup_ssl_robot_status.proto
[5.431s] [ 48%] Running python protocol buffer compiler on proto/messages_robocup_ssl_refbox_log.proto
[5.459s] [ 51%] Running python protocol buffer compiler on proto/referee.proto
[5.492s] [ 54%] Running python protocol buffer compiler on proto/game_event.proto
[5.505s] [ 58%] Running python protocol buffer compiler on proto/grSim_Replacement.proto
[5.549s] [ 64%] Running python protocol buffer compiler on proto/grSim_Commands.proto
[5.549s] [ 64%] Running python protocol buffer compiler on proto/grSim_Packet.proto
[5.575s] Scanning dependencies of target proto_info
[5.694s] [ 64%] Built target proto_info_py
[5.719s] [ 67%] Building CXX object CMakeFiles/proto_info.dir/messages_robocup_ssl_detection.pb.cc.o
[5.720s] [ 74%] Building CXX object CMakeFiles/proto_info.dir/messages_robocup_ssl_robot_status.pb.cc.o
[5.721s] [ 74%] Building CXX object CMakeFiles/proto_info.dir/messages_robocup_ssl_wrapper.pb.cc.o
[5.724s] [ 77%] Building CXX object CMakeFiles/proto_info.dir/game_event.pb.cc.o
[5.724s] [ 83%] Building CXX object CMakeFiles/proto_info.dir/referee.pb.cc.o
[5.725s] [ 83%] Building CXX object CMakeFiles/proto_info.dir/messages_robocup_ssl_geometry.pb.cc.o
[5.726s] [ 87%] Building CXX object CMakeFiles/proto_info.dir/messages_robocup_ssl_refbox_log.pb.cc.o
[5.845s] [ 90%] Building CXX object CMakeFiles/proto_info.dir/grSim_Replacement.pb.cc.o
[7.533s] In file included from /Users/mukuyo/Desktop/RI-AI/build/proto_info/messages_robocup_ssl_robot_status.pb.cc:4:
[7.534s] In file included from /Users/mukuyo/Desktop/RI-AI/build/proto_info/messages_robocup_ssl_robot_status.pb.h:26:
[7.534s] In file included from /usr/local/include/google/protobuf/generated_message_table_driven.h:35:
[7.535s] In file included from /usr/local/include/google/protobuf/map_entry_lite.h:42:
[7.535s] /usr/local/include/google/protobuf/generated_message_util.h:230:14: warning: zero size arrays are an extension [-Wzero-length-array]
[7.535s]   void* deps[PROTOBUF_ARRAY_SIZE(N)];
[7.536s]              ^~~~~~~~~~~~~~~~~~~~~~
[7.536s] /usr/local/include/google/protobuf/generated_message_util.h:215:32: note: expanded from macro 'PROTOBUF_ARRAY_SIZE'
[7.536s] #define PROTOBUF_ARRAY_SIZE(n) (n)
[7.536s]                                ^~~
[7.540s] /Users/mukuyo/Desktop/RI-AI/build/proto_info/messages_robocup_ssl_robot_status.pb.cc:37:47: note: in instantiation of template class 'google::protobuf::internal::SCCInfo<0>' requested here
[7.540s] ::PROTOBUF_NAMESPACE_ID::internal::SCCInfo<0> scc_info_Robot_Status_messages_5frobocup_5fssl_5frobot_5fstatus_2eproto =
[7.540s]                                               ^
[7.561s] In file included from /Users/mukuyo/Desktop/RI-AI/build/proto_info/game_event.pb.cc:4:
[7.562s] In file included from /Users/mukuyo/Desktop/RI-AI/build/proto_info/game_event.pb.h:26:
[7.562s] In file included from /usr/local/include/google/protobuf/generated_message_table_driven.h:35:
[7.562s] In file included from /usr/local/include/google/protobuf/map_entry_lite.h:42:
[7.562s] /usr/local/include/google/protobuf/generated_message_util.h:230:14: warning: zero size arrays are an extension [-Wzero-length-array]
[7.562s]   void* deps[PROTOBUF_ARRAY_SIZE(N)];
[7.563s]              ^~~~~~~~~~~~~~~~~~~~~~
[7.564s] /usr/local/include/google/protobuf/generated_message_util.h:215:32: note: expanded from macro 'PROTOBUF_ARRAY_SIZE'
[7.564s] #define PROTOBUF_ARRAY_SIZE(n) (n)
[7.565s]                                ^~~
[7.565s] /Users/mukuyo/Desktop/RI-AI/build/proto_info/game_event.pb.cc:39:71: note: in instantiation of template class 'google::protobuf::internal::SCCInfo<0>' requested here
[7.565s]       &scc_info_SSL_Referee_Game_Event_Originator_game_5fevent_2eproto.base,}};
[7.565s]                                                                       ^
[7.608s] In file included from /Users/mukuyo/Desktop/RI-AI/build/proto_info/grSim_Replacement.pb.cc:4:
[7.608s] In file included from /Users/mukuyo/Desktop/RI-AI/build/proto_info/grSim_Replacement.pb.h:26:
[7.608s] In file included from /usr/local/include/google/protobuf/generated_message_table_driven.h:35:
[7.608s] In file included from /usr/local/include/google/protobuf/map_entry_lite.h:42:
[7.609s] /usr/local/include/google/protobuf/generated_message_util.h:230:14: warning: zero size arrays are an extension [-Wzero-length-array]
[7.609s]   void* deps[PROTOBUF_ARRAY_SIZE(N)];
[7.609s]              ^~~~~~~~~~~~~~~~~~~~~~
[7.609s] /usr/local/include/google/protobuf/generated_message_util.h:215:32: note: expanded from macro 'PROTOBUF_ARRAY_SIZE'
[7.610s] #define PROTOBUF_ARRAY_SIZE(n) (n)
[7.610s]                                ^~~
[7.610s] /Users/mukuyo/Desktop/RI-AI/build/proto_info/grSim_Replacement.pb.cc:42:47: note: in instantiation of template class 'google::protobuf::internal::SCCInfo<0>' requested here
[7.610s] ::PROTOBUF_NAMESPACE_ID::internal::SCCInfo<0> scc_info_grSim_BallReplacement_grSim_5fReplacement_2eproto =
[7.610s]                                               ^
[7.622s] In file included from /Users/mukuyo/Desktop/RI-AI/build/proto_info/messages_robocup_ssl_detection.pb.cc:4:
[7.622s] In file included from /Users/mukuyo/Desktop/RI-AI/build/proto_info/messages_robocup_ssl_detection.pb.h:26:
[7.622s] In file included from /usr/local/include/google/protobuf/generated_message_table_driven.h:35:
[7.622s] In file included from /usr/local/include/google/protobuf/map_entry_lite.h:42:
[7.623s] /usr/local/include/google/protobuf/generated_message_util.h:230:14: warning: zero size arrays are an extension [-Wzero-length-array]
[7.623s]   void* deps[PROTOBUF_ARRAY_SIZE(N)];
[7.623s]              ^~~~~~~~~~~~~~~~~~~~~~
[7.623s] /usr/local/include/google/protobuf/generated_message_util.h:215:32: note: expanded from macro 'PROTOBUF_ARRAY_SIZE'
[7.623s] #define PROTOBUF_ARRAY_SIZE(n) (n)
[7.624s]                                ^~~
[7.624s] /Users/mukuyo/Desktop/RI-AI/build/proto_info/messages_robocup_ssl_detection.pb.cc:42:47: note: in instantiation of template class 'google::protobuf::internal::SCCInfo<0>' requested here
[7.624s] ::PROTOBUF_NAMESPACE_ID::internal::SCCInfo<0> scc_info_SSL_DetectionBall_messages_5frobocup_5fssl_5fdetection_2eproto =
[7.624s]                                               ^
[7.648s] In file included from /Users/mukuyo/Desktop/RI-AI/build/proto_info/referee.pb.cc:4:
[7.648s] In file included from /Users/mukuyo/Desktop/RI-AI/build/proto_info/referee.pb.h:26:
[7.648s] In file included from /usr/local/include/google/protobuf/generated_message_table_driven.h:35:
[7.648s] In file included from /usr/local/include/google/protobuf/map_entry_lite.h:42:
[7.648s] /usr/local/include/google/protobuf/generated_message_util.h:230:14: warning: zero size arrays are an extension [-Wzero-length-array]
[7.649s]   void* deps[PROTOBUF_ARRAY_SIZE(N)];
[7.649s]              ^~~~~~~~~~~~~~~~~~~~~~
[7.649s] /usr/local/include/google/protobuf/generated_message_util.h:215:32: note: expanded from macro 'PROTOBUF_ARRAY_SIZE'
[7.650s] #define PROTOBUF_ARRAY_SIZE(n) (n)
[7.650s]                                ^~~
[7.650s] /Users/mukuyo/Desktop/RI-AI/build/proto_info/referee.pb.cc:45:53: note: in instantiation of template class 'google::protobuf::internal::SCCInfo<0>' requested here
[7.650s]       &scc_info_SSL_Referee_TeamInfo_referee_2eproto.base,
[7.650s]                                                     ^
[7.651s] In file included from /Users/mukuyo/Desktop/RI-AI/build/proto_info/messages_robocup_ssl_geometry.pb.cc:4:
[7.651s] In file included from /Users/mukuyo/Desktop/RI-AI/build/proto_info/messages_robocup_ssl_geometry.pb.h:26:
[7.651s] In file included from /usr/local/include/google/protobuf/generated_message_table_driven.h:35:
[7.651s] In file included from /usr/local/include/google/protobuf/map_entry_lite.h:42:
[7.651s] /usr/local/include/google/protobuf/generated_message_util.h:230:14: warning: zero size arrays are an extension [-Wzero-length-array]
[7.652s]   void* deps[PROTOBUF_ARRAY_SIZE(N)];
[7.652s]              ^~~~~~~~~~~~~~~~~~~~~~
[7.652s] /usr/local/include/google/protobuf/generated_message_util.h:215:32: note: expanded from macro 'PROTOBUF_ARRAY_SIZE'
[7.652s] #define PROTOBUF_ARRAY_SIZE(n) (n)
[7.652s]                                ^~~
[7.652s] /Users/mukuyo/Desktop/RI-AI/build/proto_info/messages_robocup_ssl_geometry.pb.cc:59:69: note: in instantiation of template class 'google::protobuf::internal::SCCInfo<0>' requested here
[7.653s]       &scc_info_Vector2f_messages_5frobocup_5fssl_5fgeometry_2eproto.base,}};
[7.653s]                                                                     ^
[7.988s] 1 warning generated.
[7.999s] 1 warning generated.
[8.019s] 1 warning generated.
[8.058s] 1 warning generated.
[8.098s] [ 93%] Building CXX object CMakeFiles/proto_info.dir/grSim_Commands.pb.cc.o
[8.101s] [ 96%] Building CXX object CMakeFiles/proto_info.dir/grSim_Packet.pb.cc.o
[8.116s] 1 warning generated.
[8.301s] 1 warning generated.
[9.063s] In file included from /Users/mukuyo/Desktop/RI-AI/build/proto_info/grSim_Commands.pb.cc:4:
[9.063s] In file included from /Users/mukuyo/Desktop/RI-AI/build/proto_info/grSim_Commands.pb.h:26:
[9.063s] In file included from /usr/local/include/google/protobuf/generated_message_table_driven.h:35:
[9.064s] In file included from /usr/local/include/google/protobuf/map_entry_lite.h:42:
[9.064s] /usr/local/include/google/protobuf/generated_message_util.h:230:14: warning: zero size arrays are an extension [-Wzero-length-array]
[9.064s]   void* deps[PROTOBUF_ARRAY_SIZE(N)];
[9.064s]              ^~~~~~~~~~~~~~~~~~~~~~
[9.064s] /usr/local/include/google/protobuf/generated_message_util.h:215:32: note: expanded from macro 'PROTOBUF_ARRAY_SIZE'
[9.065s] #define PROTOBUF_ARRAY_SIZE(n) (n)
[9.065s]                                ^~~
[9.065s] /Users/mukuyo/Desktop/RI-AI/build/proto_info/grSim_Commands.pb.cc:39:61: note: in instantiation of template class 'google::protobuf::internal::SCCInfo<0>' requested here
[9.065s]       &scc_info_grSim_Robot_Command_grSim_5fCommands_2eproto.base,}};
[9.065s]                                                             ^
[9.309s] 1 warning generated.
[9.394s] [100%] Linking CXX shared library libproto_info.dylib
[9.627s] [100%] Built target proto_info
[9.659s] Invoked command in '/Users/mukuyo/Desktop/RI-AI/build/proto_info' returned '0': SHLVL=2 _=/usr/bin/env /usr/local/bin/cmake --build /Users/mukuyo/Desktop/RI-AI/build/proto_info -- -j8 -l8
[11.121s] Invoking command in '/Users/mukuyo/Desktop/RI-AI/build/proto_info': SHLVL=2 _=/usr/bin/env /usr/local/bin/cmake --install /Users/mukuyo/Desktop/RI-AI/build/proto_info
[11.154s] -- Install configuration: ""
[11.155s] -- Installing: /Users/mukuyo/Desktop/RI-AI/install/proto_info/share/proto_info/environment/pythonpath.sh
[11.155s] -- Installing: /Users/mukuyo/Desktop/RI-AI/install/proto_info/share/proto_info/environment/pythonpath.dsv
[11.156s] -- Installing: /Users/mukuyo/Desktop/RI-AI/install/proto_info/lib/python3.8/site-packages/proto_info
[11.156s] -- Installing: /Users/mukuyo/Desktop/RI-AI/install/proto_info/lib/python3.8/site-packages/proto_info/__init__.py
[11.264s] Listing '/Users/mukuyo/Desktop/RI-AI/install/proto_info/lib/python3.8/site-packages/proto_info'...
[11.264s] Compiling '/Users/mukuyo/Desktop/RI-AI/install/proto_info/lib/python3.8/site-packages/proto_info/__init__.py'...
[11.272s] -- Installing: /Users/mukuyo/Desktop/RI-AI/install/proto_info/include/proto_info/messages_robocup_ssl_wrapper.pb.h
[11.272s] -- Installing: /Users/mukuyo/Desktop/RI-AI/install/proto_info/include/proto_info/messages_robocup_ssl_geometry.pb.h
[11.274s] -- Installing: /Users/mukuyo/Desktop/RI-AI/install/proto_info/include/proto_info/messages_robocup_ssl_detection.pb.h
[11.275s] -- Installing: /Users/mukuyo/Desktop/RI-AI/install/proto_info/include/proto_info/messages_robocup_ssl_robot_status.pb.h
[11.275s] -- Installing: /Users/mukuyo/Desktop/RI-AI/install/proto_info/include/proto_info/messages_robocup_ssl_refbox_log.pb.h
[11.276s] -- Installing: /Users/mukuyo/Desktop/RI-AI/install/proto_info/include/proto_info/referee.pb.h
[11.277s] -- Installing: /Users/mukuyo/Desktop/RI-AI/install/proto_info/include/proto_info/game_event.pb.h
[11.277s] -- Installing: /Users/mukuyo/Desktop/RI-AI/install/proto_info/include/proto_info/grSim_Replacement.pb.h
[11.278s] -- Installing: /Users/mukuyo/Desktop/RI-AI/install/proto_info/include/proto_info/grSim_Commands.pb.h
[11.278s] -- Installing: /Users/mukuyo/Desktop/RI-AI/install/proto_info/include/proto_info/grSim_Packet.pb.h
[11.279s] -- Installing: /Users/mukuyo/Desktop/RI-AI/install/proto_info/lib/libproto_info.dylib
[11.282s] -- Installing: /Users/mukuyo/Desktop/RI-AI/install/proto_info/lib/python3.8/site-packages/messages_robocup_ssl_wrapper_pb2.py
[11.283s] -- Installing: /Users/mukuyo/Desktop/RI-AI/install/proto_info/lib/python3.8/site-packages/messages_robocup_ssl_geometry_pb2.py
[11.285s] -- Installing: /Users/mukuyo/Desktop/RI-AI/install/proto_info/lib/python3.8/site-packages/messages_robocup_ssl_detection_pb2.py
[11.286s] -- Installing: /Users/mukuyo/Desktop/RI-AI/install/proto_info/lib/python3.8/site-packages/messages_robocup_ssl_robot_status_pb2.py
[11.287s] -- Installing: /Users/mukuyo/Desktop/RI-AI/install/proto_info/lib/python3.8/site-packages/messages_robocup_ssl_refbox_log_pb2.py
[11.287s] -- Installing: /Users/mukuyo/Desktop/RI-AI/install/proto_info/lib/python3.8/site-packages/referee_pb2.py
[11.288s] -- Installing: /Users/mukuyo/Desktop/RI-AI/install/proto_info/lib/python3.8/site-packages/game_event_pb2.py
[11.289s] -- Installing: /Users/mukuyo/Desktop/RI-AI/install/proto_info/lib/python3.8/site-packages/grSim_Replacement_pb2.py
[11.289s] -- Installing: /Users/mukuyo/Desktop/RI-AI/install/proto_info/lib/python3.8/site-packages/grSim_Commands_pb2.py
[11.289s] -- Installing: /Users/mukuyo/Desktop/RI-AI/install/proto_info/lib/python3.8/site-packages/grSim_Packet_pb2.py
[11.290s] -- Installing: /Users/mukuyo/Desktop/RI-AI/install/proto_info/share/proto_info/environment/library_path.sh
[11.290s] -- Installing: /Users/mukuyo/Desktop/RI-AI/install/proto_info/share/proto_info/environment/library_path.dsv
[11.291s] -- Installing: /Users/mukuyo/Desktop/RI-AI/install/proto_info/share/ament_index/resource_index/package_run_dependencies/proto_info
[11.292s] -- Installing: /Users/mukuyo/Desktop/RI-AI/install/proto_info/share/ament_index/resource_index/parent_prefix_path/proto_info
[11.292s] -- Installing: /Users/mukuyo/Desktop/RI-AI/install/proto_info/share/proto_info/environment/ament_prefix_path.sh
[11.293s] -- Installing: /Users/mukuyo/Desktop/RI-AI/install/proto_info/share/proto_info/environment/ament_prefix_path.dsv
[11.293s] -- Installing: /Users/mukuyo/Desktop/RI-AI/install/proto_info/share/proto_info/environment/path.sh
[11.294s] -- Installing: /Users/mukuyo/Desktop/RI-AI/install/proto_info/share/proto_info/environment/path.dsv
[11.294s] -- Installing: /Users/mukuyo/Desktop/RI-AI/install/proto_info/share/proto_info/local_setup.bash
[11.295s] -- Installing: /Users/mukuyo/Desktop/RI-AI/install/proto_info/share/proto_info/local_setup.sh
[11.295s] -- Installing: /Users/mukuyo/Desktop/RI-AI/install/proto_info/share/proto_info/local_setup.zsh
[11.296s] -- Installing: /Users/mukuyo/Desktop/RI-AI/install/proto_info/share/proto_info/local_setup.dsv
[11.297s] -- Installing: /Users/mukuyo/Desktop/RI-AI/install/proto_info/share/proto_info/package.dsv
[11.297s] -- Installing: /Users/mukuyo/Desktop/RI-AI/install/proto_info/share/ament_index/resource_index/packages/proto_info
[11.298s] -- Installing: /Users/mukuyo/Desktop/RI-AI/install/proto_info/share/proto_info/cmake/ament_cmake_export_include_directories-extras.cmake
[11.298s] -- Installing: /Users/mukuyo/Desktop/RI-AI/install/proto_info/share/proto_info/cmake/ament_cmake_export_libraries-extras.cmake
[11.299s] -- Installing: /Users/mukuyo/Desktop/RI-AI/install/proto_info/share/proto_info/cmake/ament_cmake_export_dependencies-extras.cmake
[11.300s] -- Installing: /Users/mukuyo/Desktop/RI-AI/install/proto_info/share/proto_info/cmake/proto_infoConfig.cmake
[11.300s] -- Installing: /Users/mukuyo/Desktop/RI-AI/install/proto_info/share/proto_info/cmake/proto_infoConfig-version.cmake
[11.301s] -- Installing: /Users/mukuyo/Desktop/RI-AI/install/proto_info/share/proto_info/package.xml
[11.306s] Invoked command in '/Users/mukuyo/Desktop/RI-AI/build/proto_info' returned '0': SHLVL=2 _=/usr/bin/env /usr/local/bin/cmake --install /Users/mukuyo/Desktop/RI-AI/build/proto_info
