/Users/mukuyo/Desktop/RI-AI/src/main/src/game.cpp:31:16: warning: unused variable 'field_width' [-Wunused-variable]
         float field_width = geometry_message->field_width;
               ^
In file included from /Users/mukuyo/Desktop/RI-AI/src/main/src/goalie.cpp:1:
/Users/mukuyo/Desktop/RI-AI/src/main/src/goalie.hpp:10:23: error: expected class name
class Goalie : public Calc{
                      ^
/Users/mukuyo/Desktop/RI-AI/src/main/src/goalie.cpp:7:52: warning: unused parameter 'ball' [-Wunused-parameter]
void Goalie::main(message_info::msg::DetectionBall ball, message_info::msg::DetectionRobot robot, message_info::msg::GoalInfo goal, message_info::msg::RobotCommand & send_message){
                                                   ^
/Users/mukuyo/Desktop/RI-AI/src/main/src/goalie.cpp:7:92: warning: unused parameter 'robot' [-Wunused-parameter]
void Goalie::main(message_info::msg::DetectionBall ball, message_info::msg::DetectionRobot robot, message_info::msg::GoalInfo goal, message_info::msg::RobotCommand & send_message){
                                                                                           ^
/Users/mukuyo/Desktop/RI-AI/src/main/src/goalie.cpp:7:127: warning: unused parameter 'goal' [-Wunused-parameter]
void Goalie::main(message_info::msg::DetectionBall ball, message_info::msg::DetectionRobot robot, message_info::msg::GoalInfo goal, message_info::msg::RobotCommand & send_message){
                                                                                                                              ^
/Users/mukuyo/Desktop/RI-AI/src/main/src/goalie.cpp:7:167: warning: unused parameter 'send_message' [-Wunused-parameter]
void Goalie::main(message_info::msg::DetectionBall ball, message_info::msg::DetectionRobot robot, message_info::msg::GoalInfo goal, message_info::msg::RobotCommand & send_message){
                                                                                                                                                                      ^
4 warnings and 1 error generated.
make[2]: *** [CMakeFiles/main.dir/src/goalie.cpp.o] Error 1
make[2]: *** Waiting for unfinished jobs....
1 warning generated.
make[1]: *** [CMakeFiles/main.dir/all] Error 2
make: *** [all] Error 2
