[2.625s] DEBUG:colcon:Command line arguments: ['/usr/local/bin/colcon', 'build']
[2.626s] DEBUG:colcon:Parsed command line arguments: Namespace(ament_cmake_args=None, base_paths=['.'], build_base='build', catkin_cmake_args=None, catkin_skip_building_tests=False, cmake_args=None, cmake_clean_cache=False, cmake_clean_first=False, cmake_force_configure=False, cmake_target=None, cmake_target_skip_unavailable=False, continue_on_error=False, event_handlers=None, executor='parallel', ignore_user_meta=False, install_base='install', log_base=None, log_level=None, main=<bound method BuildVerb.main of <colcon_core.verb.build.BuildVerb object at 0x10fd3a760>>, merge_install=False, metas=['./colcon.meta'], packages_above=None, packages_above_and_dependencies=None, packages_above_depth=None, packages_end=None, packages_ignore=None, packages_ignore_regex=None, packages_select=None, packages_select_build_failed=False, packages_select_by_dep=None, packages_select_regex=None, packages_select_test_failures=False, packages_skip=None, packages_skip_build_finished=False, packages_skip_by_dep=None, packages_skip_regex=None, packages_skip_test_passed=False, packages_skip_up_to=None, packages_start=None, packages_up_to=None, packages_up_to_regex=None, parallel_workers=8, paths=None, symlink_install=False, test_result_base=None, verb_extension=<colcon_core.verb.build.BuildVerb object at 0x10fd3a760>, verb_name='build', verb_parser=<colcon_defaults.argument_parser.defaults.DefaultArgumentsDecorator object at 0x10fd3aca0>)
[2.864s] Level 1:colcon.colcon_core.package_discovery:discover_packages(colcon_meta) check parameters
[2.865s] Level 1:colcon.colcon_core.package_discovery:discover_packages(recursive) check parameters
[2.865s] Level 1:colcon.colcon_core.package_discovery:discover_packages(ignore) check parameters
[2.865s] Level 1:colcon.colcon_core.package_discovery:discover_packages(path) check parameters
[2.865s] Level 1:colcon.colcon_core.package_discovery:discover_packages(colcon_meta) discover
[2.865s] Level 1:colcon.colcon_core.package_discovery:discover_packages(recursive) discover
[2.865s] INFO:colcon.colcon_core.package_discovery:Crawling recursively for packages in '/Users/mukuyo/Desktop/RI-AI'
[2.865s] Level 1:colcon.colcon_core.package_identification:_identify(.) by extensions ['ignore', 'ignore_ament_install']
[2.866s] Level 1:colcon.colcon_core.package_identification:_identify(.) by extension 'ignore'
[2.866s] Level 1:colcon.colcon_core.package_identification:_identify(.) by extension 'ignore_ament_install'
[2.866s] Level 1:colcon.colcon_core.package_identification:_identify(.) by extensions ['colcon_pkg']
[2.866s] Level 1:colcon.colcon_core.package_identification:_identify(.) by extension 'colcon_pkg'
[2.866s] Level 1:colcon.colcon_core.package_identification:_identify(.) by extensions ['colcon_meta']
[2.866s] Level 1:colcon.colcon_core.package_identification:_identify(.) by extension 'colcon_meta'
[2.866s] Level 1:colcon.colcon_core.package_identification:_identify(.) by extensions ['ros']
[2.866s] Level 1:colcon.colcon_core.package_identification:_identify(.) by extension 'ros'
[2.958s] Level 1:colcon.colcon_core.package_identification:_identify(.) by extensions ['cmake', 'python']
[2.958s] Level 1:colcon.colcon_core.package_identification:_identify(.) by extension 'cmake'
[2.958s] Level 1:colcon.colcon_core.package_identification:_identify(.) by extension 'python'
[2.958s] Level 1:colcon.colcon_core.package_identification:_identify(.) by extensions ['python_setup_py']
[2.958s] Level 1:colcon.colcon_core.package_identification:_identify(.) by extension 'python_setup_py'
[2.959s] Level 1:colcon.colcon_core.package_identification:_identify(build) by extensions ['ignore', 'ignore_ament_install']
[2.959s] Level 1:colcon.colcon_core.package_identification:_identify(build) by extension 'ignore'
[2.959s] Level 1:colcon.colcon_core.package_identification:_identify(build) ignored
[2.959s] Level 1:colcon.colcon_core.package_identification:_identify(install) by extensions ['ignore', 'ignore_ament_install']
[2.960s] Level 1:colcon.colcon_core.package_identification:_identify(install) by extension 'ignore'
[2.960s] Level 1:colcon.colcon_core.package_identification:_identify(install) ignored
[2.960s] Level 1:colcon.colcon_core.package_identification:_identify(log) by extensions ['ignore', 'ignore_ament_install']
[2.961s] Level 1:colcon.colcon_core.package_identification:_identify(log) by extension 'ignore'
[2.961s] Level 1:colcon.colcon_core.package_identification:_identify(log) ignored
[2.961s] Level 1:colcon.colcon_core.package_identification:_identify(src) by extensions ['ignore', 'ignore_ament_install']
[2.961s] Level 1:colcon.colcon_core.package_identification:_identify(src) by extension 'ignore'
[2.961s] Level 1:colcon.colcon_core.package_identification:_identify(src) by extension 'ignore_ament_install'
[2.962s] Level 1:colcon.colcon_core.package_identification:_identify(src) by extensions ['colcon_pkg']
[2.962s] Level 1:colcon.colcon_core.package_identification:_identify(src) by extension 'colcon_pkg'
[2.962s] Level 1:colcon.colcon_core.package_identification:_identify(src) by extensions ['colcon_meta']
[2.962s] Level 1:colcon.colcon_core.package_identification:_identify(src) by extension 'colcon_meta'
[2.962s] Level 1:colcon.colcon_core.package_identification:_identify(src) by extensions ['ros']
[2.962s] Level 1:colcon.colcon_core.package_identification:_identify(src) by extension 'ros'
[2.962s] Level 1:colcon.colcon_core.package_identification:_identify(src) by extensions ['cmake', 'python']
[2.962s] Level 1:colcon.colcon_core.package_identification:_identify(src) by extension 'cmake'
[2.962s] Level 1:colcon.colcon_core.package_identification:_identify(src) by extension 'python'
[2.963s] Level 1:colcon.colcon_core.package_identification:_identify(src) by extensions ['python_setup_py']
[2.963s] Level 1:colcon.colcon_core.package_identification:_identify(src) by extension 'python_setup_py'
[2.963s] Level 1:colcon.colcon_core.package_identification:_identify(src/main) by extensions ['ignore', 'ignore_ament_install']
[2.963s] Level 1:colcon.colcon_core.package_identification:_identify(src/main) by extension 'ignore'
[2.964s] Level 1:colcon.colcon_core.package_identification:_identify(src/main) by extension 'ignore_ament_install'
[2.964s] Level 1:colcon.colcon_core.package_identification:_identify(src/main) by extensions ['colcon_pkg']
[2.964s] Level 1:colcon.colcon_core.package_identification:_identify(src/main) by extension 'colcon_pkg'
[2.964s] Level 1:colcon.colcon_core.package_identification:_identify(src/main) by extensions ['colcon_meta']
[2.964s] Level 1:colcon.colcon_core.package_identification:_identify(src/main) by extension 'colcon_meta'
[2.964s] Level 1:colcon.colcon_core.package_identification:_identify(src/main) by extensions ['ros']
[2.964s] Level 1:colcon.colcon_core.package_identification:_identify(src/main) by extension 'ros'
[2.971s] DEBUG:colcon.colcon_core.package_identification:Package 'src/main' with type 'ros.ament_cmake' and name 'main'
[2.973s] Level 1:colcon.colcon_core.package_identification:_identify(src/message_info) by extensions ['ignore', 'ignore_ament_install']
[2.973s] Level 1:colcon.colcon_core.package_identification:_identify(src/message_info) by extension 'ignore'
[2.974s] Level 1:colcon.colcon_core.package_identification:_identify(src/message_info) by extension 'ignore_ament_install'
[2.974s] Level 1:colcon.colcon_core.package_identification:_identify(src/message_info) by extensions ['colcon_pkg']
[2.974s] Level 1:colcon.colcon_core.package_identification:_identify(src/message_info) by extension 'colcon_pkg'
[2.974s] Level 1:colcon.colcon_core.package_identification:_identify(src/message_info) by extensions ['colcon_meta']
[2.974s] Level 1:colcon.colcon_core.package_identification:_identify(src/message_info) by extension 'colcon_meta'
[2.975s] Level 1:colcon.colcon_core.package_identification:_identify(src/message_info) by extensions ['ros']
[2.975s] Level 1:colcon.colcon_core.package_identification:_identify(src/message_info) by extension 'ros'
[2.977s] DEBUG:colcon.colcon_core.package_identification:Package 'src/message_info' with type 'ros.ament_cmake' and name 'message_info'
[2.978s] Level 1:colcon.colcon_core.package_identification:_identify(src/proto_info) by extensions ['ignore', 'ignore_ament_install']
[2.978s] Level 1:colcon.colcon_core.package_identification:_identify(src/proto_info) by extension 'ignore'
[2.978s] Level 1:colcon.colcon_core.package_identification:_identify(src/proto_info) by extension 'ignore_ament_install'
[2.978s] Level 1:colcon.colcon_core.package_identification:_identify(src/proto_info) by extensions ['colcon_pkg']
[2.979s] Level 1:colcon.colcon_core.package_identification:_identify(src/proto_info) by extension 'colcon_pkg'
[2.979s] Level 1:colcon.colcon_core.package_identification:_identify(src/proto_info) by extensions ['colcon_meta']
[2.979s] Level 1:colcon.colcon_core.package_identification:_identify(src/proto_info) by extension 'colcon_meta'
[2.979s] Level 1:colcon.colcon_core.package_identification:_identify(src/proto_info) by extensions ['ros']
[2.979s] Level 1:colcon.colcon_core.package_identification:_identify(src/proto_info) by extension 'ros'
[2.981s] DEBUG:colcon.colcon_core.package_identification:Package 'src/proto_info' with type 'ros.ament_cmake' and name 'proto_info'
[2.982s] Level 1:colcon.colcon_core.package_identification:_identify(src/reciever) by extensions ['ignore', 'ignore_ament_install']
[2.982s] Level 1:colcon.colcon_core.package_identification:_identify(src/reciever) by extension 'ignore'
[2.982s] Level 1:colcon.colcon_core.package_identification:_identify(src/reciever) by extension 'ignore_ament_install'
[2.982s] Level 1:colcon.colcon_core.package_identification:_identify(src/reciever) by extensions ['colcon_pkg']
[2.982s] Level 1:colcon.colcon_core.package_identification:_identify(src/reciever) by extension 'colcon_pkg'
[2.983s] Level 1:colcon.colcon_core.package_identification:_identify(src/reciever) by extensions ['colcon_meta']
[2.983s] Level 1:colcon.colcon_core.package_identification:_identify(src/reciever) by extension 'colcon_meta'
[2.983s] Level 1:colcon.colcon_core.package_identification:_identify(src/reciever) by extensions ['ros']
[2.983s] Level 1:colcon.colcon_core.package_identification:_identify(src/reciever) by extension 'ros'
[2.986s] DEBUG:colcon.colcon_core.package_identification:Package 'src/reciever' with type 'ros.ament_cmake' and name 'reciever'
[2.987s] Level 1:colcon.colcon_core.package_identification:_identify(src/sender) by extensions ['ignore', 'ignore_ament_install']
[2.987s] Level 1:colcon.colcon_core.package_identification:_identify(src/sender) by extension 'ignore'
[2.987s] Level 1:colcon.colcon_core.package_identification:_identify(src/sender) by extension 'ignore_ament_install'
[2.988s] Level 1:colcon.colcon_core.package_identification:_identify(src/sender) by extensions ['colcon_pkg']
[2.988s] Level 1:colcon.colcon_core.package_identification:_identify(src/sender) by extension 'colcon_pkg'
[2.988s] Level 1:colcon.colcon_core.package_identification:_identify(src/sender) by extensions ['colcon_meta']
[2.988s] Level 1:colcon.colcon_core.package_identification:_identify(src/sender) by extension 'colcon_meta'
[2.989s] Level 1:colcon.colcon_core.package_identification:_identify(src/sender) by extensions ['ros']
[2.989s] Level 1:colcon.colcon_core.package_identification:_identify(src/sender) by extension 'ros'
[2.992s] DEBUG:colcon.colcon_core.package_identification:Package 'src/sender' with type 'ros.ament_cmake' and name 'sender'
[2.993s] Level 1:colcon.colcon_core.package_discovery:discover_packages(recursive) using defaults
[2.993s] Level 1:colcon.colcon_core.package_discovery:discover_packages(ignore) discover
[2.993s] Level 1:colcon.colcon_core.package_discovery:discover_packages(ignore) using defaults
[2.993s] Level 1:colcon.colcon_core.package_discovery:discover_packages(path) discover
[2.993s] Level 1:colcon.colcon_core.package_discovery:discover_packages(path) using defaults
[3.108s] Level 5:colcon.colcon_core.verb:set package 'message_info' build argument 'cmake_args' from command line to 'None'
[3.108s] Level 5:colcon.colcon_core.verb:set package 'message_info' build argument 'cmake_target' from command line to 'None'
[3.108s] Level 5:colcon.colcon_core.verb:set package 'message_info' build argument 'cmake_target_skip_unavailable' from command line to 'False'
[3.108s] Level 5:colcon.colcon_core.verb:set package 'message_info' build argument 'cmake_clean_cache' from command line to 'False'
[3.108s] Level 5:colcon.colcon_core.verb:set package 'message_info' build argument 'cmake_clean_first' from command line to 'False'
[3.109s] Level 5:colcon.colcon_core.verb:set package 'message_info' build argument 'cmake_force_configure' from command line to 'False'
[3.109s] Level 5:colcon.colcon_core.verb:set package 'message_info' build argument 'ament_cmake_args' from command line to 'None'
[3.109s] Level 5:colcon.colcon_core.verb:set package 'message_info' build argument 'catkin_cmake_args' from command line to 'None'
[3.109s] Level 5:colcon.colcon_core.verb:set package 'message_info' build argument 'catkin_skip_building_tests' from command line to 'False'
[3.110s] DEBUG:colcon.colcon_core.verb:Building package 'message_info' with the following arguments: {'ament_cmake_args': None, 'build_base': '/Users/mukuyo/Desktop/RI-AI/build/message_info', 'catkin_cmake_args': None, 'catkin_skip_building_tests': False, 'cmake_args': None, 'cmake_clean_cache': False, 'cmake_clean_first': False, 'cmake_force_configure': False, 'cmake_target': None, 'cmake_target_skip_unavailable': False, 'install_base': '/Users/mukuyo/Desktop/RI-AI/install/message_info', 'merge_install': False, 'path': '/Users/mukuyo/Desktop/RI-AI/src/message_info', 'symlink_install': False, 'test_result_base': None}
[3.197s] Level 5:colcon.colcon_core.verb:set package 'proto_info' build argument 'cmake_args' from command line to 'None'
[3.197s] Level 5:colcon.colcon_core.verb:set package 'proto_info' build argument 'cmake_target' from command line to 'None'
[3.197s] Level 5:colcon.colcon_core.verb:set package 'proto_info' build argument 'cmake_target_skip_unavailable' from command line to 'False'
[3.197s] Level 5:colcon.colcon_core.verb:set package 'proto_info' build argument 'cmake_clean_cache' from command line to 'False'
[3.197s] Level 5:colcon.colcon_core.verb:set package 'proto_info' build argument 'cmake_clean_first' from command line to 'False'
[3.198s] Level 5:colcon.colcon_core.verb:set package 'proto_info' build argument 'cmake_force_configure' from command line to 'False'
[3.198s] Level 5:colcon.colcon_core.verb:set package 'proto_info' build argument 'ament_cmake_args' from command line to 'None'
[3.198s] Level 5:colcon.colcon_core.verb:set package 'proto_info' build argument 'catkin_cmake_args' from command line to 'None'
[3.199s] Level 5:colcon.colcon_core.verb:set package 'proto_info' build argument 'catkin_skip_building_tests' from command line to 'False'
[3.199s] DEBUG:colcon.colcon_core.verb:Building package 'proto_info' with the following arguments: {'ament_cmake_args': None, 'build_base': '/Users/mukuyo/Desktop/RI-AI/build/proto_info', 'catkin_cmake_args': None, 'catkin_skip_building_tests': False, 'cmake_args': None, 'cmake_clean_cache': False, 'cmake_clean_first': False, 'cmake_force_configure': False, 'cmake_target': None, 'cmake_target_skip_unavailable': False, 'install_base': '/Users/mukuyo/Desktop/RI-AI/install/proto_info', 'merge_install': False, 'path': '/Users/mukuyo/Desktop/RI-AI/src/proto_info', 'symlink_install': False, 'test_result_base': None}
[3.222s] Level 5:colcon.colcon_core.verb:set package 'main' build argument 'cmake_args' from command line to 'None'
[3.222s] Level 5:colcon.colcon_core.verb:set package 'main' build argument 'cmake_target' from command line to 'None'
[3.222s] Level 5:colcon.colcon_core.verb:set package 'main' build argument 'cmake_target_skip_unavailable' from command line to 'False'
[3.222s] Level 5:colcon.colcon_core.verb:set package 'main' build argument 'cmake_clean_cache' from command line to 'False'
[3.222s] Level 5:colcon.colcon_core.verb:set package 'main' build argument 'cmake_clean_first' from command line to 'False'
[3.222s] Level 5:colcon.colcon_core.verb:set package 'main' build argument 'cmake_force_configure' from command line to 'False'
[3.223s] Level 5:colcon.colcon_core.verb:set package 'main' build argument 'ament_cmake_args' from command line to 'None'
[3.223s] Level 5:colcon.colcon_core.verb:set package 'main' build argument 'catkin_cmake_args' from command line to 'None'
[3.223s] Level 5:colcon.colcon_core.verb:set package 'main' build argument 'catkin_skip_building_tests' from command line to 'False'
[3.223s] DEBUG:colcon.colcon_core.verb:Building package 'main' with the following arguments: {'ament_cmake_args': None, 'build_base': '/Users/mukuyo/Desktop/RI-AI/build/main', 'catkin_cmake_args': None, 'catkin_skip_building_tests': False, 'cmake_args': None, 'cmake_clean_cache': False, 'cmake_clean_first': False, 'cmake_force_configure': False, 'cmake_target': None, 'cmake_target_skip_unavailable': False, 'install_base': '/Users/mukuyo/Desktop/RI-AI/install/main', 'merge_install': False, 'path': '/Users/mukuyo/Desktop/RI-AI/src/main', 'symlink_install': False, 'test_result_base': None}
[3.274s] Level 5:colcon.colcon_core.verb:set package 'reciever' build argument 'cmake_args' from command line to 'None'
[3.274s] Level 5:colcon.colcon_core.verb:set package 'reciever' build argument 'cmake_target' from command line to 'None'
[3.275s] Level 5:colcon.colcon_core.verb:set package 'reciever' build argument 'cmake_target_skip_unavailable' from command line to 'False'
[3.275s] Level 5:colcon.colcon_core.verb:set package 'reciever' build argument 'cmake_clean_cache' from command line to 'False'
[3.275s] Level 5:colcon.colcon_core.verb:set package 'reciever' build argument 'cmake_clean_first' from command line to 'False'
[3.275s] Level 5:colcon.colcon_core.verb:set package 'reciever' build argument 'cmake_force_configure' from command line to 'False'
[3.275s] Level 5:colcon.colcon_core.verb:set package 'reciever' build argument 'ament_cmake_args' from command line to 'None'
[3.275s] Level 5:colcon.colcon_core.verb:set package 'reciever' build argument 'catkin_cmake_args' from command line to 'None'
[3.275s] Level 5:colcon.colcon_core.verb:set package 'reciever' build argument 'catkin_skip_building_tests' from command line to 'False'
[3.276s] DEBUG:colcon.colcon_core.verb:Building package 'reciever' with the following arguments: {'ament_cmake_args': None, 'build_base': '/Users/mukuyo/Desktop/RI-AI/build/reciever', 'catkin_cmake_args': None, 'catkin_skip_building_tests': False, 'cmake_args': None, 'cmake_clean_cache': False, 'cmake_clean_first': False, 'cmake_force_configure': False, 'cmake_target': None, 'cmake_target_skip_unavailable': False, 'install_base': '/Users/mukuyo/Desktop/RI-AI/install/reciever', 'merge_install': False, 'path': '/Users/mukuyo/Desktop/RI-AI/src/reciever', 'symlink_install': False, 'test_result_base': None}
[3.328s] Level 5:colcon.colcon_core.verb:set package 'sender' build argument 'cmake_args' from command line to 'None'
[3.328s] Level 5:colcon.colcon_core.verb:set package 'sender' build argument 'cmake_target' from command line to 'None'
[3.328s] Level 5:colcon.colcon_core.verb:set package 'sender' build argument 'cmake_target_skip_unavailable' from command line to 'False'
[3.328s] Level 5:colcon.colcon_core.verb:set package 'sender' build argument 'cmake_clean_cache' from command line to 'False'
[3.328s] Level 5:colcon.colcon_core.verb:set package 'sender' build argument 'cmake_clean_first' from command line to 'False'
[3.328s] Level 5:colcon.colcon_core.verb:set package 'sender' build argument 'cmake_force_configure' from command line to 'False'
[3.328s] Level 5:colcon.colcon_core.verb:set package 'sender' build argument 'ament_cmake_args' from command line to 'None'
[3.328s] Level 5:colcon.colcon_core.verb:set package 'sender' build argument 'catkin_cmake_args' from command line to 'None'
[3.329s] Level 5:colcon.colcon_core.verb:set package 'sender' build argument 'catkin_skip_building_tests' from command line to 'False'
[3.329s] DEBUG:colcon.colcon_core.verb:Building package 'sender' with the following arguments: {'ament_cmake_args': None, 'build_base': '/Users/mukuyo/Desktop/RI-AI/build/sender', 'catkin_cmake_args': None, 'catkin_skip_building_tests': False, 'cmake_args': None, 'cmake_clean_cache': False, 'cmake_clean_first': False, 'cmake_force_configure': False, 'cmake_target': None, 'cmake_target_skip_unavailable': False, 'install_base': '/Users/mukuyo/Desktop/RI-AI/install/sender', 'merge_install': False, 'path': '/Users/mukuyo/Desktop/RI-AI/src/sender', 'symlink_install': False, 'test_result_base': None}
[3.335s] INFO:colcon.colcon_core.executor:Executing jobs using 'parallel' executor
[3.453s] DEBUG:colcon.colcon_parallel_executor.executor.parallel:run_until_complete
[3.454s] INFO:colcon.colcon_ros.task.ament_cmake.build:Building ROS package in '/Users/mukuyo/Desktop/RI-AI/src/message_info' with build type 'ament_cmake'
[3.477s] INFO:colcon.colcon_core.plugin_system:Skipping extension 'colcon_core.shell.bat': Not used on non-Windows systems
[3.478s] INFO:colcon.colcon_cmake.task.cmake.build:Building CMake package in '/Users/mukuyo/Desktop/RI-AI/src/message_info'
[3.493s] INFO:colcon.colcon_core.shell:Skip shell extension 'powershell' for command environment: Not usable outside of PowerShell
[3.493s] DEBUG:colcon.colcon_core.shell:Skip shell extension 'dsv' for command environment
[3.597s] INFO:colcon.colcon_ros.task.ament_cmake.build:Building ROS package in '/Users/mukuyo/Desktop/RI-AI/src/proto_info' with build type 'ament_cmake'
[3.611s] INFO:colcon.colcon_cmake.task.cmake.build:Building CMake package in '/Users/mukuyo/Desktop/RI-AI/src/proto_info'
[3.627s] INFO:colcon.colcon_core.shell:Skip shell extension 'powershell' for command environment: Not usable outside of PowerShell
[3.628s] DEBUG:colcon.colcon_core.shell:Skip shell extension 'dsv' for command environment
[3.743s] DEBUG:colcon.colcon_core.event_handler.log_command:Invoking command in '/Users/mukuyo/Desktop/RI-AI/build/message_info': SHLVL=2 _=/usr/bin/env /usr/local/bin/cmake /Users/mukuyo/Desktop/RI-AI/src/message_info -DCMAKE_INSTALL_PREFIX=/Users/mukuyo/Desktop/RI-AI/install/message_info
[3.817s] DEBUG:colcon.colcon_core.event_handler.log_command:Invoking command in '/Users/mukuyo/Desktop/RI-AI/build/proto_info': SHLVL=2 _=/usr/bin/env /usr/local/bin/cmake /Users/mukuyo/Desktop/RI-AI/src/proto_info -DCMAKE_INSTALL_PREFIX=/Users/mukuyo/Desktop/RI-AI/install/proto_info
[5.187s] DEBUG:colcon.colcon_core.event_handler.log_command:Invoked command in '/Users/mukuyo/Desktop/RI-AI/build/proto_info' returned '0': SHLVL=2 _=/usr/bin/env /usr/local/bin/cmake /Users/mukuyo/Desktop/RI-AI/src/proto_info -DCMAKE_INSTALL_PREFIX=/Users/mukuyo/Desktop/RI-AI/install/proto_info
[5.194s] DEBUG:colcon.colcon_core.event_handler.log_command:Invoking command in '/Users/mukuyo/Desktop/RI-AI/build/proto_info': SHLVL=2 _=/usr/bin/env /usr/local/bin/cmake --build /Users/mukuyo/Desktop/RI-AI/build/proto_info -- -j8 -l8
[6.153s] DEBUG:colcon.colcon_core.event_handler.log_command:Invoked command in '/Users/mukuyo/Desktop/RI-AI/build/proto_info' returned '0': SHLVL=2 _=/usr/bin/env /usr/local/bin/cmake --build /Users/mukuyo/Desktop/RI-AI/build/proto_info -- -j8 -l8
[8.340s] DEBUG:colcon.colcon_core.event_handler.log_command:Invoking command in '/Users/mukuyo/Desktop/RI-AI/build/proto_info': SHLVL=2 _=/usr/bin/env /usr/local/bin/cmake --install /Users/mukuyo/Desktop/RI-AI/build/proto_info
[8.544s] Level 1:colcon.colcon_core.environment:create_environment_scripts_only(proto_info)
[8.552s] DEBUG:colcon.colcon_core.event_handler.log_command:Invoked command in '/Users/mukuyo/Desktop/RI-AI/build/proto_info' returned '0': SHLVL=2 _=/usr/bin/env /usr/local/bin/cmake --install /Users/mukuyo/Desktop/RI-AI/build/proto_info
[8.568s] Level 1:colcon.colcon_core.environment:checking '/Users/mukuyo/Desktop/RI-AI/install/proto_info' for CMake module files
[8.570s] Level 1:colcon.colcon_core.environment:checking '/Users/mukuyo/Desktop/RI-AI/install/proto_info' for CMake config files
[8.572s] Level 1:colcon.colcon_core.shell:create_environment_hook('proto_info', 'cmake_prefix_path')
[8.585s] INFO:colcon.colcon_core.shell:Creating environment hook '/Users/mukuyo/Desktop/RI-AI/install/proto_info/share/proto_info/hook/cmake_prefix_path.ps1'
[8.588s] INFO:colcon.colcon_core.shell:Creating environment descriptor '/Users/mukuyo/Desktop/RI-AI/install/proto_info/share/proto_info/hook/cmake_prefix_path.dsv'
[8.590s] INFO:colcon.colcon_core.shell:Creating environment hook '/Users/mukuyo/Desktop/RI-AI/install/proto_info/share/proto_info/hook/cmake_prefix_path.sh'
[8.592s] Level 1:colcon.colcon_core.environment:checking '/Users/mukuyo/Desktop/RI-AI/install/proto_info/lib'
[8.593s] Level 1:colcon.colcon_core.shell:create_environment_hook('proto_info', 'dyld_library_path')
[8.606s] INFO:colcon.colcon_core.shell:Creating environment hook '/Users/mukuyo/Desktop/RI-AI/install/proto_info/share/proto_info/hook/dyld_library_path.ps1'
[8.608s] INFO:colcon.colcon_core.shell:Creating environment descriptor '/Users/mukuyo/Desktop/RI-AI/install/proto_info/share/proto_info/hook/dyld_library_path.dsv'
[8.608s] INFO:colcon.colcon_core.shell:Creating environment hook '/Users/mukuyo/Desktop/RI-AI/install/proto_info/share/proto_info/hook/dyld_library_path.sh'
[8.609s] Level 1:colcon.colcon_core.environment:checking '/Users/mukuyo/Desktop/RI-AI/install/proto_info/bin'
[8.609s] Level 1:colcon.colcon_core.environment:checking '/Users/mukuyo/Desktop/RI-AI/install/proto_info/lib/pkgconfig/proto_info.pc'
[8.610s] Level 1:colcon.colcon_core.environment:checking '/Users/mukuyo/Desktop/RI-AI/install/proto_info/lib/python3.8/site-packages'
[8.610s] Level 1:colcon.colcon_core.shell:create_environment_hook('proto_info', 'pythonpath')
[8.624s] INFO:colcon.colcon_core.shell:Creating environment hook '/Users/mukuyo/Desktop/RI-AI/install/proto_info/share/proto_info/hook/pythonpath.ps1'
[8.625s] INFO:colcon.colcon_core.shell:Creating environment descriptor '/Users/mukuyo/Desktop/RI-AI/install/proto_info/share/proto_info/hook/pythonpath.dsv'
[8.626s] INFO:colcon.colcon_core.shell:Creating environment hook '/Users/mukuyo/Desktop/RI-AI/install/proto_info/share/proto_info/hook/pythonpath.sh'
[8.641s] INFO:colcon.colcon_core.shell:Creating package script '/Users/mukuyo/Desktop/RI-AI/install/proto_info/share/proto_info/package.ps1'
[8.644s] INFO:colcon.colcon_core.shell:Creating package descriptor '/Users/mukuyo/Desktop/RI-AI/install/proto_info/share/proto_info/package.dsv'
[8.646s] INFO:colcon.colcon_core.shell:Creating package script '/Users/mukuyo/Desktop/RI-AI/install/proto_info/share/proto_info/package.sh'
[8.648s] INFO:colcon.colcon_core.shell:Creating package script '/Users/mukuyo/Desktop/RI-AI/install/proto_info/share/proto_info/package.bash'
[8.650s] INFO:colcon.colcon_core.shell:Creating package script '/Users/mukuyo/Desktop/RI-AI/install/proto_info/share/proto_info/package.zsh'
[8.654s] Level 1:colcon.colcon_core.environment:create_file_with_runtime_dependencies(/Users/mukuyo/Desktop/RI-AI/install/proto_info/share/colcon-core/packages/proto_info)
[16.510s] DEBUG:colcon.colcon_core.event_handler.log_command:Invoked command in '/Users/mukuyo/Desktop/RI-AI/build/message_info' returned '0': SHLVL=2 _=/usr/bin/env /usr/local/bin/cmake /Users/mukuyo/Desktop/RI-AI/src/message_info -DCMAKE_INSTALL_PREFIX=/Users/mukuyo/Desktop/RI-AI/install/message_info
[16.515s] DEBUG:colcon.colcon_core.event_handler.log_command:Invoking command in '/Users/mukuyo/Desktop/RI-AI/build/message_info': SHLVL=2 _=/usr/bin/env /usr/local/bin/cmake --build /Users/mukuyo/Desktop/RI-AI/build/message_info -- -j8 -l8
[20.306s] DEBUG:colcon.colcon_core.event_handler.log_command:Invoked command in '/Users/mukuyo/Desktop/RI-AI/build/message_info' returned '0': SHLVL=2 _=/usr/bin/env /usr/local/bin/cmake --build /Users/mukuyo/Desktop/RI-AI/build/message_info -- -j8 -l8
[37.277s] DEBUG:colcon.colcon_core.event_handler.log_command:Invoking command in '/Users/mukuyo/Desktop/RI-AI/build/message_info': SHLVL=2 _=/usr/bin/env /usr/local/bin/cmake --install /Users/mukuyo/Desktop/RI-AI/build/message_info
[40.054s] Level 1:colcon.colcon_core.environment:create_environment_scripts_only(message_info)
[40.068s] Level 1:colcon.colcon_core.environment:checking '/Users/mukuyo/Desktop/RI-AI/install/message_info' for CMake module files
[40.068s] DEBUG:colcon.colcon_core.event_handler.log_command:Invoked command in '/Users/mukuyo/Desktop/RI-AI/build/message_info' returned '0': SHLVL=2 _=/usr/bin/env /usr/local/bin/cmake --install /Users/mukuyo/Desktop/RI-AI/build/message_info
[40.072s] Level 1:colcon.colcon_core.environment:checking '/Users/mukuyo/Desktop/RI-AI/install/message_info' for CMake config files
[40.075s] Level 1:colcon.colcon_core.shell:create_environment_hook('message_info', 'cmake_prefix_path')
[40.088s] INFO:colcon.colcon_core.shell:Creating environment hook '/Users/mukuyo/Desktop/RI-AI/install/message_info/share/message_info/hook/cmake_prefix_path.ps1'
[40.091s] INFO:colcon.colcon_core.shell:Creating environment descriptor '/Users/mukuyo/Desktop/RI-AI/install/message_info/share/message_info/hook/cmake_prefix_path.dsv'
[40.093s] INFO:colcon.colcon_core.shell:Creating environment hook '/Users/mukuyo/Desktop/RI-AI/install/message_info/share/message_info/hook/cmake_prefix_path.sh'
[40.094s] Level 1:colcon.colcon_core.environment:checking '/Users/mukuyo/Desktop/RI-AI/install/message_info/lib'
[40.094s] Level 1:colcon.colcon_core.shell:create_environment_hook('message_info', 'dyld_library_path')
[40.109s] INFO:colcon.colcon_core.shell:Creating environment hook '/Users/mukuyo/Desktop/RI-AI/install/message_info/share/message_info/hook/dyld_library_path.ps1'
[40.110s] INFO:colcon.colcon_core.shell:Creating environment descriptor '/Users/mukuyo/Desktop/RI-AI/install/message_info/share/message_info/hook/dyld_library_path.dsv'
[40.111s] INFO:colcon.colcon_core.shell:Creating environment hook '/Users/mukuyo/Desktop/RI-AI/install/message_info/share/message_info/hook/dyld_library_path.sh'
[40.112s] Level 1:colcon.colcon_core.environment:checking '/Users/mukuyo/Desktop/RI-AI/install/message_info/bin'
[40.112s] Level 1:colcon.colcon_core.environment:checking '/Users/mukuyo/Desktop/RI-AI/install/message_info/lib/pkgconfig/message_info.pc'
[40.113s] Level 1:colcon.colcon_core.environment:checking '/Users/mukuyo/Desktop/RI-AI/install/message_info/lib/python3.8/site-packages'
[40.113s] Level 1:colcon.colcon_core.shell:create_environment_hook('message_info', 'pythonpath')
[40.126s] INFO:colcon.colcon_core.shell:Creating environment hook '/Users/mukuyo/Desktop/RI-AI/install/message_info/share/message_info/hook/pythonpath.ps1'
[40.127s] INFO:colcon.colcon_core.shell:Creating environment descriptor '/Users/mukuyo/Desktop/RI-AI/install/message_info/share/message_info/hook/pythonpath.dsv'
[40.128s] INFO:colcon.colcon_core.shell:Creating environment hook '/Users/mukuyo/Desktop/RI-AI/install/message_info/share/message_info/hook/pythonpath.sh'
[40.144s] INFO:colcon.colcon_core.shell:Creating package script '/Users/mukuyo/Desktop/RI-AI/install/message_info/share/message_info/package.ps1'
[40.145s] INFO:colcon.colcon_core.shell:Creating package descriptor '/Users/mukuyo/Desktop/RI-AI/install/message_info/share/message_info/package.dsv'
[40.146s] INFO:colcon.colcon_core.shell:Creating package script '/Users/mukuyo/Desktop/RI-AI/install/message_info/share/message_info/package.sh'
[40.148s] INFO:colcon.colcon_core.shell:Creating package script '/Users/mukuyo/Desktop/RI-AI/install/message_info/share/message_info/package.bash'
[40.148s] INFO:colcon.colcon_core.shell:Creating package script '/Users/mukuyo/Desktop/RI-AI/install/message_info/share/message_info/package.zsh'
[40.149s] Level 1:colcon.colcon_core.environment:create_file_with_runtime_dependencies(/Users/mukuyo/Desktop/RI-AI/install/message_info/share/colcon-core/packages/message_info)
[40.151s] INFO:colcon.colcon_ros.task.ament_cmake.build:Building ROS package in '/Users/mukuyo/Desktop/RI-AI/src/main' with build type 'ament_cmake'
[40.164s] INFO:colcon.colcon_cmake.task.cmake.build:Building CMake package in '/Users/mukuyo/Desktop/RI-AI/src/main'
[40.177s] INFO:colcon.colcon_core.shell:Skip shell extension 'powershell' for command environment: Not usable outside of PowerShell
[40.178s] DEBUG:colcon.colcon_core.shell:Skip shell extension 'dsv' for command environment
[40.205s] INFO:colcon.colcon_ros.task.ament_cmake.build:Building ROS package in '/Users/mukuyo/Desktop/RI-AI/src/reciever' with build type 'ament_cmake'
[40.232s] INFO:colcon.colcon_cmake.task.cmake.build:Building CMake package in '/Users/mukuyo/Desktop/RI-AI/src/reciever'
[40.267s] INFO:colcon.colcon_core.shell:Skip shell extension 'powershell' for command environment: Not usable outside of PowerShell
[40.268s] DEBUG:colcon.colcon_core.shell:Skip shell extension 'dsv' for command environment
[40.350s] INFO:colcon.colcon_ros.task.ament_cmake.build:Building ROS package in '/Users/mukuyo/Desktop/RI-AI/src/sender' with build type 'ament_cmake'
[40.456s] INFO:colcon.colcon_cmake.task.cmake.build:Building CMake package in '/Users/mukuyo/Desktop/RI-AI/src/sender'
[40.471s] INFO:colcon.colcon_core.shell:Skip shell extension 'powershell' for command environment: Not usable outside of PowerShell
[40.472s] DEBUG:colcon.colcon_core.shell:Skip shell extension 'dsv' for command environment
[40.519s] DEBUG:colcon.colcon_core.event_handler.log_command:Invoking command in '/Users/mukuyo/Desktop/RI-AI/build/main': CMAKE_PREFIX_PATH=/Users/mukuyo/Desktop/RI-AI/install/message_info:/Users/mukuyo/Desktop/RI-AI/install/sender:/Users/mukuyo/Desktop/RI-AI/install/reciever:/Users/mukuyo/Desktop/RI-AI/install/proto_info:/Users/mukuyo/Desktop/RI-AI/install/main:/Users/mukuyo/ros2_ws/ros2-osx DYLD_LIBRARY_PATH=/Users/mukuyo/Desktop/RI-AI/install/message_info/lib:/Users/mukuyo/Desktop/RI-AI/install/sender/lib:/Users/mukuyo/Desktop/RI-AI/install/proto_info/lib:/Users/mukuyo/ros2_ws/ros2-osx/opt/yaml_cpp_vendor/lib:/Users/mukuyo/ros2_ws/ros2-osx/opt/rviz_ogre_vendor/lib:/Users/mukuyo/ros2_ws/ros2-osx/lib PYTHONPATH=/Users/mukuyo/Desktop/RI-AI/install/message_info/lib/python3.8/site-packages:/Users/mukuyo/Desktop/RI-AI/install/sender/lib/python3.8/site-packages:/Users/mukuyo/Desktop/RI-AI/install/proto_info/lib/python3.8/site-packages:/Users/mukuyo/ros2_ws/ros2-osx/lib/python3.8/site-packages SHLVL=2 _=/usr/bin/env /usr/local/bin/cmake /Users/mukuyo/Desktop/RI-AI/src/main -DCMAKE_INSTALL_PREFIX=/Users/mukuyo/Desktop/RI-AI/install/main
[40.552s] DEBUG:colcon.colcon_core.event_handler.log_command:Invoking command in '/Users/mukuyo/Desktop/RI-AI/build/reciever': CMAKE_PREFIX_PATH=/Users/mukuyo/Desktop/RI-AI/install/proto_info:/Users/mukuyo/Desktop/RI-AI/install/message_info:/Users/mukuyo/Desktop/RI-AI/install/sender:/Users/mukuyo/Desktop/RI-AI/install/reciever:/Users/mukuyo/Desktop/RI-AI/install/main:/Users/mukuyo/ros2_ws/ros2-osx DYLD_LIBRARY_PATH=/Users/mukuyo/Desktop/RI-AI/install/proto_info/lib:/Users/mukuyo/Desktop/RI-AI/install/message_info/lib:/Users/mukuyo/Desktop/RI-AI/install/sender/lib:/Users/mukuyo/ros2_ws/ros2-osx/opt/yaml_cpp_vendor/lib:/Users/mukuyo/ros2_ws/ros2-osx/opt/rviz_ogre_vendor/lib:/Users/mukuyo/ros2_ws/ros2-osx/lib PYTHONPATH=/Users/mukuyo/Desktop/RI-AI/install/proto_info/lib/python3.8/site-packages:/Users/mukuyo/Desktop/RI-AI/install/message_info/lib/python3.8/site-packages:/Users/mukuyo/Desktop/RI-AI/install/sender/lib/python3.8/site-packages:/Users/mukuyo/ros2_ws/ros2-osx/lib/python3.8/site-packages SHLVL=2 _=/usr/bin/env /usr/local/bin/cmake /Users/mukuyo/Desktop/RI-AI/src/reciever -DCMAKE_INSTALL_PREFIX=/Users/mukuyo/Desktop/RI-AI/install/reciever
[40.720s] DEBUG:colcon.colcon_core.event_handler.log_command:Invoking command in '/Users/mukuyo/Desktop/RI-AI/build/sender': CMAKE_PREFIX_PATH=/Users/mukuyo/Desktop/RI-AI/install/proto_info:/Users/mukuyo/Desktop/RI-AI/install/message_info:/Users/mukuyo/Desktop/RI-AI/install/sender:/Users/mukuyo/Desktop/RI-AI/install/reciever:/Users/mukuyo/Desktop/RI-AI/install/main:/Users/mukuyo/ros2_ws/ros2-osx DYLD_LIBRARY_PATH=/Users/mukuyo/Desktop/RI-AI/install/proto_info/lib:/Users/mukuyo/Desktop/RI-AI/install/message_info/lib:/Users/mukuyo/Desktop/RI-AI/install/sender/lib:/Users/mukuyo/ros2_ws/ros2-osx/opt/yaml_cpp_vendor/lib:/Users/mukuyo/ros2_ws/ros2-osx/opt/rviz_ogre_vendor/lib:/Users/mukuyo/ros2_ws/ros2-osx/lib PYTHONPATH=/Users/mukuyo/Desktop/RI-AI/install/proto_info/lib/python3.8/site-packages:/Users/mukuyo/Desktop/RI-AI/install/message_info/lib/python3.8/site-packages:/Users/mukuyo/Desktop/RI-AI/install/sender/lib/python3.8/site-packages:/Users/mukuyo/ros2_ws/ros2-osx/lib/python3.8/site-packages SHLVL=2 _=/usr/bin/env /usr/local/bin/cmake /Users/mukuyo/Desktop/RI-AI/src/sender -DCMAKE_INSTALL_PREFIX=/Users/mukuyo/Desktop/RI-AI/install/sender
[47.370s] DEBUG:colcon.colcon_core.event_handler.log_command:Invoked command in '/Users/mukuyo/Desktop/RI-AI/build/reciever' returned '0': CMAKE_PREFIX_PATH=/Users/mukuyo/Desktop/RI-AI/install/proto_info:/Users/mukuyo/Desktop/RI-AI/install/message_info:/Users/mukuyo/Desktop/RI-AI/install/sender:/Users/mukuyo/Desktop/RI-AI/install/reciever:/Users/mukuyo/Desktop/RI-AI/install/main:/Users/mukuyo/ros2_ws/ros2-osx DYLD_LIBRARY_PATH=/Users/mukuyo/Desktop/RI-AI/install/proto_info/lib:/Users/mukuyo/Desktop/RI-AI/install/message_info/lib:/Users/mukuyo/Desktop/RI-AI/install/sender/lib:/Users/mukuyo/ros2_ws/ros2-osx/opt/yaml_cpp_vendor/lib:/Users/mukuyo/ros2_ws/ros2-osx/opt/rviz_ogre_vendor/lib:/Users/mukuyo/ros2_ws/ros2-osx/lib PYTHONPATH=/Users/mukuyo/Desktop/RI-AI/install/proto_info/lib/python3.8/site-packages:/Users/mukuyo/Desktop/RI-AI/install/message_info/lib/python3.8/site-packages:/Users/mukuyo/Desktop/RI-AI/install/sender/lib/python3.8/site-packages:/Users/mukuyo/ros2_ws/ros2-osx/lib/python3.8/site-packages SHLVL=2 _=/usr/bin/env /usr/local/bin/cmake /Users/mukuyo/Desktop/RI-AI/src/reciever -DCMAKE_INSTALL_PREFIX=/Users/mukuyo/Desktop/RI-AI/install/reciever
[47.376s] DEBUG:colcon.colcon_core.event_handler.log_command:Invoking command in '/Users/mukuyo/Desktop/RI-AI/build/reciever': CMAKE_PREFIX_PATH=/Users/mukuyo/Desktop/RI-AI/install/proto_info:/Users/mukuyo/Desktop/RI-AI/install/message_info:/Users/mukuyo/Desktop/RI-AI/install/sender:/Users/mukuyo/Desktop/RI-AI/install/reciever:/Users/mukuyo/Desktop/RI-AI/install/main:/Users/mukuyo/ros2_ws/ros2-osx DYLD_LIBRARY_PATH=/Users/mukuyo/Desktop/RI-AI/install/proto_info/lib:/Users/mukuyo/Desktop/RI-AI/install/message_info/lib:/Users/mukuyo/Desktop/RI-AI/install/sender/lib:/Users/mukuyo/ros2_ws/ros2-osx/opt/yaml_cpp_vendor/lib:/Users/mukuyo/ros2_ws/ros2-osx/opt/rviz_ogre_vendor/lib:/Users/mukuyo/ros2_ws/ros2-osx/lib PYTHONPATH=/Users/mukuyo/Desktop/RI-AI/install/proto_info/lib/python3.8/site-packages:/Users/mukuyo/Desktop/RI-AI/install/message_info/lib/python3.8/site-packages:/Users/mukuyo/Desktop/RI-AI/install/sender/lib/python3.8/site-packages:/Users/mukuyo/ros2_ws/ros2-osx/lib/python3.8/site-packages SHLVL=2 _=/usr/bin/env /usr/local/bin/cmake --build /Users/mukuyo/Desktop/RI-AI/build/reciever -- -j8 -l8
[48.389s] DEBUG:colcon.colcon_core.event_handler.log_command:Invoked command in '/Users/mukuyo/Desktop/RI-AI/build/main' returned '0': CMAKE_PREFIX_PATH=/Users/mukuyo/Desktop/RI-AI/install/message_info:/Users/mukuyo/Desktop/RI-AI/install/sender:/Users/mukuyo/Desktop/RI-AI/install/reciever:/Users/mukuyo/Desktop/RI-AI/install/proto_info:/Users/mukuyo/Desktop/RI-AI/install/main:/Users/mukuyo/ros2_ws/ros2-osx DYLD_LIBRARY_PATH=/Users/mukuyo/Desktop/RI-AI/install/message_info/lib:/Users/mukuyo/Desktop/RI-AI/install/sender/lib:/Users/mukuyo/Desktop/RI-AI/install/proto_info/lib:/Users/mukuyo/ros2_ws/ros2-osx/opt/yaml_cpp_vendor/lib:/Users/mukuyo/ros2_ws/ros2-osx/opt/rviz_ogre_vendor/lib:/Users/mukuyo/ros2_ws/ros2-osx/lib PYTHONPATH=/Users/mukuyo/Desktop/RI-AI/install/message_info/lib/python3.8/site-packages:/Users/mukuyo/Desktop/RI-AI/install/sender/lib/python3.8/site-packages:/Users/mukuyo/Desktop/RI-AI/install/proto_info/lib/python3.8/site-packages:/Users/mukuyo/ros2_ws/ros2-osx/lib/python3.8/site-packages SHLVL=2 _=/usr/bin/env /usr/local/bin/cmake /Users/mukuyo/Desktop/RI-AI/src/main -DCMAKE_INSTALL_PREFIX=/Users/mukuyo/Desktop/RI-AI/install/main
[48.396s] DEBUG:colcon.colcon_core.event_handler.log_command:Invoking command in '/Users/mukuyo/Desktop/RI-AI/build/main': CMAKE_PREFIX_PATH=/Users/mukuyo/Desktop/RI-AI/install/message_info:/Users/mukuyo/Desktop/RI-AI/install/sender:/Users/mukuyo/Desktop/RI-AI/install/reciever:/Users/mukuyo/Desktop/RI-AI/install/proto_info:/Users/mukuyo/Desktop/RI-AI/install/main:/Users/mukuyo/ros2_ws/ros2-osx DYLD_LIBRARY_PATH=/Users/mukuyo/Desktop/RI-AI/install/message_info/lib:/Users/mukuyo/Desktop/RI-AI/install/sender/lib:/Users/mukuyo/Desktop/RI-AI/install/proto_info/lib:/Users/mukuyo/ros2_ws/ros2-osx/opt/yaml_cpp_vendor/lib:/Users/mukuyo/ros2_ws/ros2-osx/opt/rviz_ogre_vendor/lib:/Users/mukuyo/ros2_ws/ros2-osx/lib PYTHONPATH=/Users/mukuyo/Desktop/RI-AI/install/message_info/lib/python3.8/site-packages:/Users/mukuyo/Desktop/RI-AI/install/sender/lib/python3.8/site-packages:/Users/mukuyo/Desktop/RI-AI/install/proto_info/lib/python3.8/site-packages:/Users/mukuyo/ros2_ws/ros2-osx/lib/python3.8/site-packages SHLVL=2 _=/usr/bin/env /usr/local/bin/cmake --build /Users/mukuyo/Desktop/RI-AI/build/main -- -j8 -l8
[48.506s] DEBUG:colcon.colcon_core.event_handler.log_command:Invoked command in '/Users/mukuyo/Desktop/RI-AI/build/reciever' returned '0': CMAKE_PREFIX_PATH=/Users/mukuyo/Desktop/RI-AI/install/proto_info:/Users/mukuyo/Desktop/RI-AI/install/message_info:/Users/mukuyo/Desktop/RI-AI/install/sender:/Users/mukuyo/Desktop/RI-AI/install/reciever:/Users/mukuyo/Desktop/RI-AI/install/main:/Users/mukuyo/ros2_ws/ros2-osx DYLD_LIBRARY_PATH=/Users/mukuyo/Desktop/RI-AI/install/proto_info/lib:/Users/mukuyo/Desktop/RI-AI/install/message_info/lib:/Users/mukuyo/Desktop/RI-AI/install/sender/lib:/Users/mukuyo/ros2_ws/ros2-osx/opt/yaml_cpp_vendor/lib:/Users/mukuyo/ros2_ws/ros2-osx/opt/rviz_ogre_vendor/lib:/Users/mukuyo/ros2_ws/ros2-osx/lib PYTHONPATH=/Users/mukuyo/Desktop/RI-AI/install/proto_info/lib/python3.8/site-packages:/Users/mukuyo/Desktop/RI-AI/install/message_info/lib/python3.8/site-packages:/Users/mukuyo/Desktop/RI-AI/install/sender/lib/python3.8/site-packages:/Users/mukuyo/ros2_ws/ros2-osx/lib/python3.8/site-packages SHLVL=2 _=/usr/bin/env /usr/local/bin/cmake --build /Users/mukuyo/Desktop/RI-AI/build/reciever -- -j8 -l8
[49.634s] DEBUG:colcon.colcon_core.event_handler.log_command:Invoking command in '/Users/mukuyo/Desktop/RI-AI/build/reciever': CMAKE_PREFIX_PATH=/Users/mukuyo/Desktop/RI-AI/install/proto_info:/Users/mukuyo/Desktop/RI-AI/install/message_info:/Users/mukuyo/Desktop/RI-AI/install/sender:/Users/mukuyo/Desktop/RI-AI/install/reciever:/Users/mukuyo/Desktop/RI-AI/install/main:/Users/mukuyo/ros2_ws/ros2-osx DYLD_LIBRARY_PATH=/Users/mukuyo/Desktop/RI-AI/install/proto_info/lib:/Users/mukuyo/Desktop/RI-AI/install/message_info/lib:/Users/mukuyo/Desktop/RI-AI/install/sender/lib:/Users/mukuyo/ros2_ws/ros2-osx/opt/yaml_cpp_vendor/lib:/Users/mukuyo/ros2_ws/ros2-osx/opt/rviz_ogre_vendor/lib:/Users/mukuyo/ros2_ws/ros2-osx/lib PYTHONPATH=/Users/mukuyo/Desktop/RI-AI/install/proto_info/lib/python3.8/site-packages:/Users/mukuyo/Desktop/RI-AI/install/message_info/lib/python3.8/site-packages:/Users/mukuyo/Desktop/RI-AI/install/sender/lib/python3.8/site-packages:/Users/mukuyo/ros2_ws/ros2-osx/lib/python3.8/site-packages SHLVL=2 _=/usr/bin/env /usr/local/bin/cmake --install /Users/mukuyo/Desktop/RI-AI/build/reciever
[49.949s] Level 1:colcon.colcon_core.environment:create_environment_scripts_only(reciever)
[49.960s] DEBUG:colcon.colcon_core.event_handler.log_command:Invoked command in '/Users/mukuyo/Desktop/RI-AI/build/reciever' returned '0': CMAKE_PREFIX_PATH=/Users/mukuyo/Desktop/RI-AI/install/proto_info:/Users/mukuyo/Desktop/RI-AI/install/message_info:/Users/mukuyo/Desktop/RI-AI/install/sender:/Users/mukuyo/Desktop/RI-AI/install/reciever:/Users/mukuyo/Desktop/RI-AI/install/main:/Users/mukuyo/ros2_ws/ros2-osx DYLD_LIBRARY_PATH=/Users/mukuyo/Desktop/RI-AI/install/proto_info/lib:/Users/mukuyo/Desktop/RI-AI/install/message_info/lib:/Users/mukuyo/Desktop/RI-AI/install/sender/lib:/Users/mukuyo/ros2_ws/ros2-osx/opt/yaml_cpp_vendor/lib:/Users/mukuyo/ros2_ws/ros2-osx/opt/rviz_ogre_vendor/lib:/Users/mukuyo/ros2_ws/ros2-osx/lib PYTHONPATH=/Users/mukuyo/Desktop/RI-AI/install/proto_info/lib/python3.8/site-packages:/Users/mukuyo/Desktop/RI-AI/install/message_info/lib/python3.8/site-packages:/Users/mukuyo/Desktop/RI-AI/install/sender/lib/python3.8/site-packages:/Users/mukuyo/ros2_ws/ros2-osx/lib/python3.8/site-packages SHLVL=2 _=/usr/bin/env /usr/local/bin/cmake --install /Users/mukuyo/Desktop/RI-AI/build/reciever
[49.965s] Level 1:colcon.colcon_core.environment:checking '/Users/mukuyo/Desktop/RI-AI/install/reciever' for CMake module files
[49.968s] Level 1:colcon.colcon_core.environment:checking '/Users/mukuyo/Desktop/RI-AI/install/reciever' for CMake config files
[49.969s] Level 1:colcon.colcon_core.shell:create_environment_hook('reciever', 'cmake_prefix_path')
[49.982s] INFO:colcon.colcon_core.shell:Creating environment hook '/Users/mukuyo/Desktop/RI-AI/install/reciever/share/reciever/hook/cmake_prefix_path.ps1'
[49.984s] INFO:colcon.colcon_core.shell:Creating environment descriptor '/Users/mukuyo/Desktop/RI-AI/install/reciever/share/reciever/hook/cmake_prefix_path.dsv'
[49.985s] INFO:colcon.colcon_core.shell:Creating environment hook '/Users/mukuyo/Desktop/RI-AI/install/reciever/share/reciever/hook/cmake_prefix_path.sh'
[49.987s] Level 1:colcon.colcon_core.environment:checking '/Users/mukuyo/Desktop/RI-AI/install/reciever/lib'
[49.987s] Level 1:colcon.colcon_core.environment:checking '/Users/mukuyo/Desktop/RI-AI/install/reciever/bin'
[49.987s] Level 1:colcon.colcon_core.environment:checking '/Users/mukuyo/Desktop/RI-AI/install/reciever/lib/pkgconfig/reciever.pc'
[49.988s] Level 1:colcon.colcon_core.environment:checking '/Users/mukuyo/Desktop/RI-AI/install/reciever/lib/python3.8/site-packages'
[50.001s] INFO:colcon.colcon_core.shell:Creating package script '/Users/mukuyo/Desktop/RI-AI/install/reciever/share/reciever/package.ps1'
[50.002s] INFO:colcon.colcon_core.shell:Creating package descriptor '/Users/mukuyo/Desktop/RI-AI/install/reciever/share/reciever/package.dsv'
[50.004s] INFO:colcon.colcon_core.shell:Creating package script '/Users/mukuyo/Desktop/RI-AI/install/reciever/share/reciever/package.sh'
[50.005s] INFO:colcon.colcon_core.shell:Creating package script '/Users/mukuyo/Desktop/RI-AI/install/reciever/share/reciever/package.bash'
[50.007s] INFO:colcon.colcon_core.shell:Creating package script '/Users/mukuyo/Desktop/RI-AI/install/reciever/share/reciever/package.zsh'
[50.008s] Level 1:colcon.colcon_core.environment:create_file_with_runtime_dependencies(/Users/mukuyo/Desktop/RI-AI/install/reciever/share/colcon-core/packages/reciever)
[51.605s] DEBUG:colcon.colcon_core.event_handler.log_command:Invoked command in '/Users/mukuyo/Desktop/RI-AI/build/sender' returned '0': CMAKE_PREFIX_PATH=/Users/mukuyo/Desktop/RI-AI/install/proto_info:/Users/mukuyo/Desktop/RI-AI/install/message_info:/Users/mukuyo/Desktop/RI-AI/install/sender:/Users/mukuyo/Desktop/RI-AI/install/reciever:/Users/mukuyo/Desktop/RI-AI/install/main:/Users/mukuyo/ros2_ws/ros2-osx DYLD_LIBRARY_PATH=/Users/mukuyo/Desktop/RI-AI/install/proto_info/lib:/Users/mukuyo/Desktop/RI-AI/install/message_info/lib:/Users/mukuyo/Desktop/RI-AI/install/sender/lib:/Users/mukuyo/ros2_ws/ros2-osx/opt/yaml_cpp_vendor/lib:/Users/mukuyo/ros2_ws/ros2-osx/opt/rviz_ogre_vendor/lib:/Users/mukuyo/ros2_ws/ros2-osx/lib PYTHONPATH=/Users/mukuyo/Desktop/RI-AI/install/proto_info/lib/python3.8/site-packages:/Users/mukuyo/Desktop/RI-AI/install/message_info/lib/python3.8/site-packages:/Users/mukuyo/Desktop/RI-AI/install/sender/lib/python3.8/site-packages:/Users/mukuyo/ros2_ws/ros2-osx/lib/python3.8/site-packages SHLVL=2 _=/usr/bin/env /usr/local/bin/cmake /Users/mukuyo/Desktop/RI-AI/src/sender -DCMAKE_INSTALL_PREFIX=/Users/mukuyo/Desktop/RI-AI/install/sender
[51.611s] DEBUG:colcon.colcon_core.event_handler.log_command:Invoking command in '/Users/mukuyo/Desktop/RI-AI/build/sender': CMAKE_PREFIX_PATH=/Users/mukuyo/Desktop/RI-AI/install/proto_info:/Users/mukuyo/Desktop/RI-AI/install/message_info:/Users/mukuyo/Desktop/RI-AI/install/sender:/Users/mukuyo/Desktop/RI-AI/install/reciever:/Users/mukuyo/Desktop/RI-AI/install/main:/Users/mukuyo/ros2_ws/ros2-osx DYLD_LIBRARY_PATH=/Users/mukuyo/Desktop/RI-AI/install/proto_info/lib:/Users/mukuyo/Desktop/RI-AI/install/message_info/lib:/Users/mukuyo/Desktop/RI-AI/install/sender/lib:/Users/mukuyo/ros2_ws/ros2-osx/opt/yaml_cpp_vendor/lib:/Users/mukuyo/ros2_ws/ros2-osx/opt/rviz_ogre_vendor/lib:/Users/mukuyo/ros2_ws/ros2-osx/lib PYTHONPATH=/Users/mukuyo/Desktop/RI-AI/install/proto_info/lib/python3.8/site-packages:/Users/mukuyo/Desktop/RI-AI/install/message_info/lib/python3.8/site-packages:/Users/mukuyo/Desktop/RI-AI/install/sender/lib/python3.8/site-packages:/Users/mukuyo/ros2_ws/ros2-osx/lib/python3.8/site-packages SHLVL=2 _=/usr/bin/env /usr/local/bin/cmake --build /Users/mukuyo/Desktop/RI-AI/build/sender -- -j8 -l8
[55.952s] DEBUG:colcon.colcon_core.event_handler.log_command:Invoked command in '/Users/mukuyo/Desktop/RI-AI/build/sender' returned '0': CMAKE_PREFIX_PATH=/Users/mukuyo/Desktop/RI-AI/install/proto_info:/Users/mukuyo/Desktop/RI-AI/install/message_info:/Users/mukuyo/Desktop/RI-AI/install/sender:/Users/mukuyo/Desktop/RI-AI/install/reciever:/Users/mukuyo/Desktop/RI-AI/install/main:/Users/mukuyo/ros2_ws/ros2-osx DYLD_LIBRARY_PATH=/Users/mukuyo/Desktop/RI-AI/install/proto_info/lib:/Users/mukuyo/Desktop/RI-AI/install/message_info/lib:/Users/mukuyo/Desktop/RI-AI/install/sender/lib:/Users/mukuyo/ros2_ws/ros2-osx/opt/yaml_cpp_vendor/lib:/Users/mukuyo/ros2_ws/ros2-osx/opt/rviz_ogre_vendor/lib:/Users/mukuyo/ros2_ws/ros2-osx/lib PYTHONPATH=/Users/mukuyo/Desktop/RI-AI/install/proto_info/lib/python3.8/site-packages:/Users/mukuyo/Desktop/RI-AI/install/message_info/lib/python3.8/site-packages:/Users/mukuyo/Desktop/RI-AI/install/sender/lib/python3.8/site-packages:/Users/mukuyo/ros2_ws/ros2-osx/lib/python3.8/site-packages SHLVL=2 _=/usr/bin/env /usr/local/bin/cmake --build /Users/mukuyo/Desktop/RI-AI/build/sender -- -j8 -l8
[58.858s] DEBUG:colcon.colcon_core.event_handler.log_command:Invoking command in '/Users/mukuyo/Desktop/RI-AI/build/sender': CMAKE_PREFIX_PATH=/Users/mukuyo/Desktop/RI-AI/install/proto_info:/Users/mukuyo/Desktop/RI-AI/install/message_info:/Users/mukuyo/Desktop/RI-AI/install/sender:/Users/mukuyo/Desktop/RI-AI/install/reciever:/Users/mukuyo/Desktop/RI-AI/install/main:/Users/mukuyo/ros2_ws/ros2-osx DYLD_LIBRARY_PATH=/Users/mukuyo/Desktop/RI-AI/install/proto_info/lib:/Users/mukuyo/Desktop/RI-AI/install/message_info/lib:/Users/mukuyo/Desktop/RI-AI/install/sender/lib:/Users/mukuyo/ros2_ws/ros2-osx/opt/yaml_cpp_vendor/lib:/Users/mukuyo/ros2_ws/ros2-osx/opt/rviz_ogre_vendor/lib:/Users/mukuyo/ros2_ws/ros2-osx/lib PYTHONPATH=/Users/mukuyo/Desktop/RI-AI/install/proto_info/lib/python3.8/site-packages:/Users/mukuyo/Desktop/RI-AI/install/message_info/lib/python3.8/site-packages:/Users/mukuyo/Desktop/RI-AI/install/sender/lib/python3.8/site-packages:/Users/mukuyo/ros2_ws/ros2-osx/lib/python3.8/site-packages SHLVL=2 _=/usr/bin/env /usr/local/bin/cmake --install /Users/mukuyo/Desktop/RI-AI/build/sender
[61.258s] Level 1:colcon.colcon_core.environment:create_environment_scripts_only(sender)
[61.275s] Level 1:colcon.colcon_core.environment:checking '/Users/mukuyo/Desktop/RI-AI/install/sender' for CMake module files
[61.275s] DEBUG:colcon.colcon_core.event_handler.log_command:Invoked command in '/Users/mukuyo/Desktop/RI-AI/build/sender' returned '0': CMAKE_PREFIX_PATH=/Users/mukuyo/Desktop/RI-AI/install/proto_info:/Users/mukuyo/Desktop/RI-AI/install/message_info:/Users/mukuyo/Desktop/RI-AI/install/sender:/Users/mukuyo/Desktop/RI-AI/install/reciever:/Users/mukuyo/Desktop/RI-AI/install/main:/Users/mukuyo/ros2_ws/ros2-osx DYLD_LIBRARY_PATH=/Users/mukuyo/Desktop/RI-AI/install/proto_info/lib:/Users/mukuyo/Desktop/RI-AI/install/message_info/lib:/Users/mukuyo/Desktop/RI-AI/install/sender/lib:/Users/mukuyo/ros2_ws/ros2-osx/opt/yaml_cpp_vendor/lib:/Users/mukuyo/ros2_ws/ros2-osx/opt/rviz_ogre_vendor/lib:/Users/mukuyo/ros2_ws/ros2-osx/lib PYTHONPATH=/Users/mukuyo/Desktop/RI-AI/install/proto_info/lib/python3.8/site-packages:/Users/mukuyo/Desktop/RI-AI/install/message_info/lib/python3.8/site-packages:/Users/mukuyo/Desktop/RI-AI/install/sender/lib/python3.8/site-packages:/Users/mukuyo/ros2_ws/ros2-osx/lib/python3.8/site-packages SHLVL=2 _=/usr/bin/env /usr/local/bin/cmake --install /Users/mukuyo/Desktop/RI-AI/build/sender
[61.278s] Level 1:colcon.colcon_core.environment:checking '/Users/mukuyo/Desktop/RI-AI/install/sender' for CMake config files
[61.279s] Level 1:colcon.colcon_core.shell:create_environment_hook('sender', 'cmake_prefix_path')
[61.292s] INFO:colcon.colcon_core.shell:Creating environment hook '/Users/mukuyo/Desktop/RI-AI/install/sender/share/sender/hook/cmake_prefix_path.ps1'
[61.294s] INFO:colcon.colcon_core.shell:Creating environment descriptor '/Users/mukuyo/Desktop/RI-AI/install/sender/share/sender/hook/cmake_prefix_path.dsv'
[61.295s] INFO:colcon.colcon_core.shell:Creating environment hook '/Users/mukuyo/Desktop/RI-AI/install/sender/share/sender/hook/cmake_prefix_path.sh'
[61.296s] Level 1:colcon.colcon_core.environment:checking '/Users/mukuyo/Desktop/RI-AI/install/sender/lib'
[61.296s] Level 1:colcon.colcon_core.shell:create_environment_hook('sender', 'dyld_library_path')
[61.309s] INFO:colcon.colcon_core.shell:Creating environment hook '/Users/mukuyo/Desktop/RI-AI/install/sender/share/sender/hook/dyld_library_path.ps1'
[61.311s] INFO:colcon.colcon_core.shell:Creating environment descriptor '/Users/mukuyo/Desktop/RI-AI/install/sender/share/sender/hook/dyld_library_path.dsv'
[61.312s] INFO:colcon.colcon_core.shell:Creating environment hook '/Users/mukuyo/Desktop/RI-AI/install/sender/share/sender/hook/dyld_library_path.sh'
[61.313s] Level 1:colcon.colcon_core.environment:checking '/Users/mukuyo/Desktop/RI-AI/install/sender/bin'
[61.313s] Level 1:colcon.colcon_core.environment:checking '/Users/mukuyo/Desktop/RI-AI/install/sender/lib/pkgconfig/sender.pc'
[61.313s] Level 1:colcon.colcon_core.environment:checking '/Users/mukuyo/Desktop/RI-AI/install/sender/lib/python3.8/site-packages'
[61.313s] Level 1:colcon.colcon_core.shell:create_environment_hook('sender', 'pythonpath')
[61.326s] INFO:colcon.colcon_core.shell:Creating environment hook '/Users/mukuyo/Desktop/RI-AI/install/sender/share/sender/hook/pythonpath.ps1'
[61.327s] INFO:colcon.colcon_core.shell:Creating environment descriptor '/Users/mukuyo/Desktop/RI-AI/install/sender/share/sender/hook/pythonpath.dsv'
[61.328s] INFO:colcon.colcon_core.shell:Creating environment hook '/Users/mukuyo/Desktop/RI-AI/install/sender/share/sender/hook/pythonpath.sh'
[61.346s] INFO:colcon.colcon_core.shell:Creating package script '/Users/mukuyo/Desktop/RI-AI/install/sender/share/sender/package.ps1'
[61.348s] INFO:colcon.colcon_core.shell:Creating package descriptor '/Users/mukuyo/Desktop/RI-AI/install/sender/share/sender/package.dsv'
[61.350s] INFO:colcon.colcon_core.shell:Creating package script '/Users/mukuyo/Desktop/RI-AI/install/sender/share/sender/package.sh'
[61.351s] INFO:colcon.colcon_core.shell:Creating package script '/Users/mukuyo/Desktop/RI-AI/install/sender/share/sender/package.bash'
[61.352s] INFO:colcon.colcon_core.shell:Creating package script '/Users/mukuyo/Desktop/RI-AI/install/sender/share/sender/package.zsh'
[61.354s] Level 1:colcon.colcon_core.environment:create_file_with_runtime_dependencies(/Users/mukuyo/Desktop/RI-AI/install/sender/share/colcon-core/packages/sender)
[79.012s] DEBUG:colcon.colcon_core.event_handler.log_command:Invoked command in '/Users/mukuyo/Desktop/RI-AI/build/main' returned '0': CMAKE_PREFIX_PATH=/Users/mukuyo/Desktop/RI-AI/install/message_info:/Users/mukuyo/Desktop/RI-AI/install/sender:/Users/mukuyo/Desktop/RI-AI/install/reciever:/Users/mukuyo/Desktop/RI-AI/install/proto_info:/Users/mukuyo/Desktop/RI-AI/install/main:/Users/mukuyo/ros2_ws/ros2-osx DYLD_LIBRARY_PATH=/Users/mukuyo/Desktop/RI-AI/install/message_info/lib:/Users/mukuyo/Desktop/RI-AI/install/sender/lib:/Users/mukuyo/Desktop/RI-AI/install/proto_info/lib:/Users/mukuyo/ros2_ws/ros2-osx/opt/yaml_cpp_vendor/lib:/Users/mukuyo/ros2_ws/ros2-osx/opt/rviz_ogre_vendor/lib:/Users/mukuyo/ros2_ws/ros2-osx/lib PYTHONPATH=/Users/mukuyo/Desktop/RI-AI/install/message_info/lib/python3.8/site-packages:/Users/mukuyo/Desktop/RI-AI/install/sender/lib/python3.8/site-packages:/Users/mukuyo/Desktop/RI-AI/install/proto_info/lib/python3.8/site-packages:/Users/mukuyo/ros2_ws/ros2-osx/lib/python3.8/site-packages SHLVL=2 _=/usr/bin/env /usr/local/bin/cmake --build /Users/mukuyo/Desktop/RI-AI/build/main -- -j8 -l8
[80.346s] DEBUG:colcon.colcon_core.event_handler.log_command:Invoking command in '/Users/mukuyo/Desktop/RI-AI/build/main': CMAKE_PREFIX_PATH=/Users/mukuyo/Desktop/RI-AI/install/message_info:/Users/mukuyo/Desktop/RI-AI/install/sender:/Users/mukuyo/Desktop/RI-AI/install/reciever:/Users/mukuyo/Desktop/RI-AI/install/proto_info:/Users/mukuyo/Desktop/RI-AI/install/main:/Users/mukuyo/ros2_ws/ros2-osx DYLD_LIBRARY_PATH=/Users/mukuyo/Desktop/RI-AI/install/message_info/lib:/Users/mukuyo/Desktop/RI-AI/install/sender/lib:/Users/mukuyo/Desktop/RI-AI/install/proto_info/lib:/Users/mukuyo/ros2_ws/ros2-osx/opt/yaml_cpp_vendor/lib:/Users/mukuyo/ros2_ws/ros2-osx/opt/rviz_ogre_vendor/lib:/Users/mukuyo/ros2_ws/ros2-osx/lib PYTHONPATH=/Users/mukuyo/Desktop/RI-AI/install/message_info/lib/python3.8/site-packages:/Users/mukuyo/Desktop/RI-AI/install/sender/lib/python3.8/site-packages:/Users/mukuyo/Desktop/RI-AI/install/proto_info/lib/python3.8/site-packages:/Users/mukuyo/ros2_ws/ros2-osx/lib/python3.8/site-packages SHLVL=2 _=/usr/bin/env /usr/local/bin/cmake --install /Users/mukuyo/Desktop/RI-AI/build/main
[80.606s] Level 1:colcon.colcon_core.environment:create_environment_scripts_only(main)
[80.621s] Level 1:colcon.colcon_core.environment:checking '/Users/mukuyo/Desktop/RI-AI/install/main' for CMake module files
[80.622s] DEBUG:colcon.colcon_core.event_handler.log_command:Invoked command in '/Users/mukuyo/Desktop/RI-AI/build/main' returned '0': CMAKE_PREFIX_PATH=/Users/mukuyo/Desktop/RI-AI/install/message_info:/Users/mukuyo/Desktop/RI-AI/install/sender:/Users/mukuyo/Desktop/RI-AI/install/reciever:/Users/mukuyo/Desktop/RI-AI/install/proto_info:/Users/mukuyo/Desktop/RI-AI/install/main:/Users/mukuyo/ros2_ws/ros2-osx DYLD_LIBRARY_PATH=/Users/mukuyo/Desktop/RI-AI/install/message_info/lib:/Users/mukuyo/Desktop/RI-AI/install/sender/lib:/Users/mukuyo/Desktop/RI-AI/install/proto_info/lib:/Users/mukuyo/ros2_ws/ros2-osx/opt/yaml_cpp_vendor/lib:/Users/mukuyo/ros2_ws/ros2-osx/opt/rviz_ogre_vendor/lib:/Users/mukuyo/ros2_ws/ros2-osx/lib PYTHONPATH=/Users/mukuyo/Desktop/RI-AI/install/message_info/lib/python3.8/site-packages:/Users/mukuyo/Desktop/RI-AI/install/sender/lib/python3.8/site-packages:/Users/mukuyo/Desktop/RI-AI/install/proto_info/lib/python3.8/site-packages:/Users/mukuyo/ros2_ws/ros2-osx/lib/python3.8/site-packages SHLVL=2 _=/usr/bin/env /usr/local/bin/cmake --install /Users/mukuyo/Desktop/RI-AI/build/main
[80.624s] Level 1:colcon.colcon_core.environment:checking '/Users/mukuyo/Desktop/RI-AI/install/main' for CMake config files
[80.625s] Level 1:colcon.colcon_core.shell:create_environment_hook('main', 'cmake_prefix_path')
[80.639s] INFO:colcon.colcon_core.shell:Creating environment hook '/Users/mukuyo/Desktop/RI-AI/install/main/share/main/hook/cmake_prefix_path.ps1'
[80.641s] INFO:colcon.colcon_core.shell:Creating environment descriptor '/Users/mukuyo/Desktop/RI-AI/install/main/share/main/hook/cmake_prefix_path.dsv'
[80.642s] INFO:colcon.colcon_core.shell:Creating environment hook '/Users/mukuyo/Desktop/RI-AI/install/main/share/main/hook/cmake_prefix_path.sh'
[80.643s] Level 1:colcon.colcon_core.environment:checking '/Users/mukuyo/Desktop/RI-AI/install/main/lib'
[80.643s] Level 1:colcon.colcon_core.environment:checking '/Users/mukuyo/Desktop/RI-AI/install/main/bin'
[80.643s] Level 1:colcon.colcon_core.environment:checking '/Users/mukuyo/Desktop/RI-AI/install/main/lib/pkgconfig/main.pc'
[80.643s] Level 1:colcon.colcon_core.environment:checking '/Users/mukuyo/Desktop/RI-AI/install/main/lib/python3.8/site-packages'
[80.657s] INFO:colcon.colcon_core.shell:Creating package script '/Users/mukuyo/Desktop/RI-AI/install/main/share/main/package.ps1'
[80.658s] INFO:colcon.colcon_core.shell:Creating package descriptor '/Users/mukuyo/Desktop/RI-AI/install/main/share/main/package.dsv'
[80.660s] INFO:colcon.colcon_core.shell:Creating package script '/Users/mukuyo/Desktop/RI-AI/install/main/share/main/package.sh'
[80.661s] INFO:colcon.colcon_core.shell:Creating package script '/Users/mukuyo/Desktop/RI-AI/install/main/share/main/package.bash'
[80.662s] INFO:colcon.colcon_core.shell:Creating package script '/Users/mukuyo/Desktop/RI-AI/install/main/share/main/package.zsh'
[80.663s] Level 1:colcon.colcon_core.environment:create_file_with_runtime_dependencies(/Users/mukuyo/Desktop/RI-AI/install/main/share/colcon-core/packages/main)
[80.664s] DEBUG:colcon.colcon_parallel_executor.executor.parallel:closing loop
[80.665s] DEBUG:colcon.colcon_parallel_executor.executor.parallel:loop closed
[80.665s] DEBUG:colcon.colcon_parallel_executor.executor.parallel:run_until_complete finished with '0'
[80.666s] DEBUG:colcon.colcon_core.event_reactor:joining thread
[80.680s] INFO:colcon.colcon_core.plugin_system:Skipping extension 'colcon_notification.desktop_notification.notify2': 'notify2' not found
[80.680s] INFO:colcon.colcon_core.plugin_system:Skipping extension 'colcon_notification.desktop_notification.notify_send': Not used on non-Linux systems
[80.681s] INFO:colcon.colcon_core.plugin_system:Skipping extension 'colcon_notification.desktop_notification.win32': Not used on non-Windows systems
[80.681s] INFO:colcon.colcon_notification.desktop_notification:Sending desktop notification using 'terminal_notifier'
[80.890s] DEBUG:colcon.colcon_core.event_reactor:joined thread
[80.906s] INFO:colcon.colcon_core.shell:Creating prefix script '/Users/mukuyo/Desktop/RI-AI/install/local_setup.ps1'
[80.909s] INFO:colcon.colcon_core.shell:Creating prefix util module '/Users/mukuyo/Desktop/RI-AI/install/_local_setup_util_ps1.py'
[80.913s] INFO:colcon.colcon_core.shell:Creating prefix chain script '/Users/mukuyo/Desktop/RI-AI/install/setup.ps1'
[80.927s] INFO:colcon.colcon_core.shell:Creating prefix script '/Users/mukuyo/Desktop/RI-AI/install/local_setup.sh'
[80.928s] INFO:colcon.colcon_core.shell:Creating prefix util module '/Users/mukuyo/Desktop/RI-AI/install/_local_setup_util_sh.py'
[80.930s] INFO:colcon.colcon_core.shell:Creating prefix chain script '/Users/mukuyo/Desktop/RI-AI/install/setup.sh'
[80.946s] INFO:colcon.colcon_core.shell:Creating prefix script '/Users/mukuyo/Desktop/RI-AI/install/local_setup.bash'
[80.948s] INFO:colcon.colcon_core.shell:Creating prefix chain script '/Users/mukuyo/Desktop/RI-AI/install/setup.bash'
[80.962s] INFO:colcon.colcon_core.shell:Creating prefix script '/Users/mukuyo/Desktop/RI-AI/install/local_setup.zsh'
[80.964s] INFO:colcon.colcon_core.shell:Creating prefix chain script '/Users/mukuyo/Desktop/RI-AI/install/setup.zsh'
