[0.092s] Invoking command in '/Users/mukuyo/Desktop/RI-AI/build/message_info': SHLVL=2 _=/usr/bin/env /usr/local/bin/cmake --build /Users/mukuyo/Desktop/RI-AI/build/message_info -- -j8 -l8
[0.630s] [  0%] Built target message_info__cpp
[0.635s] [ 12%] Built target message_info__rosidl_generator_c
[1.019s] [ 36%] Built target message_info__rosidl_typesupport_introspection_cpp
[1.019s] [ 41%] Built target message_info__rosidl_typesupport_fastrtps_cpp
[1.022s] [ 62%] Built target message_info__rosidl_typesupport_introspection_c
[1.022s] [ 63%] Built target message_info__rosidl_typesupport_cpp
[1.024s] [ 72%] Built target message_info__rosidl_typesupport_c
[1.289s] [ 84%] Built target message_info__rosidl_typesupport_fastrtps_c
[1.534s] [ 84%] Built target message_info
[1.798s] [ 85%] Built target message_info__py
[2.078s] [ 96%] Built target message_info__python
[2.409s] [ 98%] Built target message_info__rosidl_typesupport_introspection_c__pyext
[2.412s] [ 99%] Built target message_info__rosidl_typesupport_c__pyext
[2.415s] [100%] Built target message_info__rosidl_typesupport_fastrtps_c__pyext
[2.495s] Invoked command in '/Users/mukuyo/Desktop/RI-AI/build/message_info' returned '0': SHLVL=2 _=/usr/bin/env /usr/local/bin/cmake --build /Users/mukuyo/Desktop/RI-AI/build/message_info -- -j8 -l8
[13.314s] Invoking command in '/Users/mukuyo/Desktop/RI-AI/build/message_info': SHLVL=2 _=/usr/bin/env /usr/local/bin/cmake --install /Users/mukuyo/Desktop/RI-AI/build/message_info
[13.350s] -- Install configuration: ""
[13.351s] -- Up-to-date: /Users/mukuyo/Desktop/RI-AI/install/message_info/share/ament_index/resource_index/rosidl_interfaces/message_info
[13.352s] -- Up-to-date: /Users/mukuyo/Desktop/RI-AI/install/message_info/include/message_info
[13.353s] -- Up-to-date: /Users/mukuyo/Desktop/RI-AI/install/message_info/include/message_info/msg
[13.354s] -- Up-to-date: /Users/mukuyo/Desktop/RI-AI/install/message_info/include/message_info/msg/detection_frame.h
[13.355s] -- Up-to-date: /Users/mukuyo/Desktop/RI-AI/install/message_info/include/message_info/msg/referee_game_event.h
[13.355s] -- Up-to-date: /Users/mukuyo/Desktop/RI-AI/install/message_info/include/message_info/msg/rosidl_generator_c__visibility_control.h
[13.356s] -- Up-to-date: /Users/mukuyo/Desktop/RI-AI/install/message_info/include/message_info/msg/goal_info.h
[13.357s] -- Up-to-date: /Users/mukuyo/Desktop/RI-AI/install/message_info/include/message_info/msg/field_line_segment.h
[13.359s] -- Up-to-date: /Users/mukuyo/Desktop/RI-AI/install/message_info/include/message_info/msg/referee_team_info.h
[13.359s] -- Up-to-date: /Users/mukuyo/Desktop/RI-AI/install/message_info/include/message_info/msg/detection_ball.h
[13.360s] -- Up-to-date: /Users/mukuyo/Desktop/RI-AI/install/message_info/include/message_info/msg/vision_detections.h
[13.361s] -- Up-to-date: /Users/mukuyo/Desktop/RI-AI/install/message_info/include/message_info/msg/test.h
[13.361s] -- Up-to-date: /Users/mukuyo/Desktop/RI-AI/install/message_info/include/message_info/msg/field_circular_arc.h
[13.362s] -- Up-to-date: /Users/mukuyo/Desktop/RI-AI/install/message_info/include/message_info/msg/robot_command.h
[13.362s] -- Up-to-date: /Users/mukuyo/Desktop/RI-AI/install/message_info/include/message_info/msg/detection_robot.h
[13.362s] -- Up-to-date: /Users/mukuyo/Desktop/RI-AI/install/message_info/include/message_info/msg/detail
[13.362s] -- Up-to-date: /Users/mukuyo/Desktop/RI-AI/install/message_info/include/message_info/msg/detail/detection_frame__type_support.h
[13.362s] -- Up-to-date: /Users/mukuyo/Desktop/RI-AI/install/message_info/include/message_info/msg/detail/detection_frame__struct.h
[13.362s] -- Up-to-date: /Users/mukuyo/Desktop/RI-AI/install/message_info/include/message_info/msg/detail/detection_robot__functions.c
[13.362s] -- Up-to-date: /Users/mukuyo/Desktop/RI-AI/install/message_info/include/message_info/msg/detail/vision_geometry__type_support.h
[13.362s] -- Up-to-date: /Users/mukuyo/Desktop/RI-AI/install/message_info/include/message_info/msg/detail/detection_frame__functions.c
[13.362s] -- Up-to-date: /Users/mukuyo/Desktop/RI-AI/install/message_info/include/message_info/msg/detail/referee_team_info__struct.h
[13.362s] -- Up-to-date: /Users/mukuyo/Desktop/RI-AI/install/message_info/include/message_info/msg/detail/robot_command__functions.c
[13.363s] -- Up-to-date: /Users/mukuyo/Desktop/RI-AI/install/message_info/include/message_info/msg/detail/robot_commands__functions.c
[13.363s] -- Up-to-date: /Users/mukuyo/Desktop/RI-AI/install/message_info/include/message_info/msg/detail/robot_command__struct.h
[13.363s] -- Up-to-date: /Users/mukuyo/Desktop/RI-AI/install/message_info/include/message_info/msg/detail/referee_game_event__struct.h
[13.363s] -- Up-to-date: /Users/mukuyo/Desktop/RI-AI/install/message_info/include/message_info/msg/detail/detection_ball__struct.h
[13.363s] -- Up-to-date: /Users/mukuyo/Desktop/RI-AI/install/message_info/include/message_info/msg/detail/goal_info__functions.c
[13.363s] -- Up-to-date: /Users/mukuyo/Desktop/RI-AI/install/message_info/include/message_info/msg/detail/referee__struct.h
[13.363s] -- Up-to-date: /Users/mukuyo/Desktop/RI-AI/install/message_info/include/message_info/msg/detail/referee_team_info__functions.c
[13.364s] -- Up-to-date: /Users/mukuyo/Desktop/RI-AI/install/message_info/include/message_info/msg/detail/referee_game_event__type_support.h
[13.364s] -- Up-to-date: /Users/mukuyo/Desktop/RI-AI/install/message_info/include/message_info/msg/detail/test__functions.h
[13.364s] -- Up-to-date: /Users/mukuyo/Desktop/RI-AI/install/message_info/include/message_info/msg/detail/field_circular_arc__struct.h
[13.364s] -- Up-to-date: /Users/mukuyo/Desktop/RI-AI/install/message_info/include/message_info/msg/detail/field_circular_arc__type_support.h
[13.364s] -- Up-to-date: /Users/mukuyo/Desktop/RI-AI/install/message_info/include/message_info/msg/detail/ball_info__struct.h
[13.364s] -- Up-to-date: /Users/mukuyo/Desktop/RI-AI/install/message_info/include/message_info/msg/detail/vision_geometry__functions.h
[13.364s] -- Up-to-date: /Users/mukuyo/Desktop/RI-AI/install/message_info/include/message_info/msg/detail/vision_detections__struct.h
[13.364s] -- Up-to-date: /Users/mukuyo/Desktop/RI-AI/install/message_info/include/message_info/msg/detail/ball_info__functions.c
[13.364s] -- Up-to-date: /Users/mukuyo/Desktop/RI-AI/install/message_info/include/message_info/msg/detail/referee__type_support.h
[13.365s] -- Up-to-date: /Users/mukuyo/Desktop/RI-AI/install/message_info/include/message_info/msg/detail/vision_detections__type_support.h
[13.365s] -- Up-to-date: /Users/mukuyo/Desktop/RI-AI/install/message_info/include/message_info/msg/detail/referee__functions.c
[13.365s] -- Up-to-date: /Users/mukuyo/Desktop/RI-AI/install/message_info/include/message_info/msg/detail/vision_detections__functions.c
[13.365s] -- Up-to-date: /Users/mukuyo/Desktop/RI-AI/install/message_info/include/message_info/msg/detail/detection_ball__functions.c
[13.365s] -- Up-to-date: /Users/mukuyo/Desktop/RI-AI/install/message_info/include/message_info/msg/detail/field_circular_arc__functions.c
[13.365s] -- Up-to-date: /Users/mukuyo/Desktop/RI-AI/install/message_info/include/message_info/msg/detail/referee_game_event__functions.h
[13.365s] -- Up-to-date: /Users/mukuyo/Desktop/RI-AI/install/message_info/include/message_info/msg/detail/robot_commands__struct.h
[13.365s] -- Up-to-date: /Users/mukuyo/Desktop/RI-AI/install/message_info/include/message_info/msg/detail/field_line_segment__functions.c
[13.365s] -- Up-to-date: /Users/mukuyo/Desktop/RI-AI/install/message_info/include/message_info/msg/detail/robot_commands__functions.h
[13.365s] -- Up-to-date: /Users/mukuyo/Desktop/RI-AI/install/message_info/include/message_info/msg/detail/robot_command__functions.h
[13.366s] -- Up-to-date: /Users/mukuyo/Desktop/RI-AI/install/message_info/include/message_info/msg/detail/test__type_support.h
[13.366s] -- Up-to-date: /Users/mukuyo/Desktop/RI-AI/install/message_info/include/message_info/msg/detail/robot_commands__type_support.h
[13.366s] -- Up-to-date: /Users/mukuyo/Desktop/RI-AI/install/message_info/include/message_info/msg/detail/detection_frame__functions.h
[13.366s] -- Up-to-date: /Users/mukuyo/Desktop/RI-AI/install/message_info/include/message_info/msg/detail/field_line_segment__struct.h
[13.366s] -- Up-to-date: /Users/mukuyo/Desktop/RI-AI/install/message_info/include/message_info/msg/detail/detection_robot__functions.h
[13.366s] -- Up-to-date: /Users/mukuyo/Desktop/RI-AI/install/message_info/include/message_info/msg/detail/test__struct.h
[13.366s] -- Up-to-date: /Users/mukuyo/Desktop/RI-AI/install/message_info/include/message_info/msg/detail/detection_robot__struct.h
[13.366s] -- Up-to-date: /Users/mukuyo/Desktop/RI-AI/install/message_info/include/message_info/msg/detail/vision_geometry__struct.h
[13.366s] -- Up-to-date: /Users/mukuyo/Desktop/RI-AI/install/message_info/include/message_info/msg/detail/field_line_segment__type_support.h
[13.366s] -- Up-to-date: /Users/mukuyo/Desktop/RI-AI/install/message_info/include/message_info/msg/detail/test__functions.c
[13.367s] -- Up-to-date: /Users/mukuyo/Desktop/RI-AI/install/message_info/include/message_info/msg/detail/referee_team_info__functions.h
[13.367s] -- Up-to-date: /Users/mukuyo/Desktop/RI-AI/install/message_info/include/message_info/msg/detail/detection_ball__type_support.h
[13.367s] -- Up-to-date: /Users/mukuyo/Desktop/RI-AI/install/message_info/include/message_info/msg/detail/goal_info__type_support.h
[13.367s] -- Up-to-date: /Users/mukuyo/Desktop/RI-AI/install/message_info/include/message_info/msg/detail/goal_info__functions.h
[13.367s] -- Up-to-date: /Users/mukuyo/Desktop/RI-AI/install/message_info/include/message_info/msg/detail/referee__functions.h
[13.367s] -- Up-to-date: /Users/mukuyo/Desktop/RI-AI/install/message_info/include/message_info/msg/detail/referee_team_info__type_support.h
[13.367s] -- Up-to-date: /Users/mukuyo/Desktop/RI-AI/install/message_info/include/message_info/msg/detail/detection_robot__type_support.h
[13.368s] -- Up-to-date: /Users/mukuyo/Desktop/RI-AI/install/message_info/include/message_info/msg/detail/ball_info__functions.h
[13.368s] -- Up-to-date: /Users/mukuyo/Desktop/RI-AI/install/message_info/include/message_info/msg/detail/vision_geometry__functions.c
[13.368s] -- Up-to-date: /Users/mukuyo/Desktop/RI-AI/install/message_info/include/message_info/msg/detail/ball_info__type_support.h
[13.368s] -- Up-to-date: /Users/mukuyo/Desktop/RI-AI/install/message_info/include/message_info/msg/detail/goal_info__struct.h
[13.368s] -- Up-to-date: /Users/mukuyo/Desktop/RI-AI/install/message_info/include/message_info/msg/detail/field_line_segment__functions.h
[13.368s] -- Up-to-date: /Users/mukuyo/Desktop/RI-AI/install/message_info/include/message_info/msg/detail/detection_ball__functions.h
[13.368s] -- Up-to-date: /Users/mukuyo/Desktop/RI-AI/install/message_info/include/message_info/msg/detail/vision_detections__functions.h
[13.368s] -- Up-to-date: /Users/mukuyo/Desktop/RI-AI/install/message_info/include/message_info/msg/detail/referee_game_event__functions.c
[13.368s] -- Up-to-date: /Users/mukuyo/Desktop/RI-AI/install/message_info/include/message_info/msg/detail/field_circular_arc__functions.h
[13.369s] -- Up-to-date: /Users/mukuyo/Desktop/RI-AI/install/message_info/include/message_info/msg/detail/robot_command__type_support.h
[13.369s] -- Up-to-date: /Users/mukuyo/Desktop/RI-AI/install/message_info/include/message_info/msg/ball_info.h
[13.369s] -- Up-to-date: /Users/mukuyo/Desktop/RI-AI/install/message_info/include/message_info/msg/referee.h
[13.369s] -- Up-to-date: /Users/mukuyo/Desktop/RI-AI/install/message_info/include/message_info/msg/robot_commands.h
[13.369s] -- Up-to-date: /Users/mukuyo/Desktop/RI-AI/install/message_info/include/message_info/msg/vision_geometry.h
[13.369s] -- Up-to-date: /Users/mukuyo/Desktop/RI-AI/install/message_info/share/message_info/environment/library_path.sh
[13.369s] -- Up-to-date: /Users/mukuyo/Desktop/RI-AI/install/message_info/share/message_info/environment/library_path.dsv
[13.369s] -- Installing: /Users/mukuyo/Desktop/RI-AI/install/message_info/lib/libmessage_info__rosidl_generator_c.dylib
[13.435s] -- Up-to-date: /Users/mukuyo/Desktop/RI-AI/install/message_info/include/message_info
[13.436s] -- Up-to-date: /Users/mukuyo/Desktop/RI-AI/install/message_info/include/message_info/msg
[13.436s] -- Up-to-date: /Users/mukuyo/Desktop/RI-AI/install/message_info/include/message_info/msg/detail
[13.437s] -- Up-to-date: /Users/mukuyo/Desktop/RI-AI/install/message_info/include/message_info/msg/detail/field_line_segment__rosidl_typesupport_fastrtps_c.h
[13.437s] -- Up-to-date: /Users/mukuyo/Desktop/RI-AI/install/message_info/include/message_info/msg/detail/detection_frame__rosidl_typesupport_fastrtps_c.h
[13.437s] -- Up-to-date: /Users/mukuyo/Desktop/RI-AI/install/message_info/include/message_info/msg/detail/detection_ball__rosidl_typesupport_fastrtps_c.h
[13.437s] -- Up-to-date: /Users/mukuyo/Desktop/RI-AI/install/message_info/include/message_info/msg/detail/referee_team_info__rosidl_typesupport_fastrtps_c.h
[13.437s] -- Up-to-date: /Users/mukuyo/Desktop/RI-AI/install/message_info/include/message_info/msg/detail/robot_command__rosidl_typesupport_fastrtps_c.h
[13.437s] -- Up-to-date: /Users/mukuyo/Desktop/RI-AI/install/message_info/include/message_info/msg/detail/goal_info__rosidl_typesupport_fastrtps_c.h
[13.437s] -- Up-to-date: /Users/mukuyo/Desktop/RI-AI/install/message_info/include/message_info/msg/detail/vision_geometry__rosidl_typesupport_fastrtps_c.h
[13.437s] -- Up-to-date: /Users/mukuyo/Desktop/RI-AI/install/message_info/include/message_info/msg/detail/field_circular_arc__rosidl_typesupport_fastrtps_c.h
[13.438s] -- Up-to-date: /Users/mukuyo/Desktop/RI-AI/install/message_info/include/message_info/msg/detail/ball_info__rosidl_typesupport_fastrtps_c.h
[13.438s] -- Up-to-date: /Users/mukuyo/Desktop/RI-AI/install/message_info/include/message_info/msg/detail/referee_game_event__rosidl_typesupport_fastrtps_c.h
[13.438s] -- Up-to-date: /Users/mukuyo/Desktop/RI-AI/install/message_info/include/message_info/msg/detail/robot_commands__rosidl_typesupport_fastrtps_c.h
[13.438s] -- Up-to-date: /Users/mukuyo/Desktop/RI-AI/install/message_info/include/message_info/msg/detail/test__rosidl_typesupport_fastrtps_c.h
[13.438s] -- Up-to-date: /Users/mukuyo/Desktop/RI-AI/install/message_info/include/message_info/msg/detail/detection_robot__rosidl_typesupport_fastrtps_c.h
[13.438s] -- Up-to-date: /Users/mukuyo/Desktop/RI-AI/install/message_info/include/message_info/msg/detail/referee__rosidl_typesupport_fastrtps_c.h
[13.438s] -- Up-to-date: /Users/mukuyo/Desktop/RI-AI/install/message_info/include/message_info/msg/detail/vision_detections__rosidl_typesupport_fastrtps_c.h
[13.438s] -- Up-to-date: /Users/mukuyo/Desktop/RI-AI/install/message_info/include/message_info/msg/rosidl_typesupport_fastrtps_c__visibility_control.h
[13.438s] -- Installing: /Users/mukuyo/Desktop/RI-AI/install/message_info/lib/libmessage_info__rosidl_typesupport_fastrtps_c.dylib
[13.546s] -- Up-to-date: /Users/mukuyo/Desktop/RI-AI/install/message_info/include/message_info
[13.547s] -- Up-to-date: /Users/mukuyo/Desktop/RI-AI/install/message_info/include/message_info/msg
[13.548s] -- Up-to-date: /Users/mukuyo/Desktop/RI-AI/install/message_info/include/message_info/msg/rosidl_typesupport_fastrtps_cpp__visibility_control.h
[13.548s] -- Up-to-date: /Users/mukuyo/Desktop/RI-AI/install/message_info/include/message_info/msg/detail
[13.548s] -- Up-to-date: /Users/mukuyo/Desktop/RI-AI/install/message_info/include/message_info/msg/detail/referee__rosidl_typesupport_fastrtps_cpp.hpp
[13.548s] -- Up-to-date: /Users/mukuyo/Desktop/RI-AI/install/message_info/include/message_info/msg/detail/referee_team_info__rosidl_typesupport_fastrtps_cpp.hpp
[13.549s] -- Up-to-date: /Users/mukuyo/Desktop/RI-AI/install/message_info/include/message_info/msg/detail/detection_robot__rosidl_typesupport_fastrtps_cpp.hpp
[13.549s] -- Up-to-date: /Users/mukuyo/Desktop/RI-AI/install/message_info/include/message_info/msg/detail/vision_geometry__rosidl_typesupport_fastrtps_cpp.hpp
[13.549s] -- Up-to-date: /Users/mukuyo/Desktop/RI-AI/install/message_info/include/message_info/msg/detail/referee_game_event__rosidl_typesupport_fastrtps_cpp.hpp
[13.549s] -- Up-to-date: /Users/mukuyo/Desktop/RI-AI/install/message_info/include/message_info/msg/detail/field_line_segment__rosidl_typesupport_fastrtps_cpp.hpp
[13.549s] -- Up-to-date: /Users/mukuyo/Desktop/RI-AI/install/message_info/include/message_info/msg/detail/robot_command__rosidl_typesupport_fastrtps_cpp.hpp
[13.550s] -- Up-to-date: /Users/mukuyo/Desktop/RI-AI/install/message_info/include/message_info/msg/detail/test__rosidl_typesupport_fastrtps_cpp.hpp
[13.550s] -- Up-to-date: /Users/mukuyo/Desktop/RI-AI/install/message_info/include/message_info/msg/detail/vision_detections__rosidl_typesupport_fastrtps_cpp.hpp
[13.550s] -- Up-to-date: /Users/mukuyo/Desktop/RI-AI/install/message_info/include/message_info/msg/detail/field_circular_arc__rosidl_typesupport_fastrtps_cpp.hpp
[13.550s] -- Up-to-date: /Users/mukuyo/Desktop/RI-AI/install/message_info/include/message_info/msg/detail/robot_commands__rosidl_typesupport_fastrtps_cpp.hpp
[13.550s] -- Up-to-date: /Users/mukuyo/Desktop/RI-AI/install/message_info/include/message_info/msg/detail/detection_ball__rosidl_typesupport_fastrtps_cpp.hpp
[13.551s] -- Up-to-date: /Users/mukuyo/Desktop/RI-AI/install/message_info/include/message_info/msg/detail/detection_frame__rosidl_typesupport_fastrtps_cpp.hpp
[13.551s] -- Up-to-date: /Users/mukuyo/Desktop/RI-AI/install/message_info/include/message_info/msg/detail/dds_fastrtps
[13.551s] -- Up-to-date: /Users/mukuyo/Desktop/RI-AI/install/message_info/include/message_info/msg/detail/ball_info__rosidl_typesupport_fastrtps_cpp.hpp
[13.551s] -- Up-to-date: /Users/mukuyo/Desktop/RI-AI/install/message_info/include/message_info/msg/detail/goal_info__rosidl_typesupport_fastrtps_cpp.hpp
[13.551s] -- Installing: /Users/mukuyo/Desktop/RI-AI/install/message_info/lib/libmessage_info__rosidl_typesupport_fastrtps_cpp.dylib
[13.628s] -- Up-to-date: /Users/mukuyo/Desktop/RI-AI/install/message_info/include/message_info
[13.629s] -- Up-to-date: /Users/mukuyo/Desktop/RI-AI/install/message_info/include/message_info/msg
[13.630s] -- Up-to-date: /Users/mukuyo/Desktop/RI-AI/install/message_info/include/message_info/msg/detail
[13.631s] -- Up-to-date: /Users/mukuyo/Desktop/RI-AI/install/message_info/include/message_info/msg/detail/field_line_segment__type_support.c
[13.632s] -- Up-to-date: /Users/mukuyo/Desktop/RI-AI/install/message_info/include/message_info/msg/detail/robot_commands__type_support.c
[13.633s] -- Up-to-date: /Users/mukuyo/Desktop/RI-AI/install/message_info/include/message_info/msg/detail/test__type_support.c
[13.633s] -- Up-to-date: /Users/mukuyo/Desktop/RI-AI/install/message_info/include/message_info/msg/detail/goal_info__type_support.c
[13.634s] -- Up-to-date: /Users/mukuyo/Desktop/RI-AI/install/message_info/include/message_info/msg/detail/referee_game_event__rosidl_typesupport_introspection_c.h
[13.634s] -- Up-to-date: /Users/mukuyo/Desktop/RI-AI/install/message_info/include/message_info/msg/detail/field_line_segment__rosidl_typesupport_introspection_c.h
[13.634s] -- Up-to-date: /Users/mukuyo/Desktop/RI-AI/install/message_info/include/message_info/msg/detail/goal_info__rosidl_typesupport_introspection_c.h
[13.635s] -- Up-to-date: /Users/mukuyo/Desktop/RI-AI/install/message_info/include/message_info/msg/detail/detection_ball__type_support.c
[13.635s] -- Up-to-date: /Users/mukuyo/Desktop/RI-AI/install/message_info/include/message_info/msg/detail/robot_commands__rosidl_typesupport_introspection_c.h
[13.635s] -- Up-to-date: /Users/mukuyo/Desktop/RI-AI/install/message_info/include/message_info/msg/detail/ball_info__type_support.c
[13.636s] -- Up-to-date: /Users/mukuyo/Desktop/RI-AI/install/message_info/include/message_info/msg/detail/detection_robot__type_support.c
[13.636s] -- Up-to-date: /Users/mukuyo/Desktop/RI-AI/install/message_info/include/message_info/msg/detail/referee_team_info__type_support.c
[13.636s] -- Up-to-date: /Users/mukuyo/Desktop/RI-AI/install/message_info/include/message_info/msg/detail/robot_command__type_support.c
[13.636s] -- Up-to-date: /Users/mukuyo/Desktop/RI-AI/install/message_info/include/message_info/msg/detail/field_circular_arc__rosidl_typesupport_introspection_c.h
[13.636s] -- Up-to-date: /Users/mukuyo/Desktop/RI-AI/install/message_info/include/message_info/msg/detail/robot_command__rosidl_typesupport_introspection_c.h
[13.636s] -- Up-to-date: /Users/mukuyo/Desktop/RI-AI/install/message_info/include/message_info/msg/detail/vision_detections__rosidl_typesupport_introspection_c.h
[13.636s] -- Up-to-date: /Users/mukuyo/Desktop/RI-AI/install/message_info/include/message_info/msg/detail/vision_geometry__type_support.c
[13.637s] -- Up-to-date: /Users/mukuyo/Desktop/RI-AI/install/message_info/include/message_info/msg/detail/detection_frame__type_support.c
[13.637s] -- Up-to-date: /Users/mukuyo/Desktop/RI-AI/install/message_info/include/message_info/msg/detail/detection_frame__rosidl_typesupport_introspection_c.h
[13.637s] -- Up-to-date: /Users/mukuyo/Desktop/RI-AI/install/message_info/include/message_info/msg/detail/test__rosidl_typesupport_introspection_c.h
[13.637s] -- Up-to-date: /Users/mukuyo/Desktop/RI-AI/install/message_info/include/message_info/msg/detail/field_circular_arc__type_support.c
[13.637s] -- Up-to-date: /Users/mukuyo/Desktop/RI-AI/install/message_info/include/message_info/msg/detail/referee_game_event__type_support.c
[13.637s] -- Up-to-date: /Users/mukuyo/Desktop/RI-AI/install/message_info/include/message_info/msg/detail/detection_ball__rosidl_typesupport_introspection_c.h
[13.637s] -- Up-to-date: /Users/mukuyo/Desktop/RI-AI/install/message_info/include/message_info/msg/detail/vision_detections__type_support.c
[13.637s] -- Up-to-date: /Users/mukuyo/Desktop/RI-AI/install/message_info/include/message_info/msg/detail/vision_geometry__rosidl_typesupport_introspection_c.h
[13.637s] -- Up-to-date: /Users/mukuyo/Desktop/RI-AI/install/message_info/include/message_info/msg/detail/referee__type_support.c
[13.638s] -- Up-to-date: /Users/mukuyo/Desktop/RI-AI/install/message_info/include/message_info/msg/detail/referee_team_info__rosidl_typesupport_introspection_c.h
[13.638s] -- Up-to-date: /Users/mukuyo/Desktop/RI-AI/install/message_info/include/message_info/msg/detail/ball_info__rosidl_typesupport_introspection_c.h
[13.638s] -- Up-to-date: /Users/mukuyo/Desktop/RI-AI/install/message_info/include/message_info/msg/detail/referee__rosidl_typesupport_introspection_c.h
[13.638s] -- Up-to-date: /Users/mukuyo/Desktop/RI-AI/install/message_info/include/message_info/msg/detail/detection_robot__rosidl_typesupport_introspection_c.h
[13.638s] -- Up-to-date: /Users/mukuyo/Desktop/RI-AI/install/message_info/include/message_info/msg/rosidl_typesupport_introspection_c__visibility_control.h
[13.638s] -- Installing: /Users/mukuyo/Desktop/RI-AI/install/message_info/lib/libmessage_info__rosidl_typesupport_introspection_c.dylib
[13.751s] -- Installing: /Users/mukuyo/Desktop/RI-AI/install/message_info/lib/libmessage_info__rosidl_typesupport_c.dylib
[13.828s] -- Up-to-date: /Users/mukuyo/Desktop/RI-AI/install/message_info/include/message_info
[13.829s] -- Up-to-date: /Users/mukuyo/Desktop/RI-AI/install/message_info/include/message_info/msg
[13.829s] -- Up-to-date: /Users/mukuyo/Desktop/RI-AI/install/message_info/include/message_info/msg/detection_robot.hpp
[13.830s] -- Up-to-date: /Users/mukuyo/Desktop/RI-AI/install/message_info/include/message_info/msg/field_circular_arc.hpp
[13.832s] -- Up-to-date: /Users/mukuyo/Desktop/RI-AI/install/message_info/include/message_info/msg/ball_info.hpp
[13.833s] -- Up-to-date: /Users/mukuyo/Desktop/RI-AI/install/message_info/include/message_info/msg/detection_frame.hpp
[13.835s] -- Up-to-date: /Users/mukuyo/Desktop/RI-AI/install/message_info/include/message_info/msg/referee_game_event.hpp
[13.835s] -- Up-to-date: /Users/mukuyo/Desktop/RI-AI/install/message_info/include/message_info/msg/robot_commands.hpp
[13.836s] -- Up-to-date: /Users/mukuyo/Desktop/RI-AI/install/message_info/include/message_info/msg/vision_detections.hpp
[13.837s] -- Up-to-date: /Users/mukuyo/Desktop/RI-AI/install/message_info/include/message_info/msg/detail
[13.837s] -- Up-to-date: /Users/mukuyo/Desktop/RI-AI/install/message_info/include/message_info/msg/detail/robot_command__traits.hpp
[13.838s] -- Up-to-date: /Users/mukuyo/Desktop/RI-AI/install/message_info/include/message_info/msg/detail/detection_ball__traits.hpp
[13.838s] -- Up-to-date: /Users/mukuyo/Desktop/RI-AI/install/message_info/include/message_info/msg/detail/field_circular_arc__builder.hpp
[13.839s] -- Up-to-date: /Users/mukuyo/Desktop/RI-AI/install/message_info/include/message_info/msg/detail/referee__struct.hpp
[13.840s] -- Up-to-date: /Users/mukuyo/Desktop/RI-AI/install/message_info/include/message_info/msg/detail/detection_ball__builder.hpp
[13.840s] -- Up-to-date: /Users/mukuyo/Desktop/RI-AI/install/message_info/include/message_info/msg/detail/vision_detections__builder.hpp
[13.840s] -- Up-to-date: /Users/mukuyo/Desktop/RI-AI/install/message_info/include/message_info/msg/detail/test__traits.hpp
[13.840s] -- Up-to-date: /Users/mukuyo/Desktop/RI-AI/install/message_info/include/message_info/msg/detail/goal_info__traits.hpp
[13.840s] -- Up-to-date: /Users/mukuyo/Desktop/RI-AI/install/message_info/include/message_info/msg/detail/detection_frame__struct.hpp
[13.841s] -- Up-to-date: /Users/mukuyo/Desktop/RI-AI/install/message_info/include/message_info/msg/detail/field_line_segment__builder.hpp
[13.841s] -- Up-to-date: /Users/mukuyo/Desktop/RI-AI/install/message_info/include/message_info/msg/detail/detection_robot__traits.hpp
[13.841s] -- Up-to-date: /Users/mukuyo/Desktop/RI-AI/install/message_info/include/message_info/msg/detail/ball_info__builder.hpp
[13.841s] -- Up-to-date: /Users/mukuyo/Desktop/RI-AI/install/message_info/include/message_info/msg/detail/referee_game_event__struct.hpp
[13.841s] -- Up-to-date: /Users/mukuyo/Desktop/RI-AI/install/message_info/include/message_info/msg/detail/vision_geometry__struct.hpp
[13.842s] -- Up-to-date: /Users/mukuyo/Desktop/RI-AI/install/message_info/include/message_info/msg/detail/referee__builder.hpp
[13.842s] -- Up-to-date: /Users/mukuyo/Desktop/RI-AI/install/message_info/include/message_info/msg/detail/goal_info__builder.hpp
[13.842s] -- Up-to-date: /Users/mukuyo/Desktop/RI-AI/install/message_info/include/message_info/msg/detail/vision_detections__struct.hpp
[13.842s] -- Up-to-date: /Users/mukuyo/Desktop/RI-AI/install/message_info/include/message_info/msg/detail/referee_team_info__builder.hpp
[13.842s] -- Up-to-date: /Users/mukuyo/Desktop/RI-AI/install/message_info/include/message_info/msg/detail/field_circular_arc__struct.hpp
[13.842s] -- Up-to-date: /Users/mukuyo/Desktop/RI-AI/install/message_info/include/message_info/msg/detail/ball_info__struct.hpp
[13.843s] -- Up-to-date: /Users/mukuyo/Desktop/RI-AI/install/message_info/include/message_info/msg/detail/field_line_segment__struct.hpp
[13.843s] -- Up-to-date: /Users/mukuyo/Desktop/RI-AI/install/message_info/include/message_info/msg/detail/robot_commands__struct.hpp
[13.843s] -- Up-to-date: /Users/mukuyo/Desktop/RI-AI/install/message_info/include/message_info/msg/detail/detection_robot__builder.hpp
[13.843s] -- Up-to-date: /Users/mukuyo/Desktop/RI-AI/install/message_info/include/message_info/msg/detail/referee_team_info__struct.hpp
[13.843s] -- Up-to-date: /Users/mukuyo/Desktop/RI-AI/install/message_info/include/message_info/msg/detail/detection_frame__builder.hpp
[13.843s] -- Up-to-date: /Users/mukuyo/Desktop/RI-AI/install/message_info/include/message_info/msg/detail/robot_command__builder.hpp
[13.844s] -- Up-to-date: /Users/mukuyo/Desktop/RI-AI/install/message_info/include/message_info/msg/detail/robot_commands__builder.hpp
[13.844s] -- Up-to-date: /Users/mukuyo/Desktop/RI-AI/install/message_info/include/message_info/msg/detail/detection_robot__struct.hpp
[13.844s] -- Up-to-date: /Users/mukuyo/Desktop/RI-AI/install/message_info/include/message_info/msg/detail/goal_info__struct.hpp
[13.844s] -- Up-to-date: /Users/mukuyo/Desktop/RI-AI/install/message_info/include/message_info/msg/detail/detection_frame__traits.hpp
[13.844s] -- Up-to-date: /Users/mukuyo/Desktop/RI-AI/install/message_info/include/message_info/msg/detail/detection_ball__struct.hpp
[13.845s] -- Up-to-date: /Users/mukuyo/Desktop/RI-AI/install/message_info/include/message_info/msg/detail/referee_game_event__builder.hpp
[13.845s] -- Up-to-date: /Users/mukuyo/Desktop/RI-AI/install/message_info/include/message_info/msg/detail/referee__traits.hpp
[13.845s] -- Up-to-date: /Users/mukuyo/Desktop/RI-AI/install/message_info/include/message_info/msg/detail/test__struct.hpp
[13.845s] -- Up-to-date: /Users/mukuyo/Desktop/RI-AI/install/message_info/include/message_info/msg/detail/robot_command__struct.hpp
[13.845s] -- Up-to-date: /Users/mukuyo/Desktop/RI-AI/install/message_info/include/message_info/msg/detail/vision_geometry__traits.hpp
[13.845s] -- Up-to-date: /Users/mukuyo/Desktop/RI-AI/install/message_info/include/message_info/msg/detail/referee_game_event__traits.hpp
[13.846s] -- Up-to-date: /Users/mukuyo/Desktop/RI-AI/install/message_info/include/message_info/msg/detail/vision_geometry__builder.hpp
[13.846s] -- Up-to-date: /Users/mukuyo/Desktop/RI-AI/install/message_info/include/message_info/msg/detail/field_circular_arc__traits.hpp
[13.846s] -- Up-to-date: /Users/mukuyo/Desktop/RI-AI/install/message_info/include/message_info/msg/detail/ball_info__traits.hpp
[13.846s] -- Up-to-date: /Users/mukuyo/Desktop/RI-AI/install/message_info/include/message_info/msg/detail/test__builder.hpp
[13.846s] -- Up-to-date: /Users/mukuyo/Desktop/RI-AI/install/message_info/include/message_info/msg/detail/field_line_segment__traits.hpp
[13.846s] -- Up-to-date: /Users/mukuyo/Desktop/RI-AI/install/message_info/include/message_info/msg/detail/vision_detections__traits.hpp
[13.847s] -- Up-to-date: /Users/mukuyo/Desktop/RI-AI/install/message_info/include/message_info/msg/detail/referee_team_info__traits.hpp
[13.847s] -- Up-to-date: /Users/mukuyo/Desktop/RI-AI/install/message_info/include/message_info/msg/detail/robot_commands__traits.hpp
[13.847s] -- Up-to-date: /Users/mukuyo/Desktop/RI-AI/install/message_info/include/message_info/msg/test.hpp
[13.847s] -- Up-to-date: /Users/mukuyo/Desktop/RI-AI/install/message_info/include/message_info/msg/field_line_segment.hpp
[13.847s] -- Up-to-date: /Users/mukuyo/Desktop/RI-AI/install/message_info/include/message_info/msg/referee.hpp
[13.847s] -- Up-to-date: /Users/mukuyo/Desktop/RI-AI/install/message_info/include/message_info/msg/robot_command.hpp
[13.848s] -- Up-to-date: /Users/mukuyo/Desktop/RI-AI/install/message_info/include/message_info/msg/referee_team_info.hpp
[13.848s] -- Up-to-date: /Users/mukuyo/Desktop/RI-AI/install/message_info/include/message_info/msg/detection_ball.hpp
[13.848s] -- Up-to-date: /Users/mukuyo/Desktop/RI-AI/install/message_info/include/message_info/msg/vision_geometry.hpp
[13.848s] -- Up-to-date: /Users/mukuyo/Desktop/RI-AI/install/message_info/include/message_info/msg/goal_info.hpp
[13.848s] -- Up-to-date: /Users/mukuyo/Desktop/RI-AI/install/message_info/include/message_info
[13.848s] -- Up-to-date: /Users/mukuyo/Desktop/RI-AI/install/message_info/include/message_info/msg
[13.849s] -- Up-to-date: /Users/mukuyo/Desktop/RI-AI/install/message_info/include/message_info/msg/detail
[13.849s] -- Up-to-date: /Users/mukuyo/Desktop/RI-AI/install/message_info/include/message_info/msg/detail/referee_team_info__rosidl_typesupport_introspection_cpp.hpp
[13.849s] -- Up-to-date: /Users/mukuyo/Desktop/RI-AI/install/message_info/include/message_info/msg/detail/vision_detections__rosidl_typesupport_introspection_cpp.hpp
[13.849s] -- Up-to-date: /Users/mukuyo/Desktop/RI-AI/install/message_info/include/message_info/msg/detail/robot_command__type_support.cpp
[13.849s] -- Up-to-date: /Users/mukuyo/Desktop/RI-AI/install/message_info/include/message_info/msg/detail/vision_detections__type_support.cpp
[13.850s] -- Up-to-date: /Users/mukuyo/Desktop/RI-AI/install/message_info/include/message_info/msg/detail/detection_ball__rosidl_typesupport_introspection_cpp.hpp
[13.850s] -- Up-to-date: /Users/mukuyo/Desktop/RI-AI/install/message_info/include/message_info/msg/detail/vision_geometry__rosidl_typesupport_introspection_cpp.hpp
[13.850s] -- Up-to-date: /Users/mukuyo/Desktop/RI-AI/install/message_info/include/message_info/msg/detail/referee_team_info__type_support.cpp
[13.850s] -- Up-to-date: /Users/mukuyo/Desktop/RI-AI/install/message_info/include/message_info/msg/detail/detection_ball__type_support.cpp
[13.850s] -- Up-to-date: /Users/mukuyo/Desktop/RI-AI/install/message_info/include/message_info/msg/detail/goal_info__rosidl_typesupport_introspection_cpp.hpp
[13.851s] -- Up-to-date: /Users/mukuyo/Desktop/RI-AI/install/message_info/include/message_info/msg/detail/robot_command__rosidl_typesupport_introspection_cpp.hpp
[13.851s] -- Up-to-date: /Users/mukuyo/Desktop/RI-AI/install/message_info/include/message_info/msg/detail/detection_robot__rosidl_typesupport_introspection_cpp.hpp
[13.851s] -- Up-to-date: /Users/mukuyo/Desktop/RI-AI/install/message_info/include/message_info/msg/detail/field_line_segment__rosidl_typesupport_introspection_cpp.hpp
[13.851s] -- Up-to-date: /Users/mukuyo/Desktop/RI-AI/install/message_info/include/message_info/msg/detail/field_line_segment__type_support.cpp
[13.851s] -- Up-to-date: /Users/mukuyo/Desktop/RI-AI/install/message_info/include/message_info/msg/detail/robot_commands__type_support.cpp
[13.852s] -- Up-to-date: /Users/mukuyo/Desktop/RI-AI/install/message_info/include/message_info/msg/detail/referee_game_event__type_support.cpp
[13.852s] -- Up-to-date: /Users/mukuyo/Desktop/RI-AI/install/message_info/include/message_info/msg/detail/field_circular_arc__rosidl_typesupport_introspection_cpp.hpp
[13.852s] -- Up-to-date: /Users/mukuyo/Desktop/RI-AI/install/message_info/include/message_info/msg/detail/robot_commands__rosidl_typesupport_introspection_cpp.hpp
[13.852s] -- Up-to-date: /Users/mukuyo/Desktop/RI-AI/install/message_info/include/message_info/msg/detail/test__rosidl_typesupport_introspection_cpp.hpp
[13.852s] -- Up-to-date: /Users/mukuyo/Desktop/RI-AI/install/message_info/include/message_info/msg/detail/vision_geometry__type_support.cpp
[13.853s] -- Up-to-date: /Users/mukuyo/Desktop/RI-AI/install/message_info/include/message_info/msg/detail/detection_robot__type_support.cpp
[13.853s] -- Up-to-date: /Users/mukuyo/Desktop/RI-AI/install/message_info/include/message_info/msg/detail/detection_frame__rosidl_typesupport_introspection_cpp.hpp
[13.853s] -- Up-to-date: /Users/mukuyo/Desktop/RI-AI/install/message_info/include/message_info/msg/detail/goal_info__type_support.cpp
[13.853s] -- Up-to-date: /Users/mukuyo/Desktop/RI-AI/install/message_info/include/message_info/msg/detail/field_circular_arc__type_support.cpp
[13.853s] -- Up-to-date: /Users/mukuyo/Desktop/RI-AI/install/message_info/include/message_info/msg/detail/ball_info__rosidl_typesupport_introspection_cpp.hpp
[13.854s] -- Up-to-date: /Users/mukuyo/Desktop/RI-AI/install/message_info/include/message_info/msg/detail/referee__rosidl_typesupport_introspection_cpp.hpp
[13.854s] -- Up-to-date: /Users/mukuyo/Desktop/RI-AI/install/message_info/include/message_info/msg/detail/referee_game_event__rosidl_typesupport_introspection_cpp.hpp
[13.854s] -- Up-to-date: /Users/mukuyo/Desktop/RI-AI/install/message_info/include/message_info/msg/detail/referee__type_support.cpp
[13.854s] -- Up-to-date: /Users/mukuyo/Desktop/RI-AI/install/message_info/include/message_info/msg/detail/detection_frame__type_support.cpp
[13.855s] -- Up-to-date: /Users/mukuyo/Desktop/RI-AI/install/message_info/include/message_info/msg/detail/test__type_support.cpp
[13.855s] -- Up-to-date: /Users/mukuyo/Desktop/RI-AI/install/message_info/include/message_info/msg/detail/ball_info__type_support.cpp
[13.855s] -- Installing: /Users/mukuyo/Desktop/RI-AI/install/message_info/lib/libmessage_info__rosidl_typesupport_introspection_cpp.dylib
[13.921s] -- Installing: /Users/mukuyo/Desktop/RI-AI/install/message_info/lib/libmessage_info__rosidl_typesupport_cpp.dylib
[13.999s] -- Up-to-date: /Users/mukuyo/Desktop/RI-AI/install/message_info/share/message_info/environment/pythonpath.sh
[13.999s] -- Up-to-date: /Users/mukuyo/Desktop/RI-AI/install/message_info/share/message_info/environment/pythonpath.dsv
[13.999s] -- Up-to-date: /Users/mukuyo/Desktop/RI-AI/install/message_info/lib/python3.8/site-packages/message_info/__init__.py
[14.101s] -- Up-to-date: /Users/mukuyo/Desktop/RI-AI/install/message_info/lib/python3.8/site-packages/message_info/msg
[14.102s] -- Up-to-date: /Users/mukuyo/Desktop/RI-AI/install/message_info/lib/python3.8/site-packages/message_info/msg/_referee_team_info_s.c
[14.103s] -- Up-to-date: /Users/mukuyo/Desktop/RI-AI/install/message_info/lib/python3.8/site-packages/message_info/msg/_field_circular_arc_s.c
[14.104s] -- Up-to-date: /Users/mukuyo/Desktop/RI-AI/install/message_info/lib/python3.8/site-packages/message_info/msg/_referee_team_info.py
[14.105s] -- Up-to-date: /Users/mukuyo/Desktop/RI-AI/install/message_info/lib/python3.8/site-packages/message_info/msg/_detection_frame_s.c
[14.105s] -- Up-to-date: /Users/mukuyo/Desktop/RI-AI/install/message_info/lib/python3.8/site-packages/message_info/msg/_detection_robot.py
[14.105s] -- Up-to-date: /Users/mukuyo/Desktop/RI-AI/install/message_info/lib/python3.8/site-packages/message_info/msg/_referee.py
[14.105s] -- Up-to-date: /Users/mukuyo/Desktop/RI-AI/install/message_info/lib/python3.8/site-packages/message_info/msg/_detection_robot_s.c
[14.106s] -- Up-to-date: /Users/mukuyo/Desktop/RI-AI/install/message_info/lib/python3.8/site-packages/message_info/msg/_goal_info.py
[14.106s] -- Up-to-date: /Users/mukuyo/Desktop/RI-AI/install/message_info/lib/python3.8/site-packages/message_info/msg/_vision_detections.py
[14.106s] -- Up-to-date: /Users/mukuyo/Desktop/RI-AI/install/message_info/lib/python3.8/site-packages/message_info/msg/_detection_frame.py
[14.106s] -- Up-to-date: /Users/mukuyo/Desktop/RI-AI/install/message_info/lib/python3.8/site-packages/message_info/msg/_robot_command.py
[14.106s] -- Up-to-date: /Users/mukuyo/Desktop/RI-AI/install/message_info/lib/python3.8/site-packages/message_info/msg/__init__.py
[14.106s] -- Up-to-date: /Users/mukuyo/Desktop/RI-AI/install/message_info/lib/python3.8/site-packages/message_info/msg/_referee_game_event.py
[14.107s] -- Up-to-date: /Users/mukuyo/Desktop/RI-AI/install/message_info/lib/python3.8/site-packages/message_info/msg/_ball_info_s.c
[14.107s] -- Up-to-date: /Users/mukuyo/Desktop/RI-AI/install/message_info/lib/python3.8/site-packages/message_info/msg/_robot_commands_s.c
[14.107s] -- Up-to-date: /Users/mukuyo/Desktop/RI-AI/install/message_info/lib/python3.8/site-packages/message_info/msg/_referee_game_event_s.c
[14.107s] -- Up-to-date: /Users/mukuyo/Desktop/RI-AI/install/message_info/lib/python3.8/site-packages/message_info/msg/_test.py
[14.107s] -- Up-to-date: /Users/mukuyo/Desktop/RI-AI/install/message_info/lib/python3.8/site-packages/message_info/msg/_field_circular_arc.py
[14.107s] -- Up-to-date: /Users/mukuyo/Desktop/RI-AI/install/message_info/lib/python3.8/site-packages/message_info/msg/_robot_command_s.c
[14.107s] -- Up-to-date: /Users/mukuyo/Desktop/RI-AI/install/message_info/lib/python3.8/site-packages/message_info/msg/_goal_info_s.c
[14.108s] -- Up-to-date: /Users/mukuyo/Desktop/RI-AI/install/message_info/lib/python3.8/site-packages/message_info/msg/_referee_s.c
[14.108s] -- Up-to-date: /Users/mukuyo/Desktop/RI-AI/install/message_info/lib/python3.8/site-packages/message_info/msg/_field_line_segment_s.c
[14.108s] -- Up-to-date: /Users/mukuyo/Desktop/RI-AI/install/message_info/lib/python3.8/site-packages/message_info/msg/_vision_detections_s.c
[14.108s] -- Up-to-date: /Users/mukuyo/Desktop/RI-AI/install/message_info/lib/python3.8/site-packages/message_info/msg/_vision_geometry_s.c
[14.108s] -- Up-to-date: /Users/mukuyo/Desktop/RI-AI/install/message_info/lib/python3.8/site-packages/message_info/msg/_robot_commands.py
[14.108s] -- Up-to-date: /Users/mukuyo/Desktop/RI-AI/install/message_info/lib/python3.8/site-packages/message_info/msg/_ball_info.py
[14.108s] -- Up-to-date: /Users/mukuyo/Desktop/RI-AI/install/message_info/lib/python3.8/site-packages/message_info/msg/_test_s.c
[14.108s] -- Up-to-date: /Users/mukuyo/Desktop/RI-AI/install/message_info/lib/python3.8/site-packages/message_info/msg/_detection_ball.py
[14.108s] -- Up-to-date: /Users/mukuyo/Desktop/RI-AI/install/message_info/lib/python3.8/site-packages/message_info/msg/_vision_geometry.py
[14.109s] -- Up-to-date: /Users/mukuyo/Desktop/RI-AI/install/message_info/lib/python3.8/site-packages/message_info/msg/_detection_ball_s.c
[14.109s] -- Up-to-date: /Users/mukuyo/Desktop/RI-AI/install/message_info/lib/python3.8/site-packages/message_info/msg/_field_line_segment.py
[14.109s] -- Installing: /Users/mukuyo/Desktop/RI-AI/install/message_info/lib/python3.8/site-packages/message_info/message_info_s__rosidl_typesupport_fastrtps_c.cpython-38-darwin.so
[14.355s] -- Installing: /Users/mukuyo/Desktop/RI-AI/install/message_info/lib/python3.8/site-packages/message_info/message_info_s__rosidl_typesupport_introspection_c.cpython-38-darwin.so
[14.622s] -- Installing: /Users/mukuyo/Desktop/RI-AI/install/message_info/lib/python3.8/site-packages/message_info/message_info_s__rosidl_typesupport_c.cpython-38-darwin.so
[14.885s] -- Installing: /Users/mukuyo/Desktop/RI-AI/install/message_info/lib/libmessage_info__python.dylib
[15.126s] -- Up-to-date: /Users/mukuyo/Desktop/RI-AI/install/message_info/share/message_info/msg/RefereeGameEvent.idl
[15.127s] -- Up-to-date: /Users/mukuyo/Desktop/RI-AI/install/message_info/share/message_info/msg/RefereeTeamInfo.idl
[15.128s] -- Up-to-date: /Users/mukuyo/Desktop/RI-AI/install/message_info/share/message_info/msg/Referee.idl
[15.129s] -- Up-to-date: /Users/mukuyo/Desktop/RI-AI/install/message_info/share/message_info/msg/FieldCircularArc.idl
[15.129s] -- Up-to-date: /Users/mukuyo/Desktop/RI-AI/install/message_info/share/message_info/msg/FieldLineSegment.idl
[15.130s] -- Up-to-date: /Users/mukuyo/Desktop/RI-AI/install/message_info/share/message_info/msg/VisionGeometry.idl
[15.131s] -- Up-to-date: /Users/mukuyo/Desktop/RI-AI/install/message_info/share/message_info/msg/DetectionBall.idl
[15.131s] -- Up-to-date: /Users/mukuyo/Desktop/RI-AI/install/message_info/share/message_info/msg/DetectionRobot.idl
[15.133s] -- Up-to-date: /Users/mukuyo/Desktop/RI-AI/install/message_info/share/message_info/msg/DetectionFrame.idl
[15.134s] -- Up-to-date: /Users/mukuyo/Desktop/RI-AI/install/message_info/share/message_info/msg/VisionDetections.idl
[15.135s] -- Up-to-date: /Users/mukuyo/Desktop/RI-AI/install/message_info/share/message_info/msg/RobotCommand.idl
[15.136s] -- Up-to-date: /Users/mukuyo/Desktop/RI-AI/install/message_info/share/message_info/msg/RobotCommands.idl
[15.137s] -- Up-to-date: /Users/mukuyo/Desktop/RI-AI/install/message_info/share/message_info/msg/Test.idl
[15.137s] -- Up-to-date: /Users/mukuyo/Desktop/RI-AI/install/message_info/share/message_info/msg/BallInfo.idl
[15.137s] -- Up-to-date: /Users/mukuyo/Desktop/RI-AI/install/message_info/share/message_info/msg/GoalInfo.idl
[15.137s] -- Up-to-date: /Users/mukuyo/Desktop/RI-AI/install/message_info/share/message_info/msg/RefereeGameEvent.msg
[15.138s] -- Up-to-date: /Users/mukuyo/Desktop/RI-AI/install/message_info/share/message_info/msg/RefereeTeamInfo.msg
[15.138s] -- Up-to-date: /Users/mukuyo/Desktop/RI-AI/install/message_info/share/message_info/msg/Referee.msg
[15.138s] -- Up-to-date: /Users/mukuyo/Desktop/RI-AI/install/message_info/share/message_info/msg/FieldCircularArc.msg
[15.138s] -- Up-to-date: /Users/mukuyo/Desktop/RI-AI/install/message_info/share/message_info/msg/FieldLineSegment.msg
[15.139s] -- Up-to-date: /Users/mukuyo/Desktop/RI-AI/install/message_info/share/message_info/msg/VisionGeometry.msg
[15.139s] -- Up-to-date: /Users/mukuyo/Desktop/RI-AI/install/message_info/share/message_info/msg/DetectionBall.msg
[15.139s] -- Up-to-date: /Users/mukuyo/Desktop/RI-AI/install/message_info/share/message_info/msg/DetectionRobot.msg
[15.139s] -- Up-to-date: /Users/mukuyo/Desktop/RI-AI/install/message_info/share/message_info/msg/DetectionFrame.msg
[15.140s] -- Up-to-date: /Users/mukuyo/Desktop/RI-AI/install/message_info/share/message_info/msg/VisionDetections.msg
[15.140s] -- Up-to-date: /Users/mukuyo/Desktop/RI-AI/install/message_info/share/message_info/msg/RobotCommand.msg
[15.141s] -- Up-to-date: /Users/mukuyo/Desktop/RI-AI/install/message_info/share/message_info/msg/RobotCommands.msg
[15.141s] -- Up-to-date: /Users/mukuyo/Desktop/RI-AI/install/message_info/share/message_info/msg/Test.msg
[15.141s] -- Up-to-date: /Users/mukuyo/Desktop/RI-AI/install/message_info/share/message_info/msg/BallInfo.msg
[15.142s] -- Up-to-date: /Users/mukuyo/Desktop/RI-AI/install/message_info/share/message_info/msg/GoalInfo.msg
[15.142s] -- Up-to-date: /Users/mukuyo/Desktop/RI-AI/install/message_info/share/ament_index/resource_index/package_run_dependencies/message_info
[15.143s] -- Up-to-date: /Users/mukuyo/Desktop/RI-AI/install/message_info/share/ament_index/resource_index/parent_prefix_path/message_info
[15.143s] -- Up-to-date: /Users/mukuyo/Desktop/RI-AI/install/message_info/share/message_info/environment/ament_prefix_path.sh
[15.144s] -- Up-to-date: /Users/mukuyo/Desktop/RI-AI/install/message_info/share/message_info/environment/ament_prefix_path.dsv
[15.144s] -- Up-to-date: /Users/mukuyo/Desktop/RI-AI/install/message_info/share/message_info/environment/path.sh
[15.145s] -- Up-to-date: /Users/mukuyo/Desktop/RI-AI/install/message_info/share/message_info/environment/path.dsv
[15.145s] -- Up-to-date: /Users/mukuyo/Desktop/RI-AI/install/message_info/share/message_info/local_setup.bash
[15.145s] -- Up-to-date: /Users/mukuyo/Desktop/RI-AI/install/message_info/share/message_info/local_setup.sh
[15.145s] -- Up-to-date: /Users/mukuyo/Desktop/RI-AI/install/message_info/share/message_info/local_setup.zsh
[15.145s] -- Up-to-date: /Users/mukuyo/Desktop/RI-AI/install/message_info/share/message_info/local_setup.dsv
[15.145s] -- Installing: /Users/mukuyo/Desktop/RI-AI/install/message_info/share/message_info/package.dsv
[15.146s] -- Up-to-date: /Users/mukuyo/Desktop/RI-AI/install/message_info/share/ament_index/resource_index/packages/message_info
[15.146s] -- Up-to-date: /Users/mukuyo/Desktop/RI-AI/install/message_info/share/message_info/cmake/message_info__rosidl_generator_cExport.cmake
[15.146s] -- Up-to-date: /Users/mukuyo/Desktop/RI-AI/install/message_info/share/message_info/cmake/message_info__rosidl_generator_cExport-noconfig.cmake
[15.146s] -- Up-to-date: /Users/mukuyo/Desktop/RI-AI/install/message_info/share/message_info/cmake/message_info__rosidl_typesupport_introspection_cExport.cmake
[15.147s] -- Up-to-date: /Users/mukuyo/Desktop/RI-AI/install/message_info/share/message_info/cmake/message_info__rosidl_typesupport_introspection_cExport-noconfig.cmake
[15.148s] -- Up-to-date: /Users/mukuyo/Desktop/RI-AI/install/message_info/share/message_info/cmake/message_info__rosidl_typesupport_cExport.cmake
[15.165s] -- Up-to-date: /Users/mukuyo/Desktop/RI-AI/install/message_info/share/message_info/cmake/message_info__rosidl_typesupport_cExport-noconfig.cmake
[15.166s] -- Up-to-date: /Users/mukuyo/Desktop/RI-AI/install/message_info/share/message_info/cmake/message_info__rosidl_generator_cppExport.cmake
[15.166s] -- Up-to-date: /Users/mukuyo/Desktop/RI-AI/install/message_info/share/message_info/cmake/message_info__rosidl_typesupport_introspection_cppExport.cmake
[15.166s] -- Up-to-date: /Users/mukuyo/Desktop/RI-AI/install/message_info/share/message_info/cmake/message_info__rosidl_typesupport_introspection_cppExport-noconfig.cmake
[15.167s] -- Up-to-date: /Users/mukuyo/Desktop/RI-AI/install/message_info/share/message_info/cmake/message_info__rosidl_typesupport_cppExport.cmake
[15.167s] -- Up-to-date: /Users/mukuyo/Desktop/RI-AI/install/message_info/share/message_info/cmake/message_info__rosidl_typesupport_cppExport-noconfig.cmake
[15.168s] -- Up-to-date: /Users/mukuyo/Desktop/RI-AI/install/message_info/share/message_info/cmake/rosidl_cmake-extras.cmake
[15.168s] -- Up-to-date: /Users/mukuyo/Desktop/RI-AI/install/message_info/share/message_info/cmake/ament_cmake_export_dependencies-extras.cmake
[15.168s] -- Up-to-date: /Users/mukuyo/Desktop/RI-AI/install/message_info/share/message_info/cmake/ament_cmake_export_libraries-extras.cmake
[15.168s] -- Up-to-date: /Users/mukuyo/Desktop/RI-AI/install/message_info/share/message_info/cmake/ament_cmake_export_targets-extras.cmake
[15.169s] -- Up-to-date: /Users/mukuyo/Desktop/RI-AI/install/message_info/share/message_info/cmake/ament_cmake_export_include_directories-extras.cmake
[15.169s] -- Up-to-date: /Users/mukuyo/Desktop/RI-AI/install/message_info/share/message_info/cmake/rosidl_cmake_export_typesupport_libraries-extras.cmake
[15.169s] -- Up-to-date: /Users/mukuyo/Desktop/RI-AI/install/message_info/share/message_info/cmake/rosidl_cmake_export_typesupport_targets-extras.cmake
[15.169s] -- Up-to-date: /Users/mukuyo/Desktop/RI-AI/install/message_info/share/message_info/cmake/message_infoConfig.cmake
[15.169s] -- Up-to-date: /Users/mukuyo/Desktop/RI-AI/install/message_info/share/message_info/cmake/message_infoConfig-version.cmake
[15.170s] -- Up-to-date: /Users/mukuyo/Desktop/RI-AI/install/message_info/share/message_info/package.xml
[15.170s] Invoked command in '/Users/mukuyo/Desktop/RI-AI/build/message_info' returned '0': SHLVL=2 _=/usr/bin/env /usr/local/bin/cmake --install /Users/mukuyo/Desktop/RI-AI/build/message_info
