[0.000000] (-) TimerEvent: {}
[0.000210] (message_info) JobQueued: {'identifier': 'message_info', 'dependencies': OrderedDict()}
[0.000463] (proto_info) JobQueued: {'identifier': 'proto_info', 'dependencies': OrderedDict()}
[0.001027] (main) JobQueued: {'identifier': 'main', 'dependencies': OrderedDict([('message_info', '/Users/mukuyo/Desktop/RI-AI/install/message_info')])}
[0.001088] (reciever) JobQueued: {'identifier': 'reciever', 'dependencies': OrderedDict([('message_info', '/Users/mukuyo/Desktop/RI-AI/install/message_info'), ('proto_info', '/Users/mukuyo/Desktop/RI-AI/install/proto_info')])}
[0.001121] (sender) JobQueued: {'identifier': 'sender', 'dependencies': OrderedDict([('message_info', '/Users/mukuyo/Desktop/RI-AI/install/message_info'), ('proto_info', '/Users/mukuyo/Desktop/RI-AI/install/proto_info')])}
[0.001152] (message_info) JobStarted: {'identifier': 'message_info'}
[0.065790] (proto_info) JobStarted: {'identifier': 'proto_info'}
[0.104296] (-) TimerEvent: {}
[0.107757] (message_info) JobProgress: {'identifier': 'message_info', 'progress': 'cmake'}
[0.110896] (message_info) JobProgress: {'identifier': 'message_info', 'progress': 'build'}
[0.113536] (message_info) Command: {'cmd': ['/usr/local/bin/cmake', '--build', '/Users/mukuyo/Desktop/RI-AI/build/message_info', '--', '-j8', '-l8'], 'cwd': '/Users/mukuyo/Desktop/RI-AI/build/message_info', 'env': OrderedDict([('TERM_PROGRAM', 'Apple_Terminal'), ('SHELL', '/bin/zsh'), ('TERM', 'xterm-256color'), ('TMPDIR', '/var/folders/gd/nzkytg853t71yy2sknch_fh00000gn/T/'), ('TERM_PROGRAM_VERSION', '433'), ('OPENSSL_INCLUDE_DIR', '/usr/local/opt/openssl@1.1'), ('ROS_PYTHON_VERSION', '3'), ('ROS_VERSION', '2'), ('COLCON_PREFIX_PATH', '/Users/mukuyo/Desktop/RI-AI/install:/Users/mukuyo/ros2_ws/ros2-osx'), ('TERM_SESSION_ID', '8D1155C4-CE29-4B70-9541-E4D2254AF0C1'), ('AMENT_PREFIX_PATH', '/Users/mukuyo/Desktop/RI-AI/install/sender:/Users/mukuyo/Desktop/RI-AI/install/reciever:/Users/mukuyo/Desktop/RI-AI/install/proto_info:/Users/mukuyo/Desktop/RI-AI/install/main:/Users/mukuyo/Desktop/RI-AI/install/message_info:/Users/mukuyo/ros2_ws/ros2-osx'), ('USER', 'mukuyo'), ('SSH_AUTH_SOCK', '/private/tmp/com.apple.launchd.kQff0tjRpm/Listeners'), ('__CF_USER_TEXT_ENCODING', '0x1F5:0x1:0xE'), ('PATH', '/Users/mukuyo/ros2_ws/ros2-osx/bin:/usr/local/bin:/usr/bin:/bin:/usr/sbin:/sbin:/Applications/VMware Fusion.app/Contents/Public:/usr/local/share/dotnet:/opt/X11/bin:~/.dotnet/tools:/Library/Apple/usr/bin:/Library/Frameworks/Mono.framework/Versions/Current/Commands:/Applications/microchip/xc16/v1.41/bin'), ('LaunchInstanceID', '06227F25-9967-42BE-B4FA-F13E3F172A92'), ('PWD', '/Users/mukuyo/Desktop/RI-AI/build/message_info'), ('COLCON', '1'), ('LANG', 'ja_JP.UTF-8'), ('XPC_FLAGS', '0x0'), ('XPC_SERVICE_NAME', '0'), ('OPENSSL_ROOT_DIR', '/usr/local/opt/openssl@1.1'), ('SHLVL', '2'), ('HOME', '/Users/mukuyo'), ('ROS_DISTRO', 'foxy'), ('DYLD_LIBRARY_PATH', '/Users/mukuyo/Desktop/RI-AI/install/sender/lib:/Users/mukuyo/Desktop/RI-AI/install/proto_info/lib:/Users/mukuyo/Desktop/RI-AI/install/message_info/lib:/Users/mukuyo/ros2_ws/ros2-osx/opt/yaml_cpp_vendor/lib:/Users/mukuyo/ros2_ws/ros2-osx/opt/rviz_ogre_vendor/lib:/Users/mukuyo/ros2_ws/ros2-osx/lib'), ('PYTHONPATH', '/Users/mukuyo/Desktop/RI-AI/install/sender/lib/python3.8/site-packages:/Users/mukuyo/Desktop/RI-AI/install/proto_info/lib/python3.8/site-packages:/Users/mukuyo/Desktop/RI-AI/install/message_info/lib/python3.8/site-packages:/Users/mukuyo/ros2_ws/ros2-osx/lib/python3.8/site-packages'), ('LOGNAME', 'mukuyo'), ('PKG_CONFIG_PATH', '/Users/mukuyo/ros2_ws/ros2-osx/lib/pkgconfig'), ('CMAKE_PREFIX_PATH', '/Users/mukuyo/Desktop/RI-AI/install/sender:/Users/mukuyo/Desktop/RI-AI/install/reciever:/Users/mukuyo/Desktop/RI-AI/install/proto_info:/Users/mukuyo/Desktop/RI-AI/install/main:/Users/mukuyo/Desktop/RI-AI/install/message_info:/Users/mukuyo/ros2_ws/ros2-osx'), ('DISPLAY', '/private/tmp/com.apple.launchd.TJpAG1OE9Q/org.macosforge.xquartz:0'), ('ROS_LOCALHOST_ONLY', '0'), ('SECURITYSESSIONID', '186a6'), ('_', '/usr/bin/env')]), 'shell': False}
[0.157831] (proto_info) JobProgress: {'identifier': 'proto_info', 'progress': 'cmake'}
[0.160314] (proto_info) JobProgress: {'identifier': 'proto_info', 'progress': 'build'}
[0.160769] (proto_info) Command: {'cmd': ['/usr/local/bin/cmake', '--build', '/Users/mukuyo/Desktop/RI-AI/build/proto_info', '--', '-j8', '-l8'], 'cwd': '/Users/mukuyo/Desktop/RI-AI/build/proto_info', 'env': OrderedDict([('TERM_PROGRAM', 'Apple_Terminal'), ('SHELL', '/bin/zsh'), ('TERM', 'xterm-256color'), ('TMPDIR', '/var/folders/gd/nzkytg853t71yy2sknch_fh00000gn/T/'), ('TERM_PROGRAM_VERSION', '433'), ('OPENSSL_INCLUDE_DIR', '/usr/local/opt/openssl@1.1'), ('ROS_PYTHON_VERSION', '3'), ('ROS_VERSION', '2'), ('COLCON_PREFIX_PATH', '/Users/mukuyo/Desktop/RI-AI/install:/Users/mukuyo/ros2_ws/ros2-osx'), ('TERM_SESSION_ID', '8D1155C4-CE29-4B70-9541-E4D2254AF0C1'), ('AMENT_PREFIX_PATH', '/Users/mukuyo/Desktop/RI-AI/install/sender:/Users/mukuyo/Desktop/RI-AI/install/reciever:/Users/mukuyo/Desktop/RI-AI/install/proto_info:/Users/mukuyo/Desktop/RI-AI/install/main:/Users/mukuyo/Desktop/RI-AI/install/message_info:/Users/mukuyo/ros2_ws/ros2-osx'), ('USER', 'mukuyo'), ('SSH_AUTH_SOCK', '/private/tmp/com.apple.launchd.kQff0tjRpm/Listeners'), ('__CF_USER_TEXT_ENCODING', '0x1F5:0x1:0xE'), ('PATH', '/Users/mukuyo/ros2_ws/ros2-osx/bin:/usr/local/bin:/usr/bin:/bin:/usr/sbin:/sbin:/Applications/VMware Fusion.app/Contents/Public:/usr/local/share/dotnet:/opt/X11/bin:~/.dotnet/tools:/Library/Apple/usr/bin:/Library/Frameworks/Mono.framework/Versions/Current/Commands:/Applications/microchip/xc16/v1.41/bin'), ('LaunchInstanceID', '06227F25-9967-42BE-B4FA-F13E3F172A92'), ('PWD', '/Users/mukuyo/Desktop/RI-AI/build/proto_info'), ('COLCON', '1'), ('LANG', 'ja_JP.UTF-8'), ('XPC_FLAGS', '0x0'), ('XPC_SERVICE_NAME', '0'), ('OPENSSL_ROOT_DIR', '/usr/local/opt/openssl@1.1'), ('SHLVL', '2'), ('HOME', '/Users/mukuyo'), ('ROS_DISTRO', 'foxy'), ('DYLD_LIBRARY_PATH', '/Users/mukuyo/Desktop/RI-AI/install/sender/lib:/Users/mukuyo/Desktop/RI-AI/install/proto_info/lib:/Users/mukuyo/Desktop/RI-AI/install/message_info/lib:/Users/mukuyo/ros2_ws/ros2-osx/opt/yaml_cpp_vendor/lib:/Users/mukuyo/ros2_ws/ros2-osx/opt/rviz_ogre_vendor/lib:/Users/mukuyo/ros2_ws/ros2-osx/lib'), ('PYTHONPATH', '/Users/mukuyo/Desktop/RI-AI/install/sender/lib/python3.8/site-packages:/Users/mukuyo/Desktop/RI-AI/install/proto_info/lib/python3.8/site-packages:/Users/mukuyo/Desktop/RI-AI/install/message_info/lib/python3.8/site-packages:/Users/mukuyo/ros2_ws/ros2-osx/lib/python3.8/site-packages'), ('LOGNAME', 'mukuyo'), ('PKG_CONFIG_PATH', '/Users/mukuyo/ros2_ws/ros2-osx/lib/pkgconfig'), ('CMAKE_PREFIX_PATH', '/Users/mukuyo/Desktop/RI-AI/install/sender:/Users/mukuyo/Desktop/RI-AI/install/reciever:/Users/mukuyo/Desktop/RI-AI/install/proto_info:/Users/mukuyo/Desktop/RI-AI/install/main:/Users/mukuyo/Desktop/RI-AI/install/message_info:/Users/mukuyo/ros2_ws/ros2-osx'), ('DISPLAY', '/private/tmp/com.apple.launchd.TJpAG1OE9Q/org.macosforge.xquartz:0'), ('ROS_LOCALHOST_ONLY', '0'), ('SECURITYSESSIONID', '186a6'), ('_', '/usr/bin/env')]), 'shell': False}
[0.206836] (-) TimerEvent: {}
[0.312287] (-) TimerEvent: {}
[0.415692] (-) TimerEvent: {}
[0.519912] (-) TimerEvent: {}
[0.622779] (-) TimerEvent: {}
[0.658821] (proto_info) StdoutLine: {'line': b'[ 32%] Built target proto_info_py\n'}
[0.664060] (message_info) StdoutLine: {'line': b'[  0%] Built target message_info__cpp\n'}
[0.672250] (proto_info) StdoutLine: {'line': b'[100%] Built target proto_info\n'}
[0.714407] (message_info) StdoutLine: {'line': b'[ 12%] Built target message_info__rosidl_generator_c\n'}
[0.722939] (-) TimerEvent: {}
[0.806741] (proto_info) CommandEnded: {'returncode': 0}
[0.823659] (-) TimerEvent: {}
[0.925846] (-) TimerEvent: {}
[1.027913] (-) TimerEvent: {}
[1.128616] (-) TimerEvent: {}
[1.145254] (message_info) StdoutLine: {'line': b'[ 24%] Built target message_info__rosidl_typesupport_cpp\n'}
[1.156089] (message_info) StdoutLine: {'line': b'[ 47%] Built target message_info__rosidl_typesupport_fastrtps_cpp\n'}
[1.156766] (message_info) StdoutLine: {'line': b'[ 48%] Built target message_info__rosidl_typesupport_introspection_cpp\n'}
[1.192606] (message_info) StdoutLine: {'line': b'[ 60%] Built target message_info__rosidl_typesupport_c\n'}
[1.197250] (message_info) StdoutLine: {'line': b'[ 72%] Built target message_info__rosidl_typesupport_introspection_c\n'}
[1.228962] (-) TimerEvent: {}
[1.329325] (-) TimerEvent: {}
[1.432402] (-) TimerEvent: {}
[1.500324] (message_info) StdoutLine: {'line': b'[ 84%] Built target message_info__rosidl_typesupport_fastrtps_c\n'}
[1.532670] (-) TimerEvent: {}
[1.634064] (-) TimerEvent: {}
[1.734588] (-) TimerEvent: {}
[1.828532] (message_info) StdoutLine: {'line': b'[ 84%] Built target message_info\n'}
[1.835261] (-) TimerEvent: {}
[1.936574] (-) TimerEvent: {}
[2.037137] (-) TimerEvent: {}
[2.140372] (-) TimerEvent: {}
[2.147233] (message_info) StdoutLine: {'line': b'[ 85%] Built target message_info__py\n'}
[2.241951] (-) TimerEvent: {}
[2.344915] (-) TimerEvent: {}
[2.434932] (message_info) StdoutLine: {'line': b'[ 96%] Built target message_info__python\n'}
[2.445935] (-) TimerEvent: {}
[2.546880] (-) TimerEvent: {}
[2.647535] (-) TimerEvent: {}
[2.751037] (-) TimerEvent: {}
[2.785531] (message_info) StdoutLine: {'line': b'[ 97%] Built target message_info__rosidl_typesupport_c__pyext\n'}
[2.788581] (message_info) StdoutLine: {'line': b'[ 99%] Built target message_info__rosidl_typesupport_introspection_c__pyext\n'}
[2.797493] (message_info) StdoutLine: {'line': b'[100%] Built target message_info__rosidl_typesupport_fastrtps_c__pyext\n'}
[2.853854] (-) TimerEvent: {}
[2.894777] (message_info) CommandEnded: {'returncode': 0}
[2.958591] (-) TimerEvent: {}
[3.062734] (-) TimerEvent: {}
[3.165482] (-) TimerEvent: {}
[3.268550] (-) TimerEvent: {}
[3.370465] (-) TimerEvent: {}
[3.473389] (-) TimerEvent: {}
[3.498623] (proto_info) JobProgress: {'identifier': 'proto_info', 'progress': 'install'}
[3.571327] (proto_info) Command: {'cmd': ['/usr/local/bin/cmake', '--install', '/Users/mukuyo/Desktop/RI-AI/build/proto_info'], 'cwd': '/Users/mukuyo/Desktop/RI-AI/build/proto_info', 'env': OrderedDict([('TERM_PROGRAM', 'Apple_Terminal'), ('SHELL', '/bin/zsh'), ('TERM', 'xterm-256color'), ('TMPDIR', '/var/folders/gd/nzkytg853t71yy2sknch_fh00000gn/T/'), ('TERM_PROGRAM_VERSION', '433'), ('OPENSSL_INCLUDE_DIR', '/usr/local/opt/openssl@1.1'), ('ROS_PYTHON_VERSION', '3'), ('ROS_VERSION', '2'), ('COLCON_PREFIX_PATH', '/Users/mukuyo/Desktop/RI-AI/install:/Users/mukuyo/ros2_ws/ros2-osx'), ('TERM_SESSION_ID', '8D1155C4-CE29-4B70-9541-E4D2254AF0C1'), ('AMENT_PREFIX_PATH', '/Users/mukuyo/Desktop/RI-AI/install/sender:/Users/mukuyo/Desktop/RI-AI/install/reciever:/Users/mukuyo/Desktop/RI-AI/install/proto_info:/Users/mukuyo/Desktop/RI-AI/install/main:/Users/mukuyo/Desktop/RI-AI/install/message_info:/Users/mukuyo/ros2_ws/ros2-osx'), ('USER', 'mukuyo'), ('SSH_AUTH_SOCK', '/private/tmp/com.apple.launchd.kQff0tjRpm/Listeners'), ('__CF_USER_TEXT_ENCODING', '0x1F5:0x1:0xE'), ('PATH', '/Users/mukuyo/ros2_ws/ros2-osx/bin:/usr/local/bin:/usr/bin:/bin:/usr/sbin:/sbin:/Applications/VMware Fusion.app/Contents/Public:/usr/local/share/dotnet:/opt/X11/bin:~/.dotnet/tools:/Library/Apple/usr/bin:/Library/Frameworks/Mono.framework/Versions/Current/Commands:/Applications/microchip/xc16/v1.41/bin'), ('LaunchInstanceID', '06227F25-9967-42BE-B4FA-F13E3F172A92'), ('PWD', '/Users/mukuyo/Desktop/RI-AI/build/proto_info'), ('COLCON', '1'), ('LANG', 'ja_JP.UTF-8'), ('XPC_FLAGS', '0x0'), ('XPC_SERVICE_NAME', '0'), ('OPENSSL_ROOT_DIR', '/usr/local/opt/openssl@1.1'), ('SHLVL', '2'), ('HOME', '/Users/mukuyo'), ('ROS_DISTRO', 'foxy'), ('DYLD_LIBRARY_PATH', '/Users/mukuyo/Desktop/RI-AI/install/sender/lib:/Users/mukuyo/Desktop/RI-AI/install/proto_info/lib:/Users/mukuyo/Desktop/RI-AI/install/message_info/lib:/Users/mukuyo/ros2_ws/ros2-osx/opt/yaml_cpp_vendor/lib:/Users/mukuyo/ros2_ws/ros2-osx/opt/rviz_ogre_vendor/lib:/Users/mukuyo/ros2_ws/ros2-osx/lib'), ('PYTHONPATH', '/Users/mukuyo/Desktop/RI-AI/install/sender/lib/python3.8/site-packages:/Users/mukuyo/Desktop/RI-AI/install/proto_info/lib/python3.8/site-packages:/Users/mukuyo/Desktop/RI-AI/install/message_info/lib/python3.8/site-packages:/Users/mukuyo/ros2_ws/ros2-osx/lib/python3.8/site-packages'), ('LOGNAME', 'mukuyo'), ('PKG_CONFIG_PATH', '/Users/mukuyo/ros2_ws/ros2-osx/lib/pkgconfig'), ('CMAKE_PREFIX_PATH', '/Users/mukuyo/Desktop/RI-AI/install/sender:/Users/mukuyo/Desktop/RI-AI/install/reciever:/Users/mukuyo/Desktop/RI-AI/install/proto_info:/Users/mukuyo/Desktop/RI-AI/install/main:/Users/mukuyo/Desktop/RI-AI/install/message_info:/Users/mukuyo/ros2_ws/ros2-osx'), ('DISPLAY', '/private/tmp/com.apple.launchd.TJpAG1OE9Q/org.macosforge.xquartz:0'), ('ROS_LOCALHOST_ONLY', '0'), ('SECURITYSESSIONID', '186a6'), ('_', '/usr/bin/env')]), 'shell': False}
[3.576592] (-) TimerEvent: {}
[3.647304] (proto_info) StdoutLine: {'line': b'-- Install configuration: ""\n'}
[3.648190] (proto_info) StdoutLine: {'line': b'-- Up-to-date: /Users/mukuyo/Desktop/RI-AI/install/proto_info/share/proto_info/environment/pythonpath.sh\n'}
[3.648983] (proto_info) StdoutLine: {'line': b'-- Up-to-date: /Users/mukuyo/Desktop/RI-AI/install/proto_info/share/proto_info/environment/pythonpath.dsv\n'}
[3.649254] (proto_info) StdoutLine: {'line': b'-- Up-to-date: /Users/mukuyo/Desktop/RI-AI/install/proto_info/lib/python3.8/site-packages/proto_info\n'}
[3.649484] (proto_info) StdoutLine: {'line': b'-- Up-to-date: /Users/mukuyo/Desktop/RI-AI/install/proto_info/lib/python3.8/site-packages/proto_info/__init__.py\n'}
[3.676714] (-) TimerEvent: {}
[3.782144] (-) TimerEvent: {}
[3.825781] (proto_info) StdoutLine: {'line': b"Listing '/Users/mukuyo/Desktop/RI-AI/install/proto_info/lib/python3.8/site-packages/proto_info'...\n"}
[3.830808] (proto_info) StdoutLine: {'line': b'-- Up-to-date: /Users/mukuyo/Desktop/RI-AI/install/proto_info/include/proto_info/messages_robocup_ssl_wrapper.pb.h\n'}
[3.831266] (proto_info) StdoutLine: {'line': b'-- Up-to-date: /Users/mukuyo/Desktop/RI-AI/install/proto_info/include/proto_info/messages_robocup_ssl_geometry.pb.h\n'}
[3.831917] (proto_info) StdoutLine: {'line': b'-- Up-to-date: /Users/mukuyo/Desktop/RI-AI/install/proto_info/include/proto_info/messages_robocup_ssl_detection.pb.h\n'}
[3.832596] (proto_info) StdoutLine: {'line': b'-- Up-to-date: /Users/mukuyo/Desktop/RI-AI/install/proto_info/include/proto_info/messages_robocup_ssl_robot_status.pb.h\n'}
[3.833194] (proto_info) StdoutLine: {'line': b'-- Up-to-date: /Users/mukuyo/Desktop/RI-AI/install/proto_info/include/proto_info/messages_robocup_ssl_refbox_log.pb.h\n'}
[3.833509] (proto_info) StdoutLine: {'line': b'-- Up-to-date: /Users/mukuyo/Desktop/RI-AI/install/proto_info/include/proto_info/referee.pb.h\n'}
[3.833992] (proto_info) StdoutLine: {'line': b'-- Up-to-date: /Users/mukuyo/Desktop/RI-AI/install/proto_info/include/proto_info/game_event.pb.h\n'}
[3.834746] (proto_info) StdoutLine: {'line': b'-- Up-to-date: /Users/mukuyo/Desktop/RI-AI/install/proto_info/include/proto_info/grSim_Replacement.pb.h\n'}
[3.835807] (proto_info) StdoutLine: {'line': b'-- Up-to-date: /Users/mukuyo/Desktop/RI-AI/install/proto_info/include/proto_info/grSim_Commands.pb.h\n'}
[3.836562] (proto_info) StdoutLine: {'line': b'-- Up-to-date: /Users/mukuyo/Desktop/RI-AI/install/proto_info/include/proto_info/grSim_Packet.pb.h\n'}
[3.837045] (proto_info) StdoutLine: {'line': b'-- Up-to-date: /Users/mukuyo/Desktop/RI-AI/install/proto_info/lib/libproto_info.dylib\n'}
[3.838154] (proto_info) StdoutLine: {'line': b'-- Up-to-date: /Users/mukuyo/Desktop/RI-AI/install/proto_info/lib/python3.8/site-packages/messages_robocup_ssl_wrapper_pb2.py\n'}
[3.838994] (proto_info) StdoutLine: {'line': b'-- Up-to-date: /Users/mukuyo/Desktop/RI-AI/install/proto_info/lib/python3.8/site-packages/messages_robocup_ssl_geometry_pb2.py\n'}
[3.839522] (proto_info) StdoutLine: {'line': b'-- Up-to-date: /Users/mukuyo/Desktop/RI-AI/install/proto_info/lib/python3.8/site-packages/messages_robocup_ssl_detection_pb2.py\n'}
[3.840184] (proto_info) StdoutLine: {'line': b'-- Up-to-date: /Users/mukuyo/Desktop/RI-AI/install/proto_info/lib/python3.8/site-packages/messages_robocup_ssl_robot_status_pb2.py\n'}
[3.840577] (proto_info) StdoutLine: {'line': b'-- Up-to-date: /Users/mukuyo/Desktop/RI-AI/install/proto_info/lib/python3.8/site-packages/messages_robocup_ssl_refbox_log_pb2.py\n'}
[3.840867] (proto_info) StdoutLine: {'line': b'-- Up-to-date: /Users/mukuyo/Desktop/RI-AI/install/proto_info/lib/python3.8/site-packages/referee_pb2.py\n'}
[3.841141] (proto_info) StdoutLine: {'line': b'-- Up-to-date: /Users/mukuyo/Desktop/RI-AI/install/proto_info/lib/python3.8/site-packages/game_event_pb2.py\n'}
[3.841392] (proto_info) StdoutLine: {'line': b'-- Up-to-date: /Users/mukuyo/Desktop/RI-AI/install/proto_info/lib/python3.8/site-packages/grSim_Replacement_pb2.py\n'}
[3.841589] (proto_info) StdoutLine: {'line': b'-- Up-to-date: /Users/mukuyo/Desktop/RI-AI/install/proto_info/lib/python3.8/site-packages/grSim_Commands_pb2.py\n'}
[3.841729] (proto_info) StdoutLine: {'line': b'-- Up-to-date: /Users/mukuyo/Desktop/RI-AI/install/proto_info/lib/python3.8/site-packages/grSim_Packet_pb2.py\n'}
[3.841843] (proto_info) StdoutLine: {'line': b'-- Up-to-date: /Users/mukuyo/Desktop/RI-AI/install/proto_info/share/proto_info/environment/library_path.sh\n'}
[3.842166] (proto_info) StdoutLine: {'line': b'-- Up-to-date: /Users/mukuyo/Desktop/RI-AI/install/proto_info/share/proto_info/environment/library_path.dsv\n'}
[3.842548] (proto_info) StdoutLine: {'line': b'-- Up-to-date: /Users/mukuyo/Desktop/RI-AI/install/proto_info/share/ament_index/resource_index/package_run_dependencies/proto_info\n'}
[3.842962] (proto_info) StdoutLine: {'line': b'-- Up-to-date: /Users/mukuyo/Desktop/RI-AI/install/proto_info/share/ament_index/resource_index/parent_prefix_path/proto_info\n'}
[3.843300] (proto_info) StdoutLine: {'line': b'-- Up-to-date: /Users/mukuyo/Desktop/RI-AI/install/proto_info/share/proto_info/environment/ament_prefix_path.sh\n'}
[3.843668] (proto_info) StdoutLine: {'line': b'-- Up-to-date: /Users/mukuyo/Desktop/RI-AI/install/proto_info/share/proto_info/environment/ament_prefix_path.dsv\n'}
[3.843852] (proto_info) StdoutLine: {'line': b'-- Up-to-date: /Users/mukuyo/Desktop/RI-AI/install/proto_info/share/proto_info/environment/path.sh\n'}
[3.843958] (proto_info) StdoutLine: {'line': b'-- Up-to-date: /Users/mukuyo/Desktop/RI-AI/install/proto_info/share/proto_info/environment/path.dsv\n'}
[3.844124] (proto_info) StdoutLine: {'line': b'-- Up-to-date: /Users/mukuyo/Desktop/RI-AI/install/proto_info/share/proto_info/local_setup.bash\n'}
[3.844352] (proto_info) StdoutLine: {'line': b'-- Up-to-date: /Users/mukuyo/Desktop/RI-AI/install/proto_info/share/proto_info/local_setup.sh\n'}
[3.844612] (proto_info) StdoutLine: {'line': b'-- Up-to-date: /Users/mukuyo/Desktop/RI-AI/install/proto_info/share/proto_info/local_setup.zsh\n'}
[3.844870] (proto_info) StdoutLine: {'line': b'-- Up-to-date: /Users/mukuyo/Desktop/RI-AI/install/proto_info/share/proto_info/local_setup.dsv\n'}
[3.845107] (proto_info) StdoutLine: {'line': b'-- Installing: /Users/mukuyo/Desktop/RI-AI/install/proto_info/share/proto_info/package.dsv\n'}
[3.845624] (proto_info) StdoutLine: {'line': b'-- Up-to-date: /Users/mukuyo/Desktop/RI-AI/install/proto_info/share/ament_index/resource_index/packages/proto_info\n'}
[3.845824] (proto_info) StdoutLine: {'line': b'-- Up-to-date: /Users/mukuyo/Desktop/RI-AI/install/proto_info/share/proto_info/cmake/ament_cmake_export_include_directories-extras.cmake\n'}
[3.845969] (proto_info) StdoutLine: {'line': b'-- Up-to-date: /Users/mukuyo/Desktop/RI-AI/install/proto_info/share/proto_info/cmake/ament_cmake_export_libraries-extras.cmake\n'}
[3.846361] (proto_info) StdoutLine: {'line': b'-- Up-to-date: /Users/mukuyo/Desktop/RI-AI/install/proto_info/share/proto_info/cmake/ament_cmake_export_dependencies-extras.cmake\n'}
[3.846732] (proto_info) StdoutLine: {'line': b'-- Up-to-date: /Users/mukuyo/Desktop/RI-AI/install/proto_info/share/proto_info/cmake/proto_infoConfig.cmake\n'}
[3.847170] (proto_info) StdoutLine: {'line': b'-- Up-to-date: /Users/mukuyo/Desktop/RI-AI/install/proto_info/share/proto_info/cmake/proto_infoConfig-version.cmake\n'}
[3.847288] (proto_info) StdoutLine: {'line': b'-- Up-to-date: /Users/mukuyo/Desktop/RI-AI/install/proto_info/share/proto_info/package.xml\n'}
[3.849932] (proto_info) CommandEnded: {'returncode': 0}
[3.883286] (-) TimerEvent: {}
[3.948695] (proto_info) JobEnded: {'identifier': 'proto_info', 'rc': 0}
[3.987164] (-) TimerEvent: {}
[4.092454] (-) TimerEvent: {}
[4.195615] (-) TimerEvent: {}
[4.298852] (-) TimerEvent: {}
[4.402850] (-) TimerEvent: {}
[4.505323] (-) TimerEvent: {}
[4.608154] (-) TimerEvent: {}
[4.712775] (-) TimerEvent: {}
[4.816631] (-) TimerEvent: {}
[4.918187] (-) TimerEvent: {}
[5.019140] (-) TimerEvent: {}
[5.123470] (-) TimerEvent: {}
[5.227988] (-) TimerEvent: {}
[5.332784] (-) TimerEvent: {}
[5.436468] (-) TimerEvent: {}
[5.539938] (-) TimerEvent: {}
[5.640751] (-) TimerEvent: {}
[5.744915] (-) TimerEvent: {}
[5.848735] (-) TimerEvent: {}
[5.952650] (-) TimerEvent: {}
[6.055723] (-) TimerEvent: {}
[6.156393] (-) TimerEvent: {}
[6.259001] (-) TimerEvent: {}
[6.361808] (-) TimerEvent: {}
[6.465983] (-) TimerEvent: {}
[6.568144] (-) TimerEvent: {}
[6.673259] (-) TimerEvent: {}
[6.775144] (-) TimerEvent: {}
[6.879527] (-) TimerEvent: {}
[6.984317] (-) TimerEvent: {}
[7.086393] (-) TimerEvent: {}
[7.188082] (-) TimerEvent: {}
[7.291904] (-) TimerEvent: {}
[7.393264] (-) TimerEvent: {}
[7.493731] (-) TimerEvent: {}
[7.598788] (-) TimerEvent: {}
[7.702473] (-) TimerEvent: {}
[7.806599] (-) TimerEvent: {}
[7.907763] (-) TimerEvent: {}
[8.008421] (-) TimerEvent: {}
[8.112601] (-) TimerEvent: {}
[8.218040] (-) TimerEvent: {}
[8.322537] (-) TimerEvent: {}
[8.423881] (-) TimerEvent: {}
[8.524500] (-) TimerEvent: {}
[8.629336] (-) TimerEvent: {}
[8.729872] (-) TimerEvent: {}
[8.830508] (-) TimerEvent: {}
[8.934333] (-) TimerEvent: {}
[9.035141] (-) TimerEvent: {}
[9.139916] (-) TimerEvent: {}
[9.241173] (-) TimerEvent: {}
[9.341680] (-) TimerEvent: {}
[9.442497] (-) TimerEvent: {}
[9.543680] (-) TimerEvent: {}
[9.648717] (-) TimerEvent: {}
[9.750874] (-) TimerEvent: {}
[9.855767] (-) TimerEvent: {}
[9.958328] (-) TimerEvent: {}
[10.058799] (-) TimerEvent: {}
[10.161759] (-) TimerEvent: {}
[10.265411] (-) TimerEvent: {}
[10.368221] (-) TimerEvent: {}
[10.469080] (-) TimerEvent: {}
[10.569537] (-) TimerEvent: {}
[10.670422] (-) TimerEvent: {}
[10.773228] (-) TimerEvent: {}
[10.875443] (-) TimerEvent: {}
[10.976606] (-) TimerEvent: {}
[11.077214] (-) TimerEvent: {}
[11.182062] (-) TimerEvent: {}
[11.284720] (-) TimerEvent: {}
[11.385943] (-) TimerEvent: {}
[11.486698] (-) TimerEvent: {}
[11.590692] (-) TimerEvent: {}
[11.692176] (-) TimerEvent: {}
[11.795813] (-) TimerEvent: {}
[11.899516] (-) TimerEvent: {}
[12.003774] (-) TimerEvent: {}
[12.108933] (-) TimerEvent: {}
[12.209875] (-) TimerEvent: {}
[12.310312] (-) TimerEvent: {}
[12.414334] (-) TimerEvent: {}
[12.517520] (-) TimerEvent: {}
[12.617931] (-) TimerEvent: {}
[12.722188] (-) TimerEvent: {}
[12.824007] (-) TimerEvent: {}
[12.925129] (-) TimerEvent: {}
[13.029946] (-) TimerEvent: {}
[13.134008] (-) TimerEvent: {}
[13.236065] (-) TimerEvent: {}
[13.336613] (-) TimerEvent: {}
[13.439894] (-) TimerEvent: {}
[13.542344] (-) TimerEvent: {}
[13.645043] (-) TimerEvent: {}
[13.745384] (-) TimerEvent: {}
[13.848704] (-) TimerEvent: {}
[13.950002] (-) TimerEvent: {}
[14.053039] (-) TimerEvent: {}
[14.153535] (-) TimerEvent: {}
[14.257783] (-) TimerEvent: {}
[14.360973] (-) TimerEvent: {}
[14.465335] (-) TimerEvent: {}
[14.569611] (-) TimerEvent: {}
[14.672980] (-) TimerEvent: {}
[14.723537] (message_info) JobProgress: {'identifier': 'message_info', 'progress': 'install'}
[14.726861] (message_info) Command: {'cmd': ['/usr/local/bin/cmake', '--install', '/Users/mukuyo/Desktop/RI-AI/build/message_info'], 'cwd': '/Users/mukuyo/Desktop/RI-AI/build/message_info', 'env': OrderedDict([('TERM_PROGRAM', 'Apple_Terminal'), ('SHELL', '/bin/zsh'), ('TERM', 'xterm-256color'), ('TMPDIR', '/var/folders/gd/nzkytg853t71yy2sknch_fh00000gn/T/'), ('TERM_PROGRAM_VERSION', '433'), ('OPENSSL_INCLUDE_DIR', '/usr/local/opt/openssl@1.1'), ('ROS_PYTHON_VERSION', '3'), ('ROS_VERSION', '2'), ('COLCON_PREFIX_PATH', '/Users/mukuyo/Desktop/RI-AI/install:/Users/mukuyo/ros2_ws/ros2-osx'), ('TERM_SESSION_ID', '8D1155C4-CE29-4B70-9541-E4D2254AF0C1'), ('AMENT_PREFIX_PATH', '/Users/mukuyo/Desktop/RI-AI/install/sender:/Users/mukuyo/Desktop/RI-AI/install/reciever:/Users/mukuyo/Desktop/RI-AI/install/proto_info:/Users/mukuyo/Desktop/RI-AI/install/main:/Users/mukuyo/Desktop/RI-AI/install/message_info:/Users/mukuyo/ros2_ws/ros2-osx'), ('USER', 'mukuyo'), ('SSH_AUTH_SOCK', '/private/tmp/com.apple.launchd.kQff0tjRpm/Listeners'), ('__CF_USER_TEXT_ENCODING', '0x1F5:0x1:0xE'), ('PATH', '/Users/mukuyo/ros2_ws/ros2-osx/bin:/usr/local/bin:/usr/bin:/bin:/usr/sbin:/sbin:/Applications/VMware Fusion.app/Contents/Public:/usr/local/share/dotnet:/opt/X11/bin:~/.dotnet/tools:/Library/Apple/usr/bin:/Library/Frameworks/Mono.framework/Versions/Current/Commands:/Applications/microchip/xc16/v1.41/bin'), ('LaunchInstanceID', '06227F25-9967-42BE-B4FA-F13E3F172A92'), ('PWD', '/Users/mukuyo/Desktop/RI-AI/build/message_info'), ('COLCON', '1'), ('LANG', 'ja_JP.UTF-8'), ('XPC_FLAGS', '0x0'), ('XPC_SERVICE_NAME', '0'), ('OPENSSL_ROOT_DIR', '/usr/local/opt/openssl@1.1'), ('SHLVL', '2'), ('HOME', '/Users/mukuyo'), ('ROS_DISTRO', 'foxy'), ('DYLD_LIBRARY_PATH', '/Users/mukuyo/Desktop/RI-AI/install/sender/lib:/Users/mukuyo/Desktop/RI-AI/install/proto_info/lib:/Users/mukuyo/Desktop/RI-AI/install/message_info/lib:/Users/mukuyo/ros2_ws/ros2-osx/opt/yaml_cpp_vendor/lib:/Users/mukuyo/ros2_ws/ros2-osx/opt/rviz_ogre_vendor/lib:/Users/mukuyo/ros2_ws/ros2-osx/lib'), ('PYTHONPATH', '/Users/mukuyo/Desktop/RI-AI/install/sender/lib/python3.8/site-packages:/Users/mukuyo/Desktop/RI-AI/install/proto_info/lib/python3.8/site-packages:/Users/mukuyo/Desktop/RI-AI/install/message_info/lib/python3.8/site-packages:/Users/mukuyo/ros2_ws/ros2-osx/lib/python3.8/site-packages'), ('LOGNAME', 'mukuyo'), ('PKG_CONFIG_PATH', '/Users/mukuyo/ros2_ws/ros2-osx/lib/pkgconfig'), ('CMAKE_PREFIX_PATH', '/Users/mukuyo/Desktop/RI-AI/install/sender:/Users/mukuyo/Desktop/RI-AI/install/reciever:/Users/mukuyo/Desktop/RI-AI/install/proto_info:/Users/mukuyo/Desktop/RI-AI/install/main:/Users/mukuyo/Desktop/RI-AI/install/message_info:/Users/mukuyo/ros2_ws/ros2-osx'), ('DISPLAY', '/private/tmp/com.apple.launchd.TJpAG1OE9Q/org.macosforge.xquartz:0'), ('ROS_LOCALHOST_ONLY', '0'), ('SECURITYSESSIONID', '186a6'), ('_', '/usr/bin/env')]), 'shell': False}
[14.759140] (message_info) StdoutLine: {'line': b'-- Install configuration: ""\n'}
[14.759543] (message_info) StdoutLine: {'line': b'-- Up-to-date: /Users/mukuyo/Desktop/RI-AI/install/message_info/share/ament_index/resource_index/rosidl_interfaces/message_info\n'}
[14.759664] (message_info) StdoutLine: {'line': b'-- Up-to-date: /Users/mukuyo/Desktop/RI-AI/install/message_info/include/message_info\n'}
[14.759986] (message_info) StdoutLine: {'line': b'-- Up-to-date: /Users/mukuyo/Desktop/RI-AI/install/message_info/include/message_info/msg\n'}
[14.760405] (message_info) StdoutLine: {'line': b'-- Up-to-date: /Users/mukuyo/Desktop/RI-AI/install/message_info/include/message_info/msg/detection_frame.h\n'}
[14.760679] (message_info) StdoutLine: {'line': b'-- Up-to-date: /Users/mukuyo/Desktop/RI-AI/install/message_info/include/message_info/msg/referee_game_event.h\n'}
[14.760970] (message_info) StdoutLine: {'line': b'-- Up-to-date: /Users/mukuyo/Desktop/RI-AI/install/message_info/include/message_info/msg/rosidl_generator_c__visibility_control.h\n'}
[14.761427] (message_info) StdoutLine: {'line': b'-- Up-to-date: /Users/mukuyo/Desktop/RI-AI/install/message_info/include/message_info/msg/goal_info.h\n'}
[14.761908] (message_info) StdoutLine: {'line': b'-- Up-to-date: /Users/mukuyo/Desktop/RI-AI/install/message_info/include/message_info/msg/field_line_segment.h\n'}
[14.762382] (message_info) StdoutLine: {'line': b'-- Up-to-date: /Users/mukuyo/Desktop/RI-AI/install/message_info/include/message_info/msg/referee_team_info.h\n'}
[14.763355] (message_info) StdoutLine: {'line': b'-- Up-to-date: /Users/mukuyo/Desktop/RI-AI/install/message_info/include/message_info/msg/detection_ball.h\n'}
[14.764237] (message_info) StdoutLine: {'line': b'-- Up-to-date: /Users/mukuyo/Desktop/RI-AI/install/message_info/include/message_info/msg/vision_detections.h\n'}
[14.765484] (message_info) StdoutLine: {'line': b'-- Up-to-date: /Users/mukuyo/Desktop/RI-AI/install/message_info/include/message_info/msg/test.h\n'}
[14.766120] (message_info) StdoutLine: {'line': b'-- Up-to-date: /Users/mukuyo/Desktop/RI-AI/install/message_info/include/message_info/msg/field_circular_arc.h\n'}
[14.766576] (message_info) StdoutLine: {'line': b'-- Up-to-date: /Users/mukuyo/Desktop/RI-AI/install/message_info/include/message_info/msg/robot_command.h\n'}
[14.767001] (message_info) StdoutLine: {'line': b'-- Up-to-date: /Users/mukuyo/Desktop/RI-AI/install/message_info/include/message_info/msg/detection_robot.h\n'}
[14.767277] (message_info) StdoutLine: {'line': b'-- Up-to-date: /Users/mukuyo/Desktop/RI-AI/install/message_info/include/message_info/msg/detail\n'}
[14.767793] (message_info) StdoutLine: {'line': b'-- Up-to-date: /Users/mukuyo/Desktop/RI-AI/install/message_info/include/message_info/msg/detail/detection_frame__type_support.h\n'}
[14.768562] (message_info) StdoutLine: {'line': b'-- Up-to-date: /Users/mukuyo/Desktop/RI-AI/install/message_info/include/message_info/msg/detail/detection_frame__struct.h\n'}
[14.769649] (message_info) StdoutLine: {'line': b'-- Up-to-date: /Users/mukuyo/Desktop/RI-AI/install/message_info/include/message_info/msg/detail/detection_robot__functions.c\n'}
[14.771453] (message_info) StdoutLine: {'line': b'-- Up-to-date: /Users/mukuyo/Desktop/RI-AI/install/message_info/include/message_info/msg/detail/vision_geometry__type_support.h\n'}
[14.772289] (message_info) StdoutLine: {'line': b'-- Up-to-date: /Users/mukuyo/Desktop/RI-AI/install/message_info/include/message_info/msg/detail/detection_frame__functions.c\n'}
[14.773198] (-) TimerEvent: {}
[14.773666] (message_info) StdoutLine: {'line': b'-- Up-to-date: /Users/mukuyo/Desktop/RI-AI/install/message_info/include/message_info/msg/detail/referee_team_info__struct.h\n'}
[14.774053] (message_info) StdoutLine: {'line': b'-- Up-to-date: /Users/mukuyo/Desktop/RI-AI/install/message_info/include/message_info/msg/detail/robot_command__functions.c\n'}
[14.774228] (message_info) StdoutLine: {'line': b'-- Up-to-date: /Users/mukuyo/Desktop/RI-AI/install/message_info/include/message_info/msg/detail/robot_commands__functions.c\n'}
[14.774351] (message_info) StdoutLine: {'line': b'-- Up-to-date: /Users/mukuyo/Desktop/RI-AI/install/message_info/include/message_info/msg/detail/robot_command__struct.h\n'}
[14.774504] (message_info) StdoutLine: {'line': b'-- Up-to-date: /Users/mukuyo/Desktop/RI-AI/install/message_info/include/message_info/msg/detail/referee_game_event__struct.h\n'}
[14.774620] (message_info) StdoutLine: {'line': b'-- Up-to-date: /Users/mukuyo/Desktop/RI-AI/install/message_info/include/message_info/msg/detail/detection_ball__struct.h\n'}
[14.774768] (message_info) StdoutLine: {'line': b'-- Up-to-date: /Users/mukuyo/Desktop/RI-AI/install/message_info/include/message_info/msg/detail/goal_info__functions.c\n'}
[14.774957] (message_info) StdoutLine: {'line': b'-- Up-to-date: /Users/mukuyo/Desktop/RI-AI/install/message_info/include/message_info/msg/detail/referee__struct.h\n'}
[14.775174] (message_info) StdoutLine: {'line': b'-- Up-to-date: /Users/mukuyo/Desktop/RI-AI/install/message_info/include/message_info/msg/detail/referee_team_info__functions.c\n'}
[14.775380] (message_info) StdoutLine: {'line': b'-- Up-to-date: /Users/mukuyo/Desktop/RI-AI/install/message_info/include/message_info/msg/detail/referee_game_event__type_support.h\n'}
[14.775534] (message_info) StdoutLine: {'line': b'-- Up-to-date: /Users/mukuyo/Desktop/RI-AI/install/message_info/include/message_info/msg/detail/test__functions.h\n'}
[14.775694] (message_info) StdoutLine: {'line': b'-- Up-to-date: /Users/mukuyo/Desktop/RI-AI/install/message_info/include/message_info/msg/detail/field_circular_arc__struct.h\n'}
[14.775895] (message_info) StdoutLine: {'line': b'-- Up-to-date: /Users/mukuyo/Desktop/RI-AI/install/message_info/include/message_info/msg/detail/field_circular_arc__type_support.h\n'}
[14.776097] (message_info) StdoutLine: {'line': b'-- Up-to-date: /Users/mukuyo/Desktop/RI-AI/install/message_info/include/message_info/msg/detail/ball_info__struct.h\n'}
[14.776280] (message_info) StdoutLine: {'line': b'-- Up-to-date: /Users/mukuyo/Desktop/RI-AI/install/message_info/include/message_info/msg/detail/vision_geometry__functions.h\n'}
[14.776416] (message_info) StdoutLine: {'line': b'-- Up-to-date: /Users/mukuyo/Desktop/RI-AI/install/message_info/include/message_info/msg/detail/vision_detections__struct.h\n'}
[14.776571] (message_info) StdoutLine: {'line': b'-- Up-to-date: /Users/mukuyo/Desktop/RI-AI/install/message_info/include/message_info/msg/detail/ball_info__functions.c\n'}
[14.776788] (message_info) StdoutLine: {'line': b'-- Up-to-date: /Users/mukuyo/Desktop/RI-AI/install/message_info/include/message_info/msg/detail/referee__type_support.h\n'}
[14.776981] (message_info) StdoutLine: {'line': b'-- Up-to-date: /Users/mukuyo/Desktop/RI-AI/install/message_info/include/message_info/msg/detail/vision_detections__type_support.h\n'}
[14.777149] (message_info) StdoutLine: {'line': b'-- Up-to-date: /Users/mukuyo/Desktop/RI-AI/install/message_info/include/message_info/msg/detail/referee__functions.c\n'}
[14.777320] (message_info) StdoutLine: {'line': b'-- Up-to-date: /Users/mukuyo/Desktop/RI-AI/install/message_info/include/message_info/msg/detail/vision_detections__functions.c\n'}
[14.777517] (message_info) StdoutLine: {'line': b'-- Up-to-date: /Users/mukuyo/Desktop/RI-AI/install/message_info/include/message_info/msg/detail/detection_ball__functions.c\n'}
[14.777713] (message_info) StdoutLine: {'line': b'-- Up-to-date: /Users/mukuyo/Desktop/RI-AI/install/message_info/include/message_info/msg/detail/field_circular_arc__functions.c\n'}
[14.777823] (message_info) StdoutLine: {'line': b'-- Up-to-date: /Users/mukuyo/Desktop/RI-AI/install/message_info/include/message_info/msg/detail/referee_game_event__functions.h\n'}
[14.777923] (message_info) StdoutLine: {'line': b'-- Up-to-date: /Users/mukuyo/Desktop/RI-AI/install/message_info/include/message_info/msg/detail/robot_commands__struct.h\n'}
[14.778022] (message_info) StdoutLine: {'line': b'-- Up-to-date: /Users/mukuyo/Desktop/RI-AI/install/message_info/include/message_info/msg/detail/field_line_segment__functions.c\n'}
[14.778124] (message_info) StdoutLine: {'line': b'-- Up-to-date: /Users/mukuyo/Desktop/RI-AI/install/message_info/include/message_info/msg/detail/robot_commands__functions.h\n'}
[14.778347] (message_info) StdoutLine: {'line': b'-- Up-to-date: /Users/mukuyo/Desktop/RI-AI/install/message_info/include/message_info/msg/detail/robot_command__functions.h\n'}
[14.778524] (message_info) StdoutLine: {'line': b'-- Up-to-date: /Users/mukuyo/Desktop/RI-AI/install/message_info/include/message_info/msg/detail/test__type_support.h\n'}
[14.778727] (message_info) StdoutLine: {'line': b'-- Up-to-date: /Users/mukuyo/Desktop/RI-AI/install/message_info/include/message_info/msg/detail/robot_commands__type_support.h\n'}
[14.778850] (message_info) StdoutLine: {'line': b'-- Up-to-date: /Users/mukuyo/Desktop/RI-AI/install/message_info/include/message_info/msg/detail/detection_frame__functions.h\n'}
[14.778983] (message_info) StdoutLine: {'line': b'-- Up-to-date: /Users/mukuyo/Desktop/RI-AI/install/message_info/include/message_info/msg/detail/field_line_segment__struct.h\n'}
[14.779074] (message_info) StdoutLine: {'line': b'-- Up-to-date: /Users/mukuyo/Desktop/RI-AI/install/message_info/include/message_info/msg/detail/detection_robot__functions.h\n'}
[14.779163] (message_info) StdoutLine: {'line': b'-- Up-to-date: /Users/mukuyo/Desktop/RI-AI/install/message_info/include/message_info/msg/detail/test__struct.h\n'}
[14.779273] (message_info) StdoutLine: {'line': b'-- Up-to-date: /Users/mukuyo/Desktop/RI-AI/install/message_info/include/message_info/msg/detail/detection_robot__struct.h\n'}
[14.779391] (message_info) StdoutLine: {'line': b'-- Up-to-date: /Users/mukuyo/Desktop/RI-AI/install/message_info/include/message_info/msg/detail/vision_geometry__struct.h\n'}
[14.779488] (message_info) StdoutLine: {'line': b'-- Up-to-date: /Users/mukuyo/Desktop/RI-AI/install/message_info/include/message_info/msg/detail/field_line_segment__type_support.h\n'}
[14.779572] (message_info) StdoutLine: {'line': b'-- Up-to-date: /Users/mukuyo/Desktop/RI-AI/install/message_info/include/message_info/msg/detail/test__functions.c\n'}
[14.779655] (message_info) StdoutLine: {'line': b'-- Up-to-date: /Users/mukuyo/Desktop/RI-AI/install/message_info/include/message_info/msg/detail/referee_team_info__functions.h\n'}
[14.779736] (message_info) StdoutLine: {'line': b'-- Up-to-date: /Users/mukuyo/Desktop/RI-AI/install/message_info/include/message_info/msg/detail/detection_ball__type_support.h\n'}
[14.779819] (message_info) StdoutLine: {'line': b'-- Up-to-date: /Users/mukuyo/Desktop/RI-AI/install/message_info/include/message_info/msg/detail/goal_info__type_support.h\n'}
[14.779921] (message_info) StdoutLine: {'line': b'-- Up-to-date: /Users/mukuyo/Desktop/RI-AI/install/message_info/include/message_info/msg/detail/goal_info__functions.h\n'}
[14.780003] (message_info) StdoutLine: {'line': b'-- Up-to-date: /Users/mukuyo/Desktop/RI-AI/install/message_info/include/message_info/msg/detail/referee__functions.h\n'}
[14.780086] (message_info) StdoutLine: {'line': b'-- Up-to-date: /Users/mukuyo/Desktop/RI-AI/install/message_info/include/message_info/msg/detail/referee_team_info__type_support.h\n'}
[14.780169] (message_info) StdoutLine: {'line': b'-- Up-to-date: /Users/mukuyo/Desktop/RI-AI/install/message_info/include/message_info/msg/detail/detection_robot__type_support.h\n'}
[14.780253] (message_info) StdoutLine: {'line': b'-- Up-to-date: /Users/mukuyo/Desktop/RI-AI/install/message_info/include/message_info/msg/detail/ball_info__functions.h\n'}
[14.780341] (message_info) StdoutLine: {'line': b'-- Up-to-date: /Users/mukuyo/Desktop/RI-AI/install/message_info/include/message_info/msg/detail/vision_geometry__functions.c\n'}
[14.780442] (message_info) StdoutLine: {'line': b'-- Up-to-date: /Users/mukuyo/Desktop/RI-AI/install/message_info/include/message_info/msg/detail/ball_info__type_support.h\n'}
[14.780545] (message_info) StdoutLine: {'line': b'-- Up-to-date: /Users/mukuyo/Desktop/RI-AI/install/message_info/include/message_info/msg/detail/goal_info__struct.h\n'}
[14.780669] (message_info) StdoutLine: {'line': b'-- Up-to-date: /Users/mukuyo/Desktop/RI-AI/install/message_info/include/message_info/msg/detail/field_line_segment__functions.h\n'}
[14.780759] (message_info) StdoutLine: {'line': b'-- Up-to-date: /Users/mukuyo/Desktop/RI-AI/install/message_info/include/message_info/msg/detail/detection_ball__functions.h\n'}
[14.780846] (message_info) StdoutLine: {'line': b'-- Up-to-date: /Users/mukuyo/Desktop/RI-AI/install/message_info/include/message_info/msg/detail/vision_detections__functions.h\n'}
[14.780930] (message_info) StdoutLine: {'line': b'-- Up-to-date: /Users/mukuyo/Desktop/RI-AI/install/message_info/include/message_info/msg/detail/referee_game_event__functions.c\n'}
[14.781023] (message_info) StdoutLine: {'line': b'-- Up-to-date: /Users/mukuyo/Desktop/RI-AI/install/message_info/include/message_info/msg/detail/field_circular_arc__functions.h\n'}
[14.781110] (message_info) StdoutLine: {'line': b'-- Up-to-date: /Users/mukuyo/Desktop/RI-AI/install/message_info/include/message_info/msg/detail/robot_command__type_support.h\n'}
[14.781194] (message_info) StdoutLine: {'line': b'-- Up-to-date: /Users/mukuyo/Desktop/RI-AI/install/message_info/include/message_info/msg/ball_info.h\n'}
[14.781279] (message_info) StdoutLine: {'line': b'-- Up-to-date: /Users/mukuyo/Desktop/RI-AI/install/message_info/include/message_info/msg/referee.h\n'}
[14.781366] (message_info) StdoutLine: {'line': b'-- Up-to-date: /Users/mukuyo/Desktop/RI-AI/install/message_info/include/message_info/msg/robot_commands.h\n'}
[14.781734] (message_info) StdoutLine: {'line': b'-- Up-to-date: /Users/mukuyo/Desktop/RI-AI/install/message_info/include/message_info/msg/vision_geometry.h\n'}
[14.781858] (message_info) StdoutLine: {'line': b'-- Up-to-date: /Users/mukuyo/Desktop/RI-AI/install/message_info/share/message_info/environment/library_path.sh\n'}
[14.782041] (message_info) StdoutLine: {'line': b'-- Up-to-date: /Users/mukuyo/Desktop/RI-AI/install/message_info/share/message_info/environment/library_path.dsv\n'}
[14.782203] (message_info) StdoutLine: {'line': b'-- Installing: /Users/mukuyo/Desktop/RI-AI/install/message_info/lib/libmessage_info__rosidl_generator_c.dylib\n'}
[14.850078] (message_info) StdoutLine: {'line': b'-- Up-to-date: /Users/mukuyo/Desktop/RI-AI/install/message_info/include/message_info\n'}
[14.850520] (message_info) StdoutLine: {'line': b'-- Up-to-date: /Users/mukuyo/Desktop/RI-AI/install/message_info/include/message_info/msg\n'}
[14.850689] (message_info) StdoutLine: {'line': b'-- Up-to-date: /Users/mukuyo/Desktop/RI-AI/install/message_info/include/message_info/msg/detail\n'}
[14.851229] (message_info) StdoutLine: {'line': b'-- Up-to-date: /Users/mukuyo/Desktop/RI-AI/install/message_info/include/message_info/msg/detail/field_line_segment__rosidl_typesupport_fastrtps_c.h\n'}
[14.852220] (message_info) StdoutLine: {'line': b'-- Up-to-date: /Users/mukuyo/Desktop/RI-AI/install/message_info/include/message_info/msg/detail/detection_frame__rosidl_typesupport_fastrtps_c.h\n'}
[14.853523] (message_info) StdoutLine: {'line': b'-- Up-to-date: /Users/mukuyo/Desktop/RI-AI/install/message_info/include/message_info/msg/detail/detection_ball__rosidl_typesupport_fastrtps_c.h\n'}
[14.853903] (message_info) StdoutLine: {'line': b'-- Up-to-date: /Users/mukuyo/Desktop/RI-AI/install/message_info/include/message_info/msg/detail/referee_team_info__rosidl_typesupport_fastrtps_c.h\n'}
[14.854240] (message_info) StdoutLine: {'line': b'-- Up-to-date: /Users/mukuyo/Desktop/RI-AI/install/message_info/include/message_info/msg/detail/robot_command__rosidl_typesupport_fastrtps_c.h\n'}
[14.854364] (message_info) StdoutLine: {'line': b'-- Up-to-date: /Users/mukuyo/Desktop/RI-AI/install/message_info/include/message_info/msg/detail/goal_info__rosidl_typesupport_fastrtps_c.h\n'}
[14.854464] (message_info) StdoutLine: {'line': b'-- Up-to-date: /Users/mukuyo/Desktop/RI-AI/install/message_info/include/message_info/msg/detail/vision_geometry__rosidl_typesupport_fastrtps_c.h\n'}
[14.854564] (message_info) StdoutLine: {'line': b'-- Up-to-date: /Users/mukuyo/Desktop/RI-AI/install/message_info/include/message_info/msg/detail/field_circular_arc__rosidl_typesupport_fastrtps_c.h\n'}
[14.854653] (message_info) StdoutLine: {'line': b'-- Up-to-date: /Users/mukuyo/Desktop/RI-AI/install/message_info/include/message_info/msg/detail/ball_info__rosidl_typesupport_fastrtps_c.h\n'}
[14.854739] (message_info) StdoutLine: {'line': b'-- Up-to-date: /Users/mukuyo/Desktop/RI-AI/install/message_info/include/message_info/msg/detail/referee_game_event__rosidl_typesupport_fastrtps_c.h\n'}
[14.854875] (message_info) StdoutLine: {'line': b'-- Up-to-date: /Users/mukuyo/Desktop/RI-AI/install/message_info/include/message_info/msg/detail/robot_commands__rosidl_typesupport_fastrtps_c.h\n'}
[14.854966] (message_info) StdoutLine: {'line': b'-- Up-to-date: /Users/mukuyo/Desktop/RI-AI/install/message_info/include/message_info/msg/detail/test__rosidl_typesupport_fastrtps_c.h\n'}
[14.855057] (message_info) StdoutLine: {'line': b'-- Up-to-date: /Users/mukuyo/Desktop/RI-AI/install/message_info/include/message_info/msg/detail/detection_robot__rosidl_typesupport_fastrtps_c.h\n'}
[14.855143] (message_info) StdoutLine: {'line': b'-- Up-to-date: /Users/mukuyo/Desktop/RI-AI/install/message_info/include/message_info/msg/detail/referee__rosidl_typesupport_fastrtps_c.h\n'}
[14.855229] (message_info) StdoutLine: {'line': b'-- Up-to-date: /Users/mukuyo/Desktop/RI-AI/install/message_info/include/message_info/msg/detail/vision_detections__rosidl_typesupport_fastrtps_c.h\n'}
[14.855313] (message_info) StdoutLine: {'line': b'-- Up-to-date: /Users/mukuyo/Desktop/RI-AI/install/message_info/include/message_info/msg/rosidl_typesupport_fastrtps_c__visibility_control.h\n'}
[14.855413] (message_info) StdoutLine: {'line': b'-- Installing: /Users/mukuyo/Desktop/RI-AI/install/message_info/lib/libmessage_info__rosidl_typesupport_fastrtps_c.dylib\n'}
[14.875571] (-) TimerEvent: {}
[14.974762] (message_info) StdoutLine: {'line': b'-- Up-to-date: /Users/mukuyo/Desktop/RI-AI/install/message_info/include/message_info\n'}
[14.975195] (message_info) StdoutLine: {'line': b'-- Up-to-date: /Users/mukuyo/Desktop/RI-AI/install/message_info/include/message_info/msg\n'}
[14.975415] (message_info) StdoutLine: {'line': b'-- Up-to-date: /Users/mukuyo/Desktop/RI-AI/install/message_info/include/message_info/msg/rosidl_typesupport_fastrtps_cpp__visibility_control.h\n'}
[14.976010] (-) TimerEvent: {}
[14.976530] (message_info) StdoutLine: {'line': b'-- Up-to-date: /Users/mukuyo/Desktop/RI-AI/install/message_info/include/message_info/msg/detail\n'}
[14.977362] (message_info) StdoutLine: {'line': b'-- Up-to-date: /Users/mukuyo/Desktop/RI-AI/install/message_info/include/message_info/msg/detail/referee__rosidl_typesupport_fastrtps_cpp.hpp\n'}
[14.977851] (message_info) StdoutLine: {'line': b'-- Up-to-date: /Users/mukuyo/Desktop/RI-AI/install/message_info/include/message_info/msg/detail/referee_team_info__rosidl_typesupport_fastrtps_cpp.hpp\n'}
[14.978411] (message_info) StdoutLine: {'line': b'-- Up-to-date: /Users/mukuyo/Desktop/RI-AI/install/message_info/include/message_info/msg/detail/detection_robot__rosidl_typesupport_fastrtps_cpp.hpp\n'}
[14.978960] (message_info) StdoutLine: {'line': b'-- Up-to-date: /Users/mukuyo/Desktop/RI-AI/install/message_info/include/message_info/msg/detail/vision_geometry__rosidl_typesupport_fastrtps_cpp.hpp\n'}
[14.979490] (message_info) StdoutLine: {'line': b'-- Up-to-date: /Users/mukuyo/Desktop/RI-AI/install/message_info/include/message_info/msg/detail/referee_game_event__rosidl_typesupport_fastrtps_cpp.hpp\n'}
[14.979749] (message_info) StdoutLine: {'line': b'-- Up-to-date: /Users/mukuyo/Desktop/RI-AI/install/message_info/include/message_info/msg/detail/field_line_segment__rosidl_typesupport_fastrtps_cpp.hpp\n'}
[14.980054] (message_info) StdoutLine: {'line': b'-- Up-to-date: /Users/mukuyo/Desktop/RI-AI/install/message_info/include/message_info/msg/detail/robot_command__rosidl_typesupport_fastrtps_cpp.hpp\n'}
[14.980215] (message_info) StdoutLine: {'line': b'-- Up-to-date: /Users/mukuyo/Desktop/RI-AI/install/message_info/include/message_info/msg/detail/test__rosidl_typesupport_fastrtps_cpp.hpp\n'}
[14.980371] (message_info) StdoutLine: {'line': b'-- Up-to-date: /Users/mukuyo/Desktop/RI-AI/install/message_info/include/message_info/msg/detail/vision_detections__rosidl_typesupport_fastrtps_cpp.hpp\n'}
[14.980478] (message_info) StdoutLine: {'line': b'-- Up-to-date: /Users/mukuyo/Desktop/RI-AI/install/message_info/include/message_info/msg/detail/field_circular_arc__rosidl_typesupport_fastrtps_cpp.hpp\n'}
[14.980569] (message_info) StdoutLine: {'line': b'-- Up-to-date: /Users/mukuyo/Desktop/RI-AI/install/message_info/include/message_info/msg/detail/robot_commands__rosidl_typesupport_fastrtps_cpp.hpp\n'}
[14.980662] (message_info) StdoutLine: {'line': b'-- Up-to-date: /Users/mukuyo/Desktop/RI-AI/install/message_info/include/message_info/msg/detail/detection_ball__rosidl_typesupport_fastrtps_cpp.hpp\n'}
[14.980768] (message_info) StdoutLine: {'line': b'-- Up-to-date: /Users/mukuyo/Desktop/RI-AI/install/message_info/include/message_info/msg/detail/detection_frame__rosidl_typesupport_fastrtps_cpp.hpp\n'}
[14.980940] (message_info) StdoutLine: {'line': b'-- Up-to-date: /Users/mukuyo/Desktop/RI-AI/install/message_info/include/message_info/msg/detail/dds_fastrtps\n'}
[14.981098] (message_info) StdoutLine: {'line': b'-- Up-to-date: /Users/mukuyo/Desktop/RI-AI/install/message_info/include/message_info/msg/detail/ball_info__rosidl_typesupport_fastrtps_cpp.hpp\n'}
[14.981194] (message_info) StdoutLine: {'line': b'-- Up-to-date: /Users/mukuyo/Desktop/RI-AI/install/message_info/include/message_info/msg/detail/goal_info__rosidl_typesupport_fastrtps_cpp.hpp\n'}
[14.981286] (message_info) StdoutLine: {'line': b'-- Installing: /Users/mukuyo/Desktop/RI-AI/install/message_info/lib/libmessage_info__rosidl_typesupport_fastrtps_cpp.dylib\n'}
[15.063116] (message_info) StdoutLine: {'line': b'-- Up-to-date: /Users/mukuyo/Desktop/RI-AI/install/message_info/include/message_info\n'}
[15.063751] (message_info) StdoutLine: {'line': b'-- Up-to-date: /Users/mukuyo/Desktop/RI-AI/install/message_info/include/message_info/msg\n'}
[15.064085] (message_info) StdoutLine: {'line': b'-- Up-to-date: /Users/mukuyo/Desktop/RI-AI/install/message_info/include/message_info/msg/detail\n'}
[15.064592] (message_info) StdoutLine: {'line': b'-- Up-to-date: /Users/mukuyo/Desktop/RI-AI/install/message_info/include/message_info/msg/detail/field_line_segment__type_support.c\n'}
[15.065074] (message_info) StdoutLine: {'line': b'-- Up-to-date: /Users/mukuyo/Desktop/RI-AI/install/message_info/include/message_info/msg/detail/robot_commands__type_support.c\n'}
[15.065444] (message_info) StdoutLine: {'line': b'-- Up-to-date: /Users/mukuyo/Desktop/RI-AI/install/message_info/include/message_info/msg/detail/test__type_support.c\n'}
[15.065772] (message_info) StdoutLine: {'line': b'-- Up-to-date: /Users/mukuyo/Desktop/RI-AI/install/message_info/include/message_info/msg/detail/goal_info__type_support.c\n'}
[15.066151] (message_info) StdoutLine: {'line': b'-- Up-to-date: /Users/mukuyo/Desktop/RI-AI/install/message_info/include/message_info/msg/detail/referee_game_event__rosidl_typesupport_introspection_c.h\n'}
[15.066492] (message_info) StdoutLine: {'line': b'-- Up-to-date: /Users/mukuyo/Desktop/RI-AI/install/message_info/include/message_info/msg/detail/field_line_segment__rosidl_typesupport_introspection_c.h\n'}
[15.067254] (message_info) StdoutLine: {'line': b'-- Up-to-date: /Users/mukuyo/Desktop/RI-AI/install/message_info/include/message_info/msg/detail/goal_info__rosidl_typesupport_introspection_c.h\n'}
[15.067830] (message_info) StdoutLine: {'line': b'-- Up-to-date: /Users/mukuyo/Desktop/RI-AI/install/message_info/include/message_info/msg/detail/detection_ball__type_support.c\n'}
[15.068798] (message_info) StdoutLine: {'line': b'-- Up-to-date: /Users/mukuyo/Desktop/RI-AI/install/message_info/include/message_info/msg/detail/robot_commands__rosidl_typesupport_introspection_c.h\n'}
[15.069688] (message_info) StdoutLine: {'line': b'-- Up-to-date: /Users/mukuyo/Desktop/RI-AI/install/message_info/include/message_info/msg/detail/ball_info__type_support.c\n'}
[15.070196] (message_info) StdoutLine: {'line': b'-- Up-to-date: /Users/mukuyo/Desktop/RI-AI/install/message_info/include/message_info/msg/detail/detection_robot__type_support.c\n'}
[15.070537] (message_info) StdoutLine: {'line': b'-- Up-to-date: /Users/mukuyo/Desktop/RI-AI/install/message_info/include/message_info/msg/detail/referee_team_info__type_support.c\n'}
[15.070909] (message_info) StdoutLine: {'line': b'-- Up-to-date: /Users/mukuyo/Desktop/RI-AI/install/message_info/include/message_info/msg/detail/robot_command__type_support.c\n'}
[15.071280] (message_info) StdoutLine: {'line': b'-- Up-to-date: /Users/mukuyo/Desktop/RI-AI/install/message_info/include/message_info/msg/detail/field_circular_arc__rosidl_typesupport_introspection_c.h\n'}
[15.071527] (message_info) StdoutLine: {'line': b'-- Up-to-date: /Users/mukuyo/Desktop/RI-AI/install/message_info/include/message_info/msg/detail/robot_command__rosidl_typesupport_introspection_c.h\n'}
[15.071701] (message_info) StdoutLine: {'line': b'-- Up-to-date: /Users/mukuyo/Desktop/RI-AI/install/message_info/include/message_info/msg/detail/vision_detections__rosidl_typesupport_introspection_c.h\n'}
[15.071874] (message_info) StdoutLine: {'line': b'-- Up-to-date: /Users/mukuyo/Desktop/RI-AI/install/message_info/include/message_info/msg/detail/vision_geometry__type_support.c\n'}
[15.072052] (message_info) StdoutLine: {'line': b'-- Up-to-date: /Users/mukuyo/Desktop/RI-AI/install/message_info/include/message_info/msg/detail/detection_frame__type_support.c\n'}
[15.072212] (message_info) StdoutLine: {'line': b'-- Up-to-date: /Users/mukuyo/Desktop/RI-AI/install/message_info/include/message_info/msg/detail/detection_frame__rosidl_typesupport_introspection_c.h\n'}
[15.072387] (message_info) StdoutLine: {'line': b'-- Up-to-date: /Users/mukuyo/Desktop/RI-AI/install/message_info/include/message_info/msg/detail/test__rosidl_typesupport_introspection_c.h\n'}
[15.072576] (message_info) StdoutLine: {'line': b'-- Up-to-date: /Users/mukuyo/Desktop/RI-AI/install/message_info/include/message_info/msg/detail/field_circular_arc__type_support.c\n'}
[15.072792] (message_info) StdoutLine: {'line': b'-- Up-to-date: /Users/mukuyo/Desktop/RI-AI/install/message_info/include/message_info/msg/detail/referee_game_event__type_support.c\n'}
[15.072999] (message_info) StdoutLine: {'line': b'-- Up-to-date: /Users/mukuyo/Desktop/RI-AI/install/message_info/include/message_info/msg/detail/detection_ball__rosidl_typesupport_introspection_c.h\n'}
[15.073290] (message_info) StdoutLine: {'line': b'-- Up-to-date: /Users/mukuyo/Desktop/RI-AI/install/message_info/include/message_info/msg/detail/vision_detections__type_support.c\n'}
[15.073517] (message_info) StdoutLine: {'line': b'-- Up-to-date: /Users/mukuyo/Desktop/RI-AI/install/message_info/include/message_info/msg/detail/vision_geometry__rosidl_typesupport_introspection_c.h\n'}
[15.073701] (message_info) StdoutLine: {'line': b'-- Up-to-date: /Users/mukuyo/Desktop/RI-AI/install/message_info/include/message_info/msg/detail/referee__type_support.c\n'}
[15.073810] (message_info) StdoutLine: {'line': b'-- Up-to-date: /Users/mukuyo/Desktop/RI-AI/install/message_info/include/message_info/msg/detail/referee_team_info__rosidl_typesupport_introspection_c.h\n'}
[15.073916] (message_info) StdoutLine: {'line': b'-- Up-to-date: /Users/mukuyo/Desktop/RI-AI/install/message_info/include/message_info/msg/detail/ball_info__rosidl_typesupport_introspection_c.h\n'}
[15.074031] (message_info) StdoutLine: {'line': b'-- Up-to-date: /Users/mukuyo/Desktop/RI-AI/install/message_info/include/message_info/msg/detail/referee__rosidl_typesupport_introspection_c.h\n'}
[15.074198] (message_info) StdoutLine: {'line': b'-- Up-to-date: /Users/mukuyo/Desktop/RI-AI/install/message_info/include/message_info/msg/detail/detection_robot__rosidl_typesupport_introspection_c.h\n'}
[15.074439] (message_info) StdoutLine: {'line': b'-- Up-to-date: /Users/mukuyo/Desktop/RI-AI/install/message_info/include/message_info/msg/rosidl_typesupport_introspection_c__visibility_control.h\n'}
[15.074649] (message_info) StdoutLine: {'line': b'-- Installing: /Users/mukuyo/Desktop/RI-AI/install/message_info/lib/libmessage_info__rosidl_typesupport_introspection_c.dylib\n'}
[15.076178] (-) TimerEvent: {}
[15.176144] (message_info) StdoutLine: {'line': b'-- Installing: /Users/mukuyo/Desktop/RI-AI/install/message_info/lib/libmessage_info__rosidl_typesupport_c.dylib\n'}
[15.176361] (-) TimerEvent: {}
[15.243730] (message_info) StdoutLine: {'line': b'-- Up-to-date: /Users/mukuyo/Desktop/RI-AI/install/message_info/include/message_info\n'}
[15.244109] (message_info) StdoutLine: {'line': b'-- Up-to-date: /Users/mukuyo/Desktop/RI-AI/install/message_info/include/message_info/msg\n'}
[15.244501] (message_info) StdoutLine: {'line': b'-- Up-to-date: /Users/mukuyo/Desktop/RI-AI/install/message_info/include/message_info/msg/detection_robot.hpp\n'}
[15.244799] (message_info) StdoutLine: {'line': b'-- Up-to-date: /Users/mukuyo/Desktop/RI-AI/install/message_info/include/message_info/msg/field_circular_arc.hpp\n'}
[15.244896] (message_info) StdoutLine: {'line': b'-- Up-to-date: /Users/mukuyo/Desktop/RI-AI/install/message_info/include/message_info/msg/ball_info.hpp\n'}
[15.245139] (message_info) StdoutLine: {'line': b'-- Up-to-date: /Users/mukuyo/Desktop/RI-AI/install/message_info/include/message_info/msg/detection_frame.hpp\n'}
[15.245731] (message_info) StdoutLine: {'line': b'-- Up-to-date: /Users/mukuyo/Desktop/RI-AI/install/message_info/include/message_info/msg/referee_game_event.hpp\n'}
[15.245901] (message_info) StdoutLine: {'line': b'-- Up-to-date: /Users/mukuyo/Desktop/RI-AI/install/message_info/include/message_info/msg/robot_commands.hpp\n'}
[15.246017] (message_info) StdoutLine: {'line': b'-- Up-to-date: /Users/mukuyo/Desktop/RI-AI/install/message_info/include/message_info/msg/vision_detections.hpp\n'}
[15.246966] (message_info) StdoutLine: {'line': b'-- Up-to-date: /Users/mukuyo/Desktop/RI-AI/install/message_info/include/message_info/msg/detail\n'}
[15.247580] (message_info) StdoutLine: {'line': b'-- Up-to-date: /Users/mukuyo/Desktop/RI-AI/install/message_info/include/message_info/msg/detail/robot_command__traits.hpp\n'}
[15.248169] (message_info) StdoutLine: {'line': b'-- Up-to-date: /Users/mukuyo/Desktop/RI-AI/install/message_info/include/message_info/msg/detail/detection_ball__traits.hpp\n'}
[15.248922] (message_info) StdoutLine: {'line': b'-- Up-to-date: /Users/mukuyo/Desktop/RI-AI/install/message_info/include/message_info/msg/detail/field_circular_arc__builder.hpp\n'}
[15.249868] (message_info) StdoutLine: {'line': b'-- Up-to-date: /Users/mukuyo/Desktop/RI-AI/install/message_info/include/message_info/msg/detail/referee__struct.hpp\n'}
[15.250384] (message_info) StdoutLine: {'line': b'-- Up-to-date: /Users/mukuyo/Desktop/RI-AI/install/message_info/include/message_info/msg/detail/detection_ball__builder.hpp\n'}
[15.251349] (message_info) StdoutLine: {'line': b'-- Up-to-date: /Users/mukuyo/Desktop/RI-AI/install/message_info/include/message_info/msg/detail/vision_detections__builder.hpp\n'}
[15.251794] (message_info) StdoutLine: {'line': b'-- Up-to-date: /Users/mukuyo/Desktop/RI-AI/install/message_info/include/message_info/msg/detail/test__traits.hpp\n'}
[15.252265] (message_info) StdoutLine: {'line': b'-- Up-to-date: /Users/mukuyo/Desktop/RI-AI/install/message_info/include/message_info/msg/detail/goal_info__traits.hpp\n'}
[15.252554] (message_info) StdoutLine: {'line': b'-- Up-to-date: /Users/mukuyo/Desktop/RI-AI/install/message_info/include/message_info/msg/detail/detection_frame__struct.hpp\n'}
[15.253508] (message_info) StdoutLine: {'line': b'-- Up-to-date: /Users/mukuyo/Desktop/RI-AI/install/message_info/include/message_info/msg/detail/field_line_segment__builder.hpp\n'}
[15.254301] (message_info) StdoutLine: {'line': b'-- Up-to-date: /Users/mukuyo/Desktop/RI-AI/install/message_info/include/message_info/msg/detail/detection_robot__traits.hpp\n'}
[15.254453] (message_info) StdoutLine: {'line': b'-- Up-to-date: /Users/mukuyo/Desktop/RI-AI/install/message_info/include/message_info/msg/detail/ball_info__builder.hpp\n'}
[15.254579] (message_info) StdoutLine: {'line': b'-- Up-to-date: /Users/mukuyo/Desktop/RI-AI/install/message_info/include/message_info/msg/detail/referee_game_event__struct.hpp\n'}
[15.255127] (message_info) StdoutLine: {'line': b'-- Up-to-date: /Users/mukuyo/Desktop/RI-AI/install/message_info/include/message_info/msg/detail/vision_geometry__struct.hpp\n'}
[15.255586] (message_info) StdoutLine: {'line': b'-- Up-to-date: /Users/mukuyo/Desktop/RI-AI/install/message_info/include/message_info/msg/detail/referee__builder.hpp\n'}
[15.256047] (message_info) StdoutLine: {'line': b'-- Up-to-date: /Users/mukuyo/Desktop/RI-AI/install/message_info/include/message_info/msg/detail/goal_info__builder.hpp\n'}
[15.256691] (message_info) StdoutLine: {'line': b'-- Up-to-date: /Users/mukuyo/Desktop/RI-AI/install/message_info/include/message_info/msg/detail/vision_detections__struct.hpp\n'}
[15.257149] (message_info) StdoutLine: {'line': b'-- Up-to-date: /Users/mukuyo/Desktop/RI-AI/install/message_info/include/message_info/msg/detail/referee_team_info__builder.hpp\n'}
[15.257288] (message_info) StdoutLine: {'line': b'-- Up-to-date: /Users/mukuyo/Desktop/RI-AI/install/message_info/include/message_info/msg/detail/field_circular_arc__struct.hpp\n'}
[15.257424] (message_info) StdoutLine: {'line': b'-- Up-to-date: /Users/mukuyo/Desktop/RI-AI/install/message_info/include/message_info/msg/detail/ball_info__struct.hpp\n'}
[15.257720] (message_info) StdoutLine: {'line': b'-- Up-to-date: /Users/mukuyo/Desktop/RI-AI/install/message_info/include/message_info/msg/detail/field_line_segment__struct.hpp\n'}
[15.257862] (message_info) StdoutLine: {'line': b'-- Up-to-date: /Users/mukuyo/Desktop/RI-AI/install/message_info/include/message_info/msg/detail/robot_commands__struct.hpp\n'}
[15.257977] (message_info) StdoutLine: {'line': b'-- Up-to-date: /Users/mukuyo/Desktop/RI-AI/install/message_info/include/message_info/msg/detail/detection_robot__builder.hpp\n'}
[15.258085] (message_info) StdoutLine: {'line': b'-- Up-to-date: /Users/mukuyo/Desktop/RI-AI/install/message_info/include/message_info/msg/detail/referee_team_info__struct.hpp\n'}
[15.258297] (message_info) StdoutLine: {'line': b'-- Up-to-date: /Users/mukuyo/Desktop/RI-AI/install/message_info/include/message_info/msg/detail/detection_frame__builder.hpp\n'}
[15.258403] (message_info) StdoutLine: {'line': b'-- Up-to-date: /Users/mukuyo/Desktop/RI-AI/install/message_info/include/message_info/msg/detail/robot_command__builder.hpp\n'}
[15.258495] (message_info) StdoutLine: {'line': b'-- Up-to-date: /Users/mukuyo/Desktop/RI-AI/install/message_info/include/message_info/msg/detail/robot_commands__builder.hpp\n'}
[15.258655] (message_info) StdoutLine: {'line': b'-- Up-to-date: /Users/mukuyo/Desktop/RI-AI/install/message_info/include/message_info/msg/detail/detection_robot__struct.hpp\n'}
[15.258794] (message_info) StdoutLine: {'line': b'-- Up-to-date: /Users/mukuyo/Desktop/RI-AI/install/message_info/include/message_info/msg/detail/goal_info__struct.hpp\n'}
[15.258891] (message_info) StdoutLine: {'line': b'-- Up-to-date: /Users/mukuyo/Desktop/RI-AI/install/message_info/include/message_info/msg/detail/detection_frame__traits.hpp\n'}
[15.258983] (message_info) StdoutLine: {'line': b'-- Up-to-date: /Users/mukuyo/Desktop/RI-AI/install/message_info/include/message_info/msg/detail/detection_ball__struct.hpp\n'}
[15.259081] (message_info) StdoutLine: {'line': b'-- Up-to-date: /Users/mukuyo/Desktop/RI-AI/install/message_info/include/message_info/msg/detail/referee_game_event__builder.hpp\n'}
[15.259209] (message_info) StdoutLine: {'line': b'-- Up-to-date: /Users/mukuyo/Desktop/RI-AI/install/message_info/include/message_info/msg/detail/referee__traits.hpp\n'}
[15.259307] (message_info) StdoutLine: {'line': b'-- Up-to-date: /Users/mukuyo/Desktop/RI-AI/install/message_info/include/message_info/msg/detail/test__struct.hpp\n'}
[15.259416] (message_info) StdoutLine: {'line': b'-- Up-to-date: /Users/mukuyo/Desktop/RI-AI/install/message_info/include/message_info/msg/detail/robot_command__struct.hpp\n'}
[15.259510] (message_info) StdoutLine: {'line': b'-- Up-to-date: /Users/mukuyo/Desktop/RI-AI/install/message_info/include/message_info/msg/detail/vision_geometry__traits.hpp\n'}
[15.259603] (message_info) StdoutLine: {'line': b'-- Up-to-date: /Users/mukuyo/Desktop/RI-AI/install/message_info/include/message_info/msg/detail/referee_game_event__traits.hpp\n'}
[15.259693] (message_info) StdoutLine: {'line': b'-- Up-to-date: /Users/mukuyo/Desktop/RI-AI/install/message_info/include/message_info/msg/detail/vision_geometry__builder.hpp\n'}
[15.259815] (message_info) StdoutLine: {'line': b'-- Up-to-date: /Users/mukuyo/Desktop/RI-AI/install/message_info/include/message_info/msg/detail/field_circular_arc__traits.hpp\n'}
[15.259925] (message_info) StdoutLine: {'line': b'-- Up-to-date: /Users/mukuyo/Desktop/RI-AI/install/message_info/include/message_info/msg/detail/ball_info__traits.hpp\n'}
[15.260025] (message_info) StdoutLine: {'line': b'-- Up-to-date: /Users/mukuyo/Desktop/RI-AI/install/message_info/include/message_info/msg/detail/test__builder.hpp\n'}
[15.260130] (message_info) StdoutLine: {'line': b'-- Up-to-date: /Users/mukuyo/Desktop/RI-AI/install/message_info/include/message_info/msg/detail/field_line_segment__traits.hpp\n'}
[15.260265] (message_info) StdoutLine: {'line': b'-- Up-to-date: /Users/mukuyo/Desktop/RI-AI/install/message_info/include/message_info/msg/detail/vision_detections__traits.hpp\n'}
[15.260365] (message_info) StdoutLine: {'line': b'-- Up-to-date: /Users/mukuyo/Desktop/RI-AI/install/message_info/include/message_info/msg/detail/referee_team_info__traits.hpp\n'}
[15.260617] (message_info) StdoutLine: {'line': b'-- Up-to-date: /Users/mukuyo/Desktop/RI-AI/install/message_info/include/message_info/msg/detail/robot_commands__traits.hpp\n'}
[15.260982] (message_info) StdoutLine: {'line': b'-- Up-to-date: /Users/mukuyo/Desktop/RI-AI/install/message_info/include/message_info/msg/test.hpp\n'}
[15.261356] (message_info) StdoutLine: {'line': b'-- Up-to-date: /Users/mukuyo/Desktop/RI-AI/install/message_info/include/message_info/msg/field_line_segment.hpp\n'}
[15.261486] (message_info) StdoutLine: {'line': b'-- Up-to-date: /Users/mukuyo/Desktop/RI-AI/install/message_info/include/message_info/msg/referee.hpp\n'}
[15.261590] (message_info) StdoutLine: {'line': b'-- Up-to-date: /Users/mukuyo/Desktop/RI-AI/install/message_info/include/message_info/msg/robot_command.hpp\n'}
[15.261701] (message_info) StdoutLine: {'line': b'-- Up-to-date: /Users/mukuyo/Desktop/RI-AI/install/message_info/include/message_info/msg/referee_team_info.hpp\n'}
[15.261934] (message_info) StdoutLine: {'line': b'-- Up-to-date: /Users/mukuyo/Desktop/RI-AI/install/message_info/include/message_info/msg/detection_ball.hpp\n'}
[15.262038] (message_info) StdoutLine: {'line': b'-- Up-to-date: /Users/mukuyo/Desktop/RI-AI/install/message_info/include/message_info/msg/vision_geometry.hpp\n'}
[15.262126] (message_info) StdoutLine: {'line': b'-- Up-to-date: /Users/mukuyo/Desktop/RI-AI/install/message_info/include/message_info/msg/goal_info.hpp\n'}
[15.262226] (message_info) StdoutLine: {'line': b'-- Up-to-date: /Users/mukuyo/Desktop/RI-AI/install/message_info/include/message_info\n'}
[15.262314] (message_info) StdoutLine: {'line': b'-- Up-to-date: /Users/mukuyo/Desktop/RI-AI/install/message_info/include/message_info/msg\n'}
[15.262402] (message_info) StdoutLine: {'line': b'-- Up-to-date: /Users/mukuyo/Desktop/RI-AI/install/message_info/include/message_info/msg/detail\n'}
[15.262551] (message_info) StdoutLine: {'line': b'-- Up-to-date: /Users/mukuyo/Desktop/RI-AI/install/message_info/include/message_info/msg/detail/referee_team_info__rosidl_typesupport_introspection_cpp.hpp\n'}
[15.262646] (message_info) StdoutLine: {'line': b'-- Up-to-date: /Users/mukuyo/Desktop/RI-AI/install/message_info/include/message_info/msg/detail/vision_detections__rosidl_typesupport_introspection_cpp.hpp\n'}
[15.262848] (message_info) StdoutLine: {'line': b'-- Up-to-date: /Users/mukuyo/Desktop/RI-AI/install/message_info/include/message_info/msg/detail/robot_command__type_support.cpp\n'}
[15.262996] (message_info) StdoutLine: {'line': b'-- Up-to-date: /Users/mukuyo/Desktop/RI-AI/install/message_info/include/message_info/msg/detail/vision_detections__type_support.cpp\n'}
[15.263089] (message_info) StdoutLine: {'line': b'-- Up-to-date: /Users/mukuyo/Desktop/RI-AI/install/message_info/include/message_info/msg/detail/detection_ball__rosidl_typesupport_introspection_cpp.hpp\n'}
[15.263176] (message_info) StdoutLine: {'line': b'-- Up-to-date: /Users/mukuyo/Desktop/RI-AI/install/message_info/include/message_info/msg/detail/vision_geometry__rosidl_typesupport_introspection_cpp.hpp\n'}
[15.263260] (message_info) StdoutLine: {'line': b'-- Up-to-date: /Users/mukuyo/Desktop/RI-AI/install/message_info/include/message_info/msg/detail/referee_team_info__type_support.cpp\n'}
[15.263344] (message_info) StdoutLine: {'line': b'-- Up-to-date: /Users/mukuyo/Desktop/RI-AI/install/message_info/include/message_info/msg/detail/detection_ball__type_support.cpp\n'}
[15.263465] (message_info) StdoutLine: {'line': b'-- Up-to-date: /Users/mukuyo/Desktop/RI-AI/install/message_info/include/message_info/msg/detail/goal_info__rosidl_typesupport_introspection_cpp.hpp\n'}
[15.263552] (message_info) StdoutLine: {'line': b'-- Up-to-date: /Users/mukuyo/Desktop/RI-AI/install/message_info/include/message_info/msg/detail/robot_command__rosidl_typesupport_introspection_cpp.hpp\n'}
[15.263633] (message_info) StdoutLine: {'line': b'-- Up-to-date: /Users/mukuyo/Desktop/RI-AI/install/message_info/include/message_info/msg/detail/detection_robot__rosidl_typesupport_introspection_cpp.hpp\n'}
[15.263716] (message_info) StdoutLine: {'line': b'-- Up-to-date: /Users/mukuyo/Desktop/RI-AI/install/message_info/include/message_info/msg/detail/field_line_segment__rosidl_typesupport_introspection_cpp.hpp\n'}
[15.263809] (message_info) StdoutLine: {'line': b'-- Up-to-date: /Users/mukuyo/Desktop/RI-AI/install/message_info/include/message_info/msg/detail/field_line_segment__type_support.cpp\n'}
[15.263892] (message_info) StdoutLine: {'line': b'-- Up-to-date: /Users/mukuyo/Desktop/RI-AI/install/message_info/include/message_info/msg/detail/robot_commands__type_support.cpp\n'}
[15.264014] (message_info) StdoutLine: {'line': b'-- Up-to-date: /Users/mukuyo/Desktop/RI-AI/install/message_info/include/message_info/msg/detail/referee_game_event__type_support.cpp\n'}
[15.264166] (message_info) StdoutLine: {'line': b'-- Up-to-date: /Users/mukuyo/Desktop/RI-AI/install/message_info/include/message_info/msg/detail/field_circular_arc__rosidl_typesupport_introspection_cpp.hpp\n'}
[15.264259] (message_info) StdoutLine: {'line': b'-- Up-to-date: /Users/mukuyo/Desktop/RI-AI/install/message_info/include/message_info/msg/detail/robot_commands__rosidl_typesupport_introspection_cpp.hpp\n'}
[15.264345] (message_info) StdoutLine: {'line': b'-- Up-to-date: /Users/mukuyo/Desktop/RI-AI/install/message_info/include/message_info/msg/detail/test__rosidl_typesupport_introspection_cpp.hpp\n'}
[15.264433] (message_info) StdoutLine: {'line': b'-- Up-to-date: /Users/mukuyo/Desktop/RI-AI/install/message_info/include/message_info/msg/detail/vision_geometry__type_support.cpp\n'}
[15.264519] (message_info) StdoutLine: {'line': b'-- Up-to-date: /Users/mukuyo/Desktop/RI-AI/install/message_info/include/message_info/msg/detail/detection_robot__type_support.cpp\n'}
[15.264605] (message_info) StdoutLine: {'line': b'-- Up-to-date: /Users/mukuyo/Desktop/RI-AI/install/message_info/include/message_info/msg/detail/detection_frame__rosidl_typesupport_introspection_cpp.hpp\n'}
[15.264692] (message_info) StdoutLine: {'line': b'-- Up-to-date: /Users/mukuyo/Desktop/RI-AI/install/message_info/include/message_info/msg/detail/goal_info__type_support.cpp\n'}
[15.264851] (message_info) StdoutLine: {'line': b'-- Up-to-date: /Users/mukuyo/Desktop/RI-AI/install/message_info/include/message_info/msg/detail/field_circular_arc__type_support.cpp\n'}
[15.265085] (message_info) StdoutLine: {'line': b'-- Up-to-date: /Users/mukuyo/Desktop/RI-AI/install/message_info/include/message_info/msg/detail/ball_info__rosidl_typesupport_introspection_cpp.hpp\n'}
[15.265176] (message_info) StdoutLine: {'line': b'-- Up-to-date: /Users/mukuyo/Desktop/RI-AI/install/message_info/include/message_info/msg/detail/referee__rosidl_typesupport_introspection_cpp.hpp\n'}
[15.265287] (message_info) StdoutLine: {'line': b'-- Up-to-date: /Users/mukuyo/Desktop/RI-AI/install/message_info/include/message_info/msg/detail/referee_game_event__rosidl_typesupport_introspection_cpp.hpp\n'}
[15.265449] (message_info) StdoutLine: {'line': b'-- Up-to-date: /Users/mukuyo/Desktop/RI-AI/install/message_info/include/message_info/msg/detail/referee__type_support.cpp\n'}
[15.265604] (message_info) StdoutLine: {'line': b'-- Up-to-date: /Users/mukuyo/Desktop/RI-AI/install/message_info/include/message_info/msg/detail/detection_frame__type_support.cpp\n'}
[15.265700] (message_info) StdoutLine: {'line': b'-- Up-to-date: /Users/mukuyo/Desktop/RI-AI/install/message_info/include/message_info/msg/detail/test__type_support.cpp\n'}
[15.265928] (message_info) StdoutLine: {'line': b'-- Up-to-date: /Users/mukuyo/Desktop/RI-AI/install/message_info/include/message_info/msg/detail/ball_info__type_support.cpp\n'}
[15.266155] (message_info) StdoutLine: {'line': b'-- Installing: /Users/mukuyo/Desktop/RI-AI/install/message_info/lib/libmessage_info__rosidl_typesupport_introspection_cpp.dylib\n'}
[15.276822] (-) TimerEvent: {}
[15.329591] (message_info) StdoutLine: {'line': b'-- Installing: /Users/mukuyo/Desktop/RI-AI/install/message_info/lib/libmessage_info__rosidl_typesupport_cpp.dylib\n'}
[15.378340] (-) TimerEvent: {}
[15.395637] (message_info) StdoutLine: {'line': b'-- Up-to-date: /Users/mukuyo/Desktop/RI-AI/install/message_info/share/message_info/environment/pythonpath.sh\n'}
[15.396102] (message_info) StdoutLine: {'line': b'-- Up-to-date: /Users/mukuyo/Desktop/RI-AI/install/message_info/share/message_info/environment/pythonpath.dsv\n'}
[15.396357] (message_info) StdoutLine: {'line': b'-- Up-to-date: /Users/mukuyo/Desktop/RI-AI/install/message_info/lib/python3.8/site-packages/message_info/__init__.py\n'}
[15.482790] (-) TimerEvent: {}
[15.491692] (message_info) StdoutLine: {'line': b'-- Up-to-date: /Users/mukuyo/Desktop/RI-AI/install/message_info/lib/python3.8/site-packages/message_info/msg\n'}
[15.492676] (message_info) StdoutLine: {'line': b'-- Up-to-date: /Users/mukuyo/Desktop/RI-AI/install/message_info/lib/python3.8/site-packages/message_info/msg/_referee_team_info_s.c\n'}
[15.493591] (message_info) StdoutLine: {'line': b'-- Up-to-date: /Users/mukuyo/Desktop/RI-AI/install/message_info/lib/python3.8/site-packages/message_info/msg/_field_circular_arc_s.c\n'}
[15.494409] (message_info) StdoutLine: {'line': b'-- Up-to-date: /Users/mukuyo/Desktop/RI-AI/install/message_info/lib/python3.8/site-packages/message_info/msg/_referee_team_info.py\n'}
[15.495026] (message_info) StdoutLine: {'line': b'-- Up-to-date: /Users/mukuyo/Desktop/RI-AI/install/message_info/lib/python3.8/site-packages/message_info/msg/_detection_frame_s.c\n'}
[15.495800] (message_info) StdoutLine: {'line': b'-- Up-to-date: /Users/mukuyo/Desktop/RI-AI/install/message_info/lib/python3.8/site-packages/message_info/msg/_detection_robot.py\n'}
[15.496974] (message_info) StdoutLine: {'line': b'-- Up-to-date: /Users/mukuyo/Desktop/RI-AI/install/message_info/lib/python3.8/site-packages/message_info/msg/_referee.py\n'}
[15.497582] (message_info) StdoutLine: {'line': b'-- Up-to-date: /Users/mukuyo/Desktop/RI-AI/install/message_info/lib/python3.8/site-packages/message_info/msg/_detection_robot_s.c\n'}
[15.497919] (message_info) StdoutLine: {'line': b'-- Up-to-date: /Users/mukuyo/Desktop/RI-AI/install/message_info/lib/python3.8/site-packages/message_info/msg/_goal_info.py\n'}
[15.498250] (message_info) StdoutLine: {'line': b'-- Up-to-date: /Users/mukuyo/Desktop/RI-AI/install/message_info/lib/python3.8/site-packages/message_info/msg/_vision_detections.py\n'}
[15.498504] (message_info) StdoutLine: {'line': b'-- Up-to-date: /Users/mukuyo/Desktop/RI-AI/install/message_info/lib/python3.8/site-packages/message_info/msg/_detection_frame.py\n'}
[15.498719] (message_info) StdoutLine: {'line': b'-- Up-to-date: /Users/mukuyo/Desktop/RI-AI/install/message_info/lib/python3.8/site-packages/message_info/msg/_robot_command.py\n'}
[15.498901] (message_info) StdoutLine: {'line': b'-- Up-to-date: /Users/mukuyo/Desktop/RI-AI/install/message_info/lib/python3.8/site-packages/message_info/msg/__init__.py\n'}
[15.499072] (message_info) StdoutLine: {'line': b'-- Up-to-date: /Users/mukuyo/Desktop/RI-AI/install/message_info/lib/python3.8/site-packages/message_info/msg/_referee_game_event.py\n'}
[15.499188] (message_info) StdoutLine: {'line': b'-- Up-to-date: /Users/mukuyo/Desktop/RI-AI/install/message_info/lib/python3.8/site-packages/message_info/msg/_ball_info_s.c\n'}
[15.499295] (message_info) StdoutLine: {'line': b'-- Up-to-date: /Users/mukuyo/Desktop/RI-AI/install/message_info/lib/python3.8/site-packages/message_info/msg/_robot_commands_s.c\n'}
[15.499530] (message_info) StdoutLine: {'line': b'-- Up-to-date: /Users/mukuyo/Desktop/RI-AI/install/message_info/lib/python3.8/site-packages/message_info/msg/_referee_game_event_s.c\n'}
[15.499738] (message_info) StdoutLine: {'line': b'-- Up-to-date: /Users/mukuyo/Desktop/RI-AI/install/message_info/lib/python3.8/site-packages/message_info/msg/_test.py\n'}
[15.499924] (message_info) StdoutLine: {'line': b'-- Up-to-date: /Users/mukuyo/Desktop/RI-AI/install/message_info/lib/python3.8/site-packages/message_info/msg/_field_circular_arc.py\n'}
[15.500104] (message_info) StdoutLine: {'line': b'-- Up-to-date: /Users/mukuyo/Desktop/RI-AI/install/message_info/lib/python3.8/site-packages/message_info/msg/_robot_command_s.c\n'}
[15.500209] (message_info) StdoutLine: {'line': b'-- Up-to-date: /Users/mukuyo/Desktop/RI-AI/install/message_info/lib/python3.8/site-packages/message_info/msg/_goal_info_s.c\n'}
[15.500309] (message_info) StdoutLine: {'line': b'-- Up-to-date: /Users/mukuyo/Desktop/RI-AI/install/message_info/lib/python3.8/site-packages/message_info/msg/_referee_s.c\n'}
[15.500415] (message_info) StdoutLine: {'line': b'-- Up-to-date: /Users/mukuyo/Desktop/RI-AI/install/message_info/lib/python3.8/site-packages/message_info/msg/_field_line_segment_s.c\n'}
[15.500524] (message_info) StdoutLine: {'line': b'-- Up-to-date: /Users/mukuyo/Desktop/RI-AI/install/message_info/lib/python3.8/site-packages/message_info/msg/_vision_detections_s.c\n'}
[15.500742] (message_info) StdoutLine: {'line': b'-- Up-to-date: /Users/mukuyo/Desktop/RI-AI/install/message_info/lib/python3.8/site-packages/message_info/msg/_vision_geometry_s.c\n'}
[15.500926] (message_info) StdoutLine: {'line': b'-- Up-to-date: /Users/mukuyo/Desktop/RI-AI/install/message_info/lib/python3.8/site-packages/message_info/msg/_robot_commands.py\n'}
[15.501114] (message_info) StdoutLine: {'line': b'-- Up-to-date: /Users/mukuyo/Desktop/RI-AI/install/message_info/lib/python3.8/site-packages/message_info/msg/_ball_info.py\n'}
[15.501355] (message_info) StdoutLine: {'line': b'-- Up-to-date: /Users/mukuyo/Desktop/RI-AI/install/message_info/lib/python3.8/site-packages/message_info/msg/_test_s.c\n'}
[15.501580] (message_info) StdoutLine: {'line': b'-- Up-to-date: /Users/mukuyo/Desktop/RI-AI/install/message_info/lib/python3.8/site-packages/message_info/msg/_detection_ball.py\n'}
[15.501836] (message_info) StdoutLine: {'line': b'-- Up-to-date: /Users/mukuyo/Desktop/RI-AI/install/message_info/lib/python3.8/site-packages/message_info/msg/_vision_geometry.py\n'}
[15.502040] (message_info) StdoutLine: {'line': b'-- Up-to-date: /Users/mukuyo/Desktop/RI-AI/install/message_info/lib/python3.8/site-packages/message_info/msg/_detection_ball_s.c\n'}
[15.502395] (message_info) StdoutLine: {'line': b'-- Up-to-date: /Users/mukuyo/Desktop/RI-AI/install/message_info/lib/python3.8/site-packages/message_info/msg/_field_line_segment.py\n'}
[15.502575] (message_info) StdoutLine: {'line': b'-- Installing: /Users/mukuyo/Desktop/RI-AI/install/message_info/lib/python3.8/site-packages/message_info/message_info_s__rosidl_typesupport_fastrtps_c.cpython-38-darwin.so\n'}
[15.584853] (-) TimerEvent: {}
[15.687111] (-) TimerEvent: {}
[15.779259] (message_info) StdoutLine: {'line': b'-- Installing: /Users/mukuyo/Desktop/RI-AI/install/message_info/lib/python3.8/site-packages/message_info/message_info_s__rosidl_typesupport_introspection_c.cpython-38-darwin.so\n'}
[15.788358] (-) TimerEvent: {}
[15.893295] (-) TimerEvent: {}
[15.998650] (-) TimerEvent: {}
[16.102961] (-) TimerEvent: {}
[16.116993] (message_info) StdoutLine: {'line': b'-- Installing: /Users/mukuyo/Desktop/RI-AI/install/message_info/lib/python3.8/site-packages/message_info/message_info_s__rosidl_typesupport_c.cpython-38-darwin.so\n'}
[16.204938] (-) TimerEvent: {}
[16.309953] (-) TimerEvent: {}
[16.412128] (-) TimerEvent: {}
[16.429992] (message_info) StdoutLine: {'line': b'-- Installing: /Users/mukuyo/Desktop/RI-AI/install/message_info/lib/libmessage_info__python.dylib\n'}
[16.512195] (-) TimerEvent: {}
[16.615998] (-) TimerEvent: {}
[16.680044] (message_info) StdoutLine: {'line': b'-- Up-to-date: /Users/mukuyo/Desktop/RI-AI/install/message_info/share/message_info/msg/RefereeGameEvent.idl\n'}
[16.680723] (message_info) StdoutLine: {'line': b'-- Up-to-date: /Users/mukuyo/Desktop/RI-AI/install/message_info/share/message_info/msg/RefereeTeamInfo.idl\n'}
[16.681010] (message_info) StdoutLine: {'line': b'-- Up-to-date: /Users/mukuyo/Desktop/RI-AI/install/message_info/share/message_info/msg/Referee.idl\n'}
[16.681337] (message_info) StdoutLine: {'line': b'-- Up-to-date: /Users/mukuyo/Desktop/RI-AI/install/message_info/share/message_info/msg/FieldCircularArc.idl\n'}
[16.681748] (message_info) StdoutLine: {'line': b'-- Up-to-date: /Users/mukuyo/Desktop/RI-AI/install/message_info/share/message_info/msg/FieldLineSegment.idl\n'}
[16.681988] (message_info) StdoutLine: {'line': b'-- Up-to-date: /Users/mukuyo/Desktop/RI-AI/install/message_info/share/message_info/msg/VisionGeometry.idl\n'}
[16.682535] (message_info) StdoutLine: {'line': b'-- Up-to-date: /Users/mukuyo/Desktop/RI-AI/install/message_info/share/message_info/msg/DetectionBall.idl\n'}
[16.682866] (message_info) StdoutLine: {'line': b'-- Up-to-date: /Users/mukuyo/Desktop/RI-AI/install/message_info/share/message_info/msg/DetectionRobot.idl\n'}
[16.683301] (message_info) StdoutLine: {'line': b'-- Up-to-date: /Users/mukuyo/Desktop/RI-AI/install/message_info/share/message_info/msg/DetectionFrame.idl\n'}
[16.683750] (message_info) StdoutLine: {'line': b'-- Up-to-date: /Users/mukuyo/Desktop/RI-AI/install/message_info/share/message_info/msg/VisionDetections.idl\n'}
[16.684303] (message_info) StdoutLine: {'line': b'-- Up-to-date: /Users/mukuyo/Desktop/RI-AI/install/message_info/share/message_info/msg/RobotCommand.idl\n'}
[16.685145] (message_info) StdoutLine: {'line': b'-- Up-to-date: /Users/mukuyo/Desktop/RI-AI/install/message_info/share/message_info/msg/RobotCommands.idl\n'}
[16.685793] (message_info) StdoutLine: {'line': b'-- Up-to-date: /Users/mukuyo/Desktop/RI-AI/install/message_info/share/message_info/msg/Test.idl\n'}
[16.686512] (message_info) StdoutLine: {'line': b'-- Up-to-date: /Users/mukuyo/Desktop/RI-AI/install/message_info/share/message_info/msg/BallInfo.idl\n'}
[16.687718] (message_info) StdoutLine: {'line': b'-- Up-to-date: /Users/mukuyo/Desktop/RI-AI/install/message_info/share/message_info/msg/GoalInfo.idl\n'}
[16.689981] (message_info) StdoutLine: {'line': b'-- Up-to-date: /Users/mukuyo/Desktop/RI-AI/install/message_info/share/message_info/msg/RefereeGameEvent.msg\n'}
[16.691074] (message_info) StdoutLine: {'line': b'-- Up-to-date: /Users/mukuyo/Desktop/RI-AI/install/message_info/share/message_info/msg/RefereeTeamInfo.msg\n'}
[16.692203] (message_info) StdoutLine: {'line': b'-- Up-to-date: /Users/mukuyo/Desktop/RI-AI/install/message_info/share/message_info/msg/Referee.msg\n'}
[16.693050] (message_info) StdoutLine: {'line': b'-- Up-to-date: /Users/mukuyo/Desktop/RI-AI/install/message_info/share/message_info/msg/FieldCircularArc.msg\n'}
[16.693547] (message_info) StdoutLine: {'line': b'-- Up-to-date: /Users/mukuyo/Desktop/RI-AI/install/message_info/share/message_info/msg/FieldLineSegment.msg\n'}
[16.693672] (message_info) StdoutLine: {'line': b'-- Up-to-date: /Users/mukuyo/Desktop/RI-AI/install/message_info/share/message_info/msg/VisionGeometry.msg\n'}
[16.693889] (message_info) StdoutLine: {'line': b'-- Up-to-date: /Users/mukuyo/Desktop/RI-AI/install/message_info/share/message_info/msg/DetectionBall.msg\n'}
[16.693992] (message_info) StdoutLine: {'line': b'-- Up-to-date: /Users/mukuyo/Desktop/RI-AI/install/message_info/share/message_info/msg/DetectionRobot.msg\n'}
[16.694122] (message_info) StdoutLine: {'line': b'-- Up-to-date: /Users/mukuyo/Desktop/RI-AI/install/message_info/share/message_info/msg/DetectionFrame.msg\n'}
[16.694223] (message_info) StdoutLine: {'line': b'-- Up-to-date: /Users/mukuyo/Desktop/RI-AI/install/message_info/share/message_info/msg/VisionDetections.msg\n'}
[16.694312] (message_info) StdoutLine: {'line': b'-- Up-to-date: /Users/mukuyo/Desktop/RI-AI/install/message_info/share/message_info/msg/RobotCommand.msg\n'}
[16.694399] (message_info) StdoutLine: {'line': b'-- Up-to-date: /Users/mukuyo/Desktop/RI-AI/install/message_info/share/message_info/msg/RobotCommands.msg\n'}
[16.694510] (message_info) StdoutLine: {'line': b'-- Up-to-date: /Users/mukuyo/Desktop/RI-AI/install/message_info/share/message_info/msg/Test.msg\n'}
[16.694595] (message_info) StdoutLine: {'line': b'-- Up-to-date: /Users/mukuyo/Desktop/RI-AI/install/message_info/share/message_info/msg/BallInfo.msg\n'}
[16.694691] (message_info) StdoutLine: {'line': b'-- Up-to-date: /Users/mukuyo/Desktop/RI-AI/install/message_info/share/message_info/msg/GoalInfo.msg\n'}
[16.694778] (message_info) StdoutLine: {'line': b'-- Up-to-date: /Users/mukuyo/Desktop/RI-AI/install/message_info/share/ament_index/resource_index/package_run_dependencies/message_info\n'}
[16.694865] (message_info) StdoutLine: {'line': b'-- Up-to-date: /Users/mukuyo/Desktop/RI-AI/install/message_info/share/ament_index/resource_index/parent_prefix_path/message_info\n'}
[16.694961] (message_info) StdoutLine: {'line': b'-- Up-to-date: /Users/mukuyo/Desktop/RI-AI/install/message_info/share/message_info/environment/ament_prefix_path.sh\n'}
[16.695079] (message_info) StdoutLine: {'line': b'-- Up-to-date: /Users/mukuyo/Desktop/RI-AI/install/message_info/share/message_info/environment/ament_prefix_path.dsv\n'}
[16.695187] (message_info) StdoutLine: {'line': b'-- Up-to-date: /Users/mukuyo/Desktop/RI-AI/install/message_info/share/message_info/environment/path.sh\n'}
[16.695291] (message_info) StdoutLine: {'line': b'-- Up-to-date: /Users/mukuyo/Desktop/RI-AI/install/message_info/share/message_info/environment/path.dsv\n'}
[16.695651] (message_info) StdoutLine: {'line': b'-- Up-to-date: /Users/mukuyo/Desktop/RI-AI/install/message_info/share/message_info/local_setup.bash\n'}
[16.695827] (message_info) StdoutLine: {'line': b'-- Up-to-date: /Users/mukuyo/Desktop/RI-AI/install/message_info/share/message_info/local_setup.sh\n'}
[16.696073] (message_info) StdoutLine: {'line': b'-- Up-to-date: /Users/mukuyo/Desktop/RI-AI/install/message_info/share/message_info/local_setup.zsh\n'}
[16.696173] (message_info) StdoutLine: {'line': b'-- Up-to-date: /Users/mukuyo/Desktop/RI-AI/install/message_info/share/message_info/local_setup.dsv\n'}
[16.696260] (message_info) StdoutLine: {'line': b'-- Installing: /Users/mukuyo/Desktop/RI-AI/install/message_info/share/message_info/package.dsv\n'}
[16.696345] (message_info) StdoutLine: {'line': b'-- Up-to-date: /Users/mukuyo/Desktop/RI-AI/install/message_info/share/ament_index/resource_index/packages/message_info\n'}
[16.697395] (message_info) StdoutLine: {'line': b'-- Up-to-date: /Users/mukuyo/Desktop/RI-AI/install/message_info/share/message_info/cmake/message_info__rosidl_generator_cExport.cmake\n'}
[16.697646] (message_info) StdoutLine: {'line': b'-- Up-to-date: /Users/mukuyo/Desktop/RI-AI/install/message_info/share/message_info/cmake/message_info__rosidl_generator_cExport-noconfig.cmake\n'}
[16.699040] (message_info) StdoutLine: {'line': b'-- Up-to-date: /Users/mukuyo/Desktop/RI-AI/install/message_info/share/message_info/cmake/message_info__rosidl_typesupport_introspection_cExport.cmake\n'}
[16.699612] (message_info) StdoutLine: {'line': b'-- Up-to-date: /Users/mukuyo/Desktop/RI-AI/install/message_info/share/message_info/cmake/message_info__rosidl_typesupport_introspection_cExport-noconfig.cmake\n'}
[16.700955] (message_info) StdoutLine: {'line': b'-- Up-to-date: /Users/mukuyo/Desktop/RI-AI/install/message_info/share/message_info/cmake/message_info__rosidl_typesupport_cExport.cmake\n'}
[16.701566] (message_info) StdoutLine: {'line': b'-- Up-to-date: /Users/mukuyo/Desktop/RI-AI/install/message_info/share/message_info/cmake/message_info__rosidl_typesupport_cExport-noconfig.cmake\n'}
[16.702807] (message_info) StdoutLine: {'line': b'-- Up-to-date: /Users/mukuyo/Desktop/RI-AI/install/message_info/share/message_info/cmake/message_info__rosidl_generator_cppExport.cmake\n'}
[16.705118] (message_info) StdoutLine: {'line': b'-- Up-to-date: /Users/mukuyo/Desktop/RI-AI/install/message_info/share/message_info/cmake/message_info__rosidl_typesupport_introspection_cppExport.cmake\n'}
[16.705818] (message_info) StdoutLine: {'line': b'-- Up-to-date: /Users/mukuyo/Desktop/RI-AI/install/message_info/share/message_info/cmake/message_info__rosidl_typesupport_introspection_cppExport-noconfig.cmake\n'}
[16.707323] (message_info) StdoutLine: {'line': b'-- Up-to-date: /Users/mukuyo/Desktop/RI-AI/install/message_info/share/message_info/cmake/message_info__rosidl_typesupport_cppExport.cmake\n'}
[16.707806] (message_info) StdoutLine: {'line': b'-- Up-to-date: /Users/mukuyo/Desktop/RI-AI/install/message_info/share/message_info/cmake/message_info__rosidl_typesupport_cppExport-noconfig.cmake\n'}
[16.708338] (message_info) StdoutLine: {'line': b'-- Up-to-date: /Users/mukuyo/Desktop/RI-AI/install/message_info/share/message_info/cmake/rosidl_cmake-extras.cmake\n'}
[16.708811] (message_info) StdoutLine: {'line': b'-- Up-to-date: /Users/mukuyo/Desktop/RI-AI/install/message_info/share/message_info/cmake/ament_cmake_export_dependencies-extras.cmake\n'}
[16.709301] (message_info) StdoutLine: {'line': b'-- Up-to-date: /Users/mukuyo/Desktop/RI-AI/install/message_info/share/message_info/cmake/ament_cmake_export_libraries-extras.cmake\n'}
[16.709704] (message_info) StdoutLine: {'line': b'-- Up-to-date: /Users/mukuyo/Desktop/RI-AI/install/message_info/share/message_info/cmake/ament_cmake_export_targets-extras.cmake\n'}
[16.709880] (message_info) StdoutLine: {'line': b'-- Up-to-date: /Users/mukuyo/Desktop/RI-AI/install/message_info/share/message_info/cmake/ament_cmake_export_include_directories-extras.cmake\n'}
[16.710045] (message_info) StdoutLine: {'line': b'-- Up-to-date: /Users/mukuyo/Desktop/RI-AI/install/message_info/share/message_info/cmake/rosidl_cmake_export_typesupport_libraries-extras.cmake\n'}
[16.710235] (message_info) StdoutLine: {'line': b'-- Up-to-date: /Users/mukuyo/Desktop/RI-AI/install/message_info/share/message_info/cmake/rosidl_cmake_export_typesupport_targets-extras.cmake\n'}
[16.710454] (message_info) StdoutLine: {'line': b'-- Up-to-date: /Users/mukuyo/Desktop/RI-AI/install/message_info/share/message_info/cmake/message_infoConfig.cmake\n'}
[16.710650] (message_info) StdoutLine: {'line': b'-- Up-to-date: /Users/mukuyo/Desktop/RI-AI/install/message_info/share/message_info/cmake/message_infoConfig-version.cmake\n'}
[16.710818] (message_info) StdoutLine: {'line': b'-- Up-to-date: /Users/mukuyo/Desktop/RI-AI/install/message_info/share/message_info/package.xml\n'}
[16.713136] (message_info) CommandEnded: {'returncode': 0}
[16.728284] (-) TimerEvent: {}
[16.796495] (message_info) JobEnded: {'identifier': 'message_info', 'rc': 0}
[16.839654] (-) TimerEvent: {}
[16.839951] (main) JobStarted: {'identifier': 'main'}
[16.853691] (reciever) JobStarted: {'identifier': 'reciever'}
[16.914441] (sender) JobStarted: {'identifier': 'sender'}
[16.946607] (-) TimerEvent: {}
[16.984249] (main) JobProgress: {'identifier': 'main', 'progress': 'cmake'}
[16.988921] (main) JobProgress: {'identifier': 'main', 'progress': 'build'}
[16.990387] (main) Command: {'cmd': ['/usr/local/bin/cmake', '--build', '/Users/mukuyo/Desktop/RI-AI/build/main', '--', '-j8', '-l8'], 'cwd': '/Users/mukuyo/Desktop/RI-AI/build/main', 'env': OrderedDict([('TERM_PROGRAM', 'Apple_Terminal'), ('SHELL', '/bin/zsh'), ('TERM', 'xterm-256color'), ('TMPDIR', '/var/folders/gd/nzkytg853t71yy2sknch_fh00000gn/T/'), ('TERM_PROGRAM_VERSION', '433'), ('OPENSSL_INCLUDE_DIR', '/usr/local/opt/openssl@1.1'), ('ROS_PYTHON_VERSION', '3'), ('ROS_VERSION', '2'), ('COLCON_PREFIX_PATH', '/Users/mukuyo/Desktop/RI-AI/install:/Users/mukuyo/ros2_ws/ros2-osx'), ('TERM_SESSION_ID', '8D1155C4-CE29-4B70-9541-E4D2254AF0C1'), ('AMENT_PREFIX_PATH', '/Users/mukuyo/Desktop/RI-AI/install/sender:/Users/mukuyo/Desktop/RI-AI/install/reciever:/Users/mukuyo/Desktop/RI-AI/install/proto_info:/Users/mukuyo/Desktop/RI-AI/install/main:/Users/mukuyo/Desktop/RI-AI/install/message_info:/Users/mukuyo/ros2_ws/ros2-osx'), ('USER', 'mukuyo'), ('SSH_AUTH_SOCK', '/private/tmp/com.apple.launchd.kQff0tjRpm/Listeners'), ('__CF_USER_TEXT_ENCODING', '0x1F5:0x1:0xE'), ('PATH', '/Users/mukuyo/ros2_ws/ros2-osx/bin:/usr/local/bin:/usr/bin:/bin:/usr/sbin:/sbin:/Applications/VMware Fusion.app/Contents/Public:/usr/local/share/dotnet:/opt/X11/bin:~/.dotnet/tools:/Library/Apple/usr/bin:/Library/Frameworks/Mono.framework/Versions/Current/Commands:/Applications/microchip/xc16/v1.41/bin'), ('LaunchInstanceID', '06227F25-9967-42BE-B4FA-F13E3F172A92'), ('PWD', '/Users/mukuyo/Desktop/RI-AI/build/main'), ('COLCON', '1'), ('LANG', 'ja_JP.UTF-8'), ('XPC_FLAGS', '0x0'), ('XPC_SERVICE_NAME', '0'), ('OPENSSL_ROOT_DIR', '/usr/local/opt/openssl@1.1'), ('SHLVL', '2'), ('HOME', '/Users/mukuyo'), ('ROS_DISTRO', 'foxy'), ('DYLD_LIBRARY_PATH', '/Users/mukuyo/Desktop/RI-AI/install/message_info/lib:/Users/mukuyo/Desktop/RI-AI/install/sender/lib:/Users/mukuyo/Desktop/RI-AI/install/proto_info/lib:/Users/mukuyo/ros2_ws/ros2-osx/opt/yaml_cpp_vendor/lib:/Users/mukuyo/ros2_ws/ros2-osx/opt/rviz_ogre_vendor/lib:/Users/mukuyo/ros2_ws/ros2-osx/lib'), ('PYTHONPATH', '/Users/mukuyo/Desktop/RI-AI/install/message_info/lib/python3.8/site-packages:/Users/mukuyo/Desktop/RI-AI/install/sender/lib/python3.8/site-packages:/Users/mukuyo/Desktop/RI-AI/install/proto_info/lib/python3.8/site-packages:/Users/mukuyo/ros2_ws/ros2-osx/lib/python3.8/site-packages'), ('LOGNAME', 'mukuyo'), ('PKG_CONFIG_PATH', '/Users/mukuyo/ros2_ws/ros2-osx/lib/pkgconfig'), ('CMAKE_PREFIX_PATH', '/Users/mukuyo/Desktop/RI-AI/install/message_info:/Users/mukuyo/Desktop/RI-AI/install/sender:/Users/mukuyo/Desktop/RI-AI/install/reciever:/Users/mukuyo/Desktop/RI-AI/install/proto_info:/Users/mukuyo/Desktop/RI-AI/install/main:/Users/mukuyo/ros2_ws/ros2-osx'), ('DISPLAY', '/private/tmp/com.apple.launchd.TJpAG1OE9Q/org.macosforge.xquartz:0'), ('ROS_LOCALHOST_ONLY', '0'), ('SECURITYSESSIONID', '186a6'), ('_', '/usr/bin/env')]), 'shell': False}
[17.050263] (-) TimerEvent: {}
[17.104067] (reciever) JobProgress: {'identifier': 'reciever', 'progress': 'cmake'}
[17.107751] (reciever) JobProgress: {'identifier': 'reciever', 'progress': 'build'}
[17.107883] (reciever) Command: {'cmd': ['/usr/local/bin/cmake', '--build', '/Users/mukuyo/Desktop/RI-AI/build/reciever', '--', '-j8', '-l8'], 'cwd': '/Users/mukuyo/Desktop/RI-AI/build/reciever', 'env': OrderedDict([('TERM_PROGRAM', 'Apple_Terminal'), ('SHELL', '/bin/zsh'), ('TERM', 'xterm-256color'), ('TMPDIR', '/var/folders/gd/nzkytg853t71yy2sknch_fh00000gn/T/'), ('TERM_PROGRAM_VERSION', '433'), ('OPENSSL_INCLUDE_DIR', '/usr/local/opt/openssl@1.1'), ('ROS_PYTHON_VERSION', '3'), ('ROS_VERSION', '2'), ('COLCON_PREFIX_PATH', '/Users/mukuyo/Desktop/RI-AI/install:/Users/mukuyo/ros2_ws/ros2-osx'), ('TERM_SESSION_ID', '8D1155C4-CE29-4B70-9541-E4D2254AF0C1'), ('AMENT_PREFIX_PATH', '/Users/mukuyo/Desktop/RI-AI/install/sender:/Users/mukuyo/Desktop/RI-AI/install/reciever:/Users/mukuyo/Desktop/RI-AI/install/proto_info:/Users/mukuyo/Desktop/RI-AI/install/main:/Users/mukuyo/Desktop/RI-AI/install/message_info:/Users/mukuyo/ros2_ws/ros2-osx'), ('USER', 'mukuyo'), ('SSH_AUTH_SOCK', '/private/tmp/com.apple.launchd.kQff0tjRpm/Listeners'), ('__CF_USER_TEXT_ENCODING', '0x1F5:0x1:0xE'), ('PATH', '/Users/mukuyo/ros2_ws/ros2-osx/bin:/usr/local/bin:/usr/bin:/bin:/usr/sbin:/sbin:/Applications/VMware Fusion.app/Contents/Public:/usr/local/share/dotnet:/opt/X11/bin:~/.dotnet/tools:/Library/Apple/usr/bin:/Library/Frameworks/Mono.framework/Versions/Current/Commands:/Applications/microchip/xc16/v1.41/bin'), ('LaunchInstanceID', '06227F25-9967-42BE-B4FA-F13E3F172A92'), ('PWD', '/Users/mukuyo/Desktop/RI-AI/build/reciever'), ('COLCON', '1'), ('LANG', 'ja_JP.UTF-8'), ('XPC_FLAGS', '0x0'), ('XPC_SERVICE_NAME', '0'), ('OPENSSL_ROOT_DIR', '/usr/local/opt/openssl@1.1'), ('SHLVL', '2'), ('HOME', '/Users/mukuyo'), ('ROS_DISTRO', 'foxy'), ('DYLD_LIBRARY_PATH', '/Users/mukuyo/Desktop/RI-AI/install/proto_info/lib:/Users/mukuyo/Desktop/RI-AI/install/message_info/lib:/Users/mukuyo/Desktop/RI-AI/install/sender/lib:/Users/mukuyo/ros2_ws/ros2-osx/opt/yaml_cpp_vendor/lib:/Users/mukuyo/ros2_ws/ros2-osx/opt/rviz_ogre_vendor/lib:/Users/mukuyo/ros2_ws/ros2-osx/lib'), ('PYTHONPATH', '/Users/mukuyo/Desktop/RI-AI/install/proto_info/lib/python3.8/site-packages:/Users/mukuyo/Desktop/RI-AI/install/message_info/lib/python3.8/site-packages:/Users/mukuyo/Desktop/RI-AI/install/sender/lib/python3.8/site-packages:/Users/mukuyo/ros2_ws/ros2-osx/lib/python3.8/site-packages'), ('LOGNAME', 'mukuyo'), ('PKG_CONFIG_PATH', '/Users/mukuyo/ros2_ws/ros2-osx/lib/pkgconfig'), ('CMAKE_PREFIX_PATH', '/Users/mukuyo/Desktop/RI-AI/install/proto_info:/Users/mukuyo/Desktop/RI-AI/install/message_info:/Users/mukuyo/Desktop/RI-AI/install/sender:/Users/mukuyo/Desktop/RI-AI/install/reciever:/Users/mukuyo/Desktop/RI-AI/install/main:/Users/mukuyo/ros2_ws/ros2-osx'), ('DISPLAY', '/private/tmp/com.apple.launchd.TJpAG1OE9Q/org.macosforge.xquartz:0'), ('ROS_LOCALHOST_ONLY', '0'), ('SECURITYSESSIONID', '186a6'), ('_', '/usr/bin/env')]), 'shell': False}
[17.154562] (-) TimerEvent: {}
[17.156960] (sender) JobProgress: {'identifier': 'sender', 'progress': 'cmake'}
[17.158696] (sender) JobEnded: {'identifier': 'sender', 'rc': 0}
[17.161324] (main) StderrLine: {'line': b'make: *** [cmake_check_build_system] Interrupt: 2\n'}
[17.162091] (reciever) JobEnded: {'identifier': 'reciever', 'rc': 'SIGINT'}
[17.163530] (main) JobEnded: {'identifier': 'main', 'rc': 'SIGINT'}
[17.173571] (-) EventReactorShutdown: {}
