[0.117s] Invoking command in '/Users/mukuyo/Desktop/RI-AI/build/main': AMENT_PREFIX_PATH=/Users/mukuyo/Desktop/RI-AI/install/message_info:${AMENT_PREFIX_PATH} CMAKE_PREFIX_PATH=/Users/mukuyo/Desktop/RI-AI/install/message_info:${CMAKE_PREFIX_PATH} DYLD_LIBRARY_PATH=/Users/mukuyo/Desktop/RI-AI/install/message_info/lib:${DYLD_LIBRARY_PATH} PYTHONPATH=/Users/mukuyo/Desktop/RI-AI/install/message_info/lib/python3.8/site-packages:${PYTHONPATH} SHLVL=2 _=/usr/bin/env /usr/local/bin/cmake --build /Users/mukuyo/Desktop/RI-AI/build/main -- -j8 -l8
[0.383s] -- Found ament_cmake: 0.9.6 (/Users/mukuyo/ros2_ws/ros2-osx/share/ament_cmake/cmake)
[0.486s] -- Using PYTHON_EXECUTABLE: /usr/local/bin/python3
[1.128s] -- Found rclcpp: 2.0.2 (/Users/mukuyo/ros2_ws/ros2-osx/share/rclcpp/cmake)
[1.216s] -- Using all available rosidl_typesupport_c: rosidl_typesupport_connext_c;rosidl_typesupport_fastrtps_c;rosidl_typesupport_introspection_c
[1.227s] -- Found rosidl_adapter: 1.0.1 (/Users/mukuyo/ros2_ws/ros2-osx/share/rosidl_adapter/cmake)
[1.336s] -- Could not find RTI Connext - skipping rosidl_typesupport_connext_c
[1.383s] -- Could not find RTI Connext - skipping rosidl_typesupport_connext_cpp
[2.109s] -- Using all available rosidl_typesupport_cpp: rosidl_typesupport_connext_cpp;rosidl_typesupport_fastrtps_cpp;rosidl_typesupport_introspection_cpp
[2.280s] -- Found rmw_implementation_cmake: 1.0.1 (/Users/mukuyo/ros2_ws/ros2-osx/share/rmw_implementation_cmake/cmake)
[2.286s] -- Using RMW implementation 'rmw_fastrtps_cpp' as default
[2.505s] -- Found message_info: 0.0.0 (/Users/mukuyo/Desktop/RI-AI/install/message_info/share/message_info/cmake)
[3.139s] -- Found ament_lint_auto: 0.9.5 (/Users/mukuyo/ros2_ws/ros2-osx/share/ament_lint_auto/cmake)
[3.317s] -- Added test 'copyright' to check source files copyright and LICENSE
[3.395s] -- Added test 'cppcheck' to perform static code analysis on C / C++ code
[3.396s] -- Configured cppcheck include dirs: /Users/mukuyo/Desktop/RI-AI/src/main/include
[3.396s] -- Configured cppcheck exclude dirs and/or files: 
[3.462s] -- Added test 'cpplint' to check C / C++ code against the Google style
[3.463s] -- Configured cpplint exclude dirs and/or files: 
[3.472s] -- Added test 'flake8' to check Python code syntax and style conventions
[3.488s] -- Added test 'lint_cmake' to check CMake code style
[3.496s] -- Added test 'pep257' to check Python code against some of the style conventions in PEP 257
[3.580s] -- Added test 'uncrustify' to check C / C++ code style
[3.581s] -- Configured uncrustify additional arguments: 
[3.594s] -- Added test 'xmllint' to check XML markup files
[3.598s] -- Configuring done
[3.650s] -- Generating done
[3.657s] -- Build files have been written to: /Users/mukuyo/Desktop/RI-AI/build/main
[3.840s] Scanning dependencies of target main
[3.948s] [ 75%] Building CXX object CMakeFiles/main.dir/src/game.cpp.o
[3.949s] [ 75%] Building CXX object CMakeFiles/main.dir/src/main.cpp.o
[3.949s] [ 75%] Building CXX object CMakeFiles/main.dir/src/goalie.cpp.o
[4.012s] /Users/mukuyo/Desktop/RI-AI/src/main/src/goalie.cpp:1:10: fatal error: 'composition/goalie.hpp' file not found
[4.012s] #include "composition/goalie.hpp"
[4.012s]          ^~~~~~~~~~~~~~~~~~~~~~~~
[4.073s] 1 error generated.
[4.078s] make[2]: *** [CMakeFiles/main.dir/src/goalie.cpp.o] Error 1
[4.078s] make[2]: *** Waiting for unfinished jobs....
[5.739s] /Users/mukuyo/Desktop/RI-AI/src/main/src/game.cpp:6:10: fatal error: 'composition/game.hpp' file not found
[5.739s] #include "composition/game.hpp"
[5.739s]          ^~~~~~~~~~~~~~~~~~~~~~
[5.750s] 1 error generated.
[5.754s] /Users/mukuyo/Desktop/RI-AI/src/main/src/main.cpp:2:10: fatal error: 'composition/game.hpp' file not found
[5.755s] #include "composition/game.hpp"
[5.755s]          ^~~~~~~~~~~~~~~~~~~~~~
[5.756s] 1 error generated.
[5.764s] make[2]: *** [CMakeFiles/main.dir/src/game.cpp.o] Error 1
[5.768s] make[2]: *** [CMakeFiles/main.dir/src/main.cpp.o] Error 1
[5.768s] make[1]: *** [CMakeFiles/main.dir/all] Error 2
[5.768s] make: *** [all] Error 2
[5.769s] Invoked command in '/Users/mukuyo/Desktop/RI-AI/build/main' returned '2': AMENT_PREFIX_PATH=/Users/mukuyo/Desktop/RI-AI/install/message_info:${AMENT_PREFIX_PATH} CMAKE_PREFIX_PATH=/Users/mukuyo/Desktop/RI-AI/install/message_info:${CMAKE_PREFIX_PATH} DYLD_LIBRARY_PATH=/Users/mukuyo/Desktop/RI-AI/install/message_info/lib:${DYLD_LIBRARY_PATH} PYTHONPATH=/Users/mukuyo/Desktop/RI-AI/install/message_info/lib/python3.8/site-packages:${PYTHONPATH} SHLVL=2 _=/usr/bin/env /usr/local/bin/cmake --build /Users/mukuyo/Desktop/RI-AI/build/main -- -j8 -l8
