[0.102s] Invoking command in '/Users/mukuyo/Desktop/RI-AI/build/message_info': SHLVL=2 _=/usr/bin/env /usr/local/bin/cmake --build /Users/mukuyo/Desktop/RI-AI/build/message_info -- -j8 -l8
[0.720s] [  0%] Built target message_info__cpp
[0.727s] [ 12%] Built target message_info__rosidl_generator_c
[1.128s] [ 36%] Built target message_info__rosidl_typesupport_cpp
[1.133s] [ 48%] Built target message_info__rosidl_typesupport_introspection_c
[1.134s] [ 48%] Built target message_info__rosidl_typesupport_introspection_cpp
[1.141s] [ 60%] Built target message_info__rosidl_typesupport_c
[1.148s] [ 72%] Built target message_info__rosidl_typesupport_fastrtps_cpp
[1.450s] [ 84%] Built target message_info__rosidl_typesupport_fastrtps_c
[1.709s] [ 84%] Built target message_info
[2.010s] [ 85%] Built target message_info__py
[2.310s] [ 96%] Built target message_info__python
[2.635s] [ 97%] Built target message_info__rosidl_typesupport_c__pyext
[2.638s] [ 98%] Built target message_info__rosidl_typesupport_fastrtps_c__pyext
[2.641s] [100%] Built target message_info__rosidl_typesupport_introspection_c__pyext
[2.715s] Invoked command in '/Users/mukuyo/Desktop/RI-AI/build/message_info' returned '0': SHLVL=2 _=/usr/bin/env /usr/local/bin/cmake --build /Users/mukuyo/Desktop/RI-AI/build/message_info -- -j8 -l8
[14.674s] Invoking command in '/Users/mukuyo/Desktop/RI-AI/build/message_info': SHLVL=2 _=/usr/bin/env /usr/local/bin/cmake --install /Users/mukuyo/Desktop/RI-AI/build/message_info
[14.704s] -- Install configuration: ""
[14.704s] -- Up-to-date: /Users/mukuyo/Desktop/RI-AI/install/message_info/share/ament_index/resource_index/rosidl_interfaces/message_info
[14.705s] -- Up-to-date: /Users/mukuyo/Desktop/RI-AI/install/message_info/include/message_info
[14.705s] -- Up-to-date: /Users/mukuyo/Desktop/RI-AI/install/message_info/include/message_info/msg
[14.706s] -- Up-to-date: /Users/mukuyo/Desktop/RI-AI/install/message_info/include/message_info/msg/detection_frame.h
[14.706s] -- Up-to-date: /Users/mukuyo/Desktop/RI-AI/install/message_info/include/message_info/msg/referee_game_event.h
[14.707s] -- Up-to-date: /Users/mukuyo/Desktop/RI-AI/install/message_info/include/message_info/msg/rosidl_generator_c__visibility_control.h
[14.707s] -- Up-to-date: /Users/mukuyo/Desktop/RI-AI/install/message_info/include/message_info/msg/goal_info.h
[14.708s] -- Up-to-date: /Users/mukuyo/Desktop/RI-AI/install/message_info/include/message_info/msg/field_line_segment.h
[14.709s] -- Up-to-date: /Users/mukuyo/Desktop/RI-AI/install/message_info/include/message_info/msg/referee_team_info.h
[14.709s] -- Up-to-date: /Users/mukuyo/Desktop/RI-AI/install/message_info/include/message_info/msg/detection_ball.h
[14.710s] -- Up-to-date: /Users/mukuyo/Desktop/RI-AI/install/message_info/include/message_info/msg/vision_detections.h
[14.710s] -- Up-to-date: /Users/mukuyo/Desktop/RI-AI/install/message_info/include/message_info/msg/test.h
[14.711s] -- Up-to-date: /Users/mukuyo/Desktop/RI-AI/install/message_info/include/message_info/msg/field_circular_arc.h
[14.711s] -- Up-to-date: /Users/mukuyo/Desktop/RI-AI/install/message_info/include/message_info/msg/robot_command.h
[14.711s] -- Up-to-date: /Users/mukuyo/Desktop/RI-AI/install/message_info/include/message_info/msg/detection_robot.h
[14.711s] -- Up-to-date: /Users/mukuyo/Desktop/RI-AI/install/message_info/include/message_info/msg/detail
[14.712s] -- Up-to-date: /Users/mukuyo/Desktop/RI-AI/install/message_info/include/message_info/msg/detail/detection_frame__type_support.h
[14.712s] -- Up-to-date: /Users/mukuyo/Desktop/RI-AI/install/message_info/include/message_info/msg/detail/detection_frame__struct.h
[14.712s] -- Up-to-date: /Users/mukuyo/Desktop/RI-AI/install/message_info/include/message_info/msg/detail/detection_robot__functions.c
[14.712s] -- Up-to-date: /Users/mukuyo/Desktop/RI-AI/install/message_info/include/message_info/msg/detail/vision_geometry__type_support.h
[14.712s] -- Up-to-date: /Users/mukuyo/Desktop/RI-AI/install/message_info/include/message_info/msg/detail/detection_frame__functions.c
[14.712s] -- Up-to-date: /Users/mukuyo/Desktop/RI-AI/install/message_info/include/message_info/msg/detail/referee_team_info__struct.h
[14.713s] -- Up-to-date: /Users/mukuyo/Desktop/RI-AI/install/message_info/include/message_info/msg/detail/robot_command__functions.c
[14.713s] -- Up-to-date: /Users/mukuyo/Desktop/RI-AI/install/message_info/include/message_info/msg/detail/robot_commands__functions.c
[14.713s] -- Up-to-date: /Users/mukuyo/Desktop/RI-AI/install/message_info/include/message_info/msg/detail/robot_command__struct.h
[14.713s] -- Up-to-date: /Users/mukuyo/Desktop/RI-AI/install/message_info/include/message_info/msg/detail/referee_game_event__struct.h
[14.713s] -- Up-to-date: /Users/mukuyo/Desktop/RI-AI/install/message_info/include/message_info/msg/detail/detection_ball__struct.h
[14.713s] -- Up-to-date: /Users/mukuyo/Desktop/RI-AI/install/message_info/include/message_info/msg/detail/goal_info__functions.c
[14.713s] -- Up-to-date: /Users/mukuyo/Desktop/RI-AI/install/message_info/include/message_info/msg/detail/referee__struct.h
[14.714s] -- Up-to-date: /Users/mukuyo/Desktop/RI-AI/install/message_info/include/message_info/msg/detail/referee_team_info__functions.c
[14.714s] -- Up-to-date: /Users/mukuyo/Desktop/RI-AI/install/message_info/include/message_info/msg/detail/referee_game_event__type_support.h
[14.714s] -- Up-to-date: /Users/mukuyo/Desktop/RI-AI/install/message_info/include/message_info/msg/detail/test__functions.h
[14.714s] -- Up-to-date: /Users/mukuyo/Desktop/RI-AI/install/message_info/include/message_info/msg/detail/field_circular_arc__struct.h
[14.714s] -- Up-to-date: /Users/mukuyo/Desktop/RI-AI/install/message_info/include/message_info/msg/detail/field_circular_arc__type_support.h
[14.714s] -- Up-to-date: /Users/mukuyo/Desktop/RI-AI/install/message_info/include/message_info/msg/detail/ball_info__struct.h
[14.714s] -- Up-to-date: /Users/mukuyo/Desktop/RI-AI/install/message_info/include/message_info/msg/detail/vision_geometry__functions.h
[14.714s] -- Up-to-date: /Users/mukuyo/Desktop/RI-AI/install/message_info/include/message_info/msg/detail/vision_detections__struct.h
[14.714s] -- Up-to-date: /Users/mukuyo/Desktop/RI-AI/install/message_info/include/message_info/msg/detail/ball_info__functions.c
[14.714s] -- Up-to-date: /Users/mukuyo/Desktop/RI-AI/install/message_info/include/message_info/msg/detail/referee__type_support.h
[14.715s] -- Up-to-date: /Users/mukuyo/Desktop/RI-AI/install/message_info/include/message_info/msg/detail/vision_detections__type_support.h
[14.715s] -- Up-to-date: /Users/mukuyo/Desktop/RI-AI/install/message_info/include/message_info/msg/detail/referee__functions.c
[14.715s] -- Up-to-date: /Users/mukuyo/Desktop/RI-AI/install/message_info/include/message_info/msg/detail/vision_detections__functions.c
[14.715s] -- Up-to-date: /Users/mukuyo/Desktop/RI-AI/install/message_info/include/message_info/msg/detail/detection_ball__functions.c
[14.715s] -- Up-to-date: /Users/mukuyo/Desktop/RI-AI/install/message_info/include/message_info/msg/detail/field_circular_arc__functions.c
[14.715s] -- Up-to-date: /Users/mukuyo/Desktop/RI-AI/install/message_info/include/message_info/msg/detail/referee_game_event__functions.h
[14.715s] -- Up-to-date: /Users/mukuyo/Desktop/RI-AI/install/message_info/include/message_info/msg/detail/robot_commands__struct.h
[14.715s] -- Up-to-date: /Users/mukuyo/Desktop/RI-AI/install/message_info/include/message_info/msg/detail/field_line_segment__functions.c
[14.716s] -- Up-to-date: /Users/mukuyo/Desktop/RI-AI/install/message_info/include/message_info/msg/detail/robot_commands__functions.h
[14.716s] -- Up-to-date: /Users/mukuyo/Desktop/RI-AI/install/message_info/include/message_info/msg/detail/robot_command__functions.h
[14.716s] -- Up-to-date: /Users/mukuyo/Desktop/RI-AI/install/message_info/include/message_info/msg/detail/test__type_support.h
[14.716s] -- Up-to-date: /Users/mukuyo/Desktop/RI-AI/install/message_info/include/message_info/msg/detail/robot_commands__type_support.h
[14.716s] -- Up-to-date: /Users/mukuyo/Desktop/RI-AI/install/message_info/include/message_info/msg/detail/detection_frame__functions.h
[14.716s] -- Up-to-date: /Users/mukuyo/Desktop/RI-AI/install/message_info/include/message_info/msg/detail/field_line_segment__struct.h
[14.716s] -- Up-to-date: /Users/mukuyo/Desktop/RI-AI/install/message_info/include/message_info/msg/detail/detection_robot__functions.h
[14.716s] -- Up-to-date: /Users/mukuyo/Desktop/RI-AI/install/message_info/include/message_info/msg/detail/test__struct.h
[14.716s] -- Up-to-date: /Users/mukuyo/Desktop/RI-AI/install/message_info/include/message_info/msg/detail/detection_robot__struct.h
[14.716s] -- Up-to-date: /Users/mukuyo/Desktop/RI-AI/install/message_info/include/message_info/msg/detail/vision_geometry__struct.h
[14.717s] -- Up-to-date: /Users/mukuyo/Desktop/RI-AI/install/message_info/include/message_info/msg/detail/field_line_segment__type_support.h
[14.717s] -- Up-to-date: /Users/mukuyo/Desktop/RI-AI/install/message_info/include/message_info/msg/detail/test__functions.c
[14.717s] -- Up-to-date: /Users/mukuyo/Desktop/RI-AI/install/message_info/include/message_info/msg/detail/referee_team_info__functions.h
[14.717s] -- Up-to-date: /Users/mukuyo/Desktop/RI-AI/install/message_info/include/message_info/msg/detail/detection_ball__type_support.h
[14.717s] -- Up-to-date: /Users/mukuyo/Desktop/RI-AI/install/message_info/include/message_info/msg/detail/goal_info__type_support.h
[14.717s] -- Up-to-date: /Users/mukuyo/Desktop/RI-AI/install/message_info/include/message_info/msg/detail/goal_info__functions.h
[14.717s] -- Up-to-date: /Users/mukuyo/Desktop/RI-AI/install/message_info/include/message_info/msg/detail/referee__functions.h
[14.717s] -- Up-to-date: /Users/mukuyo/Desktop/RI-AI/install/message_info/include/message_info/msg/detail/referee_team_info__type_support.h
[14.717s] -- Up-to-date: /Users/mukuyo/Desktop/RI-AI/install/message_info/include/message_info/msg/detail/detection_robot__type_support.h
[14.718s] -- Up-to-date: /Users/mukuyo/Desktop/RI-AI/install/message_info/include/message_info/msg/detail/ball_info__functions.h
[14.718s] -- Up-to-date: /Users/mukuyo/Desktop/RI-AI/install/message_info/include/message_info/msg/detail/vision_geometry__functions.c
[14.718s] -- Up-to-date: /Users/mukuyo/Desktop/RI-AI/install/message_info/include/message_info/msg/detail/ball_info__type_support.h
[14.718s] -- Up-to-date: /Users/mukuyo/Desktop/RI-AI/install/message_info/include/message_info/msg/detail/goal_info__struct.h
[14.718s] -- Up-to-date: /Users/mukuyo/Desktop/RI-AI/install/message_info/include/message_info/msg/detail/field_line_segment__functions.h
[14.718s] -- Up-to-date: /Users/mukuyo/Desktop/RI-AI/install/message_info/include/message_info/msg/detail/detection_ball__functions.h
[14.718s] -- Up-to-date: /Users/mukuyo/Desktop/RI-AI/install/message_info/include/message_info/msg/detail/vision_detections__functions.h
[14.718s] -- Up-to-date: /Users/mukuyo/Desktop/RI-AI/install/message_info/include/message_info/msg/detail/referee_game_event__functions.c
[14.718s] -- Up-to-date: /Users/mukuyo/Desktop/RI-AI/install/message_info/include/message_info/msg/detail/field_circular_arc__functions.h
[14.718s] -- Up-to-date: /Users/mukuyo/Desktop/RI-AI/install/message_info/include/message_info/msg/detail/robot_command__type_support.h
[14.719s] -- Up-to-date: /Users/mukuyo/Desktop/RI-AI/install/message_info/include/message_info/msg/ball_info.h
[14.719s] -- Up-to-date: /Users/mukuyo/Desktop/RI-AI/install/message_info/include/message_info/msg/referee.h
[14.719s] -- Up-to-date: /Users/mukuyo/Desktop/RI-AI/install/message_info/include/message_info/msg/robot_commands.h
[14.719s] -- Up-to-date: /Users/mukuyo/Desktop/RI-AI/install/message_info/include/message_info/msg/vision_geometry.h
[14.719s] -- Up-to-date: /Users/mukuyo/Desktop/RI-AI/install/message_info/share/message_info/environment/library_path.sh
[14.719s] -- Up-to-date: /Users/mukuyo/Desktop/RI-AI/install/message_info/share/message_info/environment/library_path.dsv
[14.719s] -- Installing: /Users/mukuyo/Desktop/RI-AI/install/message_info/lib/libmessage_info__rosidl_generator_c.dylib
[14.778s] -- Up-to-date: /Users/mukuyo/Desktop/RI-AI/install/message_info/include/message_info
[14.779s] -- Up-to-date: /Users/mukuyo/Desktop/RI-AI/install/message_info/include/message_info/msg
[14.779s] -- Up-to-date: /Users/mukuyo/Desktop/RI-AI/install/message_info/include/message_info/msg/detail
[14.779s] -- Up-to-date: /Users/mukuyo/Desktop/RI-AI/install/message_info/include/message_info/msg/detail/field_line_segment__rosidl_typesupport_fastrtps_c.h
[14.780s] -- Up-to-date: /Users/mukuyo/Desktop/RI-AI/install/message_info/include/message_info/msg/detail/detection_frame__rosidl_typesupport_fastrtps_c.h
[14.780s] -- Up-to-date: /Users/mukuyo/Desktop/RI-AI/install/message_info/include/message_info/msg/detail/detection_ball__rosidl_typesupport_fastrtps_c.h
[14.780s] -- Up-to-date: /Users/mukuyo/Desktop/RI-AI/install/message_info/include/message_info/msg/detail/referee_team_info__rosidl_typesupport_fastrtps_c.h
[14.780s] -- Up-to-date: /Users/mukuyo/Desktop/RI-AI/install/message_info/include/message_info/msg/detail/robot_command__rosidl_typesupport_fastrtps_c.h
[14.780s] -- Up-to-date: /Users/mukuyo/Desktop/RI-AI/install/message_info/include/message_info/msg/detail/goal_info__rosidl_typesupport_fastrtps_c.h
[14.780s] -- Up-to-date: /Users/mukuyo/Desktop/RI-AI/install/message_info/include/message_info/msg/detail/vision_geometry__rosidl_typesupport_fastrtps_c.h
[14.780s] -- Up-to-date: /Users/mukuyo/Desktop/RI-AI/install/message_info/include/message_info/msg/detail/field_circular_arc__rosidl_typesupport_fastrtps_c.h
[14.781s] -- Up-to-date: /Users/mukuyo/Desktop/RI-AI/install/message_info/include/message_info/msg/detail/ball_info__rosidl_typesupport_fastrtps_c.h
[14.781s] -- Up-to-date: /Users/mukuyo/Desktop/RI-AI/install/message_info/include/message_info/msg/detail/referee_game_event__rosidl_typesupport_fastrtps_c.h
[14.781s] -- Up-to-date: /Users/mukuyo/Desktop/RI-AI/install/message_info/include/message_info/msg/detail/robot_commands__rosidl_typesupport_fastrtps_c.h
[14.781s] -- Up-to-date: /Users/mukuyo/Desktop/RI-AI/install/message_info/include/message_info/msg/detail/test__rosidl_typesupport_fastrtps_c.h
[14.781s] -- Up-to-date: /Users/mukuyo/Desktop/RI-AI/install/message_info/include/message_info/msg/detail/detection_robot__rosidl_typesupport_fastrtps_c.h
[14.781s] -- Up-to-date: /Users/mukuyo/Desktop/RI-AI/install/message_info/include/message_info/msg/detail/referee__rosidl_typesupport_fastrtps_c.h
[14.781s] -- Up-to-date: /Users/mukuyo/Desktop/RI-AI/install/message_info/include/message_info/msg/detail/vision_detections__rosidl_typesupport_fastrtps_c.h
[14.781s] -- Up-to-date: /Users/mukuyo/Desktop/RI-AI/install/message_info/include/message_info/msg/rosidl_typesupport_fastrtps_c__visibility_control.h
[14.781s] -- Installing: /Users/mukuyo/Desktop/RI-AI/install/message_info/lib/libmessage_info__rosidl_typesupport_fastrtps_c.dylib
[14.883s] -- Up-to-date: /Users/mukuyo/Desktop/RI-AI/install/message_info/include/message_info
[14.884s] -- Up-to-date: /Users/mukuyo/Desktop/RI-AI/install/message_info/include/message_info/msg
[14.884s] -- Up-to-date: /Users/mukuyo/Desktop/RI-AI/install/message_info/include/message_info/msg/rosidl_typesupport_fastrtps_cpp__visibility_control.h
[14.885s] -- Up-to-date: /Users/mukuyo/Desktop/RI-AI/install/message_info/include/message_info/msg/detail
[14.885s] -- Up-to-date: /Users/mukuyo/Desktop/RI-AI/install/message_info/include/message_info/msg/detail/referee__rosidl_typesupport_fastrtps_cpp.hpp
[14.886s] -- Up-to-date: /Users/mukuyo/Desktop/RI-AI/install/message_info/include/message_info/msg/detail/referee_team_info__rosidl_typesupport_fastrtps_cpp.hpp
[14.887s] -- Up-to-date: /Users/mukuyo/Desktop/RI-AI/install/message_info/include/message_info/msg/detail/detection_robot__rosidl_typesupport_fastrtps_cpp.hpp
[14.887s] -- Up-to-date: /Users/mukuyo/Desktop/RI-AI/install/message_info/include/message_info/msg/detail/vision_geometry__rosidl_typesupport_fastrtps_cpp.hpp
[14.888s] -- Up-to-date: /Users/mukuyo/Desktop/RI-AI/install/message_info/include/message_info/msg/detail/referee_game_event__rosidl_typesupport_fastrtps_cpp.hpp
[14.888s] -- Up-to-date: /Users/mukuyo/Desktop/RI-AI/install/message_info/include/message_info/msg/detail/field_line_segment__rosidl_typesupport_fastrtps_cpp.hpp
[14.888s] -- Up-to-date: /Users/mukuyo/Desktop/RI-AI/install/message_info/include/message_info/msg/detail/robot_command__rosidl_typesupport_fastrtps_cpp.hpp
[14.888s] -- Up-to-date: /Users/mukuyo/Desktop/RI-AI/install/message_info/include/message_info/msg/detail/test__rosidl_typesupport_fastrtps_cpp.hpp
[14.888s] -- Up-to-date: /Users/mukuyo/Desktop/RI-AI/install/message_info/include/message_info/msg/detail/vision_detections__rosidl_typesupport_fastrtps_cpp.hpp
[14.889s] -- Up-to-date: /Users/mukuyo/Desktop/RI-AI/install/message_info/include/message_info/msg/detail/field_circular_arc__rosidl_typesupport_fastrtps_cpp.hpp
[14.890s] -- Up-to-date: /Users/mukuyo/Desktop/RI-AI/install/message_info/include/message_info/msg/detail/robot_commands__rosidl_typesupport_fastrtps_cpp.hpp
[14.890s] -- Up-to-date: /Users/mukuyo/Desktop/RI-AI/install/message_info/include/message_info/msg/detail/detection_ball__rosidl_typesupport_fastrtps_cpp.hpp
[14.890s] -- Up-to-date: /Users/mukuyo/Desktop/RI-AI/install/message_info/include/message_info/msg/detail/detection_frame__rosidl_typesupport_fastrtps_cpp.hpp
[14.890s] -- Up-to-date: /Users/mukuyo/Desktop/RI-AI/install/message_info/include/message_info/msg/detail/dds_fastrtps
[14.891s] -- Up-to-date: /Users/mukuyo/Desktop/RI-AI/install/message_info/include/message_info/msg/detail/ball_info__rosidl_typesupport_fastrtps_cpp.hpp
[14.891s] -- Up-to-date: /Users/mukuyo/Desktop/RI-AI/install/message_info/include/message_info/msg/detail/goal_info__rosidl_typesupport_fastrtps_cpp.hpp
[14.891s] -- Installing: /Users/mukuyo/Desktop/RI-AI/install/message_info/lib/libmessage_info__rosidl_typesupport_fastrtps_cpp.dylib
[14.959s] -- Up-to-date: /Users/mukuyo/Desktop/RI-AI/install/message_info/include/message_info
[14.959s] -- Up-to-date: /Users/mukuyo/Desktop/RI-AI/install/message_info/include/message_info/msg
[14.960s] -- Up-to-date: /Users/mukuyo/Desktop/RI-AI/install/message_info/include/message_info/msg/detail
[14.960s] -- Up-to-date: /Users/mukuyo/Desktop/RI-AI/install/message_info/include/message_info/msg/detail/field_line_segment__type_support.c
[14.960s] -- Up-to-date: /Users/mukuyo/Desktop/RI-AI/install/message_info/include/message_info/msg/detail/robot_commands__type_support.c
[14.960s] -- Up-to-date: /Users/mukuyo/Desktop/RI-AI/install/message_info/include/message_info/msg/detail/test__type_support.c
[14.961s] -- Up-to-date: /Users/mukuyo/Desktop/RI-AI/install/message_info/include/message_info/msg/detail/goal_info__type_support.c
[14.961s] -- Up-to-date: /Users/mukuyo/Desktop/RI-AI/install/message_info/include/message_info/msg/detail/referee_game_event__rosidl_typesupport_introspection_c.h
[14.961s] -- Up-to-date: /Users/mukuyo/Desktop/RI-AI/install/message_info/include/message_info/msg/detail/field_line_segment__rosidl_typesupport_introspection_c.h
[14.961s] -- Up-to-date: /Users/mukuyo/Desktop/RI-AI/install/message_info/include/message_info/msg/detail/goal_info__rosidl_typesupport_introspection_c.h
[14.961s] -- Up-to-date: /Users/mukuyo/Desktop/RI-AI/install/message_info/include/message_info/msg/detail/detection_ball__type_support.c
[14.962s] -- Up-to-date: /Users/mukuyo/Desktop/RI-AI/install/message_info/include/message_info/msg/detail/robot_commands__rosidl_typesupport_introspection_c.h
[14.962s] -- Up-to-date: /Users/mukuyo/Desktop/RI-AI/install/message_info/include/message_info/msg/detail/ball_info__type_support.c
[14.962s] -- Up-to-date: /Users/mukuyo/Desktop/RI-AI/install/message_info/include/message_info/msg/detail/detection_robot__type_support.c
[14.962s] -- Up-to-date: /Users/mukuyo/Desktop/RI-AI/install/message_info/include/message_info/msg/detail/referee_team_info__type_support.c
[14.962s] -- Up-to-date: /Users/mukuyo/Desktop/RI-AI/install/message_info/include/message_info/msg/detail/robot_command__type_support.c
[14.962s] -- Up-to-date: /Users/mukuyo/Desktop/RI-AI/install/message_info/include/message_info/msg/detail/field_circular_arc__rosidl_typesupport_introspection_c.h
[14.962s] -- Up-to-date: /Users/mukuyo/Desktop/RI-AI/install/message_info/include/message_info/msg/detail/robot_command__rosidl_typesupport_introspection_c.h
[14.962s] -- Up-to-date: /Users/mukuyo/Desktop/RI-AI/install/message_info/include/message_info/msg/detail/vision_detections__rosidl_typesupport_introspection_c.h
[14.962s] -- Up-to-date: /Users/mukuyo/Desktop/RI-AI/install/message_info/include/message_info/msg/detail/vision_geometry__type_support.c
[14.962s] -- Up-to-date: /Users/mukuyo/Desktop/RI-AI/install/message_info/include/message_info/msg/detail/detection_frame__type_support.c
[14.962s] -- Up-to-date: /Users/mukuyo/Desktop/RI-AI/install/message_info/include/message_info/msg/detail/detection_frame__rosidl_typesupport_introspection_c.h
[14.963s] -- Up-to-date: /Users/mukuyo/Desktop/RI-AI/install/message_info/include/message_info/msg/detail/test__rosidl_typesupport_introspection_c.h
[14.963s] -- Up-to-date: /Users/mukuyo/Desktop/RI-AI/install/message_info/include/message_info/msg/detail/field_circular_arc__type_support.c
[14.963s] -- Up-to-date: /Users/mukuyo/Desktop/RI-AI/install/message_info/include/message_info/msg/detail/referee_game_event__type_support.c
[14.963s] -- Up-to-date: /Users/mukuyo/Desktop/RI-AI/install/message_info/include/message_info/msg/detail/detection_ball__rosidl_typesupport_introspection_c.h
[14.963s] -- Up-to-date: /Users/mukuyo/Desktop/RI-AI/install/message_info/include/message_info/msg/detail/vision_detections__type_support.c
[14.963s] -- Up-to-date: /Users/mukuyo/Desktop/RI-AI/install/message_info/include/message_info/msg/detail/vision_geometry__rosidl_typesupport_introspection_c.h
[14.963s] -- Up-to-date: /Users/mukuyo/Desktop/RI-AI/install/message_info/include/message_info/msg/detail/referee__type_support.c
[14.963s] -- Up-to-date: /Users/mukuyo/Desktop/RI-AI/install/message_info/include/message_info/msg/detail/referee_team_info__rosidl_typesupport_introspection_c.h
[14.963s] -- Up-to-date: /Users/mukuyo/Desktop/RI-AI/install/message_info/include/message_info/msg/detail/ball_info__rosidl_typesupport_introspection_c.h
[14.963s] -- Up-to-date: /Users/mukuyo/Desktop/RI-AI/install/message_info/include/message_info/msg/detail/referee__rosidl_typesupport_introspection_c.h
[14.963s] -- Up-to-date: /Users/mukuyo/Desktop/RI-AI/install/message_info/include/message_info/msg/detail/detection_robot__rosidl_typesupport_introspection_c.h
[14.964s] -- Up-to-date: /Users/mukuyo/Desktop/RI-AI/install/message_info/include/message_info/msg/rosidl_typesupport_introspection_c__visibility_control.h
[14.964s] -- Installing: /Users/mukuyo/Desktop/RI-AI/install/message_info/lib/libmessage_info__rosidl_typesupport_introspection_c.dylib
[15.058s] -- Installing: /Users/mukuyo/Desktop/RI-AI/install/message_info/lib/libmessage_info__rosidl_typesupport_c.dylib
[15.129s] -- Up-to-date: /Users/mukuyo/Desktop/RI-AI/install/message_info/include/message_info
[15.129s] -- Up-to-date: /Users/mukuyo/Desktop/RI-AI/install/message_info/include/message_info/msg
[15.130s] -- Up-to-date: /Users/mukuyo/Desktop/RI-AI/install/message_info/include/message_info/msg/detection_robot.hpp
[15.131s] -- Up-to-date: /Users/mukuyo/Desktop/RI-AI/install/message_info/include/message_info/msg/field_circular_arc.hpp
[15.132s] -- Up-to-date: /Users/mukuyo/Desktop/RI-AI/install/message_info/include/message_info/msg/ball_info.hpp
[15.133s] -- Up-to-date: /Users/mukuyo/Desktop/RI-AI/install/message_info/include/message_info/msg/detection_frame.hpp
[15.135s] -- Up-to-date: /Users/mukuyo/Desktop/RI-AI/install/message_info/include/message_info/msg/referee_game_event.hpp
[15.136s] -- Up-to-date: /Users/mukuyo/Desktop/RI-AI/install/message_info/include/message_info/msg/robot_commands.hpp
[15.137s] -- Up-to-date: /Users/mukuyo/Desktop/RI-AI/install/message_info/include/message_info/msg/vision_detections.hpp
[15.138s] -- Up-to-date: /Users/mukuyo/Desktop/RI-AI/install/message_info/include/message_info/msg/detail
[15.139s] -- Up-to-date: /Users/mukuyo/Desktop/RI-AI/install/message_info/include/message_info/msg/detail/robot_command__traits.hpp
[15.141s] -- Up-to-date: /Users/mukuyo/Desktop/RI-AI/install/message_info/include/message_info/msg/detail/detection_ball__traits.hpp
[15.142s] -- Up-to-date: /Users/mukuyo/Desktop/RI-AI/install/message_info/include/message_info/msg/detail/field_circular_arc__builder.hpp
[15.142s] -- Up-to-date: /Users/mukuyo/Desktop/RI-AI/install/message_info/include/message_info/msg/detail/referee__struct.hpp
[15.143s] -- Up-to-date: /Users/mukuyo/Desktop/RI-AI/install/message_info/include/message_info/msg/detail/detection_ball__builder.hpp
[15.143s] -- Up-to-date: /Users/mukuyo/Desktop/RI-AI/install/message_info/include/message_info/msg/detail/vision_detections__builder.hpp
[15.143s] -- Up-to-date: /Users/mukuyo/Desktop/RI-AI/install/message_info/include/message_info/msg/detail/test__traits.hpp
[15.143s] -- Up-to-date: /Users/mukuyo/Desktop/RI-AI/install/message_info/include/message_info/msg/detail/goal_info__traits.hpp
[15.143s] -- Up-to-date: /Users/mukuyo/Desktop/RI-AI/install/message_info/include/message_info/msg/detail/detection_frame__struct.hpp
[15.144s] -- Up-to-date: /Users/mukuyo/Desktop/RI-AI/install/message_info/include/message_info/msg/detail/field_line_segment__builder.hpp
[15.144s] -- Up-to-date: /Users/mukuyo/Desktop/RI-AI/install/message_info/include/message_info/msg/detail/detection_robot__traits.hpp
[15.144s] -- Up-to-date: /Users/mukuyo/Desktop/RI-AI/install/message_info/include/message_info/msg/detail/ball_info__builder.hpp
[15.144s] -- Up-to-date: /Users/mukuyo/Desktop/RI-AI/install/message_info/include/message_info/msg/detail/referee_game_event__struct.hpp
[15.144s] -- Up-to-date: /Users/mukuyo/Desktop/RI-AI/install/message_info/include/message_info/msg/detail/vision_geometry__struct.hpp
[15.144s] -- Up-to-date: /Users/mukuyo/Desktop/RI-AI/install/message_info/include/message_info/msg/detail/referee__builder.hpp
[15.145s] -- Up-to-date: /Users/mukuyo/Desktop/RI-AI/install/message_info/include/message_info/msg/detail/goal_info__builder.hpp
[15.145s] -- Up-to-date: /Users/mukuyo/Desktop/RI-AI/install/message_info/include/message_info/msg/detail/vision_detections__struct.hpp
[15.145s] -- Up-to-date: /Users/mukuyo/Desktop/RI-AI/install/message_info/include/message_info/msg/detail/referee_team_info__builder.hpp
[15.145s] -- Up-to-date: /Users/mukuyo/Desktop/RI-AI/install/message_info/include/message_info/msg/detail/field_circular_arc__struct.hpp
[15.145s] -- Up-to-date: /Users/mukuyo/Desktop/RI-AI/install/message_info/include/message_info/msg/detail/ball_info__struct.hpp
[15.145s] -- Up-to-date: /Users/mukuyo/Desktop/RI-AI/install/message_info/include/message_info/msg/detail/field_line_segment__struct.hpp
[15.146s] -- Up-to-date: /Users/mukuyo/Desktop/RI-AI/install/message_info/include/message_info/msg/detail/robot_commands__struct.hpp
[15.146s] -- Up-to-date: /Users/mukuyo/Desktop/RI-AI/install/message_info/include/message_info/msg/detail/detection_robot__builder.hpp
[15.146s] -- Up-to-date: /Users/mukuyo/Desktop/RI-AI/install/message_info/include/message_info/msg/detail/referee_team_info__struct.hpp
[15.146s] -- Up-to-date: /Users/mukuyo/Desktop/RI-AI/install/message_info/include/message_info/msg/detail/detection_frame__builder.hpp
[15.146s] -- Up-to-date: /Users/mukuyo/Desktop/RI-AI/install/message_info/include/message_info/msg/detail/robot_command__builder.hpp
[15.146s] -- Up-to-date: /Users/mukuyo/Desktop/RI-AI/install/message_info/include/message_info/msg/detail/robot_commands__builder.hpp
[15.147s] -- Up-to-date: /Users/mukuyo/Desktop/RI-AI/install/message_info/include/message_info/msg/detail/detection_robot__struct.hpp
[15.147s] -- Up-to-date: /Users/mukuyo/Desktop/RI-AI/install/message_info/include/message_info/msg/detail/goal_info__struct.hpp
[15.147s] -- Up-to-date: /Users/mukuyo/Desktop/RI-AI/install/message_info/include/message_info/msg/detail/detection_frame__traits.hpp
[15.147s] -- Up-to-date: /Users/mukuyo/Desktop/RI-AI/install/message_info/include/message_info/msg/detail/detection_ball__struct.hpp
[15.147s] -- Up-to-date: /Users/mukuyo/Desktop/RI-AI/install/message_info/include/message_info/msg/detail/referee_game_event__builder.hpp
[15.147s] -- Up-to-date: /Users/mukuyo/Desktop/RI-AI/install/message_info/include/message_info/msg/detail/referee__traits.hpp
[15.147s] -- Up-to-date: /Users/mukuyo/Desktop/RI-AI/install/message_info/include/message_info/msg/detail/test__struct.hpp
[15.147s] -- Up-to-date: /Users/mukuyo/Desktop/RI-AI/install/message_info/include/message_info/msg/detail/robot_command__struct.hpp
[15.148s] -- Up-to-date: /Users/mukuyo/Desktop/RI-AI/install/message_info/include/message_info/msg/detail/vision_geometry__traits.hpp
[15.148s] -- Up-to-date: /Users/mukuyo/Desktop/RI-AI/install/message_info/include/message_info/msg/detail/referee_game_event__traits.hpp
[15.148s] -- Up-to-date: /Users/mukuyo/Desktop/RI-AI/install/message_info/include/message_info/msg/detail/vision_geometry__builder.hpp
[15.148s] -- Up-to-date: /Users/mukuyo/Desktop/RI-AI/install/message_info/include/message_info/msg/detail/field_circular_arc__traits.hpp
[15.148s] -- Up-to-date: /Users/mukuyo/Desktop/RI-AI/install/message_info/include/message_info/msg/detail/ball_info__traits.hpp
[15.148s] -- Up-to-date: /Users/mukuyo/Desktop/RI-AI/install/message_info/include/message_info/msg/detail/test__builder.hpp
[15.148s] -- Up-to-date: /Users/mukuyo/Desktop/RI-AI/install/message_info/include/message_info/msg/detail/field_line_segment__traits.hpp
[15.149s] -- Up-to-date: /Users/mukuyo/Desktop/RI-AI/install/message_info/include/message_info/msg/detail/vision_detections__traits.hpp
[15.149s] -- Up-to-date: /Users/mukuyo/Desktop/RI-AI/install/message_info/include/message_info/msg/detail/referee_team_info__traits.hpp
[15.149s] -- Up-to-date: /Users/mukuyo/Desktop/RI-AI/install/message_info/include/message_info/msg/detail/robot_commands__traits.hpp
[15.149s] -- Up-to-date: /Users/mukuyo/Desktop/RI-AI/install/message_info/include/message_info/msg/test.hpp
[15.149s] -- Up-to-date: /Users/mukuyo/Desktop/RI-AI/install/message_info/include/message_info/msg/field_line_segment.hpp
[15.149s] -- Up-to-date: /Users/mukuyo/Desktop/RI-AI/install/message_info/include/message_info/msg/referee.hpp
[15.149s] -- Up-to-date: /Users/mukuyo/Desktop/RI-AI/install/message_info/include/message_info/msg/robot_command.hpp
[15.149s] -- Up-to-date: /Users/mukuyo/Desktop/RI-AI/install/message_info/include/message_info/msg/referee_team_info.hpp
[15.150s] -- Up-to-date: /Users/mukuyo/Desktop/RI-AI/install/message_info/include/message_info/msg/detection_ball.hpp
[15.150s] -- Up-to-date: /Users/mukuyo/Desktop/RI-AI/install/message_info/include/message_info/msg/vision_geometry.hpp
[15.150s] -- Up-to-date: /Users/mukuyo/Desktop/RI-AI/install/message_info/include/message_info/msg/goal_info.hpp
[15.150s] -- Up-to-date: /Users/mukuyo/Desktop/RI-AI/install/message_info/include/message_info
[15.151s] -- Up-to-date: /Users/mukuyo/Desktop/RI-AI/install/message_info/include/message_info/msg
[15.151s] -- Up-to-date: /Users/mukuyo/Desktop/RI-AI/install/message_info/include/message_info/msg/detail
[15.151s] -- Up-to-date: /Users/mukuyo/Desktop/RI-AI/install/message_info/include/message_info/msg/detail/referee_team_info__rosidl_typesupport_introspection_cpp.hpp
[15.151s] -- Up-to-date: /Users/mukuyo/Desktop/RI-AI/install/message_info/include/message_info/msg/detail/vision_detections__rosidl_typesupport_introspection_cpp.hpp
[15.151s] -- Up-to-date: /Users/mukuyo/Desktop/RI-AI/install/message_info/include/message_info/msg/detail/robot_command__type_support.cpp
[15.151s] -- Up-to-date: /Users/mukuyo/Desktop/RI-AI/install/message_info/include/message_info/msg/detail/vision_detections__type_support.cpp
[15.151s] -- Up-to-date: /Users/mukuyo/Desktop/RI-AI/install/message_info/include/message_info/msg/detail/detection_ball__rosidl_typesupport_introspection_cpp.hpp
[15.151s] -- Up-to-date: /Users/mukuyo/Desktop/RI-AI/install/message_info/include/message_info/msg/detail/vision_geometry__rosidl_typesupport_introspection_cpp.hpp
[15.151s] -- Up-to-date: /Users/mukuyo/Desktop/RI-AI/install/message_info/include/message_info/msg/detail/referee_team_info__type_support.cpp
[15.152s] -- Up-to-date: /Users/mukuyo/Desktop/RI-AI/install/message_info/include/message_info/msg/detail/detection_ball__type_support.cpp
[15.152s] -- Up-to-date: /Users/mukuyo/Desktop/RI-AI/install/message_info/include/message_info/msg/detail/goal_info__rosidl_typesupport_introspection_cpp.hpp
[15.152s] -- Up-to-date: /Users/mukuyo/Desktop/RI-AI/install/message_info/include/message_info/msg/detail/robot_command__rosidl_typesupport_introspection_cpp.hpp
[15.152s] -- Up-to-date: /Users/mukuyo/Desktop/RI-AI/install/message_info/include/message_info/msg/detail/detection_robot__rosidl_typesupport_introspection_cpp.hpp
[15.152s] -- Up-to-date: /Users/mukuyo/Desktop/RI-AI/install/message_info/include/message_info/msg/detail/field_line_segment__rosidl_typesupport_introspection_cpp.hpp
[15.152s] -- Up-to-date: /Users/mukuyo/Desktop/RI-AI/install/message_info/include/message_info/msg/detail/field_line_segment__type_support.cpp
[15.152s] -- Up-to-date: /Users/mukuyo/Desktop/RI-AI/install/message_info/include/message_info/msg/detail/robot_commands__type_support.cpp
[15.153s] -- Up-to-date: /Users/mukuyo/Desktop/RI-AI/install/message_info/include/message_info/msg/detail/referee_game_event__type_support.cpp
[15.153s] -- Up-to-date: /Users/mukuyo/Desktop/RI-AI/install/message_info/include/message_info/msg/detail/field_circular_arc__rosidl_typesupport_introspection_cpp.hpp
[15.153s] -- Up-to-date: /Users/mukuyo/Desktop/RI-AI/install/message_info/include/message_info/msg/detail/robot_commands__rosidl_typesupport_introspection_cpp.hpp
[15.153s] -- Up-to-date: /Users/mukuyo/Desktop/RI-AI/install/message_info/include/message_info/msg/detail/test__rosidl_typesupport_introspection_cpp.hpp
[15.153s] -- Up-to-date: /Users/mukuyo/Desktop/RI-AI/install/message_info/include/message_info/msg/detail/vision_geometry__type_support.cpp
[15.153s] -- Up-to-date: /Users/mukuyo/Desktop/RI-AI/install/message_info/include/message_info/msg/detail/detection_robot__type_support.cpp
[15.153s] -- Up-to-date: /Users/mukuyo/Desktop/RI-AI/install/message_info/include/message_info/msg/detail/detection_frame__rosidl_typesupport_introspection_cpp.hpp
[15.153s] -- Up-to-date: /Users/mukuyo/Desktop/RI-AI/install/message_info/include/message_info/msg/detail/goal_info__type_support.cpp
[15.154s] -- Up-to-date: /Users/mukuyo/Desktop/RI-AI/install/message_info/include/message_info/msg/detail/field_circular_arc__type_support.cpp
[15.154s] -- Up-to-date: /Users/mukuyo/Desktop/RI-AI/install/message_info/include/message_info/msg/detail/ball_info__rosidl_typesupport_introspection_cpp.hpp
[15.154s] -- Up-to-date: /Users/mukuyo/Desktop/RI-AI/install/message_info/include/message_info/msg/detail/referee__rosidl_typesupport_introspection_cpp.hpp
[15.154s] -- Up-to-date: /Users/mukuyo/Desktop/RI-AI/install/message_info/include/message_info/msg/detail/referee_game_event__rosidl_typesupport_introspection_cpp.hpp
[15.154s] -- Up-to-date: /Users/mukuyo/Desktop/RI-AI/install/message_info/include/message_info/msg/detail/referee__type_support.cpp
[15.154s] -- Up-to-date: /Users/mukuyo/Desktop/RI-AI/install/message_info/include/message_info/msg/detail/detection_frame__type_support.cpp
[15.155s] -- Up-to-date: /Users/mukuyo/Desktop/RI-AI/install/message_info/include/message_info/msg/detail/test__type_support.cpp
[15.155s] -- Up-to-date: /Users/mukuyo/Desktop/RI-AI/install/message_info/include/message_info/msg/detail/ball_info__type_support.cpp
[15.155s] -- Installing: /Users/mukuyo/Desktop/RI-AI/install/message_info/lib/libmessage_info__rosidl_typesupport_introspection_cpp.dylib
[15.221s] -- Installing: /Users/mukuyo/Desktop/RI-AI/install/message_info/lib/libmessage_info__rosidl_typesupport_cpp.dylib
[15.307s] -- Up-to-date: /Users/mukuyo/Desktop/RI-AI/install/message_info/share/message_info/environment/pythonpath.sh
[15.307s] -- Up-to-date: /Users/mukuyo/Desktop/RI-AI/install/message_info/share/message_info/environment/pythonpath.dsv
[15.308s] -- Up-to-date: /Users/mukuyo/Desktop/RI-AI/install/message_info/lib/python3.8/site-packages/message_info/__init__.py
[15.407s] -- Up-to-date: /Users/mukuyo/Desktop/RI-AI/install/message_info/lib/python3.8/site-packages/message_info/msg
[15.407s] -- Up-to-date: /Users/mukuyo/Desktop/RI-AI/install/message_info/lib/python3.8/site-packages/message_info/msg/_referee_team_info_s.c
[15.408s] -- Up-to-date: /Users/mukuyo/Desktop/RI-AI/install/message_info/lib/python3.8/site-packages/message_info/msg/_field_circular_arc_s.c
[15.409s] -- Up-to-date: /Users/mukuyo/Desktop/RI-AI/install/message_info/lib/python3.8/site-packages/message_info/msg/_referee_team_info.py
[15.409s] -- Up-to-date: /Users/mukuyo/Desktop/RI-AI/install/message_info/lib/python3.8/site-packages/message_info/msg/_detection_frame_s.c
[15.410s] -- Up-to-date: /Users/mukuyo/Desktop/RI-AI/install/message_info/lib/python3.8/site-packages/message_info/msg/_detection_robot.py
[15.410s] -- Up-to-date: /Users/mukuyo/Desktop/RI-AI/install/message_info/lib/python3.8/site-packages/message_info/msg/_referee.py
[15.410s] -- Up-to-date: /Users/mukuyo/Desktop/RI-AI/install/message_info/lib/python3.8/site-packages/message_info/msg/_detection_robot_s.c
[15.411s] -- Up-to-date: /Users/mukuyo/Desktop/RI-AI/install/message_info/lib/python3.8/site-packages/message_info/msg/_goal_info.py
[15.411s] -- Up-to-date: /Users/mukuyo/Desktop/RI-AI/install/message_info/lib/python3.8/site-packages/message_info/msg/_vision_detections.py
[15.411s] -- Up-to-date: /Users/mukuyo/Desktop/RI-AI/install/message_info/lib/python3.8/site-packages/message_info/msg/_detection_frame.py
[15.411s] -- Up-to-date: /Users/mukuyo/Desktop/RI-AI/install/message_info/lib/python3.8/site-packages/message_info/msg/_robot_command.py
[15.412s] -- Up-to-date: /Users/mukuyo/Desktop/RI-AI/install/message_info/lib/python3.8/site-packages/message_info/msg/__init__.py
[15.412s] -- Up-to-date: /Users/mukuyo/Desktop/RI-AI/install/message_info/lib/python3.8/site-packages/message_info/msg/_referee_game_event.py
[15.412s] -- Up-to-date: /Users/mukuyo/Desktop/RI-AI/install/message_info/lib/python3.8/site-packages/message_info/msg/_ball_info_s.c
[15.413s] -- Up-to-date: /Users/mukuyo/Desktop/RI-AI/install/message_info/lib/python3.8/site-packages/message_info/msg/_robot_commands_s.c
[15.413s] -- Up-to-date: /Users/mukuyo/Desktop/RI-AI/install/message_info/lib/python3.8/site-packages/message_info/msg/_referee_game_event_s.c
[15.413s] -- Up-to-date: /Users/mukuyo/Desktop/RI-AI/install/message_info/lib/python3.8/site-packages/message_info/msg/_test.py
[15.413s] -- Up-to-date: /Users/mukuyo/Desktop/RI-AI/install/message_info/lib/python3.8/site-packages/message_info/msg/_field_circular_arc.py
[15.413s] -- Up-to-date: /Users/mukuyo/Desktop/RI-AI/install/message_info/lib/python3.8/site-packages/message_info/msg/_robot_command_s.c
[15.413s] -- Up-to-date: /Users/mukuyo/Desktop/RI-AI/install/message_info/lib/python3.8/site-packages/message_info/msg/_goal_info_s.c
[15.413s] -- Up-to-date: /Users/mukuyo/Desktop/RI-AI/install/message_info/lib/python3.8/site-packages/message_info/msg/_referee_s.c
[15.413s] -- Up-to-date: /Users/mukuyo/Desktop/RI-AI/install/message_info/lib/python3.8/site-packages/message_info/msg/_field_line_segment_s.c
[15.414s] -- Up-to-date: /Users/mukuyo/Desktop/RI-AI/install/message_info/lib/python3.8/site-packages/message_info/msg/_vision_detections_s.c
[15.414s] -- Up-to-date: /Users/mukuyo/Desktop/RI-AI/install/message_info/lib/python3.8/site-packages/message_info/msg/_vision_geometry_s.c
[15.414s] -- Up-to-date: /Users/mukuyo/Desktop/RI-AI/install/message_info/lib/python3.8/site-packages/message_info/msg/_robot_commands.py
[15.414s] -- Up-to-date: /Users/mukuyo/Desktop/RI-AI/install/message_info/lib/python3.8/site-packages/message_info/msg/_ball_info.py
[15.414s] -- Up-to-date: /Users/mukuyo/Desktop/RI-AI/install/message_info/lib/python3.8/site-packages/message_info/msg/_test_s.c
[15.414s] -- Up-to-date: /Users/mukuyo/Desktop/RI-AI/install/message_info/lib/python3.8/site-packages/message_info/msg/_detection_ball.py
[15.414s] -- Up-to-date: /Users/mukuyo/Desktop/RI-AI/install/message_info/lib/python3.8/site-packages/message_info/msg/_vision_geometry.py
[15.414s] -- Up-to-date: /Users/mukuyo/Desktop/RI-AI/install/message_info/lib/python3.8/site-packages/message_info/msg/_detection_ball_s.c
[15.414s] -- Up-to-date: /Users/mukuyo/Desktop/RI-AI/install/message_info/lib/python3.8/site-packages/message_info/msg/_field_line_segment.py
[15.415s] -- Installing: /Users/mukuyo/Desktop/RI-AI/install/message_info/lib/python3.8/site-packages/message_info/message_info_s__rosidl_typesupport_fastrtps_c.cpython-38-darwin.so
[15.705s] -- Installing: /Users/mukuyo/Desktop/RI-AI/install/message_info/lib/python3.8/site-packages/message_info/message_info_s__rosidl_typesupport_introspection_c.cpython-38-darwin.so
[16.009s] -- Installing: /Users/mukuyo/Desktop/RI-AI/install/message_info/lib/python3.8/site-packages/message_info/message_info_s__rosidl_typesupport_c.cpython-38-darwin.so
[16.313s] -- Installing: /Users/mukuyo/Desktop/RI-AI/install/message_info/lib/libmessage_info__python.dylib
[16.562s] -- Up-to-date: /Users/mukuyo/Desktop/RI-AI/install/message_info/share/message_info/msg/RefereeGameEvent.idl
[16.562s] -- Up-to-date: /Users/mukuyo/Desktop/RI-AI/install/message_info/share/message_info/msg/RefereeTeamInfo.idl
[16.563s] -- Up-to-date: /Users/mukuyo/Desktop/RI-AI/install/message_info/share/message_info/msg/Referee.idl
[16.563s] -- Up-to-date: /Users/mukuyo/Desktop/RI-AI/install/message_info/share/message_info/msg/FieldCircularArc.idl
[16.563s] -- Up-to-date: /Users/mukuyo/Desktop/RI-AI/install/message_info/share/message_info/msg/FieldLineSegment.idl
[16.564s] -- Up-to-date: /Users/mukuyo/Desktop/RI-AI/install/message_info/share/message_info/msg/VisionGeometry.idl
[16.564s] -- Up-to-date: /Users/mukuyo/Desktop/RI-AI/install/message_info/share/message_info/msg/DetectionBall.idl
[16.564s] -- Up-to-date: /Users/mukuyo/Desktop/RI-AI/install/message_info/share/message_info/msg/DetectionRobot.idl
[16.565s] -- Up-to-date: /Users/mukuyo/Desktop/RI-AI/install/message_info/share/message_info/msg/DetectionFrame.idl
[16.565s] -- Up-to-date: /Users/mukuyo/Desktop/RI-AI/install/message_info/share/message_info/msg/VisionDetections.idl
[16.565s] -- Up-to-date: /Users/mukuyo/Desktop/RI-AI/install/message_info/share/message_info/msg/RobotCommand.idl
[16.566s] -- Up-to-date: /Users/mukuyo/Desktop/RI-AI/install/message_info/share/message_info/msg/RobotCommands.idl
[16.566s] -- Up-to-date: /Users/mukuyo/Desktop/RI-AI/install/message_info/share/message_info/msg/Test.idl
[16.566s] -- Up-to-date: /Users/mukuyo/Desktop/RI-AI/install/message_info/share/message_info/msg/BallInfo.idl
[16.566s] -- Up-to-date: /Users/mukuyo/Desktop/RI-AI/install/message_info/share/message_info/msg/GoalInfo.idl
[16.567s] -- Up-to-date: /Users/mukuyo/Desktop/RI-AI/install/message_info/share/message_info/msg/RefereeGameEvent.msg
[16.568s] -- Up-to-date: /Users/mukuyo/Desktop/RI-AI/install/message_info/share/message_info/msg/RefereeTeamInfo.msg
[16.568s] -- Up-to-date: /Users/mukuyo/Desktop/RI-AI/install/message_info/share/message_info/msg/Referee.msg
[16.568s] -- Up-to-date: /Users/mukuyo/Desktop/RI-AI/install/message_info/share/message_info/msg/FieldCircularArc.msg
[16.568s] -- Up-to-date: /Users/mukuyo/Desktop/RI-AI/install/message_info/share/message_info/msg/FieldLineSegment.msg
[16.569s] -- Up-to-date: /Users/mukuyo/Desktop/RI-AI/install/message_info/share/message_info/msg/VisionGeometry.msg
[16.569s] -- Up-to-date: /Users/mukuyo/Desktop/RI-AI/install/message_info/share/message_info/msg/DetectionBall.msg
[16.570s] -- Up-to-date: /Users/mukuyo/Desktop/RI-AI/install/message_info/share/message_info/msg/DetectionRobot.msg
[16.570s] -- Up-to-date: /Users/mukuyo/Desktop/RI-AI/install/message_info/share/message_info/msg/DetectionFrame.msg
[16.571s] -- Up-to-date: /Users/mukuyo/Desktop/RI-AI/install/message_info/share/message_info/msg/VisionDetections.msg
[16.571s] -- Up-to-date: /Users/mukuyo/Desktop/RI-AI/install/message_info/share/message_info/msg/RobotCommand.msg
[16.572s] -- Up-to-date: /Users/mukuyo/Desktop/RI-AI/install/message_info/share/message_info/msg/RobotCommands.msg
[16.572s] -- Up-to-date: /Users/mukuyo/Desktop/RI-AI/install/message_info/share/message_info/msg/Test.msg
[16.572s] -- Up-to-date: /Users/mukuyo/Desktop/RI-AI/install/message_info/share/message_info/msg/BallInfo.msg
[16.573s] -- Up-to-date: /Users/mukuyo/Desktop/RI-AI/install/message_info/share/message_info/msg/GoalInfo.msg
[16.573s] -- Up-to-date: /Users/mukuyo/Desktop/RI-AI/install/message_info/share/ament_index/resource_index/package_run_dependencies/message_info
[16.573s] -- Up-to-date: /Users/mukuyo/Desktop/RI-AI/install/message_info/share/ament_index/resource_index/parent_prefix_path/message_info
[16.574s] -- Up-to-date: /Users/mukuyo/Desktop/RI-AI/install/message_info/share/message_info/environment/ament_prefix_path.sh
[16.574s] -- Up-to-date: /Users/mukuyo/Desktop/RI-AI/install/message_info/share/message_info/environment/ament_prefix_path.dsv
[16.574s] -- Up-to-date: /Users/mukuyo/Desktop/RI-AI/install/message_info/share/message_info/environment/path.sh
[16.574s] -- Up-to-date: /Users/mukuyo/Desktop/RI-AI/install/message_info/share/message_info/environment/path.dsv
[16.574s] -- Up-to-date: /Users/mukuyo/Desktop/RI-AI/install/message_info/share/message_info/local_setup.bash
[16.574s] -- Up-to-date: /Users/mukuyo/Desktop/RI-AI/install/message_info/share/message_info/local_setup.sh
[16.575s] -- Up-to-date: /Users/mukuyo/Desktop/RI-AI/install/message_info/share/message_info/local_setup.zsh
[16.575s] -- Up-to-date: /Users/mukuyo/Desktop/RI-AI/install/message_info/share/message_info/local_setup.dsv
[16.575s] -- Installing: /Users/mukuyo/Desktop/RI-AI/install/message_info/share/message_info/package.dsv
[16.575s] -- Up-to-date: /Users/mukuyo/Desktop/RI-AI/install/message_info/share/ament_index/resource_index/packages/message_info
[16.576s] -- Up-to-date: /Users/mukuyo/Desktop/RI-AI/install/message_info/share/message_info/cmake/message_info__rosidl_generator_cExport.cmake
[16.576s] -- Up-to-date: /Users/mukuyo/Desktop/RI-AI/install/message_info/share/message_info/cmake/message_info__rosidl_generator_cExport-noconfig.cmake
[16.577s] -- Up-to-date: /Users/mukuyo/Desktop/RI-AI/install/message_info/share/message_info/cmake/message_info__rosidl_typesupport_introspection_cExport.cmake
[16.594s] -- Up-to-date: /Users/mukuyo/Desktop/RI-AI/install/message_info/share/message_info/cmake/message_info__rosidl_typesupport_introspection_cExport-noconfig.cmake
[16.595s] -- Up-to-date: /Users/mukuyo/Desktop/RI-AI/install/message_info/share/message_info/cmake/message_info__rosidl_typesupport_cExport.cmake
[16.595s] -- Up-to-date: /Users/mukuyo/Desktop/RI-AI/install/message_info/share/message_info/cmake/message_info__rosidl_typesupport_cExport-noconfig.cmake
[16.595s] -- Up-to-date: /Users/mukuyo/Desktop/RI-AI/install/message_info/share/message_info/cmake/message_info__rosidl_generator_cppExport.cmake
[16.596s] -- Up-to-date: /Users/mukuyo/Desktop/RI-AI/install/message_info/share/message_info/cmake/message_info__rosidl_typesupport_introspection_cppExport.cmake
[16.596s] -- Up-to-date: /Users/mukuyo/Desktop/RI-AI/install/message_info/share/message_info/cmake/message_info__rosidl_typesupport_introspection_cppExport-noconfig.cmake
[16.596s] -- Up-to-date: /Users/mukuyo/Desktop/RI-AI/install/message_info/share/message_info/cmake/message_info__rosidl_typesupport_cppExport.cmake
[16.597s] -- Up-to-date: /Users/mukuyo/Desktop/RI-AI/install/message_info/share/message_info/cmake/message_info__rosidl_typesupport_cppExport-noconfig.cmake
[16.597s] -- Up-to-date: /Users/mukuyo/Desktop/RI-AI/install/message_info/share/message_info/cmake/rosidl_cmake-extras.cmake
[16.597s] -- Up-to-date: /Users/mukuyo/Desktop/RI-AI/install/message_info/share/message_info/cmake/ament_cmake_export_dependencies-extras.cmake
[16.598s] -- Up-to-date: /Users/mukuyo/Desktop/RI-AI/install/message_info/share/message_info/cmake/ament_cmake_export_libraries-extras.cmake
[16.598s] -- Up-to-date: /Users/mukuyo/Desktop/RI-AI/install/message_info/share/message_info/cmake/ament_cmake_export_targets-extras.cmake
[16.598s] -- Up-to-date: /Users/mukuyo/Desktop/RI-AI/install/message_info/share/message_info/cmake/ament_cmake_export_include_directories-extras.cmake
[16.598s] -- Up-to-date: /Users/mukuyo/Desktop/RI-AI/install/message_info/share/message_info/cmake/rosidl_cmake_export_typesupport_libraries-extras.cmake
[16.599s] -- Up-to-date: /Users/mukuyo/Desktop/RI-AI/install/message_info/share/message_info/cmake/rosidl_cmake_export_typesupport_targets-extras.cmake
[16.599s] -- Up-to-date: /Users/mukuyo/Desktop/RI-AI/install/message_info/share/message_info/cmake/message_infoConfig.cmake
[16.599s] -- Up-to-date: /Users/mukuyo/Desktop/RI-AI/install/message_info/share/message_info/cmake/message_infoConfig-version.cmake
[16.600s] -- Up-to-date: /Users/mukuyo/Desktop/RI-AI/install/message_info/share/message_info/package.xml
[16.600s] Invoked command in '/Users/mukuyo/Desktop/RI-AI/build/message_info' returned '0': SHLVL=2 _=/usr/bin/env /usr/local/bin/cmake --install /Users/mukuyo/Desktop/RI-AI/build/message_info
