[2.642s] DEBUG:colcon:Command line arguments: ['/usr/local/bin/colcon', 'build']
[2.643s] DEBUG:colcon:Parsed command line arguments: Namespace(ament_cmake_args=None, base_paths=['.'], build_base='build', catkin_cmake_args=None, catkin_skip_building_tests=False, cmake_args=None, cmake_clean_cache=False, cmake_clean_first=False, cmake_force_configure=False, cmake_target=None, cmake_target_skip_unavailable=False, continue_on_error=False, event_handlers=None, executor='parallel', ignore_user_meta=False, install_base='install', log_base=None, log_level=None, main=<bound method BuildVerb.main of <colcon_core.verb.build.BuildVerb object at 0x10a819100>>, merge_install=False, metas=['./colcon.meta'], packages_above=None, packages_above_and_dependencies=None, packages_above_depth=None, packages_end=None, packages_ignore=None, packages_ignore_regex=None, packages_select=None, packages_select_build_failed=False, packages_select_by_dep=None, packages_select_regex=None, packages_select_test_failures=False, packages_skip=None, packages_skip_build_finished=False, packages_skip_by_dep=None, packages_skip_regex=None, packages_skip_test_passed=False, packages_skip_up_to=None, packages_start=None, packages_up_to=None, packages_up_to_regex=None, parallel_workers=8, paths=None, symlink_install=False, test_result_base=None, verb_extension=<colcon_core.verb.build.BuildVerb object at 0x10a819100>, verb_name='build', verb_parser=<colcon_defaults.argument_parser.defaults.DefaultArgumentsDecorator object at 0x10a819580>)
[2.847s] Level 1:colcon.colcon_core.package_discovery:discover_packages(colcon_meta) check parameters
[2.848s] Level 1:colcon.colcon_core.package_discovery:discover_packages(recursive) check parameters
[2.849s] Level 1:colcon.colcon_core.package_discovery:discover_packages(ignore) check parameters
[2.852s] Level 1:colcon.colcon_core.package_discovery:discover_packages(path) check parameters
[2.853s] Level 1:colcon.colcon_core.package_discovery:discover_packages(colcon_meta) discover
[2.853s] Level 1:colcon.colcon_core.package_discovery:discover_packages(recursive) discover
[2.853s] INFO:colcon.colcon_core.package_discovery:Crawling recursively for packages in '/Users/mukuyo/Desktop/RI-AI'
[2.854s] Level 1:colcon.colcon_core.package_identification:_identify(.) by extensions ['ignore', 'ignore_ament_install']
[2.854s] Level 1:colcon.colcon_core.package_identification:_identify(.) by extension 'ignore'
[2.854s] Level 1:colcon.colcon_core.package_identification:_identify(.) by extension 'ignore_ament_install'
[2.855s] Level 1:colcon.colcon_core.package_identification:_identify(.) by extensions ['colcon_pkg']
[2.856s] Level 1:colcon.colcon_core.package_identification:_identify(.) by extension 'colcon_pkg'
[2.856s] Level 1:colcon.colcon_core.package_identification:_identify(.) by extensions ['colcon_meta']
[2.856s] Level 1:colcon.colcon_core.package_identification:_identify(.) by extension 'colcon_meta'
[2.857s] Level 1:colcon.colcon_core.package_identification:_identify(.) by extensions ['ros']
[2.857s] Level 1:colcon.colcon_core.package_identification:_identify(.) by extension 'ros'
[2.960s] Level 1:colcon.colcon_core.package_identification:_identify(.) by extensions ['cmake', 'python']
[2.960s] Level 1:colcon.colcon_core.package_identification:_identify(.) by extension 'cmake'
[2.960s] Level 1:colcon.colcon_core.package_identification:_identify(.) by extension 'python'
[2.960s] Level 1:colcon.colcon_core.package_identification:_identify(.) by extensions ['python_setup_py']
[2.960s] Level 1:colcon.colcon_core.package_identification:_identify(.) by extension 'python_setup_py'
[2.961s] Level 1:colcon.colcon_core.package_identification:_identify(build) by extensions ['ignore', 'ignore_ament_install']
[2.962s] Level 1:colcon.colcon_core.package_identification:_identify(build) by extension 'ignore'
[2.962s] Level 1:colcon.colcon_core.package_identification:_identify(build) ignored
[2.963s] Level 1:colcon.colcon_core.package_identification:_identify(install) by extensions ['ignore', 'ignore_ament_install']
[2.963s] Level 1:colcon.colcon_core.package_identification:_identify(install) by extension 'ignore'
[2.963s] Level 1:colcon.colcon_core.package_identification:_identify(install) ignored
[2.964s] Level 1:colcon.colcon_core.package_identification:_identify(log) by extensions ['ignore', 'ignore_ament_install']
[2.964s] Level 1:colcon.colcon_core.package_identification:_identify(log) by extension 'ignore'
[2.964s] Level 1:colcon.colcon_core.package_identification:_identify(log) ignored
[2.965s] Level 1:colcon.colcon_core.package_identification:_identify(src) by extensions ['ignore', 'ignore_ament_install']
[2.965s] Level 1:colcon.colcon_core.package_identification:_identify(src) by extension 'ignore'
[2.965s] Level 1:colcon.colcon_core.package_identification:_identify(src) by extension 'ignore_ament_install'
[2.965s] Level 1:colcon.colcon_core.package_identification:_identify(src) by extensions ['colcon_pkg']
[2.965s] Level 1:colcon.colcon_core.package_identification:_identify(src) by extension 'colcon_pkg'
[2.965s] Level 1:colcon.colcon_core.package_identification:_identify(src) by extensions ['colcon_meta']
[2.965s] Level 1:colcon.colcon_core.package_identification:_identify(src) by extension 'colcon_meta'
[2.966s] Level 1:colcon.colcon_core.package_identification:_identify(src) by extensions ['ros']
[2.966s] Level 1:colcon.colcon_core.package_identification:_identify(src) by extension 'ros'
[2.966s] Level 1:colcon.colcon_core.package_identification:_identify(src) by extensions ['cmake', 'python']
[2.966s] Level 1:colcon.colcon_core.package_identification:_identify(src) by extension 'cmake'
[2.966s] Level 1:colcon.colcon_core.package_identification:_identify(src) by extension 'python'
[2.967s] Level 1:colcon.colcon_core.package_identification:_identify(src) by extensions ['python_setup_py']
[2.967s] Level 1:colcon.colcon_core.package_identification:_identify(src) by extension 'python_setup_py'
[2.967s] Level 1:colcon.colcon_core.package_identification:_identify(src/main) by extensions ['ignore', 'ignore_ament_install']
[2.968s] Level 1:colcon.colcon_core.package_identification:_identify(src/main) by extension 'ignore'
[2.968s] Level 1:colcon.colcon_core.package_identification:_identify(src/main) by extension 'ignore_ament_install'
[2.968s] Level 1:colcon.colcon_core.package_identification:_identify(src/main) by extensions ['colcon_pkg']
[2.968s] Level 1:colcon.colcon_core.package_identification:_identify(src/main) by extension 'colcon_pkg'
[2.968s] Level 1:colcon.colcon_core.package_identification:_identify(src/main) by extensions ['colcon_meta']
[2.968s] Level 1:colcon.colcon_core.package_identification:_identify(src/main) by extension 'colcon_meta'
[2.968s] Level 1:colcon.colcon_core.package_identification:_identify(src/main) by extensions ['ros']
[2.969s] Level 1:colcon.colcon_core.package_identification:_identify(src/main) by extension 'ros'
[2.979s] DEBUG:colcon.colcon_core.package_identification:Package 'src/main' with type 'ros.ament_cmake' and name 'main'
[2.980s] Level 1:colcon.colcon_core.package_identification:_identify(src/message_info) by extensions ['ignore', 'ignore_ament_install']
[2.980s] Level 1:colcon.colcon_core.package_identification:_identify(src/message_info) by extension 'ignore'
[2.980s] Level 1:colcon.colcon_core.package_identification:_identify(src/message_info) by extension 'ignore_ament_install'
[2.981s] Level 1:colcon.colcon_core.package_identification:_identify(src/message_info) by extensions ['colcon_pkg']
[2.981s] Level 1:colcon.colcon_core.package_identification:_identify(src/message_info) by extension 'colcon_pkg'
[2.981s] Level 1:colcon.colcon_core.package_identification:_identify(src/message_info) by extensions ['colcon_meta']
[2.981s] Level 1:colcon.colcon_core.package_identification:_identify(src/message_info) by extension 'colcon_meta'
[2.981s] Level 1:colcon.colcon_core.package_identification:_identify(src/message_info) by extensions ['ros']
[2.981s] Level 1:colcon.colcon_core.package_identification:_identify(src/message_info) by extension 'ros'
[2.985s] DEBUG:colcon.colcon_core.package_identification:Package 'src/message_info' with type 'ros.ament_cmake' and name 'message_info'
[2.985s] Level 1:colcon.colcon_core.package_identification:_identify(src/proto_info) by extensions ['ignore', 'ignore_ament_install']
[2.985s] Level 1:colcon.colcon_core.package_identification:_identify(src/proto_info) by extension 'ignore'
[2.986s] Level 1:colcon.colcon_core.package_identification:_identify(src/proto_info) by extension 'ignore_ament_install'
[2.986s] Level 1:colcon.colcon_core.package_identification:_identify(src/proto_info) by extensions ['colcon_pkg']
[2.986s] Level 1:colcon.colcon_core.package_identification:_identify(src/proto_info) by extension 'colcon_pkg'
[2.986s] Level 1:colcon.colcon_core.package_identification:_identify(src/proto_info) by extensions ['colcon_meta']
[2.986s] Level 1:colcon.colcon_core.package_identification:_identify(src/proto_info) by extension 'colcon_meta'
[2.986s] Level 1:colcon.colcon_core.package_identification:_identify(src/proto_info) by extensions ['ros']
[2.986s] Level 1:colcon.colcon_core.package_identification:_identify(src/proto_info) by extension 'ros'
[2.988s] DEBUG:colcon.colcon_core.package_identification:Package 'src/proto_info' with type 'ros.ament_cmake' and name 'proto_info'
[2.989s] Level 1:colcon.colcon_core.package_identification:_identify(src/reciever) by extensions ['ignore', 'ignore_ament_install']
[2.989s] Level 1:colcon.colcon_core.package_identification:_identify(src/reciever) by extension 'ignore'
[2.990s] Level 1:colcon.colcon_core.package_identification:_identify(src/reciever) by extension 'ignore_ament_install'
[2.990s] Level 1:colcon.colcon_core.package_identification:_identify(src/reciever) by extensions ['colcon_pkg']
[2.990s] Level 1:colcon.colcon_core.package_identification:_identify(src/reciever) by extension 'colcon_pkg'
[2.990s] Level 1:colcon.colcon_core.package_identification:_identify(src/reciever) by extensions ['colcon_meta']
[2.990s] Level 1:colcon.colcon_core.package_identification:_identify(src/reciever) by extension 'colcon_meta'
[2.990s] Level 1:colcon.colcon_core.package_identification:_identify(src/reciever) by extensions ['ros']
[2.990s] Level 1:colcon.colcon_core.package_identification:_identify(src/reciever) by extension 'ros'
[2.994s] DEBUG:colcon.colcon_core.package_identification:Package 'src/reciever' with type 'ros.ament_cmake' and name 'reciever'
[2.995s] Level 1:colcon.colcon_core.package_identification:_identify(src/sender) by extensions ['ignore', 'ignore_ament_install']
[2.996s] Level 1:colcon.colcon_core.package_identification:_identify(src/sender) by extension 'ignore'
[2.996s] Level 1:colcon.colcon_core.package_identification:_identify(src/sender) by extension 'ignore_ament_install'
[2.996s] Level 1:colcon.colcon_core.package_identification:_identify(src/sender) by extensions ['colcon_pkg']
[2.996s] Level 1:colcon.colcon_core.package_identification:_identify(src/sender) by extension 'colcon_pkg'
[2.996s] Level 1:colcon.colcon_core.package_identification:_identify(src/sender) by extensions ['colcon_meta']
[2.997s] Level 1:colcon.colcon_core.package_identification:_identify(src/sender) by extension 'colcon_meta'
[2.997s] Level 1:colcon.colcon_core.package_identification:_identify(src/sender) by extensions ['ros']
[2.997s] Level 1:colcon.colcon_core.package_identification:_identify(src/sender) by extension 'ros'
[3.001s] DEBUG:colcon.colcon_core.package_identification:Package 'src/sender' with type 'ros.ament_cmake' and name 'sender'
[3.001s] Level 1:colcon.colcon_core.package_discovery:discover_packages(recursive) using defaults
[3.001s] Level 1:colcon.colcon_core.package_discovery:discover_packages(ignore) discover
[3.001s] Level 1:colcon.colcon_core.package_discovery:discover_packages(ignore) using defaults
[3.001s] Level 1:colcon.colcon_core.package_discovery:discover_packages(path) discover
[3.001s] Level 1:colcon.colcon_core.package_discovery:discover_packages(path) using defaults
[3.187s] Level 5:colcon.colcon_core.verb:set package 'message_info' build argument 'cmake_args' from command line to 'None'
[3.188s] Level 5:colcon.colcon_core.verb:set package 'message_info' build argument 'cmake_target' from command line to 'None'
[3.188s] Level 5:colcon.colcon_core.verb:set package 'message_info' build argument 'cmake_target_skip_unavailable' from command line to 'False'
[3.188s] Level 5:colcon.colcon_core.verb:set package 'message_info' build argument 'cmake_clean_cache' from command line to 'False'
[3.188s] Level 5:colcon.colcon_core.verb:set package 'message_info' build argument 'cmake_clean_first' from command line to 'False'
[3.188s] Level 5:colcon.colcon_core.verb:set package 'message_info' build argument 'cmake_force_configure' from command line to 'False'
[3.188s] Level 5:colcon.colcon_core.verb:set package 'message_info' build argument 'ament_cmake_args' from command line to 'None'
[3.188s] Level 5:colcon.colcon_core.verb:set package 'message_info' build argument 'catkin_cmake_args' from command line to 'None'
[3.188s] Level 5:colcon.colcon_core.verb:set package 'message_info' build argument 'catkin_skip_building_tests' from command line to 'False'
[3.188s] DEBUG:colcon.colcon_core.verb:Building package 'message_info' with the following arguments: {'ament_cmake_args': None, 'build_base': '/Users/mukuyo/Desktop/RI-AI/build/message_info', 'catkin_cmake_args': None, 'catkin_skip_building_tests': False, 'cmake_args': None, 'cmake_clean_cache': False, 'cmake_clean_first': False, 'cmake_force_configure': False, 'cmake_target': None, 'cmake_target_skip_unavailable': False, 'install_base': '/Users/mukuyo/Desktop/RI-AI/install/message_info', 'merge_install': False, 'path': '/Users/mukuyo/Desktop/RI-AI/src/message_info', 'symlink_install': False, 'test_result_base': None}
[3.257s] Level 5:colcon.colcon_core.verb:set package 'proto_info' build argument 'cmake_args' from command line to 'None'
[3.257s] Level 5:colcon.colcon_core.verb:set package 'proto_info' build argument 'cmake_target' from command line to 'None'
[3.257s] Level 5:colcon.colcon_core.verb:set package 'proto_info' build argument 'cmake_target_skip_unavailable' from command line to 'False'
[3.258s] Level 5:colcon.colcon_core.verb:set package 'proto_info' build argument 'cmake_clean_cache' from command line to 'False'
[3.258s] Level 5:colcon.colcon_core.verb:set package 'proto_info' build argument 'cmake_clean_first' from command line to 'False'
[3.258s] Level 5:colcon.colcon_core.verb:set package 'proto_info' build argument 'cmake_force_configure' from command line to 'False'
[3.258s] Level 5:colcon.colcon_core.verb:set package 'proto_info' build argument 'ament_cmake_args' from command line to 'None'
[3.258s] Level 5:colcon.colcon_core.verb:set package 'proto_info' build argument 'catkin_cmake_args' from command line to 'None'
[3.258s] Level 5:colcon.colcon_core.verb:set package 'proto_info' build argument 'catkin_skip_building_tests' from command line to 'False'
[3.260s] DEBUG:colcon.colcon_core.verb:Building package 'proto_info' with the following arguments: {'ament_cmake_args': None, 'build_base': '/Users/mukuyo/Desktop/RI-AI/build/proto_info', 'catkin_cmake_args': None, 'catkin_skip_building_tests': False, 'cmake_args': None, 'cmake_clean_cache': False, 'cmake_clean_first': False, 'cmake_force_configure': False, 'cmake_target': None, 'cmake_target_skip_unavailable': False, 'install_base': '/Users/mukuyo/Desktop/RI-AI/install/proto_info', 'merge_install': False, 'path': '/Users/mukuyo/Desktop/RI-AI/src/proto_info', 'symlink_install': False, 'test_result_base': None}
[3.316s] Level 5:colcon.colcon_core.verb:set package 'main' build argument 'cmake_args' from command line to 'None'
[3.316s] Level 5:colcon.colcon_core.verb:set package 'main' build argument 'cmake_target' from command line to 'None'
[3.316s] Level 5:colcon.colcon_core.verb:set package 'main' build argument 'cmake_target_skip_unavailable' from command line to 'False'
[3.316s] Level 5:colcon.colcon_core.verb:set package 'main' build argument 'cmake_clean_cache' from command line to 'False'
[3.316s] Level 5:colcon.colcon_core.verb:set package 'main' build argument 'cmake_clean_first' from command line to 'False'
[3.316s] Level 5:colcon.colcon_core.verb:set package 'main' build argument 'cmake_force_configure' from command line to 'False'
[3.316s] Level 5:colcon.colcon_core.verb:set package 'main' build argument 'ament_cmake_args' from command line to 'None'
[3.316s] Level 5:colcon.colcon_core.verb:set package 'main' build argument 'catkin_cmake_args' from command line to 'None'
[3.317s] Level 5:colcon.colcon_core.verb:set package 'main' build argument 'catkin_skip_building_tests' from command line to 'False'
[3.317s] DEBUG:colcon.colcon_core.verb:Building package 'main' with the following arguments: {'ament_cmake_args': None, 'build_base': '/Users/mukuyo/Desktop/RI-AI/build/main', 'catkin_cmake_args': None, 'catkin_skip_building_tests': False, 'cmake_args': None, 'cmake_clean_cache': False, 'cmake_clean_first': False, 'cmake_force_configure': False, 'cmake_target': None, 'cmake_target_skip_unavailable': False, 'install_base': '/Users/mukuyo/Desktop/RI-AI/install/main', 'merge_install': False, 'path': '/Users/mukuyo/Desktop/RI-AI/src/main', 'symlink_install': False, 'test_result_base': None}
[3.340s] Level 5:colcon.colcon_core.verb:set package 'reciever' build argument 'cmake_args' from command line to 'None'
[3.340s] Level 5:colcon.colcon_core.verb:set package 'reciever' build argument 'cmake_target' from command line to 'None'
[3.340s] Level 5:colcon.colcon_core.verb:set package 'reciever' build argument 'cmake_target_skip_unavailable' from command line to 'False'
[3.340s] Level 5:colcon.colcon_core.verb:set package 'reciever' build argument 'cmake_clean_cache' from command line to 'False'
[3.340s] Level 5:colcon.colcon_core.verb:set package 'reciever' build argument 'cmake_clean_first' from command line to 'False'
[3.340s] Level 5:colcon.colcon_core.verb:set package 'reciever' build argument 'cmake_force_configure' from command line to 'False'
[3.340s] Level 5:colcon.colcon_core.verb:set package 'reciever' build argument 'ament_cmake_args' from command line to 'None'
[3.340s] Level 5:colcon.colcon_core.verb:set package 'reciever' build argument 'catkin_cmake_args' from command line to 'None'
[3.340s] Level 5:colcon.colcon_core.verb:set package 'reciever' build argument 'catkin_skip_building_tests' from command line to 'False'
[3.341s] DEBUG:colcon.colcon_core.verb:Building package 'reciever' with the following arguments: {'ament_cmake_args': None, 'build_base': '/Users/mukuyo/Desktop/RI-AI/build/reciever', 'catkin_cmake_args': None, 'catkin_skip_building_tests': False, 'cmake_args': None, 'cmake_clean_cache': False, 'cmake_clean_first': False, 'cmake_force_configure': False, 'cmake_target': None, 'cmake_target_skip_unavailable': False, 'install_base': '/Users/mukuyo/Desktop/RI-AI/install/reciever', 'merge_install': False, 'path': '/Users/mukuyo/Desktop/RI-AI/src/reciever', 'symlink_install': False, 'test_result_base': None}
[3.368s] Level 5:colcon.colcon_core.verb:set package 'sender' build argument 'cmake_args' from command line to 'None'
[3.368s] Level 5:colcon.colcon_core.verb:set package 'sender' build argument 'cmake_target' from command line to 'None'
[3.368s] Level 5:colcon.colcon_core.verb:set package 'sender' build argument 'cmake_target_skip_unavailable' from command line to 'False'
[3.369s] Level 5:colcon.colcon_core.verb:set package 'sender' build argument 'cmake_clean_cache' from command line to 'False'
[3.369s] Level 5:colcon.colcon_core.verb:set package 'sender' build argument 'cmake_clean_first' from command line to 'False'
[3.369s] Level 5:colcon.colcon_core.verb:set package 'sender' build argument 'cmake_force_configure' from command line to 'False'
[3.369s] Level 5:colcon.colcon_core.verb:set package 'sender' build argument 'ament_cmake_args' from command line to 'None'
[3.369s] Level 5:colcon.colcon_core.verb:set package 'sender' build argument 'catkin_cmake_args' from command line to 'None'
[3.369s] Level 5:colcon.colcon_core.verb:set package 'sender' build argument 'catkin_skip_building_tests' from command line to 'False'
[3.369s] DEBUG:colcon.colcon_core.verb:Building package 'sender' with the following arguments: {'ament_cmake_args': None, 'build_base': '/Users/mukuyo/Desktop/RI-AI/build/sender', 'catkin_cmake_args': None, 'catkin_skip_building_tests': False, 'cmake_args': None, 'cmake_clean_cache': False, 'cmake_clean_first': False, 'cmake_force_configure': False, 'cmake_target': None, 'cmake_target_skip_unavailable': False, 'install_base': '/Users/mukuyo/Desktop/RI-AI/install/sender', 'merge_install': False, 'path': '/Users/mukuyo/Desktop/RI-AI/src/sender', 'symlink_install': False, 'test_result_base': None}
[3.419s] INFO:colcon.colcon_core.executor:Executing jobs using 'parallel' executor
[3.468s] DEBUG:colcon.colcon_parallel_executor.executor.parallel:run_until_complete
[3.469s] INFO:colcon.colcon_ros.task.ament_cmake.build:Building ROS package in '/Users/mukuyo/Desktop/RI-AI/src/message_info' with build type 'ament_cmake'
[3.501s] INFO:colcon.colcon_core.plugin_system:Skipping extension 'colcon_core.shell.bat': Not used on non-Windows systems
[3.502s] INFO:colcon.colcon_cmake.task.cmake.build:Building CMake package in '/Users/mukuyo/Desktop/RI-AI/src/message_info'
[3.518s] INFO:colcon.colcon_core.shell:Skip shell extension 'powershell' for command environment: Not usable outside of PowerShell
[3.518s] DEBUG:colcon.colcon_core.shell:Skip shell extension 'dsv' for command environment
[3.560s] INFO:colcon.colcon_ros.task.ament_cmake.build:Building ROS package in '/Users/mukuyo/Desktop/RI-AI/src/proto_info' with build type 'ament_cmake'
[3.658s] INFO:colcon.colcon_cmake.task.cmake.build:Building CMake package in '/Users/mukuyo/Desktop/RI-AI/src/proto_info'
[3.701s] INFO:colcon.colcon_core.shell:Skip shell extension 'powershell' for command environment: Not usable outside of PowerShell
[3.701s] DEBUG:colcon.colcon_core.shell:Skip shell extension 'dsv' for command environment
[3.820s] DEBUG:colcon.colcon_core.event_handler.log_command:Invoking command in '/Users/mukuyo/Desktop/RI-AI/build/message_info': SHLVL=2 _=/usr/bin/env /usr/local/bin/cmake --build /Users/mukuyo/Desktop/RI-AI/build/message_info -- -j8 -l8
[3.836s] DEBUG:colcon.colcon_core.event_handler.log_command:Invoking command in '/Users/mukuyo/Desktop/RI-AI/build/proto_info': SHLVL=2 _=/usr/bin/env /usr/local/bin/cmake --build /Users/mukuyo/Desktop/RI-AI/build/proto_info -- -j8 -l8
[4.801s] DEBUG:colcon.colcon_core.event_handler.log_command:Invoked command in '/Users/mukuyo/Desktop/RI-AI/build/proto_info' returned '0': SHLVL=2 _=/usr/bin/env /usr/local/bin/cmake --build /Users/mukuyo/Desktop/RI-AI/build/proto_info -- -j8 -l8
[7.611s] DEBUG:colcon.colcon_core.event_handler.log_command:Invoking command in '/Users/mukuyo/Desktop/RI-AI/build/proto_info': SHLVL=2 _=/usr/bin/env /usr/local/bin/cmake --install /Users/mukuyo/Desktop/RI-AI/build/proto_info
[7.872s] Level 1:colcon.colcon_core.environment:create_environment_scripts_only(proto_info)
[7.877s] DEBUG:colcon.colcon_core.event_handler.log_command:Invoked command in '/Users/mukuyo/Desktop/RI-AI/build/proto_info' returned '0': SHLVL=2 _=/usr/bin/env /usr/local/bin/cmake --install /Users/mukuyo/Desktop/RI-AI/build/proto_info
[7.898s] Level 1:colcon.colcon_core.environment:checking '/Users/mukuyo/Desktop/RI-AI/install/proto_info' for CMake module files
[7.900s] Level 1:colcon.colcon_core.environment:checking '/Users/mukuyo/Desktop/RI-AI/install/proto_info' for CMake config files
[7.901s] Level 1:colcon.colcon_core.shell:create_environment_hook('proto_info', 'cmake_prefix_path')
[7.914s] INFO:colcon.colcon_core.shell:Creating environment hook '/Users/mukuyo/Desktop/RI-AI/install/proto_info/share/proto_info/hook/cmake_prefix_path.ps1'
[7.917s] INFO:colcon.colcon_core.shell:Creating environment descriptor '/Users/mukuyo/Desktop/RI-AI/install/proto_info/share/proto_info/hook/cmake_prefix_path.dsv'
[7.919s] INFO:colcon.colcon_core.shell:Creating environment hook '/Users/mukuyo/Desktop/RI-AI/install/proto_info/share/proto_info/hook/cmake_prefix_path.sh'
[7.922s] Level 1:colcon.colcon_core.environment:checking '/Users/mukuyo/Desktop/RI-AI/install/proto_info/lib'
[7.922s] Level 1:colcon.colcon_core.shell:create_environment_hook('proto_info', 'dyld_library_path')
[7.935s] INFO:colcon.colcon_core.shell:Creating environment hook '/Users/mukuyo/Desktop/RI-AI/install/proto_info/share/proto_info/hook/dyld_library_path.ps1'
[7.936s] INFO:colcon.colcon_core.shell:Creating environment descriptor '/Users/mukuyo/Desktop/RI-AI/install/proto_info/share/proto_info/hook/dyld_library_path.dsv'
[7.937s] INFO:colcon.colcon_core.shell:Creating environment hook '/Users/mukuyo/Desktop/RI-AI/install/proto_info/share/proto_info/hook/dyld_library_path.sh'
[7.938s] Level 1:colcon.colcon_core.environment:checking '/Users/mukuyo/Desktop/RI-AI/install/proto_info/bin'
[7.938s] Level 1:colcon.colcon_core.environment:checking '/Users/mukuyo/Desktop/RI-AI/install/proto_info/lib/pkgconfig/proto_info.pc'
[7.939s] Level 1:colcon.colcon_core.environment:checking '/Users/mukuyo/Desktop/RI-AI/install/proto_info/lib/python3.8/site-packages'
[7.939s] Level 1:colcon.colcon_core.shell:create_environment_hook('proto_info', 'pythonpath')
[7.953s] INFO:colcon.colcon_core.shell:Creating environment hook '/Users/mukuyo/Desktop/RI-AI/install/proto_info/share/proto_info/hook/pythonpath.ps1'
[7.955s] INFO:colcon.colcon_core.shell:Creating environment descriptor '/Users/mukuyo/Desktop/RI-AI/install/proto_info/share/proto_info/hook/pythonpath.dsv'
[7.956s] INFO:colcon.colcon_core.shell:Creating environment hook '/Users/mukuyo/Desktop/RI-AI/install/proto_info/share/proto_info/hook/pythonpath.sh'
[7.971s] INFO:colcon.colcon_core.shell:Creating package script '/Users/mukuyo/Desktop/RI-AI/install/proto_info/share/proto_info/package.ps1'
[7.975s] INFO:colcon.colcon_core.shell:Creating package descriptor '/Users/mukuyo/Desktop/RI-AI/install/proto_info/share/proto_info/package.dsv'
[7.978s] INFO:colcon.colcon_core.shell:Creating package script '/Users/mukuyo/Desktop/RI-AI/install/proto_info/share/proto_info/package.sh'
[7.981s] INFO:colcon.colcon_core.shell:Creating package script '/Users/mukuyo/Desktop/RI-AI/install/proto_info/share/proto_info/package.bash'
[7.983s] INFO:colcon.colcon_core.shell:Creating package script '/Users/mukuyo/Desktop/RI-AI/install/proto_info/share/proto_info/package.zsh'
[7.985s] Level 1:colcon.colcon_core.environment:create_file_with_runtime_dependencies(/Users/mukuyo/Desktop/RI-AI/install/proto_info/share/colcon-core/packages/proto_info)
[8.585s] DEBUG:colcon.colcon_core.event_handler.log_command:Invoked command in '/Users/mukuyo/Desktop/RI-AI/build/message_info' returned '0': SHLVL=2 _=/usr/bin/env /usr/local/bin/cmake --build /Users/mukuyo/Desktop/RI-AI/build/message_info -- -j8 -l8
[25.412s] DEBUG:colcon.colcon_core.event_handler.log_command:Invoking command in '/Users/mukuyo/Desktop/RI-AI/build/message_info': SHLVL=2 _=/usr/bin/env /usr/local/bin/cmake --install /Users/mukuyo/Desktop/RI-AI/build/message_info
[28.153s] Level 1:colcon.colcon_core.environment:create_environment_scripts_only(message_info)
[28.168s] Level 1:colcon.colcon_core.environment:checking '/Users/mukuyo/Desktop/RI-AI/install/message_info' for CMake module files
[28.169s] DEBUG:colcon.colcon_core.event_handler.log_command:Invoked command in '/Users/mukuyo/Desktop/RI-AI/build/message_info' returned '0': SHLVL=2 _=/usr/bin/env /usr/local/bin/cmake --install /Users/mukuyo/Desktop/RI-AI/build/message_info
[28.173s] Level 1:colcon.colcon_core.environment:checking '/Users/mukuyo/Desktop/RI-AI/install/message_info' for CMake config files
[28.177s] Level 1:colcon.colcon_core.shell:create_environment_hook('message_info', 'cmake_prefix_path')
[28.191s] INFO:colcon.colcon_core.shell:Creating environment hook '/Users/mukuyo/Desktop/RI-AI/install/message_info/share/message_info/hook/cmake_prefix_path.ps1'
[28.192s] INFO:colcon.colcon_core.shell:Creating environment descriptor '/Users/mukuyo/Desktop/RI-AI/install/message_info/share/message_info/hook/cmake_prefix_path.dsv'
[28.193s] INFO:colcon.colcon_core.shell:Creating environment hook '/Users/mukuyo/Desktop/RI-AI/install/message_info/share/message_info/hook/cmake_prefix_path.sh'
[28.195s] Level 1:colcon.colcon_core.environment:checking '/Users/mukuyo/Desktop/RI-AI/install/message_info/lib'
[28.196s] Level 1:colcon.colcon_core.shell:create_environment_hook('message_info', 'dyld_library_path')
[28.209s] INFO:colcon.colcon_core.shell:Creating environment hook '/Users/mukuyo/Desktop/RI-AI/install/message_info/share/message_info/hook/dyld_library_path.ps1'
[28.210s] INFO:colcon.colcon_core.shell:Creating environment descriptor '/Users/mukuyo/Desktop/RI-AI/install/message_info/share/message_info/hook/dyld_library_path.dsv'
[28.211s] INFO:colcon.colcon_core.shell:Creating environment hook '/Users/mukuyo/Desktop/RI-AI/install/message_info/share/message_info/hook/dyld_library_path.sh'
[28.213s] Level 1:colcon.colcon_core.environment:checking '/Users/mukuyo/Desktop/RI-AI/install/message_info/bin'
[28.213s] Level 1:colcon.colcon_core.environment:checking '/Users/mukuyo/Desktop/RI-AI/install/message_info/lib/pkgconfig/message_info.pc'
[28.213s] Level 1:colcon.colcon_core.environment:checking '/Users/mukuyo/Desktop/RI-AI/install/message_info/lib/python3.8/site-packages'
[28.213s] Level 1:colcon.colcon_core.shell:create_environment_hook('message_info', 'pythonpath')
[28.226s] INFO:colcon.colcon_core.shell:Creating environment hook '/Users/mukuyo/Desktop/RI-AI/install/message_info/share/message_info/hook/pythonpath.ps1'
[28.228s] INFO:colcon.colcon_core.shell:Creating environment descriptor '/Users/mukuyo/Desktop/RI-AI/install/message_info/share/message_info/hook/pythonpath.dsv'
[28.230s] INFO:colcon.colcon_core.shell:Creating environment hook '/Users/mukuyo/Desktop/RI-AI/install/message_info/share/message_info/hook/pythonpath.sh'
[28.245s] INFO:colcon.colcon_core.shell:Creating package script '/Users/mukuyo/Desktop/RI-AI/install/message_info/share/message_info/package.ps1'
[28.247s] INFO:colcon.colcon_core.shell:Creating package descriptor '/Users/mukuyo/Desktop/RI-AI/install/message_info/share/message_info/package.dsv'
[28.249s] INFO:colcon.colcon_core.shell:Creating package script '/Users/mukuyo/Desktop/RI-AI/install/message_info/share/message_info/package.sh'
[28.251s] INFO:colcon.colcon_core.shell:Creating package script '/Users/mukuyo/Desktop/RI-AI/install/message_info/share/message_info/package.bash'
[28.252s] INFO:colcon.colcon_core.shell:Creating package script '/Users/mukuyo/Desktop/RI-AI/install/message_info/share/message_info/package.zsh'
[28.254s] Level 1:colcon.colcon_core.environment:create_file_with_runtime_dependencies(/Users/mukuyo/Desktop/RI-AI/install/message_info/share/colcon-core/packages/message_info)
[28.255s] INFO:colcon.colcon_ros.task.ament_cmake.build:Building ROS package in '/Users/mukuyo/Desktop/RI-AI/src/main' with build type 'ament_cmake'
[28.271s] INFO:colcon.colcon_cmake.task.cmake.build:Building CMake package in '/Users/mukuyo/Desktop/RI-AI/src/main'
[28.287s] INFO:colcon.colcon_core.shell:Skip shell extension 'powershell' for command environment: Not usable outside of PowerShell
[28.287s] DEBUG:colcon.colcon_core.shell:Skip shell extension 'dsv' for command environment
[28.321s] INFO:colcon.colcon_ros.task.ament_cmake.build:Building ROS package in '/Users/mukuyo/Desktop/RI-AI/src/reciever' with build type 'ament_cmake'
[28.337s] INFO:colcon.colcon_cmake.task.cmake.build:Building CMake package in '/Users/mukuyo/Desktop/RI-AI/src/reciever'
[28.353s] INFO:colcon.colcon_core.shell:Skip shell extension 'powershell' for command environment: Not usable outside of PowerShell
[28.353s] DEBUG:colcon.colcon_core.shell:Skip shell extension 'dsv' for command environment
[28.469s] INFO:colcon.colcon_ros.task.ament_cmake.build:Building ROS package in '/Users/mukuyo/Desktop/RI-AI/src/sender' with build type 'ament_cmake'
[28.489s] INFO:colcon.colcon_cmake.task.cmake.build:Building CMake package in '/Users/mukuyo/Desktop/RI-AI/src/sender'
[28.506s] INFO:colcon.colcon_core.shell:Skip shell extension 'powershell' for command environment: Not usable outside of PowerShell
[28.506s] DEBUG:colcon.colcon_core.shell:Skip shell extension 'dsv' for command environment
[28.703s] DEBUG:colcon.colcon_core.event_handler.log_command:Invoking command in '/Users/mukuyo/Desktop/RI-AI/build/main': CMAKE_PREFIX_PATH=/Users/mukuyo/Desktop/RI-AI/install/message_info:/Users/mukuyo/Desktop/RI-AI/install/sender:/Users/mukuyo/Desktop/RI-AI/install/reciever:/Users/mukuyo/Desktop/RI-AI/install/proto_info:/Users/mukuyo/Desktop/RI-AI/install/main:/Users/mukuyo/ros2_ws/ros2-osx DYLD_LIBRARY_PATH=/Users/mukuyo/Desktop/RI-AI/install/message_info/lib:/Users/mukuyo/Desktop/RI-AI/install/sender/lib:/Users/mukuyo/Desktop/RI-AI/install/proto_info/lib:/Users/mukuyo/ros2_ws/ros2-osx/opt/yaml_cpp_vendor/lib:/Users/mukuyo/ros2_ws/ros2-osx/opt/rviz_ogre_vendor/lib:/Users/mukuyo/ros2_ws/ros2-osx/lib PYTHONPATH=/Users/mukuyo/Desktop/RI-AI/install/message_info/lib/python3.8/site-packages:/Users/mukuyo/Desktop/RI-AI/install/sender/lib/python3.8/site-packages:/Users/mukuyo/Desktop/RI-AI/install/proto_info/lib/python3.8/site-packages:/Users/mukuyo/ros2_ws/ros2-osx/lib/python3.8/site-packages SHLVL=2 _=/usr/bin/env /usr/local/bin/cmake --build /Users/mukuyo/Desktop/RI-AI/build/main -- -j8 -l8
[28.716s] DEBUG:colcon.colcon_core.event_handler.log_command:Invoking command in '/Users/mukuyo/Desktop/RI-AI/build/reciever': CMAKE_PREFIX_PATH=/Users/mukuyo/Desktop/RI-AI/install/proto_info:/Users/mukuyo/Desktop/RI-AI/install/message_info:/Users/mukuyo/Desktop/RI-AI/install/sender:/Users/mukuyo/Desktop/RI-AI/install/reciever:/Users/mukuyo/Desktop/RI-AI/install/main:/Users/mukuyo/ros2_ws/ros2-osx DYLD_LIBRARY_PATH=/Users/mukuyo/Desktop/RI-AI/install/proto_info/lib:/Users/mukuyo/Desktop/RI-AI/install/message_info/lib:/Users/mukuyo/Desktop/RI-AI/install/sender/lib:/Users/mukuyo/ros2_ws/ros2-osx/opt/yaml_cpp_vendor/lib:/Users/mukuyo/ros2_ws/ros2-osx/opt/rviz_ogre_vendor/lib:/Users/mukuyo/ros2_ws/ros2-osx/lib PYTHONPATH=/Users/mukuyo/Desktop/RI-AI/install/proto_info/lib/python3.8/site-packages:/Users/mukuyo/Desktop/RI-AI/install/message_info/lib/python3.8/site-packages:/Users/mukuyo/Desktop/RI-AI/install/sender/lib/python3.8/site-packages:/Users/mukuyo/ros2_ws/ros2-osx/lib/python3.8/site-packages SHLVL=2 _=/usr/bin/env /usr/local/bin/cmake --build /Users/mukuyo/Desktop/RI-AI/build/reciever -- -j8 -l8
[28.837s] DEBUG:colcon.colcon_core.event_handler.log_command:Invoking command in '/Users/mukuyo/Desktop/RI-AI/build/sender': CMAKE_PREFIX_PATH=/Users/mukuyo/Desktop/RI-AI/install/proto_info:/Users/mukuyo/Desktop/RI-AI/install/message_info:/Users/mukuyo/Desktop/RI-AI/install/sender:/Users/mukuyo/Desktop/RI-AI/install/reciever:/Users/mukuyo/Desktop/RI-AI/install/main:/Users/mukuyo/ros2_ws/ros2-osx DYLD_LIBRARY_PATH=/Users/mukuyo/Desktop/RI-AI/install/proto_info/lib:/Users/mukuyo/Desktop/RI-AI/install/message_info/lib:/Users/mukuyo/Desktop/RI-AI/install/sender/lib:/Users/mukuyo/ros2_ws/ros2-osx/opt/yaml_cpp_vendor/lib:/Users/mukuyo/ros2_ws/ros2-osx/opt/rviz_ogre_vendor/lib:/Users/mukuyo/ros2_ws/ros2-osx/lib PYTHONPATH=/Users/mukuyo/Desktop/RI-AI/install/proto_info/lib/python3.8/site-packages:/Users/mukuyo/Desktop/RI-AI/install/message_info/lib/python3.8/site-packages:/Users/mukuyo/Desktop/RI-AI/install/sender/lib/python3.8/site-packages:/Users/mukuyo/ros2_ws/ros2-osx/lib/python3.8/site-packages SHLVL=2 _=/usr/bin/env /usr/local/bin/cmake --build /Users/mukuyo/Desktop/RI-AI/build/sender -- -j8 -l8
[30.111s] DEBUG:colcon.colcon_core.event_handler.log_command:Invoked command in '/Users/mukuyo/Desktop/RI-AI/build/reciever' returned '0': CMAKE_PREFIX_PATH=/Users/mukuyo/Desktop/RI-AI/install/proto_info:/Users/mukuyo/Desktop/RI-AI/install/message_info:/Users/mukuyo/Desktop/RI-AI/install/sender:/Users/mukuyo/Desktop/RI-AI/install/reciever:/Users/mukuyo/Desktop/RI-AI/install/main:/Users/mukuyo/ros2_ws/ros2-osx DYLD_LIBRARY_PATH=/Users/mukuyo/Desktop/RI-AI/install/proto_info/lib:/Users/mukuyo/Desktop/RI-AI/install/message_info/lib:/Users/mukuyo/Desktop/RI-AI/install/sender/lib:/Users/mukuyo/ros2_ws/ros2-osx/opt/yaml_cpp_vendor/lib:/Users/mukuyo/ros2_ws/ros2-osx/opt/rviz_ogre_vendor/lib:/Users/mukuyo/ros2_ws/ros2-osx/lib PYTHONPATH=/Users/mukuyo/Desktop/RI-AI/install/proto_info/lib/python3.8/site-packages:/Users/mukuyo/Desktop/RI-AI/install/message_info/lib/python3.8/site-packages:/Users/mukuyo/Desktop/RI-AI/install/sender/lib/python3.8/site-packages:/Users/mukuyo/ros2_ws/ros2-osx/lib/python3.8/site-packages SHLVL=2 _=/usr/bin/env /usr/local/bin/cmake --build /Users/mukuyo/Desktop/RI-AI/build/reciever -- -j8 -l8
[31.211s] DEBUG:colcon.colcon_core.event_handler.log_command:Invoking command in '/Users/mukuyo/Desktop/RI-AI/build/reciever': CMAKE_PREFIX_PATH=/Users/mukuyo/Desktop/RI-AI/install/proto_info:/Users/mukuyo/Desktop/RI-AI/install/message_info:/Users/mukuyo/Desktop/RI-AI/install/sender:/Users/mukuyo/Desktop/RI-AI/install/reciever:/Users/mukuyo/Desktop/RI-AI/install/main:/Users/mukuyo/ros2_ws/ros2-osx DYLD_LIBRARY_PATH=/Users/mukuyo/Desktop/RI-AI/install/proto_info/lib:/Users/mukuyo/Desktop/RI-AI/install/message_info/lib:/Users/mukuyo/Desktop/RI-AI/install/sender/lib:/Users/mukuyo/ros2_ws/ros2-osx/opt/yaml_cpp_vendor/lib:/Users/mukuyo/ros2_ws/ros2-osx/opt/rviz_ogre_vendor/lib:/Users/mukuyo/ros2_ws/ros2-osx/lib PYTHONPATH=/Users/mukuyo/Desktop/RI-AI/install/proto_info/lib/python3.8/site-packages:/Users/mukuyo/Desktop/RI-AI/install/message_info/lib/python3.8/site-packages:/Users/mukuyo/Desktop/RI-AI/install/sender/lib/python3.8/site-packages:/Users/mukuyo/ros2_ws/ros2-osx/lib/python3.8/site-packages SHLVL=2 _=/usr/bin/env /usr/local/bin/cmake --install /Users/mukuyo/Desktop/RI-AI/build/reciever
[31.590s] Level 1:colcon.colcon_core.environment:create_environment_scripts_only(reciever)
[31.607s] Level 1:colcon.colcon_core.environment:checking '/Users/mukuyo/Desktop/RI-AI/install/reciever' for CMake module files
[31.607s] DEBUG:colcon.colcon_core.event_handler.log_command:Invoked command in '/Users/mukuyo/Desktop/RI-AI/build/reciever' returned '0': CMAKE_PREFIX_PATH=/Users/mukuyo/Desktop/RI-AI/install/proto_info:/Users/mukuyo/Desktop/RI-AI/install/message_info:/Users/mukuyo/Desktop/RI-AI/install/sender:/Users/mukuyo/Desktop/RI-AI/install/reciever:/Users/mukuyo/Desktop/RI-AI/install/main:/Users/mukuyo/ros2_ws/ros2-osx DYLD_LIBRARY_PATH=/Users/mukuyo/Desktop/RI-AI/install/proto_info/lib:/Users/mukuyo/Desktop/RI-AI/install/message_info/lib:/Users/mukuyo/Desktop/RI-AI/install/sender/lib:/Users/mukuyo/ros2_ws/ros2-osx/opt/yaml_cpp_vendor/lib:/Users/mukuyo/ros2_ws/ros2-osx/opt/rviz_ogre_vendor/lib:/Users/mukuyo/ros2_ws/ros2-osx/lib PYTHONPATH=/Users/mukuyo/Desktop/RI-AI/install/proto_info/lib/python3.8/site-packages:/Users/mukuyo/Desktop/RI-AI/install/message_info/lib/python3.8/site-packages:/Users/mukuyo/Desktop/RI-AI/install/sender/lib/python3.8/site-packages:/Users/mukuyo/ros2_ws/ros2-osx/lib/python3.8/site-packages SHLVL=2 _=/usr/bin/env /usr/local/bin/cmake --install /Users/mukuyo/Desktop/RI-AI/build/reciever
[31.609s] Level 1:colcon.colcon_core.environment:checking '/Users/mukuyo/Desktop/RI-AI/install/reciever' for CMake config files
[31.611s] Level 1:colcon.colcon_core.shell:create_environment_hook('reciever', 'cmake_prefix_path')
[31.625s] INFO:colcon.colcon_core.shell:Creating environment hook '/Users/mukuyo/Desktop/RI-AI/install/reciever/share/reciever/hook/cmake_prefix_path.ps1'
[31.627s] INFO:colcon.colcon_core.shell:Creating environment descriptor '/Users/mukuyo/Desktop/RI-AI/install/reciever/share/reciever/hook/cmake_prefix_path.dsv'
[31.628s] INFO:colcon.colcon_core.shell:Creating environment hook '/Users/mukuyo/Desktop/RI-AI/install/reciever/share/reciever/hook/cmake_prefix_path.sh'
[31.630s] Level 1:colcon.colcon_core.environment:checking '/Users/mukuyo/Desktop/RI-AI/install/reciever/lib'
[31.630s] Level 1:colcon.colcon_core.environment:checking '/Users/mukuyo/Desktop/RI-AI/install/reciever/bin'
[31.630s] Level 1:colcon.colcon_core.environment:checking '/Users/mukuyo/Desktop/RI-AI/install/reciever/lib/pkgconfig/reciever.pc'
[31.630s] Level 1:colcon.colcon_core.environment:checking '/Users/mukuyo/Desktop/RI-AI/install/reciever/lib/python3.8/site-packages'
[31.694s] INFO:colcon.colcon_core.shell:Creating package script '/Users/mukuyo/Desktop/RI-AI/install/reciever/share/reciever/package.ps1'
[31.696s] INFO:colcon.colcon_core.shell:Creating package descriptor '/Users/mukuyo/Desktop/RI-AI/install/reciever/share/reciever/package.dsv'
[31.697s] INFO:colcon.colcon_core.shell:Creating package script '/Users/mukuyo/Desktop/RI-AI/install/reciever/share/reciever/package.sh'
[31.699s] INFO:colcon.colcon_core.shell:Creating package script '/Users/mukuyo/Desktop/RI-AI/install/reciever/share/reciever/package.bash'
[31.700s] INFO:colcon.colcon_core.shell:Creating package script '/Users/mukuyo/Desktop/RI-AI/install/reciever/share/reciever/package.zsh'
[31.702s] Level 1:colcon.colcon_core.environment:create_file_with_runtime_dependencies(/Users/mukuyo/Desktop/RI-AI/install/reciever/share/colcon-core/packages/reciever)
[33.914s] DEBUG:colcon.colcon_core.event_handler.log_command:Invoked command in '/Users/mukuyo/Desktop/RI-AI/build/sender' returned '0': CMAKE_PREFIX_PATH=/Users/mukuyo/Desktop/RI-AI/install/proto_info:/Users/mukuyo/Desktop/RI-AI/install/message_info:/Users/mukuyo/Desktop/RI-AI/install/sender:/Users/mukuyo/Desktop/RI-AI/install/reciever:/Users/mukuyo/Desktop/RI-AI/install/main:/Users/mukuyo/ros2_ws/ros2-osx DYLD_LIBRARY_PATH=/Users/mukuyo/Desktop/RI-AI/install/proto_info/lib:/Users/mukuyo/Desktop/RI-AI/install/message_info/lib:/Users/mukuyo/Desktop/RI-AI/install/sender/lib:/Users/mukuyo/ros2_ws/ros2-osx/opt/yaml_cpp_vendor/lib:/Users/mukuyo/ros2_ws/ros2-osx/opt/rviz_ogre_vendor/lib:/Users/mukuyo/ros2_ws/ros2-osx/lib PYTHONPATH=/Users/mukuyo/Desktop/RI-AI/install/proto_info/lib/python3.8/site-packages:/Users/mukuyo/Desktop/RI-AI/install/message_info/lib/python3.8/site-packages:/Users/mukuyo/Desktop/RI-AI/install/sender/lib/python3.8/site-packages:/Users/mukuyo/ros2_ws/ros2-osx/lib/python3.8/site-packages SHLVL=2 _=/usr/bin/env /usr/local/bin/cmake --build /Users/mukuyo/Desktop/RI-AI/build/sender -- -j8 -l8
[36.742s] DEBUG:colcon.colcon_core.event_handler.log_command:Invoking command in '/Users/mukuyo/Desktop/RI-AI/build/sender': CMAKE_PREFIX_PATH=/Users/mukuyo/Desktop/RI-AI/install/proto_info:/Users/mukuyo/Desktop/RI-AI/install/message_info:/Users/mukuyo/Desktop/RI-AI/install/sender:/Users/mukuyo/Desktop/RI-AI/install/reciever:/Users/mukuyo/Desktop/RI-AI/install/main:/Users/mukuyo/ros2_ws/ros2-osx DYLD_LIBRARY_PATH=/Users/mukuyo/Desktop/RI-AI/install/proto_info/lib:/Users/mukuyo/Desktop/RI-AI/install/message_info/lib:/Users/mukuyo/Desktop/RI-AI/install/sender/lib:/Users/mukuyo/ros2_ws/ros2-osx/opt/yaml_cpp_vendor/lib:/Users/mukuyo/ros2_ws/ros2-osx/opt/rviz_ogre_vendor/lib:/Users/mukuyo/ros2_ws/ros2-osx/lib PYTHONPATH=/Users/mukuyo/Desktop/RI-AI/install/proto_info/lib/python3.8/site-packages:/Users/mukuyo/Desktop/RI-AI/install/message_info/lib/python3.8/site-packages:/Users/mukuyo/Desktop/RI-AI/install/sender/lib/python3.8/site-packages:/Users/mukuyo/ros2_ws/ros2-osx/lib/python3.8/site-packages SHLVL=2 _=/usr/bin/env /usr/local/bin/cmake --install /Users/mukuyo/Desktop/RI-AI/build/sender
[39.151s] Level 1:colcon.colcon_core.environment:create_environment_scripts_only(sender)
[39.165s] Level 1:colcon.colcon_core.environment:checking '/Users/mukuyo/Desktop/RI-AI/install/sender' for CMake module files
[39.166s] DEBUG:colcon.colcon_core.event_handler.log_command:Invoked command in '/Users/mukuyo/Desktop/RI-AI/build/sender' returned '0': CMAKE_PREFIX_PATH=/Users/mukuyo/Desktop/RI-AI/install/proto_info:/Users/mukuyo/Desktop/RI-AI/install/message_info:/Users/mukuyo/Desktop/RI-AI/install/sender:/Users/mukuyo/Desktop/RI-AI/install/reciever:/Users/mukuyo/Desktop/RI-AI/install/main:/Users/mukuyo/ros2_ws/ros2-osx DYLD_LIBRARY_PATH=/Users/mukuyo/Desktop/RI-AI/install/proto_info/lib:/Users/mukuyo/Desktop/RI-AI/install/message_info/lib:/Users/mukuyo/Desktop/RI-AI/install/sender/lib:/Users/mukuyo/ros2_ws/ros2-osx/opt/yaml_cpp_vendor/lib:/Users/mukuyo/ros2_ws/ros2-osx/opt/rviz_ogre_vendor/lib:/Users/mukuyo/ros2_ws/ros2-osx/lib PYTHONPATH=/Users/mukuyo/Desktop/RI-AI/install/proto_info/lib/python3.8/site-packages:/Users/mukuyo/Desktop/RI-AI/install/message_info/lib/python3.8/site-packages:/Users/mukuyo/Desktop/RI-AI/install/sender/lib/python3.8/site-packages:/Users/mukuyo/ros2_ws/ros2-osx/lib/python3.8/site-packages SHLVL=2 _=/usr/bin/env /usr/local/bin/cmake --install /Users/mukuyo/Desktop/RI-AI/build/sender
[39.168s] Level 1:colcon.colcon_core.environment:checking '/Users/mukuyo/Desktop/RI-AI/install/sender' for CMake config files
[39.171s] Level 1:colcon.colcon_core.shell:create_environment_hook('sender', 'cmake_prefix_path')
[39.184s] INFO:colcon.colcon_core.shell:Creating environment hook '/Users/mukuyo/Desktop/RI-AI/install/sender/share/sender/hook/cmake_prefix_path.ps1'
[39.186s] INFO:colcon.colcon_core.shell:Creating environment descriptor '/Users/mukuyo/Desktop/RI-AI/install/sender/share/sender/hook/cmake_prefix_path.dsv'
[39.186s] INFO:colcon.colcon_core.shell:Creating environment hook '/Users/mukuyo/Desktop/RI-AI/install/sender/share/sender/hook/cmake_prefix_path.sh'
[39.188s] Level 1:colcon.colcon_core.environment:checking '/Users/mukuyo/Desktop/RI-AI/install/sender/lib'
[39.188s] Level 1:colcon.colcon_core.shell:create_environment_hook('sender', 'dyld_library_path')
[39.203s] INFO:colcon.colcon_core.shell:Creating environment hook '/Users/mukuyo/Desktop/RI-AI/install/sender/share/sender/hook/dyld_library_path.ps1'
[39.204s] INFO:colcon.colcon_core.shell:Creating environment descriptor '/Users/mukuyo/Desktop/RI-AI/install/sender/share/sender/hook/dyld_library_path.dsv'
[39.205s] INFO:colcon.colcon_core.shell:Creating environment hook '/Users/mukuyo/Desktop/RI-AI/install/sender/share/sender/hook/dyld_library_path.sh'
[39.205s] Level 1:colcon.colcon_core.environment:checking '/Users/mukuyo/Desktop/RI-AI/install/sender/bin'
[39.206s] Level 1:colcon.colcon_core.environment:checking '/Users/mukuyo/Desktop/RI-AI/install/sender/lib/pkgconfig/sender.pc'
[39.206s] Level 1:colcon.colcon_core.environment:checking '/Users/mukuyo/Desktop/RI-AI/install/sender/lib/python3.8/site-packages'
[39.206s] Level 1:colcon.colcon_core.shell:create_environment_hook('sender', 'pythonpath')
[39.220s] INFO:colcon.colcon_core.shell:Creating environment hook '/Users/mukuyo/Desktop/RI-AI/install/sender/share/sender/hook/pythonpath.ps1'
[39.222s] INFO:colcon.colcon_core.shell:Creating environment descriptor '/Users/mukuyo/Desktop/RI-AI/install/sender/share/sender/hook/pythonpath.dsv'
[39.223s] INFO:colcon.colcon_core.shell:Creating environment hook '/Users/mukuyo/Desktop/RI-AI/install/sender/share/sender/hook/pythonpath.sh'
[39.238s] INFO:colcon.colcon_core.shell:Creating package script '/Users/mukuyo/Desktop/RI-AI/install/sender/share/sender/package.ps1'
[39.240s] INFO:colcon.colcon_core.shell:Creating package descriptor '/Users/mukuyo/Desktop/RI-AI/install/sender/share/sender/package.dsv'
[39.241s] INFO:colcon.colcon_core.shell:Creating package script '/Users/mukuyo/Desktop/RI-AI/install/sender/share/sender/package.sh'
[39.243s] INFO:colcon.colcon_core.shell:Creating package script '/Users/mukuyo/Desktop/RI-AI/install/sender/share/sender/package.bash'
[39.244s] INFO:colcon.colcon_core.shell:Creating package script '/Users/mukuyo/Desktop/RI-AI/install/sender/share/sender/package.zsh'
[39.245s] Level 1:colcon.colcon_core.environment:create_file_with_runtime_dependencies(/Users/mukuyo/Desktop/RI-AI/install/sender/share/colcon-core/packages/sender)
[67.920s] DEBUG:colcon.colcon_core.event_handler.log_command:Invoked command in '/Users/mukuyo/Desktop/RI-AI/build/main' returned '0': CMAKE_PREFIX_PATH=/Users/mukuyo/Desktop/RI-AI/install/message_info:/Users/mukuyo/Desktop/RI-AI/install/sender:/Users/mukuyo/Desktop/RI-AI/install/reciever:/Users/mukuyo/Desktop/RI-AI/install/proto_info:/Users/mukuyo/Desktop/RI-AI/install/main:/Users/mukuyo/ros2_ws/ros2-osx DYLD_LIBRARY_PATH=/Users/mukuyo/Desktop/RI-AI/install/message_info/lib:/Users/mukuyo/Desktop/RI-AI/install/sender/lib:/Users/mukuyo/Desktop/RI-AI/install/proto_info/lib:/Users/mukuyo/ros2_ws/ros2-osx/opt/yaml_cpp_vendor/lib:/Users/mukuyo/ros2_ws/ros2-osx/opt/rviz_ogre_vendor/lib:/Users/mukuyo/ros2_ws/ros2-osx/lib PYTHONPATH=/Users/mukuyo/Desktop/RI-AI/install/message_info/lib/python3.8/site-packages:/Users/mukuyo/Desktop/RI-AI/install/sender/lib/python3.8/site-packages:/Users/mukuyo/Desktop/RI-AI/install/proto_info/lib/python3.8/site-packages:/Users/mukuyo/ros2_ws/ros2-osx/lib/python3.8/site-packages SHLVL=2 _=/usr/bin/env /usr/local/bin/cmake --build /Users/mukuyo/Desktop/RI-AI/build/main -- -j8 -l8
[69.274s] DEBUG:colcon.colcon_core.event_handler.log_command:Invoking command in '/Users/mukuyo/Desktop/RI-AI/build/main': CMAKE_PREFIX_PATH=/Users/mukuyo/Desktop/RI-AI/install/message_info:/Users/mukuyo/Desktop/RI-AI/install/sender:/Users/mukuyo/Desktop/RI-AI/install/reciever:/Users/mukuyo/Desktop/RI-AI/install/proto_info:/Users/mukuyo/Desktop/RI-AI/install/main:/Users/mukuyo/ros2_ws/ros2-osx DYLD_LIBRARY_PATH=/Users/mukuyo/Desktop/RI-AI/install/message_info/lib:/Users/mukuyo/Desktop/RI-AI/install/sender/lib:/Users/mukuyo/Desktop/RI-AI/install/proto_info/lib:/Users/mukuyo/ros2_ws/ros2-osx/opt/yaml_cpp_vendor/lib:/Users/mukuyo/ros2_ws/ros2-osx/opt/rviz_ogre_vendor/lib:/Users/mukuyo/ros2_ws/ros2-osx/lib PYTHONPATH=/Users/mukuyo/Desktop/RI-AI/install/message_info/lib/python3.8/site-packages:/Users/mukuyo/Desktop/RI-AI/install/sender/lib/python3.8/site-packages:/Users/mukuyo/Desktop/RI-AI/install/proto_info/lib/python3.8/site-packages:/Users/mukuyo/ros2_ws/ros2-osx/lib/python3.8/site-packages SHLVL=2 _=/usr/bin/env /usr/local/bin/cmake --install /Users/mukuyo/Desktop/RI-AI/build/main
[69.505s] Level 1:colcon.colcon_core.environment:create_environment_scripts_only(main)
[69.520s] Level 1:colcon.colcon_core.environment:checking '/Users/mukuyo/Desktop/RI-AI/install/main' for CMake module files
[69.521s] DEBUG:colcon.colcon_core.event_handler.log_command:Invoked command in '/Users/mukuyo/Desktop/RI-AI/build/main' returned '0': CMAKE_PREFIX_PATH=/Users/mukuyo/Desktop/RI-AI/install/message_info:/Users/mukuyo/Desktop/RI-AI/install/sender:/Users/mukuyo/Desktop/RI-AI/install/reciever:/Users/mukuyo/Desktop/RI-AI/install/proto_info:/Users/mukuyo/Desktop/RI-AI/install/main:/Users/mukuyo/ros2_ws/ros2-osx DYLD_LIBRARY_PATH=/Users/mukuyo/Desktop/RI-AI/install/message_info/lib:/Users/mukuyo/Desktop/RI-AI/install/sender/lib:/Users/mukuyo/Desktop/RI-AI/install/proto_info/lib:/Users/mukuyo/ros2_ws/ros2-osx/opt/yaml_cpp_vendor/lib:/Users/mukuyo/ros2_ws/ros2-osx/opt/rviz_ogre_vendor/lib:/Users/mukuyo/ros2_ws/ros2-osx/lib PYTHONPATH=/Users/mukuyo/Desktop/RI-AI/install/message_info/lib/python3.8/site-packages:/Users/mukuyo/Desktop/RI-AI/install/sender/lib/python3.8/site-packages:/Users/mukuyo/Desktop/RI-AI/install/proto_info/lib/python3.8/site-packages:/Users/mukuyo/ros2_ws/ros2-osx/lib/python3.8/site-packages SHLVL=2 _=/usr/bin/env /usr/local/bin/cmake --install /Users/mukuyo/Desktop/RI-AI/build/main
[69.523s] Level 1:colcon.colcon_core.environment:checking '/Users/mukuyo/Desktop/RI-AI/install/main' for CMake config files
[69.524s] Level 1:colcon.colcon_core.shell:create_environment_hook('main', 'cmake_prefix_path')
[69.537s] INFO:colcon.colcon_core.shell:Creating environment hook '/Users/mukuyo/Desktop/RI-AI/install/main/share/main/hook/cmake_prefix_path.ps1'
[69.538s] INFO:colcon.colcon_core.shell:Creating environment descriptor '/Users/mukuyo/Desktop/RI-AI/install/main/share/main/hook/cmake_prefix_path.dsv'
[69.539s] INFO:colcon.colcon_core.shell:Creating environment hook '/Users/mukuyo/Desktop/RI-AI/install/main/share/main/hook/cmake_prefix_path.sh'
[69.540s] Level 1:colcon.colcon_core.environment:checking '/Users/mukuyo/Desktop/RI-AI/install/main/lib'
[69.541s] Level 1:colcon.colcon_core.environment:checking '/Users/mukuyo/Desktop/RI-AI/install/main/bin'
[69.541s] Level 1:colcon.colcon_core.environment:checking '/Users/mukuyo/Desktop/RI-AI/install/main/lib/pkgconfig/main.pc'
[69.541s] Level 1:colcon.colcon_core.environment:checking '/Users/mukuyo/Desktop/RI-AI/install/main/lib/python3.8/site-packages'
[69.555s] INFO:colcon.colcon_core.shell:Creating package script '/Users/mukuyo/Desktop/RI-AI/install/main/share/main/package.ps1'
[69.557s] INFO:colcon.colcon_core.shell:Creating package descriptor '/Users/mukuyo/Desktop/RI-AI/install/main/share/main/package.dsv'
[69.558s] INFO:colcon.colcon_core.shell:Creating package script '/Users/mukuyo/Desktop/RI-AI/install/main/share/main/package.sh'
[69.559s] INFO:colcon.colcon_core.shell:Creating package script '/Users/mukuyo/Desktop/RI-AI/install/main/share/main/package.bash'
[69.560s] INFO:colcon.colcon_core.shell:Creating package script '/Users/mukuyo/Desktop/RI-AI/install/main/share/main/package.zsh'
[69.561s] Level 1:colcon.colcon_core.environment:create_file_with_runtime_dependencies(/Users/mukuyo/Desktop/RI-AI/install/main/share/colcon-core/packages/main)
[69.563s] DEBUG:colcon.colcon_parallel_executor.executor.parallel:closing loop
[69.563s] DEBUG:colcon.colcon_parallel_executor.executor.parallel:loop closed
[69.564s] DEBUG:colcon.colcon_parallel_executor.executor.parallel:run_until_complete finished with '0'
[69.564s] DEBUG:colcon.colcon_core.event_reactor:joining thread
[69.582s] INFO:colcon.colcon_core.plugin_system:Skipping extension 'colcon_notification.desktop_notification.notify2': 'notify2' not found
[69.582s] INFO:colcon.colcon_core.plugin_system:Skipping extension 'colcon_notification.desktop_notification.notify_send': Not used on non-Linux systems
[69.583s] INFO:colcon.colcon_core.plugin_system:Skipping extension 'colcon_notification.desktop_notification.win32': Not used on non-Windows systems
[69.583s] INFO:colcon.colcon_notification.desktop_notification:Sending desktop notification using 'terminal_notifier'
[69.797s] DEBUG:colcon.colcon_core.event_reactor:joined thread
[69.812s] INFO:colcon.colcon_core.shell:Creating prefix script '/Users/mukuyo/Desktop/RI-AI/install/local_setup.ps1'
[69.815s] INFO:colcon.colcon_core.shell:Creating prefix util module '/Users/mukuyo/Desktop/RI-AI/install/_local_setup_util_ps1.py'
[69.819s] INFO:colcon.colcon_core.shell:Creating prefix chain script '/Users/mukuyo/Desktop/RI-AI/install/setup.ps1'
[69.834s] INFO:colcon.colcon_core.shell:Creating prefix script '/Users/mukuyo/Desktop/RI-AI/install/local_setup.sh'
[69.836s] INFO:colcon.colcon_core.shell:Creating prefix util module '/Users/mukuyo/Desktop/RI-AI/install/_local_setup_util_sh.py'
[69.838s] INFO:colcon.colcon_core.shell:Creating prefix chain script '/Users/mukuyo/Desktop/RI-AI/install/setup.sh'
[69.853s] INFO:colcon.colcon_core.shell:Creating prefix script '/Users/mukuyo/Desktop/RI-AI/install/local_setup.bash'
[69.855s] INFO:colcon.colcon_core.shell:Creating prefix chain script '/Users/mukuyo/Desktop/RI-AI/install/setup.bash'
[69.872s] INFO:colcon.colcon_core.shell:Creating prefix script '/Users/mukuyo/Desktop/RI-AI/install/local_setup.zsh'
[69.876s] INFO:colcon.colcon_core.shell:Creating prefix chain script '/Users/mukuyo/Desktop/RI-AI/install/setup.zsh'
