[0.218s] Invoking command in '/Users/mukuyo/Desktop/RI-AI/build/proto_info': SHLVL=2 _=/usr/bin/env /usr/local/bin/cmake --build /Users/mukuyo/Desktop/RI-AI/build/proto_info -- -j8 -l8
[0.826s] [ 32%] Built target proto_info_py
[1.156s] [100%] Built target proto_info
[1.236s] Invoked command in '/Users/mukuyo/Desktop/RI-AI/build/proto_info' returned '0': SHLVL=2 _=/usr/bin/env /usr/local/bin/cmake --build /Users/mukuyo/Desktop/RI-AI/build/proto_info -- -j8 -l8
[4.040s] Invoking command in '/Users/mukuyo/Desktop/RI-AI/build/proto_info': SHLVL=2 _=/usr/bin/env /usr/local/bin/cmake --install /Users/mukuyo/Desktop/RI-AI/build/proto_info
[4.113s] -- Install configuration: "Debug"
[4.114s] -- Up-to-date: /Users/mukuyo/Desktop/RI-AI/install/proto_info/share/proto_info/environment/pythonpath.sh
[4.114s] -- Up-to-date: /Users/mukuyo/Desktop/RI-AI/install/proto_info/share/proto_info/environment/pythonpath.dsv
[4.114s] -- Up-to-date: /Users/mukuyo/Desktop/RI-AI/install/proto_info/lib/python3.8/site-packages/proto_info
[4.114s] -- Up-to-date: /Users/mukuyo/Desktop/RI-AI/install/proto_info/lib/python3.8/site-packages/proto_info/__init__.py
[4.262s] Listing '/Users/mukuyo/Desktop/RI-AI/install/proto_info/lib/python3.8/site-packages/proto_info'...
[4.272s] -- Up-to-date: /Users/mukuyo/Desktop/RI-AI/install/proto_info/include/proto_info/messages_robocup_ssl_wrapper.pb.h
[4.273s] -- Up-to-date: /Users/mukuyo/Desktop/RI-AI/install/proto_info/include/proto_info/messages_robocup_ssl_geometry.pb.h
[4.273s] -- Up-to-date: /Users/mukuyo/Desktop/RI-AI/install/proto_info/include/proto_info/messages_robocup_ssl_detection.pb.h
[4.274s] -- Up-to-date: /Users/mukuyo/Desktop/RI-AI/install/proto_info/include/proto_info/messages_robocup_ssl_robot_status.pb.h
[4.274s] -- Up-to-date: /Users/mukuyo/Desktop/RI-AI/install/proto_info/include/proto_info/messages_robocup_ssl_refbox_log.pb.h
[4.274s] -- Up-to-date: /Users/mukuyo/Desktop/RI-AI/install/proto_info/include/proto_info/referee.pb.h
[4.275s] -- Up-to-date: /Users/mukuyo/Desktop/RI-AI/install/proto_info/include/proto_info/game_event.pb.h
[4.275s] -- Up-to-date: /Users/mukuyo/Desktop/RI-AI/install/proto_info/include/proto_info/grSim_Replacement.pb.h
[4.276s] -- Up-to-date: /Users/mukuyo/Desktop/RI-AI/install/proto_info/include/proto_info/grSim_Commands.pb.h
[4.277s] -- Up-to-date: /Users/mukuyo/Desktop/RI-AI/install/proto_info/include/proto_info/grSim_Packet.pb.h
[4.277s] -- Up-to-date: /Users/mukuyo/Desktop/RI-AI/install/proto_info/lib/libproto_info.dylib
[4.278s] -- Up-to-date: /Users/mukuyo/Desktop/RI-AI/install/proto_info/lib/python3.8/site-packages/messages_robocup_ssl_wrapper_pb2.py
[4.278s] -- Up-to-date: /Users/mukuyo/Desktop/RI-AI/install/proto_info/lib/python3.8/site-packages/messages_robocup_ssl_geometry_pb2.py
[4.279s] -- Up-to-date: /Users/mukuyo/Desktop/RI-AI/install/proto_info/lib/python3.8/site-packages/messages_robocup_ssl_detection_pb2.py
[4.279s] -- Up-to-date: /Users/mukuyo/Desktop/RI-AI/install/proto_info/lib/python3.8/site-packages/messages_robocup_ssl_robot_status_pb2.py
[4.279s] -- Up-to-date: /Users/mukuyo/Desktop/RI-AI/install/proto_info/lib/python3.8/site-packages/messages_robocup_ssl_refbox_log_pb2.py
[4.279s] -- Up-to-date: /Users/mukuyo/Desktop/RI-AI/install/proto_info/lib/python3.8/site-packages/referee_pb2.py
[4.280s] -- Up-to-date: /Users/mukuyo/Desktop/RI-AI/install/proto_info/lib/python3.8/site-packages/game_event_pb2.py
[4.280s] -- Up-to-date: /Users/mukuyo/Desktop/RI-AI/install/proto_info/lib/python3.8/site-packages/grSim_Replacement_pb2.py
[4.281s] -- Up-to-date: /Users/mukuyo/Desktop/RI-AI/install/proto_info/lib/python3.8/site-packages/grSim_Commands_pb2.py
[4.281s] -- Up-to-date: /Users/mukuyo/Desktop/RI-AI/install/proto_info/lib/python3.8/site-packages/grSim_Packet_pb2.py
[4.281s] -- Up-to-date: /Users/mukuyo/Desktop/RI-AI/install/proto_info/share/proto_info/environment/library_path.sh
[4.282s] -- Up-to-date: /Users/mukuyo/Desktop/RI-AI/install/proto_info/share/proto_info/environment/library_path.dsv
[4.282s] -- Up-to-date: /Users/mukuyo/Desktop/RI-AI/install/proto_info/share/ament_index/resource_index/package_run_dependencies/proto_info
[4.282s] -- Up-to-date: /Users/mukuyo/Desktop/RI-AI/install/proto_info/share/ament_index/resource_index/parent_prefix_path/proto_info
[4.282s] -- Up-to-date: /Users/mukuyo/Desktop/RI-AI/install/proto_info/share/proto_info/environment/ament_prefix_path.sh
[4.283s] -- Up-to-date: /Users/mukuyo/Desktop/RI-AI/install/proto_info/share/proto_info/environment/ament_prefix_path.dsv
[4.283s] -- Up-to-date: /Users/mukuyo/Desktop/RI-AI/install/proto_info/share/proto_info/environment/path.sh
[4.290s] -- Up-to-date: /Users/mukuyo/Desktop/RI-AI/install/proto_info/share/proto_info/environment/path.dsv
[4.291s] -- Up-to-date: /Users/mukuyo/Desktop/RI-AI/install/proto_info/share/proto_info/local_setup.bash
[4.291s] -- Up-to-date: /Users/mukuyo/Desktop/RI-AI/install/proto_info/share/proto_info/local_setup.sh
[4.292s] -- Up-to-date: /Users/mukuyo/Desktop/RI-AI/install/proto_info/share/proto_info/local_setup.zsh
[4.292s] -- Up-to-date: /Users/mukuyo/Desktop/RI-AI/install/proto_info/share/proto_info/local_setup.dsv
[4.293s] -- Installing: /Users/mukuyo/Desktop/RI-AI/install/proto_info/share/proto_info/package.dsv
[4.293s] -- Up-to-date: /Users/mukuyo/Desktop/RI-AI/install/proto_info/share/ament_index/resource_index/packages/proto_info
[4.293s] -- Up-to-date: /Users/mukuyo/Desktop/RI-AI/install/proto_info/share/proto_info/cmake/ament_cmake_export_include_directories-extras.cmake
[4.294s] -- Up-to-date: /Users/mukuyo/Desktop/RI-AI/install/proto_info/share/proto_info/cmake/ament_cmake_export_libraries-extras.cmake
[4.294s] -- Up-to-date: /Users/mukuyo/Desktop/RI-AI/install/proto_info/share/proto_info/cmake/ament_cmake_export_dependencies-extras.cmake
[4.294s] -- Up-to-date: /Users/mukuyo/Desktop/RI-AI/install/proto_info/share/proto_info/cmake/proto_infoConfig.cmake
[4.295s] -- Up-to-date: /Users/mukuyo/Desktop/RI-AI/install/proto_info/share/proto_info/cmake/proto_infoConfig-version.cmake
[4.298s] -- Up-to-date: /Users/mukuyo/Desktop/RI-AI/install/proto_info/share/proto_info/package.xml
[4.298s] Invoked command in '/Users/mukuyo/Desktop/RI-AI/build/proto_info' returned '0': SHLVL=2 _=/usr/bin/env /usr/local/bin/cmake --install /Users/mukuyo/Desktop/RI-AI/build/proto_info
