[0.599s] DEBUG:colcon:Command line arguments: ['/usr/local/bin/colcon', 'build']
[0.599s] DEBUG:colcon:Parsed command line arguments: Namespace(ament_cmake_args=None, base_paths=['.'], build_base='build', catkin_cmake_args=None, catkin_skip_building_tests=False, cmake_args=None, cmake_clean_cache=False, cmake_clean_first=False, cmake_force_configure=False, cmake_target=None, cmake_target_skip_unavailable=False, continue_on_error=False, event_handlers=None, executor='parallel', ignore_user_meta=False, install_base='install', log_base=None, log_level=None, main=<bound method BuildVerb.main of <colcon_core.verb.build.BuildVerb object at 0x105aac1f0>>, merge_install=False, metas=['./colcon.meta'], packages_above=None, packages_above_and_dependencies=None, packages_above_depth=None, packages_end=None, packages_ignore=None, packages_ignore_regex=None, packages_select=None, packages_select_build_failed=False, packages_select_by_dep=None, packages_select_regex=None, packages_select_test_failures=False, packages_skip=None, packages_skip_build_finished=False, packages_skip_by_dep=None, packages_skip_regex=None, packages_skip_test_passed=False, packages_skip_up_to=None, packages_start=None, packages_up_to=None, packages_up_to_regex=None, parallel_workers=8, paths=None, symlink_install=False, test_result_base=None, verb_extension=<colcon_core.verb.build.BuildVerb object at 0x105aac1f0>, verb_name='build', verb_parser=<colcon_defaults.argument_parser.defaults.DefaultArgumentsDecorator object at 0x105aac730>)
[0.656s] Level 1:colcon.colcon_core.package_discovery:discover_packages(colcon_meta) check parameters
[0.656s] Level 1:colcon.colcon_core.package_discovery:discover_packages(recursive) check parameters
[0.656s] Level 1:colcon.colcon_core.package_discovery:discover_packages(ignore) check parameters
[0.656s] Level 1:colcon.colcon_core.package_discovery:discover_packages(path) check parameters
[0.656s] Level 1:colcon.colcon_core.package_discovery:discover_packages(colcon_meta) discover
[0.656s] Level 1:colcon.colcon_core.package_discovery:discover_packages(recursive) discover
[0.656s] INFO:colcon.colcon_core.package_discovery:Crawling recursively for packages in '/Users/mukuyo/Desktop/RI-AI'
[0.657s] Level 1:colcon.colcon_core.package_identification:_identify(.) by extensions ['ignore', 'ignore_ament_install']
[0.657s] Level 1:colcon.colcon_core.package_identification:_identify(.) by extension 'ignore'
[0.657s] Level 1:colcon.colcon_core.package_identification:_identify(.) by extension 'ignore_ament_install'
[0.657s] Level 1:colcon.colcon_core.package_identification:_identify(.) by extensions ['colcon_pkg']
[0.657s] Level 1:colcon.colcon_core.package_identification:_identify(.) by extension 'colcon_pkg'
[0.657s] Level 1:colcon.colcon_core.package_identification:_identify(.) by extensions ['colcon_meta']
[0.657s] Level 1:colcon.colcon_core.package_identification:_identify(.) by extension 'colcon_meta'
[0.657s] Level 1:colcon.colcon_core.package_identification:_identify(.) by extensions ['ros']
[0.657s] Level 1:colcon.colcon_core.package_identification:_identify(.) by extension 'ros'
[0.682s] Level 1:colcon.colcon_core.package_identification:_identify(.) by extensions ['cmake', 'python']
[0.682s] Level 1:colcon.colcon_core.package_identification:_identify(.) by extension 'cmake'
[0.682s] Level 1:colcon.colcon_core.package_identification:_identify(.) by extension 'python'
[0.682s] Level 1:colcon.colcon_core.package_identification:_identify(.) by extensions ['python_setup_py']
[0.682s] Level 1:colcon.colcon_core.package_identification:_identify(.) by extension 'python_setup_py'
[0.682s] Level 1:colcon.colcon_core.package_identification:_identify(build) by extensions ['ignore', 'ignore_ament_install']
[0.683s] Level 1:colcon.colcon_core.package_identification:_identify(build) by extension 'ignore'
[0.683s] Level 1:colcon.colcon_core.package_identification:_identify(build) ignored
[0.683s] Level 1:colcon.colcon_core.package_identification:_identify(install) by extensions ['ignore', 'ignore_ament_install']
[0.683s] Level 1:colcon.colcon_core.package_identification:_identify(install) by extension 'ignore'
[0.683s] Level 1:colcon.colcon_core.package_identification:_identify(install) ignored
[0.683s] Level 1:colcon.colcon_core.package_identification:_identify(log) by extensions ['ignore', 'ignore_ament_install']
[0.683s] Level 1:colcon.colcon_core.package_identification:_identify(log) by extension 'ignore'
[0.683s] Level 1:colcon.colcon_core.package_identification:_identify(log) ignored
[0.683s] Level 1:colcon.colcon_core.package_identification:_identify(src) by extensions ['ignore', 'ignore_ament_install']
[0.684s] Level 1:colcon.colcon_core.package_identification:_identify(src) by extension 'ignore'
[0.684s] Level 1:colcon.colcon_core.package_identification:_identify(src) by extension 'ignore_ament_install'
[0.684s] Level 1:colcon.colcon_core.package_identification:_identify(src) by extensions ['colcon_pkg']
[0.684s] Level 1:colcon.colcon_core.package_identification:_identify(src) by extension 'colcon_pkg'
[0.684s] Level 1:colcon.colcon_core.package_identification:_identify(src) by extensions ['colcon_meta']
[0.684s] Level 1:colcon.colcon_core.package_identification:_identify(src) by extension 'colcon_meta'
[0.684s] Level 1:colcon.colcon_core.package_identification:_identify(src) by extensions ['ros']
[0.684s] Level 1:colcon.colcon_core.package_identification:_identify(src) by extension 'ros'
[0.684s] Level 1:colcon.colcon_core.package_identification:_identify(src) by extensions ['cmake', 'python']
[0.684s] Level 1:colcon.colcon_core.package_identification:_identify(src) by extension 'cmake'
[0.684s] Level 1:colcon.colcon_core.package_identification:_identify(src) by extension 'python'
[0.684s] Level 1:colcon.colcon_core.package_identification:_identify(src) by extensions ['python_setup_py']
[0.684s] Level 1:colcon.colcon_core.package_identification:_identify(src) by extension 'python_setup_py'
[0.684s] Level 1:colcon.colcon_core.package_identification:_identify(src/main) by extensions ['ignore', 'ignore_ament_install']
[0.684s] Level 1:colcon.colcon_core.package_identification:_identify(src/main) by extension 'ignore'
[0.685s] Level 1:colcon.colcon_core.package_identification:_identify(src/main) by extension 'ignore_ament_install'
[0.685s] Level 1:colcon.colcon_core.package_identification:_identify(src/main) by extensions ['colcon_pkg']
[0.685s] Level 1:colcon.colcon_core.package_identification:_identify(src/main) by extension 'colcon_pkg'
[0.685s] Level 1:colcon.colcon_core.package_identification:_identify(src/main) by extensions ['colcon_meta']
[0.685s] Level 1:colcon.colcon_core.package_identification:_identify(src/main) by extension 'colcon_meta'
[0.685s] Level 1:colcon.colcon_core.package_identification:_identify(src/main) by extensions ['ros']
[0.685s] Level 1:colcon.colcon_core.package_identification:_identify(src/main) by extension 'ros'
[0.688s] DEBUG:colcon.colcon_core.package_identification:Package 'src/main' with type 'ros.ament_cmake' and name 'main'
[0.688s] Level 1:colcon.colcon_core.package_identification:_identify(src/message_info) by extensions ['ignore', 'ignore_ament_install']
[0.689s] Level 1:colcon.colcon_core.package_identification:_identify(src/message_info) by extension 'ignore'
[0.689s] Level 1:colcon.colcon_core.package_identification:_identify(src/message_info) by extension 'ignore_ament_install'
[0.689s] Level 1:colcon.colcon_core.package_identification:_identify(src/message_info) by extensions ['colcon_pkg']
[0.689s] Level 1:colcon.colcon_core.package_identification:_identify(src/message_info) by extension 'colcon_pkg'
[0.689s] Level 1:colcon.colcon_core.package_identification:_identify(src/message_info) by extensions ['colcon_meta']
[0.689s] Level 1:colcon.colcon_core.package_identification:_identify(src/message_info) by extension 'colcon_meta'
[0.689s] Level 1:colcon.colcon_core.package_identification:_identify(src/message_info) by extensions ['ros']
[0.689s] Level 1:colcon.colcon_core.package_identification:_identify(src/message_info) by extension 'ros'
[0.690s] DEBUG:colcon.colcon_core.package_identification:Package 'src/message_info' with type 'ros.ament_cmake' and name 'message_info'
[0.690s] Level 1:colcon.colcon_core.package_identification:_identify(src/proto_info) by extensions ['ignore', 'ignore_ament_install']
[0.690s] Level 1:colcon.colcon_core.package_identification:_identify(src/proto_info) by extension 'ignore'
[0.691s] Level 1:colcon.colcon_core.package_identification:_identify(src/proto_info) by extension 'ignore_ament_install'
[0.691s] Level 1:colcon.colcon_core.package_identification:_identify(src/proto_info) by extensions ['colcon_pkg']
[0.691s] Level 1:colcon.colcon_core.package_identification:_identify(src/proto_info) by extension 'colcon_pkg'
[0.691s] Level 1:colcon.colcon_core.package_identification:_identify(src/proto_info) by extensions ['colcon_meta']
[0.691s] Level 1:colcon.colcon_core.package_identification:_identify(src/proto_info) by extension 'colcon_meta'
[0.691s] Level 1:colcon.colcon_core.package_identification:_identify(src/proto_info) by extensions ['ros']
[0.691s] Level 1:colcon.colcon_core.package_identification:_identify(src/proto_info) by extension 'ros'
[0.692s] DEBUG:colcon.colcon_core.package_identification:Package 'src/proto_info' with type 'ros.ament_cmake' and name 'proto_info'
[0.692s] Level 1:colcon.colcon_core.package_identification:_identify(src/reciever) by extensions ['ignore', 'ignore_ament_install']
[0.692s] Level 1:colcon.colcon_core.package_identification:_identify(src/reciever) by extension 'ignore'
[0.692s] Level 1:colcon.colcon_core.package_identification:_identify(src/reciever) by extension 'ignore_ament_install'
[0.692s] Level 1:colcon.colcon_core.package_identification:_identify(src/reciever) by extensions ['colcon_pkg']
[0.692s] Level 1:colcon.colcon_core.package_identification:_identify(src/reciever) by extension 'colcon_pkg'
[0.692s] Level 1:colcon.colcon_core.package_identification:_identify(src/reciever) by extensions ['colcon_meta']
[0.692s] Level 1:colcon.colcon_core.package_identification:_identify(src/reciever) by extension 'colcon_meta'
[0.692s] Level 1:colcon.colcon_core.package_identification:_identify(src/reciever) by extensions ['ros']
[0.692s] Level 1:colcon.colcon_core.package_identification:_identify(src/reciever) by extension 'ros'
[0.693s] DEBUG:colcon.colcon_core.package_identification:Package 'src/reciever' with type 'ros.ament_cmake' and name 'reciever'
[0.693s] Level 1:colcon.colcon_core.package_identification:_identify(src/sender) by extensions ['ignore', 'ignore_ament_install']
[0.693s] Level 1:colcon.colcon_core.package_identification:_identify(src/sender) by extension 'ignore'
[0.694s] Level 1:colcon.colcon_core.package_identification:_identify(src/sender) by extension 'ignore_ament_install'
[0.694s] Level 1:colcon.colcon_core.package_identification:_identify(src/sender) by extensions ['colcon_pkg']
[0.694s] Level 1:colcon.colcon_core.package_identification:_identify(src/sender) by extension 'colcon_pkg'
[0.694s] Level 1:colcon.colcon_core.package_identification:_identify(src/sender) by extensions ['colcon_meta']
[0.694s] Level 1:colcon.colcon_core.package_identification:_identify(src/sender) by extension 'colcon_meta'
[0.694s] Level 1:colcon.colcon_core.package_identification:_identify(src/sender) by extensions ['ros']
[0.694s] Level 1:colcon.colcon_core.package_identification:_identify(src/sender) by extension 'ros'
[0.695s] DEBUG:colcon.colcon_core.package_identification:Package 'src/sender' with type 'ros.ament_cmake' and name 'sender'
[0.695s] Level 1:colcon.colcon_core.package_discovery:discover_packages(recursive) using defaults
[0.695s] Level 1:colcon.colcon_core.package_discovery:discover_packages(ignore) discover
[0.695s] Level 1:colcon.colcon_core.package_discovery:discover_packages(ignore) using defaults
[0.696s] Level 1:colcon.colcon_core.package_discovery:discover_packages(path) discover
[0.696s] Level 1:colcon.colcon_core.package_discovery:discover_packages(path) using defaults
[0.724s] Level 5:colcon.colcon_core.verb:set package 'message_info' build argument 'cmake_args' from command line to 'None'
[0.724s] Level 5:colcon.colcon_core.verb:set package 'message_info' build argument 'cmake_target' from command line to 'None'
[0.725s] Level 5:colcon.colcon_core.verb:set package 'message_info' build argument 'cmake_target_skip_unavailable' from command line to 'False'
[0.725s] Level 5:colcon.colcon_core.verb:set package 'message_info' build argument 'cmake_clean_cache' from command line to 'False'
[0.725s] Level 5:colcon.colcon_core.verb:set package 'message_info' build argument 'cmake_clean_first' from command line to 'False'
[0.725s] Level 5:colcon.colcon_core.verb:set package 'message_info' build argument 'cmake_force_configure' from command line to 'False'
[0.725s] Level 5:colcon.colcon_core.verb:set package 'message_info' build argument 'ament_cmake_args' from command line to 'None'
[0.725s] Level 5:colcon.colcon_core.verb:set package 'message_info' build argument 'catkin_cmake_args' from command line to 'None'
[0.725s] Level 5:colcon.colcon_core.verb:set package 'message_info' build argument 'catkin_skip_building_tests' from command line to 'False'
[0.725s] DEBUG:colcon.colcon_core.verb:Building package 'message_info' with the following arguments: {'ament_cmake_args': None, 'build_base': '/Users/mukuyo/Desktop/RI-AI/build/message_info', 'catkin_cmake_args': None, 'catkin_skip_building_tests': False, 'cmake_args': None, 'cmake_clean_cache': False, 'cmake_clean_first': False, 'cmake_force_configure': False, 'cmake_target': None, 'cmake_target_skip_unavailable': False, 'install_base': '/Users/mukuyo/Desktop/RI-AI/install/message_info', 'merge_install': False, 'path': '/Users/mukuyo/Desktop/RI-AI/src/message_info', 'symlink_install': False, 'test_result_base': None}
[0.737s] Level 5:colcon.colcon_core.verb:set package 'proto_info' build argument 'cmake_args' from command line to 'None'
[0.737s] Level 5:colcon.colcon_core.verb:set package 'proto_info' build argument 'cmake_target' from command line to 'None'
[0.737s] Level 5:colcon.colcon_core.verb:set package 'proto_info' build argument 'cmake_target_skip_unavailable' from command line to 'False'
[0.737s] Level 5:colcon.colcon_core.verb:set package 'proto_info' build argument 'cmake_clean_cache' from command line to 'False'
[0.737s] Level 5:colcon.colcon_core.verb:set package 'proto_info' build argument 'cmake_clean_first' from command line to 'False'
[0.737s] Level 5:colcon.colcon_core.verb:set package 'proto_info' build argument 'cmake_force_configure' from command line to 'False'
[0.737s] Level 5:colcon.colcon_core.verb:set package 'proto_info' build argument 'ament_cmake_args' from command line to 'None'
[0.737s] Level 5:colcon.colcon_core.verb:set package 'proto_info' build argument 'catkin_cmake_args' from command line to 'None'
[0.737s] Level 5:colcon.colcon_core.verb:set package 'proto_info' build argument 'catkin_skip_building_tests' from command line to 'False'
[0.737s] DEBUG:colcon.colcon_core.verb:Building package 'proto_info' with the following arguments: {'ament_cmake_args': None, 'build_base': '/Users/mukuyo/Desktop/RI-AI/build/proto_info', 'catkin_cmake_args': None, 'catkin_skip_building_tests': False, 'cmake_args': None, 'cmake_clean_cache': False, 'cmake_clean_first': False, 'cmake_force_configure': False, 'cmake_target': None, 'cmake_target_skip_unavailable': False, 'install_base': '/Users/mukuyo/Desktop/RI-AI/install/proto_info', 'merge_install': False, 'path': '/Users/mukuyo/Desktop/RI-AI/src/proto_info', 'symlink_install': False, 'test_result_base': None}
[0.747s] Level 5:colcon.colcon_core.verb:set package 'main' build argument 'cmake_args' from command line to 'None'
[0.747s] Level 5:colcon.colcon_core.verb:set package 'main' build argument 'cmake_target' from command line to 'None'
[0.747s] Level 5:colcon.colcon_core.verb:set package 'main' build argument 'cmake_target_skip_unavailable' from command line to 'False'
[0.747s] Level 5:colcon.colcon_core.verb:set package 'main' build argument 'cmake_clean_cache' from command line to 'False'
[0.747s] Level 5:colcon.colcon_core.verb:set package 'main' build argument 'cmake_clean_first' from command line to 'False'
[0.748s] Level 5:colcon.colcon_core.verb:set package 'main' build argument 'cmake_force_configure' from command line to 'False'
[0.748s] Level 5:colcon.colcon_core.verb:set package 'main' build argument 'ament_cmake_args' from command line to 'None'
[0.748s] Level 5:colcon.colcon_core.verb:set package 'main' build argument 'catkin_cmake_args' from command line to 'None'
[0.748s] Level 5:colcon.colcon_core.verb:set package 'main' build argument 'catkin_skip_building_tests' from command line to 'False'
[0.748s] DEBUG:colcon.colcon_core.verb:Building package 'main' with the following arguments: {'ament_cmake_args': None, 'build_base': '/Users/mukuyo/Desktop/RI-AI/build/main', 'catkin_cmake_args': None, 'catkin_skip_building_tests': False, 'cmake_args': None, 'cmake_clean_cache': False, 'cmake_clean_first': False, 'cmake_force_configure': False, 'cmake_target': None, 'cmake_target_skip_unavailable': False, 'install_base': '/Users/mukuyo/Desktop/RI-AI/install/main', 'merge_install': False, 'path': '/Users/mukuyo/Desktop/RI-AI/src/main', 'symlink_install': False, 'test_result_base': None}
[0.760s] Level 5:colcon.colcon_core.verb:set package 'reciever' build argument 'cmake_args' from command line to 'None'
[0.760s] Level 5:colcon.colcon_core.verb:set package 'reciever' build argument 'cmake_target' from command line to 'None'
[0.760s] Level 5:colcon.colcon_core.verb:set package 'reciever' build argument 'cmake_target_skip_unavailable' from command line to 'False'
[0.761s] Level 5:colcon.colcon_core.verb:set package 'reciever' build argument 'cmake_clean_cache' from command line to 'False'
[0.761s] Level 5:colcon.colcon_core.verb:set package 'reciever' build argument 'cmake_clean_first' from command line to 'False'
[0.761s] Level 5:colcon.colcon_core.verb:set package 'reciever' build argument 'cmake_force_configure' from command line to 'False'
[0.761s] Level 5:colcon.colcon_core.verb:set package 'reciever' build argument 'ament_cmake_args' from command line to 'None'
[0.761s] Level 5:colcon.colcon_core.verb:set package 'reciever' build argument 'catkin_cmake_args' from command line to 'None'
[0.761s] Level 5:colcon.colcon_core.verb:set package 'reciever' build argument 'catkin_skip_building_tests' from command line to 'False'
[0.761s] DEBUG:colcon.colcon_core.verb:Building package 'reciever' with the following arguments: {'ament_cmake_args': None, 'build_base': '/Users/mukuyo/Desktop/RI-AI/build/reciever', 'catkin_cmake_args': None, 'catkin_skip_building_tests': False, 'cmake_args': None, 'cmake_clean_cache': False, 'cmake_clean_first': False, 'cmake_force_configure': False, 'cmake_target': None, 'cmake_target_skip_unavailable': False, 'install_base': '/Users/mukuyo/Desktop/RI-AI/install/reciever', 'merge_install': False, 'path': '/Users/mukuyo/Desktop/RI-AI/src/reciever', 'symlink_install': False, 'test_result_base': None}
[0.771s] Level 5:colcon.colcon_core.verb:set package 'sender' build argument 'cmake_args' from command line to 'None'
[0.771s] Level 5:colcon.colcon_core.verb:set package 'sender' build argument 'cmake_target' from command line to 'None'
[0.771s] Level 5:colcon.colcon_core.verb:set package 'sender' build argument 'cmake_target_skip_unavailable' from command line to 'False'
[0.771s] Level 5:colcon.colcon_core.verb:set package 'sender' build argument 'cmake_clean_cache' from command line to 'False'
[0.771s] Level 5:colcon.colcon_core.verb:set package 'sender' build argument 'cmake_clean_first' from command line to 'False'
[0.771s] Level 5:colcon.colcon_core.verb:set package 'sender' build argument 'cmake_force_configure' from command line to 'False'
[0.771s] Level 5:colcon.colcon_core.verb:set package 'sender' build argument 'ament_cmake_args' from command line to 'None'
[0.771s] Level 5:colcon.colcon_core.verb:set package 'sender' build argument 'catkin_cmake_args' from command line to 'None'
[0.771s] Level 5:colcon.colcon_core.verb:set package 'sender' build argument 'catkin_skip_building_tests' from command line to 'False'
[0.771s] DEBUG:colcon.colcon_core.verb:Building package 'sender' with the following arguments: {'ament_cmake_args': None, 'build_base': '/Users/mukuyo/Desktop/RI-AI/build/sender', 'catkin_cmake_args': None, 'catkin_skip_building_tests': False, 'cmake_args': None, 'cmake_clean_cache': False, 'cmake_clean_first': False, 'cmake_force_configure': False, 'cmake_target': None, 'cmake_target_skip_unavailable': False, 'install_base': '/Users/mukuyo/Desktop/RI-AI/install/sender', 'merge_install': False, 'path': '/Users/mukuyo/Desktop/RI-AI/src/sender', 'symlink_install': False, 'test_result_base': None}
[0.774s] INFO:colcon.colcon_core.executor:Executing jobs using 'parallel' executor
[0.788s] DEBUG:colcon.colcon_parallel_executor.executor.parallel:run_until_complete
[0.789s] INFO:colcon.colcon_ros.task.ament_cmake.build:Building ROS package in '/Users/mukuyo/Desktop/RI-AI/src/message_info' with build type 'ament_cmake'
[0.800s] INFO:colcon.colcon_core.plugin_system:Skipping extension 'colcon_core.shell.bat': Not used on non-Windows systems
[0.800s] INFO:colcon.colcon_cmake.task.cmake.build:Building CMake package in '/Users/mukuyo/Desktop/RI-AI/src/message_info'
[0.807s] INFO:colcon.colcon_core.shell:Skip shell extension 'powershell' for command environment: Not usable outside of PowerShell
[0.807s] DEBUG:colcon.colcon_core.shell:Skip shell extension 'dsv' for command environment
[0.814s] WARNING:colcon.colcon_ros.prefix_path.ament:The path '/Users/mukuyo/Desktop/RI-AI/install/sender' in the environment variable AMENT_PREFIX_PATH doesn't exist
[0.814s] WARNING:colcon.colcon_ros.prefix_path.ament:The path '/Users/mukuyo/Desktop/RI-AI/install/main' in the environment variable AMENT_PREFIX_PATH doesn't exist
[0.815s] WARNING:colcon.colcon_ros.prefix_path.catkin:The path '/Users/mukuyo/Desktop/RI-AI/install/sender' in the environment variable CMAKE_PREFIX_PATH doesn't exist
[0.815s] WARNING:colcon.colcon_ros.prefix_path.catkin:The path '/Users/mukuyo/Desktop/RI-AI/install/main' in the environment variable CMAKE_PREFIX_PATH doesn't exist
[0.823s] INFO:colcon.colcon_ros.task.ament_cmake.build:Building ROS package in '/Users/mukuyo/Desktop/RI-AI/src/proto_info' with build type 'ament_cmake'
[0.832s] INFO:colcon.colcon_cmake.task.cmake.build:Building CMake package in '/Users/mukuyo/Desktop/RI-AI/src/proto_info'
[0.839s] INFO:colcon.colcon_core.shell:Skip shell extension 'powershell' for command environment: Not usable outside of PowerShell
[0.839s] DEBUG:colcon.colcon_core.shell:Skip shell extension 'dsv' for command environment
[0.876s] DEBUG:colcon.colcon_core.event_handler.log_command:Invoking command in '/Users/mukuyo/Desktop/RI-AI/build/message_info': SHLVL=2 _=/usr/bin/env /usr/local/bin/cmake --build /Users/mukuyo/Desktop/RI-AI/build/message_info -- -j8 -l8
[0.931s] DEBUG:colcon.colcon_core.event_handler.log_command:Invoking command in '/Users/mukuyo/Desktop/RI-AI/build/proto_info': SHLVL=2 _=/usr/bin/env /usr/local/bin/cmake --build /Users/mukuyo/Desktop/RI-AI/build/proto_info -- -j8 -l8
[1.568s] DEBUG:colcon.colcon_core.event_handler.log_command:Invoked command in '/Users/mukuyo/Desktop/RI-AI/build/proto_info' returned '0': SHLVL=2 _=/usr/bin/env /usr/local/bin/cmake --build /Users/mukuyo/Desktop/RI-AI/build/proto_info -- -j8 -l8
[3.114s] DEBUG:colcon.colcon_core.event_handler.log_command:Invoked command in '/Users/mukuyo/Desktop/RI-AI/build/message_info' returned '0': SHLVL=2 _=/usr/bin/env /usr/local/bin/cmake --build /Users/mukuyo/Desktop/RI-AI/build/message_info -- -j8 -l8
[3.670s] DEBUG:colcon.colcon_core.event_handler.log_command:Invoking command in '/Users/mukuyo/Desktop/RI-AI/build/proto_info': SHLVL=2 _=/usr/bin/env /usr/local/bin/cmake --install /Users/mukuyo/Desktop/RI-AI/build/proto_info
[3.819s] Level 1:colcon.colcon_core.environment:create_environment_scripts_only(proto_info)
[3.823s] DEBUG:colcon.colcon_core.event_handler.log_command:Invoked command in '/Users/mukuyo/Desktop/RI-AI/build/proto_info' returned '0': SHLVL=2 _=/usr/bin/env /usr/local/bin/cmake --install /Users/mukuyo/Desktop/RI-AI/build/proto_info
[3.834s] Level 1:colcon.colcon_core.environment:checking '/Users/mukuyo/Desktop/RI-AI/install/proto_info' for CMake module files
[3.835s] Level 1:colcon.colcon_core.environment:checking '/Users/mukuyo/Desktop/RI-AI/install/proto_info' for CMake config files
[3.835s] Level 1:colcon.colcon_core.shell:create_environment_hook('proto_info', 'cmake_prefix_path')
[3.842s] INFO:colcon.colcon_core.shell:Creating environment hook '/Users/mukuyo/Desktop/RI-AI/install/proto_info/share/proto_info/hook/cmake_prefix_path.ps1'
[3.843s] INFO:colcon.colcon_core.shell:Creating environment descriptor '/Users/mukuyo/Desktop/RI-AI/install/proto_info/share/proto_info/hook/cmake_prefix_path.dsv'
[3.844s] INFO:colcon.colcon_core.shell:Creating environment hook '/Users/mukuyo/Desktop/RI-AI/install/proto_info/share/proto_info/hook/cmake_prefix_path.sh'
[3.845s] Level 1:colcon.colcon_core.environment:checking '/Users/mukuyo/Desktop/RI-AI/install/proto_info/lib'
[3.845s] Level 1:colcon.colcon_core.shell:create_environment_hook('proto_info', 'dyld_library_path')
[3.853s] INFO:colcon.colcon_core.shell:Creating environment hook '/Users/mukuyo/Desktop/RI-AI/install/proto_info/share/proto_info/hook/dyld_library_path.ps1'
[3.855s] INFO:colcon.colcon_core.shell:Creating environment descriptor '/Users/mukuyo/Desktop/RI-AI/install/proto_info/share/proto_info/hook/dyld_library_path.dsv'
[3.856s] INFO:colcon.colcon_core.shell:Creating environment hook '/Users/mukuyo/Desktop/RI-AI/install/proto_info/share/proto_info/hook/dyld_library_path.sh'
[3.857s] Level 1:colcon.colcon_core.environment:checking '/Users/mukuyo/Desktop/RI-AI/install/proto_info/bin'
[3.858s] Level 1:colcon.colcon_core.environment:checking '/Users/mukuyo/Desktop/RI-AI/install/proto_info/lib/pkgconfig/proto_info.pc'
[3.858s] Level 1:colcon.colcon_core.environment:checking '/Users/mukuyo/Desktop/RI-AI/install/proto_info/lib/python3.8/site-packages'
[3.858s] Level 1:colcon.colcon_core.shell:create_environment_hook('proto_info', 'pythonpath')
[3.868s] INFO:colcon.colcon_core.shell:Creating environment hook '/Users/mukuyo/Desktop/RI-AI/install/proto_info/share/proto_info/hook/pythonpath.ps1'
[3.869s] INFO:colcon.colcon_core.shell:Creating environment descriptor '/Users/mukuyo/Desktop/RI-AI/install/proto_info/share/proto_info/hook/pythonpath.dsv'
[3.870s] INFO:colcon.colcon_core.shell:Creating environment hook '/Users/mukuyo/Desktop/RI-AI/install/proto_info/share/proto_info/hook/pythonpath.sh'
[3.879s] INFO:colcon.colcon_core.shell:Creating package script '/Users/mukuyo/Desktop/RI-AI/install/proto_info/share/proto_info/package.ps1'
[3.881s] INFO:colcon.colcon_core.shell:Creating package descriptor '/Users/mukuyo/Desktop/RI-AI/install/proto_info/share/proto_info/package.dsv'
[3.882s] INFO:colcon.colcon_core.shell:Creating package script '/Users/mukuyo/Desktop/RI-AI/install/proto_info/share/proto_info/package.sh'
[3.883s] INFO:colcon.colcon_core.shell:Creating package script '/Users/mukuyo/Desktop/RI-AI/install/proto_info/share/proto_info/package.bash'
[3.885s] INFO:colcon.colcon_core.shell:Creating package script '/Users/mukuyo/Desktop/RI-AI/install/proto_info/share/proto_info/package.zsh'
[3.886s] Level 1:colcon.colcon_core.environment:create_file_with_runtime_dependencies(/Users/mukuyo/Desktop/RI-AI/install/proto_info/share/colcon-core/packages/proto_info)
[13.115s] DEBUG:colcon.colcon_core.event_handler.log_command:Invoking command in '/Users/mukuyo/Desktop/RI-AI/build/message_info': SHLVL=2 _=/usr/bin/env /usr/local/bin/cmake --install /Users/mukuyo/Desktop/RI-AI/build/message_info
[14.800s] Level 1:colcon.colcon_core.environment:create_environment_scripts_only(message_info)
[14.812s] Level 1:colcon.colcon_core.environment:checking '/Users/mukuyo/Desktop/RI-AI/install/message_info' for CMake module files
[14.815s] DEBUG:colcon.colcon_core.event_handler.log_command:Invoked command in '/Users/mukuyo/Desktop/RI-AI/build/message_info' returned '0': SHLVL=2 _=/usr/bin/env /usr/local/bin/cmake --install /Users/mukuyo/Desktop/RI-AI/build/message_info
[14.815s] Level 1:colcon.colcon_core.environment:checking '/Users/mukuyo/Desktop/RI-AI/install/message_info' for CMake config files
[14.816s] Level 1:colcon.colcon_core.shell:create_environment_hook('message_info', 'cmake_prefix_path')
[14.823s] INFO:colcon.colcon_core.shell:Creating environment hook '/Users/mukuyo/Desktop/RI-AI/install/message_info/share/message_info/hook/cmake_prefix_path.ps1'
[14.823s] INFO:colcon.colcon_core.shell:Creating environment descriptor '/Users/mukuyo/Desktop/RI-AI/install/message_info/share/message_info/hook/cmake_prefix_path.dsv'
[14.824s] INFO:colcon.colcon_core.shell:Creating environment hook '/Users/mukuyo/Desktop/RI-AI/install/message_info/share/message_info/hook/cmake_prefix_path.sh'
[14.825s] Level 1:colcon.colcon_core.environment:checking '/Users/mukuyo/Desktop/RI-AI/install/message_info/lib'
[14.825s] Level 1:colcon.colcon_core.shell:create_environment_hook('message_info', 'dyld_library_path')
[14.831s] INFO:colcon.colcon_core.shell:Creating environment hook '/Users/mukuyo/Desktop/RI-AI/install/message_info/share/message_info/hook/dyld_library_path.ps1'
[14.831s] INFO:colcon.colcon_core.shell:Creating environment descriptor '/Users/mukuyo/Desktop/RI-AI/install/message_info/share/message_info/hook/dyld_library_path.dsv'
[14.832s] INFO:colcon.colcon_core.shell:Creating environment hook '/Users/mukuyo/Desktop/RI-AI/install/message_info/share/message_info/hook/dyld_library_path.sh'
[14.833s] Level 1:colcon.colcon_core.environment:checking '/Users/mukuyo/Desktop/RI-AI/install/message_info/bin'
[14.833s] Level 1:colcon.colcon_core.environment:checking '/Users/mukuyo/Desktop/RI-AI/install/message_info/lib/pkgconfig/message_info.pc'
[14.833s] Level 1:colcon.colcon_core.environment:checking '/Users/mukuyo/Desktop/RI-AI/install/message_info/lib/python3.8/site-packages'
[14.833s] Level 1:colcon.colcon_core.shell:create_environment_hook('message_info', 'pythonpath')
[14.840s] INFO:colcon.colcon_core.shell:Creating environment hook '/Users/mukuyo/Desktop/RI-AI/install/message_info/share/message_info/hook/pythonpath.ps1'
[14.841s] INFO:colcon.colcon_core.shell:Creating environment descriptor '/Users/mukuyo/Desktop/RI-AI/install/message_info/share/message_info/hook/pythonpath.dsv'
[14.841s] INFO:colcon.colcon_core.shell:Creating environment hook '/Users/mukuyo/Desktop/RI-AI/install/message_info/share/message_info/hook/pythonpath.sh'
[14.848s] INFO:colcon.colcon_core.shell:Creating package script '/Users/mukuyo/Desktop/RI-AI/install/message_info/share/message_info/package.ps1'
[14.850s] INFO:colcon.colcon_core.shell:Creating package descriptor '/Users/mukuyo/Desktop/RI-AI/install/message_info/share/message_info/package.dsv'
[14.850s] INFO:colcon.colcon_core.shell:Creating package script '/Users/mukuyo/Desktop/RI-AI/install/message_info/share/message_info/package.sh'
[14.851s] INFO:colcon.colcon_core.shell:Creating package script '/Users/mukuyo/Desktop/RI-AI/install/message_info/share/message_info/package.bash'
[14.852s] INFO:colcon.colcon_core.shell:Creating package script '/Users/mukuyo/Desktop/RI-AI/install/message_info/share/message_info/package.zsh'
[14.853s] Level 1:colcon.colcon_core.environment:create_file_with_runtime_dependencies(/Users/mukuyo/Desktop/RI-AI/install/message_info/share/colcon-core/packages/message_info)
[14.854s] INFO:colcon.colcon_ros.task.ament_cmake.build:Building ROS package in '/Users/mukuyo/Desktop/RI-AI/src/main' with build type 'ament_cmake'
[14.862s] INFO:colcon.colcon_cmake.task.cmake.build:Building CMake package in '/Users/mukuyo/Desktop/RI-AI/src/main'
[14.870s] INFO:colcon.colcon_core.shell:Skip shell extension 'powershell' for command environment: Not usable outside of PowerShell
[14.870s] DEBUG:colcon.colcon_core.shell:Skip shell extension 'dsv' for command environment
[14.884s] INFO:colcon.colcon_ros.task.ament_cmake.build:Building ROS package in '/Users/mukuyo/Desktop/RI-AI/src/reciever' with build type 'ament_cmake'
[14.892s] INFO:colcon.colcon_cmake.task.cmake.build:Building CMake package in '/Users/mukuyo/Desktop/RI-AI/src/reciever'
[14.898s] INFO:colcon.colcon_core.shell:Skip shell extension 'powershell' for command environment: Not usable outside of PowerShell
[14.898s] DEBUG:colcon.colcon_core.shell:Skip shell extension 'dsv' for command environment
[14.920s] INFO:colcon.colcon_ros.task.ament_cmake.build:Building ROS package in '/Users/mukuyo/Desktop/RI-AI/src/sender' with build type 'ament_cmake'
[14.928s] INFO:colcon.colcon_cmake.task.cmake.build:Building CMake package in '/Users/mukuyo/Desktop/RI-AI/src/sender'
[14.936s] INFO:colcon.colcon_core.shell:Skip shell extension 'powershell' for command environment: Not usable outside of PowerShell
[14.936s] DEBUG:colcon.colcon_core.shell:Skip shell extension 'dsv' for command environment
[14.978s] DEBUG:colcon.colcon_core.event_handler.log_command:Invoking command in '/Users/mukuyo/Desktop/RI-AI/build/main': CMAKE_PREFIX_PATH=/Users/mukuyo/Desktop/RI-AI/install/message_info:/Users/mukuyo/Desktop/RI-AI/install/sender:/Users/mukuyo/Desktop/RI-AI/install/reciever:/Users/mukuyo/Desktop/RI-AI/install/proto_info:/Users/mukuyo/Desktop/RI-AI/install/main:/Users/mukuyo/ros2_ws/ros2-osx DYLD_LIBRARY_PATH=/Users/mukuyo/Desktop/RI-AI/install/message_info/lib:/Users/mukuyo/Desktop/RI-AI/install/sender/lib:/Users/mukuyo/Desktop/RI-AI/install/proto_info/lib:/Users/mukuyo/ros2_ws/ros2-osx/opt/yaml_cpp_vendor/lib:/Users/mukuyo/ros2_ws/ros2-osx/opt/rviz_ogre_vendor/lib:/Users/mukuyo/ros2_ws/ros2-osx/lib PYTHONPATH=/Users/mukuyo/Desktop/RI-AI/install/message_info/lib/python3.8/site-packages:/Users/mukuyo/Desktop/RI-AI/install/sender/lib/python3.8/site-packages:/Users/mukuyo/Desktop/RI-AI/install/proto_info/lib/python3.8/site-packages:/Users/mukuyo/ros2_ws/ros2-osx/lib/python3.8/site-packages SHLVL=2 _=/usr/bin/env /usr/local/bin/cmake --build /Users/mukuyo/Desktop/RI-AI/build/main -- -j8 -l8
[15.069s] DEBUG:colcon.colcon_core.event_handler.log_command:Invoking command in '/Users/mukuyo/Desktop/RI-AI/build/reciever': CMAKE_PREFIX_PATH=/Users/mukuyo/Desktop/RI-AI/install/proto_info:/Users/mukuyo/Desktop/RI-AI/install/message_info:/Users/mukuyo/Desktop/RI-AI/install/sender:/Users/mukuyo/Desktop/RI-AI/install/reciever:/Users/mukuyo/Desktop/RI-AI/install/main:/Users/mukuyo/ros2_ws/ros2-osx DYLD_LIBRARY_PATH=/Users/mukuyo/Desktop/RI-AI/install/proto_info/lib:/Users/mukuyo/Desktop/RI-AI/install/message_info/lib:/Users/mukuyo/Desktop/RI-AI/install/sender/lib:/Users/mukuyo/ros2_ws/ros2-osx/opt/yaml_cpp_vendor/lib:/Users/mukuyo/ros2_ws/ros2-osx/opt/rviz_ogre_vendor/lib:/Users/mukuyo/ros2_ws/ros2-osx/lib PYTHONPATH=/Users/mukuyo/Desktop/RI-AI/install/proto_info/lib/python3.8/site-packages:/Users/mukuyo/Desktop/RI-AI/install/message_info/lib/python3.8/site-packages:/Users/mukuyo/Desktop/RI-AI/install/sender/lib/python3.8/site-packages:/Users/mukuyo/ros2_ws/ros2-osx/lib/python3.8/site-packages SHLVL=2 _=/usr/bin/env /usr/local/bin/cmake --build /Users/mukuyo/Desktop/RI-AI/build/reciever -- -j8 -l8
[15.104s] DEBUG:colcon.colcon_core.event_handler.log_command:Invoking command in '/Users/mukuyo/Desktop/RI-AI/build/sender': CMAKE_PREFIX_PATH=/Users/mukuyo/Desktop/RI-AI/install/proto_info:/Users/mukuyo/Desktop/RI-AI/install/message_info:/Users/mukuyo/Desktop/RI-AI/install/sender:/Users/mukuyo/Desktop/RI-AI/install/reciever:/Users/mukuyo/Desktop/RI-AI/install/main:/Users/mukuyo/ros2_ws/ros2-osx DYLD_LIBRARY_PATH=/Users/mukuyo/Desktop/RI-AI/install/proto_info/lib:/Users/mukuyo/Desktop/RI-AI/install/message_info/lib:/Users/mukuyo/Desktop/RI-AI/install/sender/lib:/Users/mukuyo/ros2_ws/ros2-osx/opt/yaml_cpp_vendor/lib:/Users/mukuyo/ros2_ws/ros2-osx/opt/rviz_ogre_vendor/lib:/Users/mukuyo/ros2_ws/ros2-osx/lib PYTHONPATH=/Users/mukuyo/Desktop/RI-AI/install/proto_info/lib/python3.8/site-packages:/Users/mukuyo/Desktop/RI-AI/install/message_info/lib/python3.8/site-packages:/Users/mukuyo/Desktop/RI-AI/install/sender/lib/python3.8/site-packages:/Users/mukuyo/ros2_ws/ros2-osx/lib/python3.8/site-packages SHLVL=2 _=/usr/bin/env /usr/local/bin/cmake --build /Users/mukuyo/Desktop/RI-AI/build/sender -- -j8 -l8
[16.344s] DEBUG:colcon.colcon_core.event_handler.log_command:Invoked command in '/Users/mukuyo/Desktop/RI-AI/build/reciever' returned '0': CMAKE_PREFIX_PATH=/Users/mukuyo/Desktop/RI-AI/install/proto_info:/Users/mukuyo/Desktop/RI-AI/install/message_info:/Users/mukuyo/Desktop/RI-AI/install/sender:/Users/mukuyo/Desktop/RI-AI/install/reciever:/Users/mukuyo/Desktop/RI-AI/install/main:/Users/mukuyo/ros2_ws/ros2-osx DYLD_LIBRARY_PATH=/Users/mukuyo/Desktop/RI-AI/install/proto_info/lib:/Users/mukuyo/Desktop/RI-AI/install/message_info/lib:/Users/mukuyo/Desktop/RI-AI/install/sender/lib:/Users/mukuyo/ros2_ws/ros2-osx/opt/yaml_cpp_vendor/lib:/Users/mukuyo/ros2_ws/ros2-osx/opt/rviz_ogre_vendor/lib:/Users/mukuyo/ros2_ws/ros2-osx/lib PYTHONPATH=/Users/mukuyo/Desktop/RI-AI/install/proto_info/lib/python3.8/site-packages:/Users/mukuyo/Desktop/RI-AI/install/message_info/lib/python3.8/site-packages:/Users/mukuyo/Desktop/RI-AI/install/sender/lib/python3.8/site-packages:/Users/mukuyo/ros2_ws/ros2-osx/lib/python3.8/site-packages SHLVL=2 _=/usr/bin/env /usr/local/bin/cmake --build /Users/mukuyo/Desktop/RI-AI/build/reciever -- -j8 -l8
[17.280s] DEBUG:colcon.colcon_core.event_handler.log_command:Invoking command in '/Users/mukuyo/Desktop/RI-AI/build/reciever': CMAKE_PREFIX_PATH=/Users/mukuyo/Desktop/RI-AI/install/proto_info:/Users/mukuyo/Desktop/RI-AI/install/message_info:/Users/mukuyo/Desktop/RI-AI/install/sender:/Users/mukuyo/Desktop/RI-AI/install/reciever:/Users/mukuyo/Desktop/RI-AI/install/main:/Users/mukuyo/ros2_ws/ros2-osx DYLD_LIBRARY_PATH=/Users/mukuyo/Desktop/RI-AI/install/proto_info/lib:/Users/mukuyo/Desktop/RI-AI/install/message_info/lib:/Users/mukuyo/Desktop/RI-AI/install/sender/lib:/Users/mukuyo/ros2_ws/ros2-osx/opt/yaml_cpp_vendor/lib:/Users/mukuyo/ros2_ws/ros2-osx/opt/rviz_ogre_vendor/lib:/Users/mukuyo/ros2_ws/ros2-osx/lib PYTHONPATH=/Users/mukuyo/Desktop/RI-AI/install/proto_info/lib/python3.8/site-packages:/Users/mukuyo/Desktop/RI-AI/install/message_info/lib/python3.8/site-packages:/Users/mukuyo/Desktop/RI-AI/install/sender/lib/python3.8/site-packages:/Users/mukuyo/ros2_ws/ros2-osx/lib/python3.8/site-packages SHLVL=2 _=/usr/bin/env /usr/local/bin/cmake --install /Users/mukuyo/Desktop/RI-AI/build/reciever
[17.572s] DEBUG:colcon.colcon_core.event_handler.log_command:Invoked command in '/Users/mukuyo/Desktop/RI-AI/build/sender' returned '0': CMAKE_PREFIX_PATH=/Users/mukuyo/Desktop/RI-AI/install/proto_info:/Users/mukuyo/Desktop/RI-AI/install/message_info:/Users/mukuyo/Desktop/RI-AI/install/sender:/Users/mukuyo/Desktop/RI-AI/install/reciever:/Users/mukuyo/Desktop/RI-AI/install/main:/Users/mukuyo/ros2_ws/ros2-osx DYLD_LIBRARY_PATH=/Users/mukuyo/Desktop/RI-AI/install/proto_info/lib:/Users/mukuyo/Desktop/RI-AI/install/message_info/lib:/Users/mukuyo/Desktop/RI-AI/install/sender/lib:/Users/mukuyo/ros2_ws/ros2-osx/opt/yaml_cpp_vendor/lib:/Users/mukuyo/ros2_ws/ros2-osx/opt/rviz_ogre_vendor/lib:/Users/mukuyo/ros2_ws/ros2-osx/lib PYTHONPATH=/Users/mukuyo/Desktop/RI-AI/install/proto_info/lib/python3.8/site-packages:/Users/mukuyo/Desktop/RI-AI/install/message_info/lib/python3.8/site-packages:/Users/mukuyo/Desktop/RI-AI/install/sender/lib/python3.8/site-packages:/Users/mukuyo/ros2_ws/ros2-osx/lib/python3.8/site-packages SHLVL=2 _=/usr/bin/env /usr/local/bin/cmake --build /Users/mukuyo/Desktop/RI-AI/build/sender -- -j8 -l8
[17.631s] Level 1:colcon.colcon_core.environment:create_environment_scripts_only(reciever)
[17.645s] Level 1:colcon.colcon_core.environment:checking '/Users/mukuyo/Desktop/RI-AI/install/reciever' for CMake module files
[17.646s] DEBUG:colcon.colcon_core.event_handler.log_command:Invoked command in '/Users/mukuyo/Desktop/RI-AI/build/reciever' returned '0': CMAKE_PREFIX_PATH=/Users/mukuyo/Desktop/RI-AI/install/proto_info:/Users/mukuyo/Desktop/RI-AI/install/message_info:/Users/mukuyo/Desktop/RI-AI/install/sender:/Users/mukuyo/Desktop/RI-AI/install/reciever:/Users/mukuyo/Desktop/RI-AI/install/main:/Users/mukuyo/ros2_ws/ros2-osx DYLD_LIBRARY_PATH=/Users/mukuyo/Desktop/RI-AI/install/proto_info/lib:/Users/mukuyo/Desktop/RI-AI/install/message_info/lib:/Users/mukuyo/Desktop/RI-AI/install/sender/lib:/Users/mukuyo/ros2_ws/ros2-osx/opt/yaml_cpp_vendor/lib:/Users/mukuyo/ros2_ws/ros2-osx/opt/rviz_ogre_vendor/lib:/Users/mukuyo/ros2_ws/ros2-osx/lib PYTHONPATH=/Users/mukuyo/Desktop/RI-AI/install/proto_info/lib/python3.8/site-packages:/Users/mukuyo/Desktop/RI-AI/install/message_info/lib/python3.8/site-packages:/Users/mukuyo/Desktop/RI-AI/install/sender/lib/python3.8/site-packages:/Users/mukuyo/ros2_ws/ros2-osx/lib/python3.8/site-packages SHLVL=2 _=/usr/bin/env /usr/local/bin/cmake --install /Users/mukuyo/Desktop/RI-AI/build/reciever
[17.647s] Level 1:colcon.colcon_core.environment:checking '/Users/mukuyo/Desktop/RI-AI/install/reciever' for CMake config files
[17.648s] Level 1:colcon.colcon_core.shell:create_environment_hook('reciever', 'cmake_prefix_path')
[17.663s] INFO:colcon.colcon_core.shell:Creating environment hook '/Users/mukuyo/Desktop/RI-AI/install/reciever/share/reciever/hook/cmake_prefix_path.ps1'
[17.664s] INFO:colcon.colcon_core.shell:Creating environment descriptor '/Users/mukuyo/Desktop/RI-AI/install/reciever/share/reciever/hook/cmake_prefix_path.dsv'
[17.665s] INFO:colcon.colcon_core.shell:Creating environment hook '/Users/mukuyo/Desktop/RI-AI/install/reciever/share/reciever/hook/cmake_prefix_path.sh'
[17.667s] Level 1:colcon.colcon_core.environment:checking '/Users/mukuyo/Desktop/RI-AI/install/reciever/lib'
[17.667s] Level 1:colcon.colcon_core.environment:checking '/Users/mukuyo/Desktop/RI-AI/install/reciever/bin'
[17.667s] Level 1:colcon.colcon_core.environment:checking '/Users/mukuyo/Desktop/RI-AI/install/reciever/lib/pkgconfig/reciever.pc'
[17.667s] Level 1:colcon.colcon_core.environment:checking '/Users/mukuyo/Desktop/RI-AI/install/reciever/lib/python3.8/site-packages'
[17.676s] INFO:colcon.colcon_core.shell:Creating package script '/Users/mukuyo/Desktop/RI-AI/install/reciever/share/reciever/package.ps1'
[17.677s] INFO:colcon.colcon_core.shell:Creating package descriptor '/Users/mukuyo/Desktop/RI-AI/install/reciever/share/reciever/package.dsv'
[17.678s] INFO:colcon.colcon_core.shell:Creating package script '/Users/mukuyo/Desktop/RI-AI/install/reciever/share/reciever/package.sh'
[17.679s] INFO:colcon.colcon_core.shell:Creating package script '/Users/mukuyo/Desktop/RI-AI/install/reciever/share/reciever/package.bash'
[17.680s] INFO:colcon.colcon_core.shell:Creating package script '/Users/mukuyo/Desktop/RI-AI/install/reciever/share/reciever/package.zsh'
[17.680s] Level 1:colcon.colcon_core.environment:create_file_with_runtime_dependencies(/Users/mukuyo/Desktop/RI-AI/install/reciever/share/colcon-core/packages/reciever)
[19.500s] DEBUG:colcon.colcon_core.event_handler.log_command:Invoking command in '/Users/mukuyo/Desktop/RI-AI/build/sender': CMAKE_PREFIX_PATH=/Users/mukuyo/Desktop/RI-AI/install/proto_info:/Users/mukuyo/Desktop/RI-AI/install/message_info:/Users/mukuyo/Desktop/RI-AI/install/sender:/Users/mukuyo/Desktop/RI-AI/install/reciever:/Users/mukuyo/Desktop/RI-AI/install/main:/Users/mukuyo/ros2_ws/ros2-osx DYLD_LIBRARY_PATH=/Users/mukuyo/Desktop/RI-AI/install/proto_info/lib:/Users/mukuyo/Desktop/RI-AI/install/message_info/lib:/Users/mukuyo/Desktop/RI-AI/install/sender/lib:/Users/mukuyo/ros2_ws/ros2-osx/opt/yaml_cpp_vendor/lib:/Users/mukuyo/ros2_ws/ros2-osx/opt/rviz_ogre_vendor/lib:/Users/mukuyo/ros2_ws/ros2-osx/lib PYTHONPATH=/Users/mukuyo/Desktop/RI-AI/install/proto_info/lib/python3.8/site-packages:/Users/mukuyo/Desktop/RI-AI/install/message_info/lib/python3.8/site-packages:/Users/mukuyo/Desktop/RI-AI/install/sender/lib/python3.8/site-packages:/Users/mukuyo/ros2_ws/ros2-osx/lib/python3.8/site-packages SHLVL=2 _=/usr/bin/env /usr/local/bin/cmake --install /Users/mukuyo/Desktop/RI-AI/build/sender
[20.079s] DEBUG:colcon.colcon_core.event_handler.log_command:Invoked command in '/Users/mukuyo/Desktop/RI-AI/build/main' returned '2': CMAKE_PREFIX_PATH=/Users/mukuyo/Desktop/RI-AI/install/message_info:/Users/mukuyo/Desktop/RI-AI/install/sender:/Users/mukuyo/Desktop/RI-AI/install/reciever:/Users/mukuyo/Desktop/RI-AI/install/proto_info:/Users/mukuyo/Desktop/RI-AI/install/main:/Users/mukuyo/ros2_ws/ros2-osx DYLD_LIBRARY_PATH=/Users/mukuyo/Desktop/RI-AI/install/message_info/lib:/Users/mukuyo/Desktop/RI-AI/install/sender/lib:/Users/mukuyo/Desktop/RI-AI/install/proto_info/lib:/Users/mukuyo/ros2_ws/ros2-osx/opt/yaml_cpp_vendor/lib:/Users/mukuyo/ros2_ws/ros2-osx/opt/rviz_ogre_vendor/lib:/Users/mukuyo/ros2_ws/ros2-osx/lib PYTHONPATH=/Users/mukuyo/Desktop/RI-AI/install/message_info/lib/python3.8/site-packages:/Users/mukuyo/Desktop/RI-AI/install/sender/lib/python3.8/site-packages:/Users/mukuyo/Desktop/RI-AI/install/proto_info/lib/python3.8/site-packages:/Users/mukuyo/ros2_ws/ros2-osx/lib/python3.8/site-packages SHLVL=2 _=/usr/bin/env /usr/local/bin/cmake --build /Users/mukuyo/Desktop/RI-AI/build/main -- -j8 -l8
[21.039s] DEBUG:colcon.colcon_parallel_executor.executor.parallel:closing loop
[21.040s] DEBUG:colcon.colcon_parallel_executor.executor.parallel:loop closed
[21.040s] DEBUG:colcon.colcon_parallel_executor.executor.parallel:run_until_complete finished with '2'
[21.040s] DEBUG:colcon.colcon_core.event_reactor:joining thread
[21.050s] INFO:colcon.colcon_core.plugin_system:Skipping extension 'colcon_notification.desktop_notification.notify2': 'notify2' not found
[21.050s] INFO:colcon.colcon_core.plugin_system:Skipping extension 'colcon_notification.desktop_notification.notify_send': Not used on non-Linux systems
[21.050s] INFO:colcon.colcon_core.plugin_system:Skipping extension 'colcon_notification.desktop_notification.win32': Not used on non-Windows systems
[21.050s] INFO:colcon.colcon_notification.desktop_notification:Sending desktop notification using 'terminal_notifier'
[21.196s] DEBUG:colcon.colcon_core.event_reactor:joined thread
[21.211s] INFO:colcon.colcon_core.shell:Creating prefix script '/Users/mukuyo/Desktop/RI-AI/install/local_setup.ps1'
[21.214s] INFO:colcon.colcon_core.shell:Creating prefix util module '/Users/mukuyo/Desktop/RI-AI/install/_local_setup_util_ps1.py'
[21.218s] INFO:colcon.colcon_core.shell:Creating prefix chain script '/Users/mukuyo/Desktop/RI-AI/install/setup.ps1'
[21.230s] INFO:colcon.colcon_core.shell:Creating prefix script '/Users/mukuyo/Desktop/RI-AI/install/local_setup.sh'
[21.232s] INFO:colcon.colcon_core.shell:Creating prefix util module '/Users/mukuyo/Desktop/RI-AI/install/_local_setup_util_sh.py'
[21.233s] INFO:colcon.colcon_core.shell:Creating prefix chain script '/Users/mukuyo/Desktop/RI-AI/install/setup.sh'
[21.241s] INFO:colcon.colcon_core.shell:Creating prefix script '/Users/mukuyo/Desktop/RI-AI/install/local_setup.bash'
[21.242s] INFO:colcon.colcon_core.shell:Creating prefix chain script '/Users/mukuyo/Desktop/RI-AI/install/setup.bash'
[21.256s] INFO:colcon.colcon_core.shell:Creating prefix script '/Users/mukuyo/Desktop/RI-AI/install/local_setup.zsh'
[21.258s] INFO:colcon.colcon_core.shell:Creating prefix chain script '/Users/mukuyo/Desktop/RI-AI/install/setup.zsh'
