[0.424s] Invoking command in '/Users/mukuyo/Desktop/RI-AI/build/main': CMAKE_PREFIX_PATH=/Users/mukuyo/Desktop/RI-AI/install/message_info:/Users/mukuyo/Desktop/RI-AI/install/sender:/Users/mukuyo/Desktop/RI-AI/install/reciever:/Users/mukuyo/Desktop/RI-AI/install/proto_info:/Users/mukuyo/Desktop/RI-AI/install/main:/Users/mukuyo/ros2_ws/ros2-osx DYLD_LIBRARY_PATH=/Users/mukuyo/Desktop/RI-AI/install/message_info/lib:/Users/mukuyo/Desktop/RI-AI/install/sender/lib:/Users/mukuyo/Desktop/RI-AI/install/proto_info/lib:/Users/mukuyo/ros2_ws/ros2-osx/opt/yaml_cpp_vendor/lib:/Users/mukuyo/ros2_ws/ros2-osx/opt/rviz_ogre_vendor/lib:/Users/mukuyo/ros2_ws/ros2-osx/lib PYTHONPATH=/Users/mukuyo/Desktop/RI-AI/install/message_info/lib/python3.8/site-packages:/Users/mukuyo/Desktop/RI-AI/install/sender/lib/python3.8/site-packages:/Users/mukuyo/Desktop/RI-AI/install/proto_info/lib/python3.8/site-packages:/Users/mukuyo/ros2_ws/ros2-osx/lib/python3.8/site-packages SHLVL=2 _=/usr/bin/env /usr/local/bin/cmake --build /Users/mukuyo/Desktop/RI-AI/build/main -- -j8 -l8
[1.019s] Scanning dependencies of target main
[1.226s] [ 16%] Building CXX object CMakeFiles/main.dir/src/goalie.cpp.o
[7.682s] /Users/mukuyo/Desktop/RI-AI/src/main/src/goalie.cpp:6:8: warning: unused variable 'degree' [-Wunused-variable]
[7.682s]         float degree=Calc::degree_atan2(ball.pose,robot.pose)-robot.pose.theta;
[7.682s]               ^
[7.683s] /Users/mukuyo/Desktop/RI-AI/src/main/src/goalie.cpp:7:8: warning: unused variable 'TH_goal_degree' [-Wunused-variable]
[7.683s]         float TH_goal_degree=Calc::degree_atan2(goal.their,robot.pose);
[7.683s]               ^
[9.814s] 2 warnings generated.
[9.955s] [ 33%] Linking CXX executable main
[10.481s] [100%] Built target main
[10.558s] Invoked command in '/Users/mukuyo/Desktop/RI-AI/build/main' returned '0': CMAKE_PREFIX_PATH=/Users/mukuyo/Desktop/RI-AI/install/message_info:/Users/mukuyo/Desktop/RI-AI/install/sender:/Users/mukuyo/Desktop/RI-AI/install/reciever:/Users/mukuyo/Desktop/RI-AI/install/proto_info:/Users/mukuyo/Desktop/RI-AI/install/main:/Users/mukuyo/ros2_ws/ros2-osx DYLD_LIBRARY_PATH=/Users/mukuyo/Desktop/RI-AI/install/message_info/lib:/Users/mukuyo/Desktop/RI-AI/install/sender/lib:/Users/mukuyo/Desktop/RI-AI/install/proto_info/lib:/Users/mukuyo/ros2_ws/ros2-osx/opt/yaml_cpp_vendor/lib:/Users/mukuyo/ros2_ws/ros2-osx/opt/rviz_ogre_vendor/lib:/Users/mukuyo/ros2_ws/ros2-osx/lib PYTHONPATH=/Users/mukuyo/Desktop/RI-AI/install/message_info/lib/python3.8/site-packages:/Users/mukuyo/Desktop/RI-AI/install/sender/lib/python3.8/site-packages:/Users/mukuyo/Desktop/RI-AI/install/proto_info/lib/python3.8/site-packages:/Users/mukuyo/ros2_ws/ros2-osx/lib/python3.8/site-packages SHLVL=2 _=/usr/bin/env /usr/local/bin/cmake --build /Users/mukuyo/Desktop/RI-AI/build/main -- -j8 -l8
[12.140s] Invoking command in '/Users/mukuyo/Desktop/RI-AI/build/main': CMAKE_PREFIX_PATH=/Users/mukuyo/Desktop/RI-AI/install/message_info:/Users/mukuyo/Desktop/RI-AI/install/sender:/Users/mukuyo/Desktop/RI-AI/install/reciever:/Users/mukuyo/Desktop/RI-AI/install/proto_info:/Users/mukuyo/Desktop/RI-AI/install/main:/Users/mukuyo/ros2_ws/ros2-osx DYLD_LIBRARY_PATH=/Users/mukuyo/Desktop/RI-AI/install/message_info/lib:/Users/mukuyo/Desktop/RI-AI/install/sender/lib:/Users/mukuyo/Desktop/RI-AI/install/proto_info/lib:/Users/mukuyo/ros2_ws/ros2-osx/opt/yaml_cpp_vendor/lib:/Users/mukuyo/ros2_ws/ros2-osx/opt/rviz_ogre_vendor/lib:/Users/mukuyo/ros2_ws/ros2-osx/lib PYTHONPATH=/Users/mukuyo/Desktop/RI-AI/install/message_info/lib/python3.8/site-packages:/Users/mukuyo/Desktop/RI-AI/install/sender/lib/python3.8/site-packages:/Users/mukuyo/Desktop/RI-AI/install/proto_info/lib/python3.8/site-packages:/Users/mukuyo/ros2_ws/ros2-osx/lib/python3.8/site-packages SHLVL=2 _=/usr/bin/env /usr/local/bin/cmake --install /Users/mukuyo/Desktop/RI-AI/build/main
[12.193s] -- Install configuration: "Debug"
[12.193s] -- Installing: /Users/mukuyo/Desktop/RI-AI/install/main/lib/main/main
[12.392s] -- Up-to-date: /Users/mukuyo/Desktop/RI-AI/install/main/share/ament_index/resource_index/package_run_dependencies/main
[12.393s] -- Up-to-date: /Users/mukuyo/Desktop/RI-AI/install/main/share/ament_index/resource_index/parent_prefix_path/main
[12.394s] -- Up-to-date: /Users/mukuyo/Desktop/RI-AI/install/main/share/main/environment/ament_prefix_path.sh
[12.394s] -- Up-to-date: /Users/mukuyo/Desktop/RI-AI/install/main/share/main/environment/ament_prefix_path.dsv
[12.394s] -- Up-to-date: /Users/mukuyo/Desktop/RI-AI/install/main/share/main/environment/path.sh
[12.395s] -- Up-to-date: /Users/mukuyo/Desktop/RI-AI/install/main/share/main/environment/path.dsv
[12.395s] -- Up-to-date: /Users/mukuyo/Desktop/RI-AI/install/main/share/main/local_setup.bash
[12.396s] -- Up-to-date: /Users/mukuyo/Desktop/RI-AI/install/main/share/main/local_setup.sh
[12.396s] -- Up-to-date: /Users/mukuyo/Desktop/RI-AI/install/main/share/main/local_setup.zsh
[12.396s] -- Up-to-date: /Users/mukuyo/Desktop/RI-AI/install/main/share/main/local_setup.dsv
[12.396s] -- Installing: /Users/mukuyo/Desktop/RI-AI/install/main/share/main/package.dsv
[12.396s] -- Up-to-date: /Users/mukuyo/Desktop/RI-AI/install/main/share/ament_index/resource_index/packages/main
[12.397s] -- Up-to-date: /Users/mukuyo/Desktop/RI-AI/install/main/share/main/cmake/mainConfig.cmake
[12.398s] -- Up-to-date: /Users/mukuyo/Desktop/RI-AI/install/main/share/main/cmake/mainConfig-version.cmake
[12.414s] -- Up-to-date: /Users/mukuyo/Desktop/RI-AI/install/main/share/main/package.xml
[12.414s] Invoked command in '/Users/mukuyo/Desktop/RI-AI/build/main' returned '0': CMAKE_PREFIX_PATH=/Users/mukuyo/Desktop/RI-AI/install/message_info:/Users/mukuyo/Desktop/RI-AI/install/sender:/Users/mukuyo/Desktop/RI-AI/install/reciever:/Users/mukuyo/Desktop/RI-AI/install/proto_info:/Users/mukuyo/Desktop/RI-AI/install/main:/Users/mukuyo/ros2_ws/ros2-osx DYLD_LIBRARY_PATH=/Users/mukuyo/Desktop/RI-AI/install/message_info/lib:/Users/mukuyo/Desktop/RI-AI/install/sender/lib:/Users/mukuyo/Desktop/RI-AI/install/proto_info/lib:/Users/mukuyo/ros2_ws/ros2-osx/opt/yaml_cpp_vendor/lib:/Users/mukuyo/ros2_ws/ros2-osx/opt/rviz_ogre_vendor/lib:/Users/mukuyo/ros2_ws/ros2-osx/lib PYTHONPATH=/Users/mukuyo/Desktop/RI-AI/install/message_info/lib/python3.8/site-packages:/Users/mukuyo/Desktop/RI-AI/install/sender/lib/python3.8/site-packages:/Users/mukuyo/Desktop/RI-AI/install/proto_info/lib/python3.8/site-packages:/Users/mukuyo/ros2_ws/ros2-osx/lib/python3.8/site-packages SHLVL=2 _=/usr/bin/env /usr/local/bin/cmake --install /Users/mukuyo/Desktop/RI-AI/build/main
