[2.538s] DEBUG:colcon:Command line arguments: ['/usr/local/bin/colcon', 'build']
[2.539s] DEBUG:colcon:Parsed command line arguments: Namespace(ament_cmake_args=None, base_paths=['.'], build_base='build', catkin_cmake_args=None, catkin_skip_building_tests=False, cmake_args=None, cmake_clean_cache=False, cmake_clean_first=False, cmake_force_configure=False, cmake_target=None, cmake_target_skip_unavailable=False, continue_on_error=False, event_handlers=None, executor='parallel', ignore_user_meta=False, install_base='install', log_base=None, log_level=None, main=<bound method BuildVerb.main of <colcon_core.verb.build.BuildVerb object at 0x108675670>>, merge_install=False, metas=['./colcon.meta'], packages_above=None, packages_above_and_dependencies=None, packages_above_depth=None, packages_end=None, packages_ignore=None, packages_ignore_regex=None, packages_select=None, packages_select_build_failed=False, packages_select_by_dep=None, packages_select_regex=None, packages_select_test_failures=False, packages_skip=None, packages_skip_build_finished=False, packages_skip_by_dep=None, packages_skip_regex=None, packages_skip_test_passed=False, packages_skip_up_to=None, packages_start=None, packages_up_to=None, packages_up_to_regex=None, parallel_workers=8, paths=None, symlink_install=False, test_result_base=None, verb_extension=<colcon_core.verb.build.BuildVerb object at 0x108675670>, verb_name='build', verb_parser=<colcon_defaults.argument_parser.defaults.DefaultArgumentsDecorator object at 0x108675bb0>)
[2.809s] Level 1:colcon.colcon_core.package_discovery:discover_packages(colcon_meta) check parameters
[2.810s] Level 1:colcon.colcon_core.package_discovery:discover_packages(recursive) check parameters
[2.810s] Level 1:colcon.colcon_core.package_discovery:discover_packages(ignore) check parameters
[2.810s] Level 1:colcon.colcon_core.package_discovery:discover_packages(path) check parameters
[2.810s] Level 1:colcon.colcon_core.package_discovery:discover_packages(colcon_meta) discover
[2.810s] Level 1:colcon.colcon_core.package_discovery:discover_packages(recursive) discover
[2.811s] INFO:colcon.colcon_core.package_discovery:Crawling recursively for packages in '/Users/mukuyo/Desktop/RI-AI'
[2.811s] Level 1:colcon.colcon_core.package_identification:_identify(.) by extensions ['ignore', 'ignore_ament_install']
[2.811s] Level 1:colcon.colcon_core.package_identification:_identify(.) by extension 'ignore'
[2.811s] Level 1:colcon.colcon_core.package_identification:_identify(.) by extension 'ignore_ament_install'
[2.812s] Level 1:colcon.colcon_core.package_identification:_identify(.) by extensions ['colcon_pkg']
[2.812s] Level 1:colcon.colcon_core.package_identification:_identify(.) by extension 'colcon_pkg'
[2.812s] Level 1:colcon.colcon_core.package_identification:_identify(.) by extensions ['colcon_meta']
[2.812s] Level 1:colcon.colcon_core.package_identification:_identify(.) by extension 'colcon_meta'
[2.812s] Level 1:colcon.colcon_core.package_identification:_identify(.) by extensions ['ros']
[2.812s] Level 1:colcon.colcon_core.package_identification:_identify(.) by extension 'ros'
[2.860s] Level 1:colcon.colcon_core.package_identification:_identify(.) by extensions ['cmake', 'python']
[2.860s] Level 1:colcon.colcon_core.package_identification:_identify(.) by extension 'cmake'
[2.860s] Level 1:colcon.colcon_core.package_identification:_identify(.) by extension 'python'
[2.861s] Level 1:colcon.colcon_core.package_identification:_identify(.) by extensions ['python_setup_py']
[2.861s] Level 1:colcon.colcon_core.package_identification:_identify(.) by extension 'python_setup_py'
[2.861s] Level 1:colcon.colcon_core.package_identification:_identify(build) by extensions ['ignore', 'ignore_ament_install']
[2.861s] Level 1:colcon.colcon_core.package_identification:_identify(build) by extension 'ignore'
[2.861s] Level 1:colcon.colcon_core.package_identification:_identify(build) ignored
[2.862s] Level 1:colcon.colcon_core.package_identification:_identify(install) by extensions ['ignore', 'ignore_ament_install']
[2.862s] Level 1:colcon.colcon_core.package_identification:_identify(install) by extension 'ignore'
[2.862s] Level 1:colcon.colcon_core.package_identification:_identify(install) ignored
[2.863s] Level 1:colcon.colcon_core.package_identification:_identify(log) by extensions ['ignore', 'ignore_ament_install']
[2.864s] Level 1:colcon.colcon_core.package_identification:_identify(log) by extension 'ignore'
[2.864s] Level 1:colcon.colcon_core.package_identification:_identify(log) ignored
[2.864s] Level 1:colcon.colcon_core.package_identification:_identify(src) by extensions ['ignore', 'ignore_ament_install']
[2.865s] Level 1:colcon.colcon_core.package_identification:_identify(src) by extension 'ignore'
[2.865s] Level 1:colcon.colcon_core.package_identification:_identify(src) by extension 'ignore_ament_install'
[2.865s] Level 1:colcon.colcon_core.package_identification:_identify(src) by extensions ['colcon_pkg']
[2.865s] Level 1:colcon.colcon_core.package_identification:_identify(src) by extension 'colcon_pkg'
[2.865s] Level 1:colcon.colcon_core.package_identification:_identify(src) by extensions ['colcon_meta']
[2.865s] Level 1:colcon.colcon_core.package_identification:_identify(src) by extension 'colcon_meta'
[2.866s] Level 1:colcon.colcon_core.package_identification:_identify(src) by extensions ['ros']
[2.866s] Level 1:colcon.colcon_core.package_identification:_identify(src) by extension 'ros'
[2.866s] Level 1:colcon.colcon_core.package_identification:_identify(src) by extensions ['cmake', 'python']
[2.866s] Level 1:colcon.colcon_core.package_identification:_identify(src) by extension 'cmake'
[2.866s] Level 1:colcon.colcon_core.package_identification:_identify(src) by extension 'python'
[2.866s] Level 1:colcon.colcon_core.package_identification:_identify(src) by extensions ['python_setup_py']
[2.866s] Level 1:colcon.colcon_core.package_identification:_identify(src) by extension 'python_setup_py'
[2.867s] Level 1:colcon.colcon_core.package_identification:_identify(src/main) by extensions ['ignore', 'ignore_ament_install']
[2.867s] Level 1:colcon.colcon_core.package_identification:_identify(src/main) by extension 'ignore'
[2.867s] Level 1:colcon.colcon_core.package_identification:_identify(src/main) by extension 'ignore_ament_install'
[2.868s] Level 1:colcon.colcon_core.package_identification:_identify(src/main) by extensions ['colcon_pkg']
[2.868s] Level 1:colcon.colcon_core.package_identification:_identify(src/main) by extension 'colcon_pkg'
[2.868s] Level 1:colcon.colcon_core.package_identification:_identify(src/main) by extensions ['colcon_meta']
[2.868s] Level 1:colcon.colcon_core.package_identification:_identify(src/main) by extension 'colcon_meta'
[2.868s] Level 1:colcon.colcon_core.package_identification:_identify(src/main) by extensions ['ros']
[2.868s] Level 1:colcon.colcon_core.package_identification:_identify(src/main) by extension 'ros'
[2.875s] DEBUG:colcon.colcon_core.package_identification:Package 'src/main' with type 'ros.ament_cmake' and name 'main'
[2.875s] Level 1:colcon.colcon_core.package_identification:_identify(src/message_info) by extensions ['ignore', 'ignore_ament_install']
[2.876s] Level 1:colcon.colcon_core.package_identification:_identify(src/message_info) by extension 'ignore'
[2.876s] Level 1:colcon.colcon_core.package_identification:_identify(src/message_info) by extension 'ignore_ament_install'
[2.876s] Level 1:colcon.colcon_core.package_identification:_identify(src/message_info) by extensions ['colcon_pkg']
[2.876s] Level 1:colcon.colcon_core.package_identification:_identify(src/message_info) by extension 'colcon_pkg'
[2.877s] Level 1:colcon.colcon_core.package_identification:_identify(src/message_info) by extensions ['colcon_meta']
[2.877s] Level 1:colcon.colcon_core.package_identification:_identify(src/message_info) by extension 'colcon_meta'
[2.877s] Level 1:colcon.colcon_core.package_identification:_identify(src/message_info) by extensions ['ros']
[2.877s] Level 1:colcon.colcon_core.package_identification:_identify(src/message_info) by extension 'ros'
[2.879s] DEBUG:colcon.colcon_core.package_identification:Package 'src/message_info' with type 'ros.ament_cmake' and name 'message_info'
[2.880s] Level 1:colcon.colcon_core.package_identification:_identify(src/proto_info) by extensions ['ignore', 'ignore_ament_install']
[2.881s] Level 1:colcon.colcon_core.package_identification:_identify(src/proto_info) by extension 'ignore'
[2.881s] Level 1:colcon.colcon_core.package_identification:_identify(src/proto_info) by extension 'ignore_ament_install'
[2.881s] Level 1:colcon.colcon_core.package_identification:_identify(src/proto_info) by extensions ['colcon_pkg']
[2.881s] Level 1:colcon.colcon_core.package_identification:_identify(src/proto_info) by extension 'colcon_pkg'
[2.882s] Level 1:colcon.colcon_core.package_identification:_identify(src/proto_info) by extensions ['colcon_meta']
[2.882s] Level 1:colcon.colcon_core.package_identification:_identify(src/proto_info) by extension 'colcon_meta'
[2.882s] Level 1:colcon.colcon_core.package_identification:_identify(src/proto_info) by extensions ['ros']
[2.882s] Level 1:colcon.colcon_core.package_identification:_identify(src/proto_info) by extension 'ros'
[2.884s] DEBUG:colcon.colcon_core.package_identification:Package 'src/proto_info' with type 'ros.ament_cmake' and name 'proto_info'
[2.884s] Level 1:colcon.colcon_core.package_identification:_identify(src/reciever) by extensions ['ignore', 'ignore_ament_install']
[2.885s] Level 1:colcon.colcon_core.package_identification:_identify(src/reciever) by extension 'ignore'
[2.885s] Level 1:colcon.colcon_core.package_identification:_identify(src/reciever) by extension 'ignore_ament_install'
[2.885s] Level 1:colcon.colcon_core.package_identification:_identify(src/reciever) by extensions ['colcon_pkg']
[2.885s] Level 1:colcon.colcon_core.package_identification:_identify(src/reciever) by extension 'colcon_pkg'
[2.885s] Level 1:colcon.colcon_core.package_identification:_identify(src/reciever) by extensions ['colcon_meta']
[2.885s] Level 1:colcon.colcon_core.package_identification:_identify(src/reciever) by extension 'colcon_meta'
[2.885s] Level 1:colcon.colcon_core.package_identification:_identify(src/reciever) by extensions ['ros']
[2.885s] Level 1:colcon.colcon_core.package_identification:_identify(src/reciever) by extension 'ros'
[2.888s] DEBUG:colcon.colcon_core.package_identification:Package 'src/reciever' with type 'ros.ament_cmake' and name 'reciever'
[2.889s] Level 1:colcon.colcon_core.package_identification:_identify(src/sender) by extensions ['ignore', 'ignore_ament_install']
[2.889s] Level 1:colcon.colcon_core.package_identification:_identify(src/sender) by extension 'ignore'
[2.889s] Level 1:colcon.colcon_core.package_identification:_identify(src/sender) by extension 'ignore_ament_install'
[2.889s] Level 1:colcon.colcon_core.package_identification:_identify(src/sender) by extensions ['colcon_pkg']
[2.889s] Level 1:colcon.colcon_core.package_identification:_identify(src/sender) by extension 'colcon_pkg'
[2.889s] Level 1:colcon.colcon_core.package_identification:_identify(src/sender) by extensions ['colcon_meta']
[2.890s] Level 1:colcon.colcon_core.package_identification:_identify(src/sender) by extension 'colcon_meta'
[2.890s] Level 1:colcon.colcon_core.package_identification:_identify(src/sender) by extensions ['ros']
[2.890s] Level 1:colcon.colcon_core.package_identification:_identify(src/sender) by extension 'ros'
[2.894s] DEBUG:colcon.colcon_core.package_identification:Package 'src/sender' with type 'ros.ament_cmake' and name 'sender'
[2.894s] Level 1:colcon.colcon_core.package_discovery:discover_packages(recursive) using defaults
[2.894s] Level 1:colcon.colcon_core.package_discovery:discover_packages(ignore) discover
[2.894s] Level 1:colcon.colcon_core.package_discovery:discover_packages(ignore) using defaults
[2.894s] Level 1:colcon.colcon_core.package_discovery:discover_packages(path) discover
[2.894s] Level 1:colcon.colcon_core.package_discovery:discover_packages(path) using defaults
[3.058s] Level 5:colcon.colcon_core.verb:set package 'message_info' build argument 'cmake_args' from command line to 'None'
[3.058s] Level 5:colcon.colcon_core.verb:set package 'message_info' build argument 'cmake_target' from command line to 'None'
[3.058s] Level 5:colcon.colcon_core.verb:set package 'message_info' build argument 'cmake_target_skip_unavailable' from command line to 'False'
[3.059s] Level 5:colcon.colcon_core.verb:set package 'message_info' build argument 'cmake_clean_cache' from command line to 'False'
[3.059s] Level 5:colcon.colcon_core.verb:set package 'message_info' build argument 'cmake_clean_first' from command line to 'False'
[3.059s] Level 5:colcon.colcon_core.verb:set package 'message_info' build argument 'cmake_force_configure' from command line to 'False'
[3.059s] Level 5:colcon.colcon_core.verb:set package 'message_info' build argument 'ament_cmake_args' from command line to 'None'
[3.059s] Level 5:colcon.colcon_core.verb:set package 'message_info' build argument 'catkin_cmake_args' from command line to 'None'
[3.059s] Level 5:colcon.colcon_core.verb:set package 'message_info' build argument 'catkin_skip_building_tests' from command line to 'False'
[3.059s] DEBUG:colcon.colcon_core.verb:Building package 'message_info' with the following arguments: {'ament_cmake_args': None, 'build_base': '/Users/mukuyo/Desktop/RI-AI/build/message_info', 'catkin_cmake_args': None, 'catkin_skip_building_tests': False, 'cmake_args': None, 'cmake_clean_cache': False, 'cmake_clean_first': False, 'cmake_force_configure': False, 'cmake_target': None, 'cmake_target_skip_unavailable': False, 'install_base': '/Users/mukuyo/Desktop/RI-AI/install/message_info', 'merge_install': False, 'path': '/Users/mukuyo/Desktop/RI-AI/src/message_info', 'symlink_install': False, 'test_result_base': None}
[3.092s] Level 5:colcon.colcon_core.verb:set package 'proto_info' build argument 'cmake_args' from command line to 'None'
[3.093s] Level 5:colcon.colcon_core.verb:set package 'proto_info' build argument 'cmake_target' from command line to 'None'
[3.093s] Level 5:colcon.colcon_core.verb:set package 'proto_info' build argument 'cmake_target_skip_unavailable' from command line to 'False'
[3.094s] Level 5:colcon.colcon_core.verb:set package 'proto_info' build argument 'cmake_clean_cache' from command line to 'False'
[3.094s] Level 5:colcon.colcon_core.verb:set package 'proto_info' build argument 'cmake_clean_first' from command line to 'False'
[3.094s] Level 5:colcon.colcon_core.verb:set package 'proto_info' build argument 'cmake_force_configure' from command line to 'False'
[3.095s] Level 5:colcon.colcon_core.verb:set package 'proto_info' build argument 'ament_cmake_args' from command line to 'None'
[3.097s] Level 5:colcon.colcon_core.verb:set package 'proto_info' build argument 'catkin_cmake_args' from command line to 'None'
[3.100s] Level 5:colcon.colcon_core.verb:set package 'proto_info' build argument 'catkin_skip_building_tests' from command line to 'False'
[3.101s] DEBUG:colcon.colcon_core.verb:Building package 'proto_info' with the following arguments: {'ament_cmake_args': None, 'build_base': '/Users/mukuyo/Desktop/RI-AI/build/proto_info', 'catkin_cmake_args': None, 'catkin_skip_building_tests': False, 'cmake_args': None, 'cmake_clean_cache': False, 'cmake_clean_first': False, 'cmake_force_configure': False, 'cmake_target': None, 'cmake_target_skip_unavailable': False, 'install_base': '/Users/mukuyo/Desktop/RI-AI/install/proto_info', 'merge_install': False, 'path': '/Users/mukuyo/Desktop/RI-AI/src/proto_info', 'symlink_install': False, 'test_result_base': None}
[3.176s] Level 5:colcon.colcon_core.verb:set package 'main' build argument 'cmake_args' from command line to 'None'
[3.177s] Level 5:colcon.colcon_core.verb:set package 'main' build argument 'cmake_target' from command line to 'None'
[3.177s] Level 5:colcon.colcon_core.verb:set package 'main' build argument 'cmake_target_skip_unavailable' from command line to 'False'
[3.177s] Level 5:colcon.colcon_core.verb:set package 'main' build argument 'cmake_clean_cache' from command line to 'False'
[3.177s] Level 5:colcon.colcon_core.verb:set package 'main' build argument 'cmake_clean_first' from command line to 'False'
[3.177s] Level 5:colcon.colcon_core.verb:set package 'main' build argument 'cmake_force_configure' from command line to 'False'
[3.177s] Level 5:colcon.colcon_core.verb:set package 'main' build argument 'ament_cmake_args' from command line to 'None'
[3.177s] Level 5:colcon.colcon_core.verb:set package 'main' build argument 'catkin_cmake_args' from command line to 'None'
[3.178s] Level 5:colcon.colcon_core.verb:set package 'main' build argument 'catkin_skip_building_tests' from command line to 'False'
[3.178s] DEBUG:colcon.colcon_core.verb:Building package 'main' with the following arguments: {'ament_cmake_args': None, 'build_base': '/Users/mukuyo/Desktop/RI-AI/build/main', 'catkin_cmake_args': None, 'catkin_skip_building_tests': False, 'cmake_args': None, 'cmake_clean_cache': False, 'cmake_clean_first': False, 'cmake_force_configure': False, 'cmake_target': None, 'cmake_target_skip_unavailable': False, 'install_base': '/Users/mukuyo/Desktop/RI-AI/install/main', 'merge_install': False, 'path': '/Users/mukuyo/Desktop/RI-AI/src/main', 'symlink_install': False, 'test_result_base': None}
[3.236s] Level 5:colcon.colcon_core.verb:set package 'reciever' build argument 'cmake_args' from command line to 'None'
[3.237s] Level 5:colcon.colcon_core.verb:set package 'reciever' build argument 'cmake_target' from command line to 'None'
[3.257s] Level 5:colcon.colcon_core.verb:set package 'reciever' build argument 'cmake_target_skip_unavailable' from command line to 'False'
[3.257s] Level 5:colcon.colcon_core.verb:set package 'reciever' build argument 'cmake_clean_cache' from command line to 'False'
[3.257s] Level 5:colcon.colcon_core.verb:set package 'reciever' build argument 'cmake_clean_first' from command line to 'False'
[3.257s] Level 5:colcon.colcon_core.verb:set package 'reciever' build argument 'cmake_force_configure' from command line to 'False'
[3.257s] Level 5:colcon.colcon_core.verb:set package 'reciever' build argument 'ament_cmake_args' from command line to 'None'
[3.257s] Level 5:colcon.colcon_core.verb:set package 'reciever' build argument 'catkin_cmake_args' from command line to 'None'
[3.257s] Level 5:colcon.colcon_core.verb:set package 'reciever' build argument 'catkin_skip_building_tests' from command line to 'False'
[3.257s] DEBUG:colcon.colcon_core.verb:Building package 'reciever' with the following arguments: {'ament_cmake_args': None, 'build_base': '/Users/mukuyo/Desktop/RI-AI/build/reciever', 'catkin_cmake_args': None, 'catkin_skip_building_tests': False, 'cmake_args': None, 'cmake_clean_cache': False, 'cmake_clean_first': False, 'cmake_force_configure': False, 'cmake_target': None, 'cmake_target_skip_unavailable': False, 'install_base': '/Users/mukuyo/Desktop/RI-AI/install/reciever', 'merge_install': False, 'path': '/Users/mukuyo/Desktop/RI-AI/src/reciever', 'symlink_install': False, 'test_result_base': None}
[3.376s] Level 5:colcon.colcon_core.verb:set package 'sender' build argument 'cmake_args' from command line to 'None'
[3.397s] Level 5:colcon.colcon_core.verb:set package 'sender' build argument 'cmake_target' from command line to 'None'
[3.403s] Level 5:colcon.colcon_core.verb:set package 'sender' build argument 'cmake_target_skip_unavailable' from command line to 'False'
[3.403s] Level 5:colcon.colcon_core.verb:set package 'sender' build argument 'cmake_clean_cache' from command line to 'False'
[3.403s] Level 5:colcon.colcon_core.verb:set package 'sender' build argument 'cmake_clean_first' from command line to 'False'
[3.403s] Level 5:colcon.colcon_core.verb:set package 'sender' build argument 'cmake_force_configure' from command line to 'False'
[3.403s] Level 5:colcon.colcon_core.verb:set package 'sender' build argument 'ament_cmake_args' from command line to 'None'
[3.403s] Level 5:colcon.colcon_core.verb:set package 'sender' build argument 'catkin_cmake_args' from command line to 'None'
[3.403s] Level 5:colcon.colcon_core.verb:set package 'sender' build argument 'catkin_skip_building_tests' from command line to 'False'
[3.404s] DEBUG:colcon.colcon_core.verb:Building package 'sender' with the following arguments: {'ament_cmake_args': None, 'build_base': '/Users/mukuyo/Desktop/RI-AI/build/sender', 'catkin_cmake_args': None, 'catkin_skip_building_tests': False, 'cmake_args': None, 'cmake_clean_cache': False, 'cmake_clean_first': False, 'cmake_force_configure': False, 'cmake_target': None, 'cmake_target_skip_unavailable': False, 'install_base': '/Users/mukuyo/Desktop/RI-AI/install/sender', 'merge_install': False, 'path': '/Users/mukuyo/Desktop/RI-AI/src/sender', 'symlink_install': False, 'test_result_base': None}
[3.409s] INFO:colcon.colcon_core.executor:Executing jobs using 'parallel' executor
[3.446s] DEBUG:colcon.colcon_parallel_executor.executor.parallel:run_until_complete
[3.448s] INFO:colcon.colcon_ros.task.ament_cmake.build:Building ROS package in '/Users/mukuyo/Desktop/RI-AI/src/message_info' with build type 'ament_cmake'
[3.508s] INFO:colcon.colcon_core.plugin_system:Skipping extension 'colcon_core.shell.bat': Not used on non-Windows systems
[3.509s] INFO:colcon.colcon_cmake.task.cmake.build:Building CMake package in '/Users/mukuyo/Desktop/RI-AI/src/message_info'
[3.534s] INFO:colcon.colcon_core.shell:Skip shell extension 'powershell' for command environment: Not usable outside of PowerShell
[3.534s] DEBUG:colcon.colcon_core.shell:Skip shell extension 'dsv' for command environment
[3.665s] INFO:colcon.colcon_ros.task.ament_cmake.build:Building ROS package in '/Users/mukuyo/Desktop/RI-AI/src/proto_info' with build type 'ament_cmake'
[3.681s] INFO:colcon.colcon_cmake.task.cmake.build:Building CMake package in '/Users/mukuyo/Desktop/RI-AI/src/proto_info'
[3.696s] INFO:colcon.colcon_core.shell:Skip shell extension 'powershell' for command environment: Not usable outside of PowerShell
[3.696s] DEBUG:colcon.colcon_core.shell:Skip shell extension 'dsv' for command environment
[3.756s] DEBUG:colcon.colcon_core.event_handler.log_command:Invoking command in '/Users/mukuyo/Desktop/RI-AI/build/message_info': SHLVL=2 _=/usr/bin/env /usr/local/bin/cmake --build /Users/mukuyo/Desktop/RI-AI/build/message_info -- -j8 -l8
[3.859s] DEBUG:colcon.colcon_core.event_handler.log_command:Invoking command in '/Users/mukuyo/Desktop/RI-AI/build/proto_info': SHLVL=2 _=/usr/bin/env /usr/local/bin/cmake --build /Users/mukuyo/Desktop/RI-AI/build/proto_info -- -j8 -l8
[4.898s] DEBUG:colcon.colcon_core.event_handler.log_command:Invoked command in '/Users/mukuyo/Desktop/RI-AI/build/proto_info' returned '0': SHLVL=2 _=/usr/bin/env /usr/local/bin/cmake --build /Users/mukuyo/Desktop/RI-AI/build/proto_info -- -j8 -l8
[7.748s] DEBUG:colcon.colcon_core.event_handler.log_command:Invoking command in '/Users/mukuyo/Desktop/RI-AI/build/proto_info': SHLVL=2 _=/usr/bin/env /usr/local/bin/cmake --install /Users/mukuyo/Desktop/RI-AI/build/proto_info
[7.992s] Level 1:colcon.colcon_core.environment:create_environment_scripts_only(proto_info)
[8.004s] DEBUG:colcon.colcon_core.event_handler.log_command:Invoked command in '/Users/mukuyo/Desktop/RI-AI/build/proto_info' returned '0': SHLVL=2 _=/usr/bin/env /usr/local/bin/cmake --install /Users/mukuyo/Desktop/RI-AI/build/proto_info
[8.023s] Level 1:colcon.colcon_core.environment:checking '/Users/mukuyo/Desktop/RI-AI/install/proto_info' for CMake module files
[8.025s] Level 1:colcon.colcon_core.environment:checking '/Users/mukuyo/Desktop/RI-AI/install/proto_info' for CMake config files
[8.026s] Level 1:colcon.colcon_core.shell:create_environment_hook('proto_info', 'cmake_prefix_path')
[8.040s] INFO:colcon.colcon_core.shell:Creating environment hook '/Users/mukuyo/Desktop/RI-AI/install/proto_info/share/proto_info/hook/cmake_prefix_path.ps1'
[8.043s] INFO:colcon.colcon_core.shell:Creating environment descriptor '/Users/mukuyo/Desktop/RI-AI/install/proto_info/share/proto_info/hook/cmake_prefix_path.dsv'
[8.044s] INFO:colcon.colcon_core.shell:Creating environment hook '/Users/mukuyo/Desktop/RI-AI/install/proto_info/share/proto_info/hook/cmake_prefix_path.sh'
[8.046s] Level 1:colcon.colcon_core.environment:checking '/Users/mukuyo/Desktop/RI-AI/install/proto_info/lib'
[8.047s] Level 1:colcon.colcon_core.shell:create_environment_hook('proto_info', 'dyld_library_path')
[8.060s] INFO:colcon.colcon_core.shell:Creating environment hook '/Users/mukuyo/Desktop/RI-AI/install/proto_info/share/proto_info/hook/dyld_library_path.ps1'
[8.062s] INFO:colcon.colcon_core.shell:Creating environment descriptor '/Users/mukuyo/Desktop/RI-AI/install/proto_info/share/proto_info/hook/dyld_library_path.dsv'
[8.063s] INFO:colcon.colcon_core.shell:Creating environment hook '/Users/mukuyo/Desktop/RI-AI/install/proto_info/share/proto_info/hook/dyld_library_path.sh'
[8.064s] Level 1:colcon.colcon_core.environment:checking '/Users/mukuyo/Desktop/RI-AI/install/proto_info/bin'
[8.064s] Level 1:colcon.colcon_core.environment:checking '/Users/mukuyo/Desktop/RI-AI/install/proto_info/lib/pkgconfig/proto_info.pc'
[8.064s] Level 1:colcon.colcon_core.environment:checking '/Users/mukuyo/Desktop/RI-AI/install/proto_info/lib/python3.8/site-packages'
[8.064s] Level 1:colcon.colcon_core.shell:create_environment_hook('proto_info', 'pythonpath')
[8.078s] INFO:colcon.colcon_core.shell:Creating environment hook '/Users/mukuyo/Desktop/RI-AI/install/proto_info/share/proto_info/hook/pythonpath.ps1'
[8.079s] INFO:colcon.colcon_core.shell:Creating environment descriptor '/Users/mukuyo/Desktop/RI-AI/install/proto_info/share/proto_info/hook/pythonpath.dsv'
[8.080s] INFO:colcon.colcon_core.shell:Creating environment hook '/Users/mukuyo/Desktop/RI-AI/install/proto_info/share/proto_info/hook/pythonpath.sh'
[8.098s] INFO:colcon.colcon_core.shell:Creating package script '/Users/mukuyo/Desktop/RI-AI/install/proto_info/share/proto_info/package.ps1'
[8.102s] INFO:colcon.colcon_core.shell:Creating package descriptor '/Users/mukuyo/Desktop/RI-AI/install/proto_info/share/proto_info/package.dsv'
[8.105s] INFO:colcon.colcon_core.shell:Creating package script '/Users/mukuyo/Desktop/RI-AI/install/proto_info/share/proto_info/package.sh'
[8.155s] INFO:colcon.colcon_core.shell:Creating package script '/Users/mukuyo/Desktop/RI-AI/install/proto_info/share/proto_info/package.bash'
[8.157s] INFO:colcon.colcon_core.shell:Creating package script '/Users/mukuyo/Desktop/RI-AI/install/proto_info/share/proto_info/package.zsh'
[8.159s] Level 1:colcon.colcon_core.environment:create_file_with_runtime_dependencies(/Users/mukuyo/Desktop/RI-AI/install/proto_info/share/colcon-core/packages/proto_info)
[8.646s] DEBUG:colcon.colcon_core.event_handler.log_command:Invoked command in '/Users/mukuyo/Desktop/RI-AI/build/message_info' returned '0': SHLVL=2 _=/usr/bin/env /usr/local/bin/cmake --build /Users/mukuyo/Desktop/RI-AI/build/message_info -- -j8 -l8
[25.764s] DEBUG:colcon.colcon_core.event_handler.log_command:Invoking command in '/Users/mukuyo/Desktop/RI-AI/build/message_info': SHLVL=2 _=/usr/bin/env /usr/local/bin/cmake --install /Users/mukuyo/Desktop/RI-AI/build/message_info
[28.562s] Level 1:colcon.colcon_core.environment:create_environment_scripts_only(message_info)
[28.577s] Level 1:colcon.colcon_core.environment:checking '/Users/mukuyo/Desktop/RI-AI/install/message_info' for CMake module files
[28.584s] DEBUG:colcon.colcon_core.event_handler.log_command:Invoked command in '/Users/mukuyo/Desktop/RI-AI/build/message_info' returned '0': SHLVL=2 _=/usr/bin/env /usr/local/bin/cmake --install /Users/mukuyo/Desktop/RI-AI/build/message_info
[28.585s] Level 1:colcon.colcon_core.environment:checking '/Users/mukuyo/Desktop/RI-AI/install/message_info' for CMake config files
[28.587s] Level 1:colcon.colcon_core.shell:create_environment_hook('message_info', 'cmake_prefix_path')
[28.601s] INFO:colcon.colcon_core.shell:Creating environment hook '/Users/mukuyo/Desktop/RI-AI/install/message_info/share/message_info/hook/cmake_prefix_path.ps1'
[28.603s] INFO:colcon.colcon_core.shell:Creating environment descriptor '/Users/mukuyo/Desktop/RI-AI/install/message_info/share/message_info/hook/cmake_prefix_path.dsv'
[28.604s] INFO:colcon.colcon_core.shell:Creating environment hook '/Users/mukuyo/Desktop/RI-AI/install/message_info/share/message_info/hook/cmake_prefix_path.sh'
[28.606s] Level 1:colcon.colcon_core.environment:checking '/Users/mukuyo/Desktop/RI-AI/install/message_info/lib'
[28.606s] Level 1:colcon.colcon_core.shell:create_environment_hook('message_info', 'dyld_library_path')
[28.620s] INFO:colcon.colcon_core.shell:Creating environment hook '/Users/mukuyo/Desktop/RI-AI/install/message_info/share/message_info/hook/dyld_library_path.ps1'
[28.621s] INFO:colcon.colcon_core.shell:Creating environment descriptor '/Users/mukuyo/Desktop/RI-AI/install/message_info/share/message_info/hook/dyld_library_path.dsv'
[28.622s] INFO:colcon.colcon_core.shell:Creating environment hook '/Users/mukuyo/Desktop/RI-AI/install/message_info/share/message_info/hook/dyld_library_path.sh'
[28.624s] Level 1:colcon.colcon_core.environment:checking '/Users/mukuyo/Desktop/RI-AI/install/message_info/bin'
[28.624s] Level 1:colcon.colcon_core.environment:checking '/Users/mukuyo/Desktop/RI-AI/install/message_info/lib/pkgconfig/message_info.pc'
[28.624s] Level 1:colcon.colcon_core.environment:checking '/Users/mukuyo/Desktop/RI-AI/install/message_info/lib/python3.8/site-packages'
[28.624s] Level 1:colcon.colcon_core.shell:create_environment_hook('message_info', 'pythonpath')
[28.638s] INFO:colcon.colcon_core.shell:Creating environment hook '/Users/mukuyo/Desktop/RI-AI/install/message_info/share/message_info/hook/pythonpath.ps1'
[28.639s] INFO:colcon.colcon_core.shell:Creating environment descriptor '/Users/mukuyo/Desktop/RI-AI/install/message_info/share/message_info/hook/pythonpath.dsv'
[28.640s] INFO:colcon.colcon_core.shell:Creating environment hook '/Users/mukuyo/Desktop/RI-AI/install/message_info/share/message_info/hook/pythonpath.sh'
[28.655s] INFO:colcon.colcon_core.shell:Creating package script '/Users/mukuyo/Desktop/RI-AI/install/message_info/share/message_info/package.ps1'
[28.657s] INFO:colcon.colcon_core.shell:Creating package descriptor '/Users/mukuyo/Desktop/RI-AI/install/message_info/share/message_info/package.dsv'
[28.659s] INFO:colcon.colcon_core.shell:Creating package script '/Users/mukuyo/Desktop/RI-AI/install/message_info/share/message_info/package.sh'
[28.660s] INFO:colcon.colcon_core.shell:Creating package script '/Users/mukuyo/Desktop/RI-AI/install/message_info/share/message_info/package.bash'
[28.661s] INFO:colcon.colcon_core.shell:Creating package script '/Users/mukuyo/Desktop/RI-AI/install/message_info/share/message_info/package.zsh'
[28.662s] Level 1:colcon.colcon_core.environment:create_file_with_runtime_dependencies(/Users/mukuyo/Desktop/RI-AI/install/message_info/share/colcon-core/packages/message_info)
[28.663s] INFO:colcon.colcon_ros.task.ament_cmake.build:Building ROS package in '/Users/mukuyo/Desktop/RI-AI/src/main' with build type 'ament_cmake'
[28.678s] INFO:colcon.colcon_cmake.task.cmake.build:Building CMake package in '/Users/mukuyo/Desktop/RI-AI/src/main'
[28.693s] INFO:colcon.colcon_core.shell:Skip shell extension 'powershell' for command environment: Not usable outside of PowerShell
[28.693s] DEBUG:colcon.colcon_core.shell:Skip shell extension 'dsv' for command environment
[28.727s] INFO:colcon.colcon_ros.task.ament_cmake.build:Building ROS package in '/Users/mukuyo/Desktop/RI-AI/src/reciever' with build type 'ament_cmake'
[28.758s] INFO:colcon.colcon_cmake.task.cmake.build:Building CMake package in '/Users/mukuyo/Desktop/RI-AI/src/reciever'
[28.784s] INFO:colcon.colcon_core.shell:Skip shell extension 'powershell' for command environment: Not usable outside of PowerShell
[28.784s] DEBUG:colcon.colcon_core.shell:Skip shell extension 'dsv' for command environment
[28.924s] INFO:colcon.colcon_ros.task.ament_cmake.build:Building ROS package in '/Users/mukuyo/Desktop/RI-AI/src/sender' with build type 'ament_cmake'
[28.950s] INFO:colcon.colcon_cmake.task.cmake.build:Building CMake package in '/Users/mukuyo/Desktop/RI-AI/src/sender'
[29.014s] INFO:colcon.colcon_core.shell:Skip shell extension 'powershell' for command environment: Not usable outside of PowerShell
[29.014s] DEBUG:colcon.colcon_core.shell:Skip shell extension 'dsv' for command environment
[29.126s] DEBUG:colcon.colcon_core.event_handler.log_command:Invoking command in '/Users/mukuyo/Desktop/RI-AI/build/main': CMAKE_PREFIX_PATH=/Users/mukuyo/Desktop/RI-AI/install/message_info:/Users/mukuyo/Desktop/RI-AI/install/sender:/Users/mukuyo/Desktop/RI-AI/install/reciever:/Users/mukuyo/Desktop/RI-AI/install/proto_info:/Users/mukuyo/Desktop/RI-AI/install/main:/Users/mukuyo/ros2_ws/ros2-osx DYLD_LIBRARY_PATH=/Users/mukuyo/Desktop/RI-AI/install/message_info/lib:/Users/mukuyo/Desktop/RI-AI/install/sender/lib:/Users/mukuyo/Desktop/RI-AI/install/proto_info/lib:/Users/mukuyo/ros2_ws/ros2-osx/opt/yaml_cpp_vendor/lib:/Users/mukuyo/ros2_ws/ros2-osx/opt/rviz_ogre_vendor/lib:/Users/mukuyo/ros2_ws/ros2-osx/lib PYTHONPATH=/Users/mukuyo/Desktop/RI-AI/install/message_info/lib/python3.8/site-packages:/Users/mukuyo/Desktop/RI-AI/install/sender/lib/python3.8/site-packages:/Users/mukuyo/Desktop/RI-AI/install/proto_info/lib/python3.8/site-packages:/Users/mukuyo/ros2_ws/ros2-osx/lib/python3.8/site-packages SHLVL=2 _=/usr/bin/env /usr/local/bin/cmake --build /Users/mukuyo/Desktop/RI-AI/build/main -- -j8 -l8
[29.152s] DEBUG:colcon.colcon_core.event_handler.log_command:Invoking command in '/Users/mukuyo/Desktop/RI-AI/build/reciever': CMAKE_PREFIX_PATH=/Users/mukuyo/Desktop/RI-AI/install/proto_info:/Users/mukuyo/Desktop/RI-AI/install/message_info:/Users/mukuyo/Desktop/RI-AI/install/sender:/Users/mukuyo/Desktop/RI-AI/install/reciever:/Users/mukuyo/Desktop/RI-AI/install/main:/Users/mukuyo/ros2_ws/ros2-osx DYLD_LIBRARY_PATH=/Users/mukuyo/Desktop/RI-AI/install/proto_info/lib:/Users/mukuyo/Desktop/RI-AI/install/message_info/lib:/Users/mukuyo/Desktop/RI-AI/install/sender/lib:/Users/mukuyo/ros2_ws/ros2-osx/opt/yaml_cpp_vendor/lib:/Users/mukuyo/ros2_ws/ros2-osx/opt/rviz_ogre_vendor/lib:/Users/mukuyo/ros2_ws/ros2-osx/lib PYTHONPATH=/Users/mukuyo/Desktop/RI-AI/install/proto_info/lib/python3.8/site-packages:/Users/mukuyo/Desktop/RI-AI/install/message_info/lib/python3.8/site-packages:/Users/mukuyo/Desktop/RI-AI/install/sender/lib/python3.8/site-packages:/Users/mukuyo/ros2_ws/ros2-osx/lib/python3.8/site-packages SHLVL=2 _=/usr/bin/env /usr/local/bin/cmake --build /Users/mukuyo/Desktop/RI-AI/build/reciever -- -j8 -l8
[29.292s] DEBUG:colcon.colcon_core.event_handler.log_command:Invoking command in '/Users/mukuyo/Desktop/RI-AI/build/sender': CMAKE_PREFIX_PATH=/Users/mukuyo/Desktop/RI-AI/install/proto_info:/Users/mukuyo/Desktop/RI-AI/install/message_info:/Users/mukuyo/Desktop/RI-AI/install/sender:/Users/mukuyo/Desktop/RI-AI/install/reciever:/Users/mukuyo/Desktop/RI-AI/install/main:/Users/mukuyo/ros2_ws/ros2-osx DYLD_LIBRARY_PATH=/Users/mukuyo/Desktop/RI-AI/install/proto_info/lib:/Users/mukuyo/Desktop/RI-AI/install/message_info/lib:/Users/mukuyo/Desktop/RI-AI/install/sender/lib:/Users/mukuyo/ros2_ws/ros2-osx/opt/yaml_cpp_vendor/lib:/Users/mukuyo/ros2_ws/ros2-osx/opt/rviz_ogre_vendor/lib:/Users/mukuyo/ros2_ws/ros2-osx/lib PYTHONPATH=/Users/mukuyo/Desktop/RI-AI/install/proto_info/lib/python3.8/site-packages:/Users/mukuyo/Desktop/RI-AI/install/message_info/lib/python3.8/site-packages:/Users/mukuyo/Desktop/RI-AI/install/sender/lib/python3.8/site-packages:/Users/mukuyo/ros2_ws/ros2-osx/lib/python3.8/site-packages SHLVL=2 _=/usr/bin/env /usr/local/bin/cmake --build /Users/mukuyo/Desktop/RI-AI/build/sender -- -j8 -l8
[30.524s] DEBUG:colcon.colcon_core.event_handler.log_command:Invoked command in '/Users/mukuyo/Desktop/RI-AI/build/reciever' returned '0': CMAKE_PREFIX_PATH=/Users/mukuyo/Desktop/RI-AI/install/proto_info:/Users/mukuyo/Desktop/RI-AI/install/message_info:/Users/mukuyo/Desktop/RI-AI/install/sender:/Users/mukuyo/Desktop/RI-AI/install/reciever:/Users/mukuyo/Desktop/RI-AI/install/main:/Users/mukuyo/ros2_ws/ros2-osx DYLD_LIBRARY_PATH=/Users/mukuyo/Desktop/RI-AI/install/proto_info/lib:/Users/mukuyo/Desktop/RI-AI/install/message_info/lib:/Users/mukuyo/Desktop/RI-AI/install/sender/lib:/Users/mukuyo/ros2_ws/ros2-osx/opt/yaml_cpp_vendor/lib:/Users/mukuyo/ros2_ws/ros2-osx/opt/rviz_ogre_vendor/lib:/Users/mukuyo/ros2_ws/ros2-osx/lib PYTHONPATH=/Users/mukuyo/Desktop/RI-AI/install/proto_info/lib/python3.8/site-packages:/Users/mukuyo/Desktop/RI-AI/install/message_info/lib/python3.8/site-packages:/Users/mukuyo/Desktop/RI-AI/install/sender/lib/python3.8/site-packages:/Users/mukuyo/ros2_ws/ros2-osx/lib/python3.8/site-packages SHLVL=2 _=/usr/bin/env /usr/local/bin/cmake --build /Users/mukuyo/Desktop/RI-AI/build/reciever -- -j8 -l8
[31.585s] DEBUG:colcon.colcon_core.event_handler.log_command:Invoking command in '/Users/mukuyo/Desktop/RI-AI/build/reciever': CMAKE_PREFIX_PATH=/Users/mukuyo/Desktop/RI-AI/install/proto_info:/Users/mukuyo/Desktop/RI-AI/install/message_info:/Users/mukuyo/Desktop/RI-AI/install/sender:/Users/mukuyo/Desktop/RI-AI/install/reciever:/Users/mukuyo/Desktop/RI-AI/install/main:/Users/mukuyo/ros2_ws/ros2-osx DYLD_LIBRARY_PATH=/Users/mukuyo/Desktop/RI-AI/install/proto_info/lib:/Users/mukuyo/Desktop/RI-AI/install/message_info/lib:/Users/mukuyo/Desktop/RI-AI/install/sender/lib:/Users/mukuyo/ros2_ws/ros2-osx/opt/yaml_cpp_vendor/lib:/Users/mukuyo/ros2_ws/ros2-osx/opt/rviz_ogre_vendor/lib:/Users/mukuyo/ros2_ws/ros2-osx/lib PYTHONPATH=/Users/mukuyo/Desktop/RI-AI/install/proto_info/lib/python3.8/site-packages:/Users/mukuyo/Desktop/RI-AI/install/message_info/lib/python3.8/site-packages:/Users/mukuyo/Desktop/RI-AI/install/sender/lib/python3.8/site-packages:/Users/mukuyo/ros2_ws/ros2-osx/lib/python3.8/site-packages SHLVL=2 _=/usr/bin/env /usr/local/bin/cmake --install /Users/mukuyo/Desktop/RI-AI/build/reciever
[31.971s] Level 1:colcon.colcon_core.environment:create_environment_scripts_only(reciever)
[31.987s] Level 1:colcon.colcon_core.environment:checking '/Users/mukuyo/Desktop/RI-AI/install/reciever' for CMake module files
[31.989s] DEBUG:colcon.colcon_core.event_handler.log_command:Invoked command in '/Users/mukuyo/Desktop/RI-AI/build/reciever' returned '0': CMAKE_PREFIX_PATH=/Users/mukuyo/Desktop/RI-AI/install/proto_info:/Users/mukuyo/Desktop/RI-AI/install/message_info:/Users/mukuyo/Desktop/RI-AI/install/sender:/Users/mukuyo/Desktop/RI-AI/install/reciever:/Users/mukuyo/Desktop/RI-AI/install/main:/Users/mukuyo/ros2_ws/ros2-osx DYLD_LIBRARY_PATH=/Users/mukuyo/Desktop/RI-AI/install/proto_info/lib:/Users/mukuyo/Desktop/RI-AI/install/message_info/lib:/Users/mukuyo/Desktop/RI-AI/install/sender/lib:/Users/mukuyo/ros2_ws/ros2-osx/opt/yaml_cpp_vendor/lib:/Users/mukuyo/ros2_ws/ros2-osx/opt/rviz_ogre_vendor/lib:/Users/mukuyo/ros2_ws/ros2-osx/lib PYTHONPATH=/Users/mukuyo/Desktop/RI-AI/install/proto_info/lib/python3.8/site-packages:/Users/mukuyo/Desktop/RI-AI/install/message_info/lib/python3.8/site-packages:/Users/mukuyo/Desktop/RI-AI/install/sender/lib/python3.8/site-packages:/Users/mukuyo/ros2_ws/ros2-osx/lib/python3.8/site-packages SHLVL=2 _=/usr/bin/env /usr/local/bin/cmake --install /Users/mukuyo/Desktop/RI-AI/build/reciever
[31.990s] Level 1:colcon.colcon_core.environment:checking '/Users/mukuyo/Desktop/RI-AI/install/reciever' for CMake config files
[31.991s] Level 1:colcon.colcon_core.shell:create_environment_hook('reciever', 'cmake_prefix_path')
[32.006s] INFO:colcon.colcon_core.shell:Creating environment hook '/Users/mukuyo/Desktop/RI-AI/install/reciever/share/reciever/hook/cmake_prefix_path.ps1'
[32.008s] INFO:colcon.colcon_core.shell:Creating environment descriptor '/Users/mukuyo/Desktop/RI-AI/install/reciever/share/reciever/hook/cmake_prefix_path.dsv'
[32.009s] INFO:colcon.colcon_core.shell:Creating environment hook '/Users/mukuyo/Desktop/RI-AI/install/reciever/share/reciever/hook/cmake_prefix_path.sh'
[32.011s] Level 1:colcon.colcon_core.environment:checking '/Users/mukuyo/Desktop/RI-AI/install/reciever/lib'
[32.011s] Level 1:colcon.colcon_core.environment:checking '/Users/mukuyo/Desktop/RI-AI/install/reciever/bin'
[32.011s] Level 1:colcon.colcon_core.environment:checking '/Users/mukuyo/Desktop/RI-AI/install/reciever/lib/pkgconfig/reciever.pc'
[32.011s] Level 1:colcon.colcon_core.environment:checking '/Users/mukuyo/Desktop/RI-AI/install/reciever/lib/python3.8/site-packages'
[32.026s] INFO:colcon.colcon_core.shell:Creating package script '/Users/mukuyo/Desktop/RI-AI/install/reciever/share/reciever/package.ps1'
[32.027s] INFO:colcon.colcon_core.shell:Creating package descriptor '/Users/mukuyo/Desktop/RI-AI/install/reciever/share/reciever/package.dsv'
[32.029s] INFO:colcon.colcon_core.shell:Creating package script '/Users/mukuyo/Desktop/RI-AI/install/reciever/share/reciever/package.sh'
[32.030s] INFO:colcon.colcon_core.shell:Creating package script '/Users/mukuyo/Desktop/RI-AI/install/reciever/share/reciever/package.bash'
[32.031s] INFO:colcon.colcon_core.shell:Creating package script '/Users/mukuyo/Desktop/RI-AI/install/reciever/share/reciever/package.zsh'
[32.033s] Level 1:colcon.colcon_core.environment:create_file_with_runtime_dependencies(/Users/mukuyo/Desktop/RI-AI/install/reciever/share/colcon-core/packages/reciever)
[34.326s] DEBUG:colcon.colcon_core.event_handler.log_command:Invoked command in '/Users/mukuyo/Desktop/RI-AI/build/sender' returned '0': CMAKE_PREFIX_PATH=/Users/mukuyo/Desktop/RI-AI/install/proto_info:/Users/mukuyo/Desktop/RI-AI/install/message_info:/Users/mukuyo/Desktop/RI-AI/install/sender:/Users/mukuyo/Desktop/RI-AI/install/reciever:/Users/mukuyo/Desktop/RI-AI/install/main:/Users/mukuyo/ros2_ws/ros2-osx DYLD_LIBRARY_PATH=/Users/mukuyo/Desktop/RI-AI/install/proto_info/lib:/Users/mukuyo/Desktop/RI-AI/install/message_info/lib:/Users/mukuyo/Desktop/RI-AI/install/sender/lib:/Users/mukuyo/ros2_ws/ros2-osx/opt/yaml_cpp_vendor/lib:/Users/mukuyo/ros2_ws/ros2-osx/opt/rviz_ogre_vendor/lib:/Users/mukuyo/ros2_ws/ros2-osx/lib PYTHONPATH=/Users/mukuyo/Desktop/RI-AI/install/proto_info/lib/python3.8/site-packages:/Users/mukuyo/Desktop/RI-AI/install/message_info/lib/python3.8/site-packages:/Users/mukuyo/Desktop/RI-AI/install/sender/lib/python3.8/site-packages:/Users/mukuyo/ros2_ws/ros2-osx/lib/python3.8/site-packages SHLVL=2 _=/usr/bin/env /usr/local/bin/cmake --build /Users/mukuyo/Desktop/RI-AI/build/sender -- -j8 -l8
[37.231s] DEBUG:colcon.colcon_core.event_handler.log_command:Invoking command in '/Users/mukuyo/Desktop/RI-AI/build/sender': CMAKE_PREFIX_PATH=/Users/mukuyo/Desktop/RI-AI/install/proto_info:/Users/mukuyo/Desktop/RI-AI/install/message_info:/Users/mukuyo/Desktop/RI-AI/install/sender:/Users/mukuyo/Desktop/RI-AI/install/reciever:/Users/mukuyo/Desktop/RI-AI/install/main:/Users/mukuyo/ros2_ws/ros2-osx DYLD_LIBRARY_PATH=/Users/mukuyo/Desktop/RI-AI/install/proto_info/lib:/Users/mukuyo/Desktop/RI-AI/install/message_info/lib:/Users/mukuyo/Desktop/RI-AI/install/sender/lib:/Users/mukuyo/ros2_ws/ros2-osx/opt/yaml_cpp_vendor/lib:/Users/mukuyo/ros2_ws/ros2-osx/opt/rviz_ogre_vendor/lib:/Users/mukuyo/ros2_ws/ros2-osx/lib PYTHONPATH=/Users/mukuyo/Desktop/RI-AI/install/proto_info/lib/python3.8/site-packages:/Users/mukuyo/Desktop/RI-AI/install/message_info/lib/python3.8/site-packages:/Users/mukuyo/Desktop/RI-AI/install/sender/lib/python3.8/site-packages:/Users/mukuyo/ros2_ws/ros2-osx/lib/python3.8/site-packages SHLVL=2 _=/usr/bin/env /usr/local/bin/cmake --install /Users/mukuyo/Desktop/RI-AI/build/sender
[39.697s] Level 1:colcon.colcon_core.environment:create_environment_scripts_only(sender)
[39.715s] Level 1:colcon.colcon_core.environment:checking '/Users/mukuyo/Desktop/RI-AI/install/sender' for CMake module files
[39.719s] DEBUG:colcon.colcon_core.event_handler.log_command:Invoked command in '/Users/mukuyo/Desktop/RI-AI/build/sender' returned '0': CMAKE_PREFIX_PATH=/Users/mukuyo/Desktop/RI-AI/install/proto_info:/Users/mukuyo/Desktop/RI-AI/install/message_info:/Users/mukuyo/Desktop/RI-AI/install/sender:/Users/mukuyo/Desktop/RI-AI/install/reciever:/Users/mukuyo/Desktop/RI-AI/install/main:/Users/mukuyo/ros2_ws/ros2-osx DYLD_LIBRARY_PATH=/Users/mukuyo/Desktop/RI-AI/install/proto_info/lib:/Users/mukuyo/Desktop/RI-AI/install/message_info/lib:/Users/mukuyo/Desktop/RI-AI/install/sender/lib:/Users/mukuyo/ros2_ws/ros2-osx/opt/yaml_cpp_vendor/lib:/Users/mukuyo/ros2_ws/ros2-osx/opt/rviz_ogre_vendor/lib:/Users/mukuyo/ros2_ws/ros2-osx/lib PYTHONPATH=/Users/mukuyo/Desktop/RI-AI/install/proto_info/lib/python3.8/site-packages:/Users/mukuyo/Desktop/RI-AI/install/message_info/lib/python3.8/site-packages:/Users/mukuyo/Desktop/RI-AI/install/sender/lib/python3.8/site-packages:/Users/mukuyo/ros2_ws/ros2-osx/lib/python3.8/site-packages SHLVL=2 _=/usr/bin/env /usr/local/bin/cmake --install /Users/mukuyo/Desktop/RI-AI/build/sender
[39.721s] Level 1:colcon.colcon_core.environment:checking '/Users/mukuyo/Desktop/RI-AI/install/sender' for CMake config files
[39.722s] Level 1:colcon.colcon_core.shell:create_environment_hook('sender', 'cmake_prefix_path')
[39.737s] INFO:colcon.colcon_core.shell:Creating environment hook '/Users/mukuyo/Desktop/RI-AI/install/sender/share/sender/hook/cmake_prefix_path.ps1'
[39.739s] INFO:colcon.colcon_core.shell:Creating environment descriptor '/Users/mukuyo/Desktop/RI-AI/install/sender/share/sender/hook/cmake_prefix_path.dsv'
[39.740s] INFO:colcon.colcon_core.shell:Creating environment hook '/Users/mukuyo/Desktop/RI-AI/install/sender/share/sender/hook/cmake_prefix_path.sh'
[39.742s] Level 1:colcon.colcon_core.environment:checking '/Users/mukuyo/Desktop/RI-AI/install/sender/lib'
[39.743s] Level 1:colcon.colcon_core.shell:create_environment_hook('sender', 'dyld_library_path')
[39.757s] INFO:colcon.colcon_core.shell:Creating environment hook '/Users/mukuyo/Desktop/RI-AI/install/sender/share/sender/hook/dyld_library_path.ps1'
[39.758s] INFO:colcon.colcon_core.shell:Creating environment descriptor '/Users/mukuyo/Desktop/RI-AI/install/sender/share/sender/hook/dyld_library_path.dsv'
[39.759s] INFO:colcon.colcon_core.shell:Creating environment hook '/Users/mukuyo/Desktop/RI-AI/install/sender/share/sender/hook/dyld_library_path.sh'
[39.760s] Level 1:colcon.colcon_core.environment:checking '/Users/mukuyo/Desktop/RI-AI/install/sender/bin'
[39.761s] Level 1:colcon.colcon_core.environment:checking '/Users/mukuyo/Desktop/RI-AI/install/sender/lib/pkgconfig/sender.pc'
[39.761s] Level 1:colcon.colcon_core.environment:checking '/Users/mukuyo/Desktop/RI-AI/install/sender/lib/python3.8/site-packages'
[39.761s] Level 1:colcon.colcon_core.shell:create_environment_hook('sender', 'pythonpath')
[39.781s] INFO:colcon.colcon_core.shell:Creating environment hook '/Users/mukuyo/Desktop/RI-AI/install/sender/share/sender/hook/pythonpath.ps1'
[39.782s] INFO:colcon.colcon_core.shell:Creating environment descriptor '/Users/mukuyo/Desktop/RI-AI/install/sender/share/sender/hook/pythonpath.dsv'
[39.784s] INFO:colcon.colcon_core.shell:Creating environment hook '/Users/mukuyo/Desktop/RI-AI/install/sender/share/sender/hook/pythonpath.sh'
[39.802s] INFO:colcon.colcon_core.shell:Creating package script '/Users/mukuyo/Desktop/RI-AI/install/sender/share/sender/package.ps1'
[39.804s] INFO:colcon.colcon_core.shell:Creating package descriptor '/Users/mukuyo/Desktop/RI-AI/install/sender/share/sender/package.dsv'
[39.812s] INFO:colcon.colcon_core.shell:Creating package script '/Users/mukuyo/Desktop/RI-AI/install/sender/share/sender/package.sh'
[39.813s] INFO:colcon.colcon_core.shell:Creating package script '/Users/mukuyo/Desktop/RI-AI/install/sender/share/sender/package.bash'
[39.818s] INFO:colcon.colcon_core.shell:Creating package script '/Users/mukuyo/Desktop/RI-AI/install/sender/share/sender/package.zsh'
[39.821s] Level 1:colcon.colcon_core.environment:create_file_with_runtime_dependencies(/Users/mukuyo/Desktop/RI-AI/install/sender/share/colcon-core/packages/sender)
[45.338s] DEBUG:colcon.colcon_core.event_handler.log_command:Invoked command in '/Users/mukuyo/Desktop/RI-AI/build/main' returned '2': CMAKE_PREFIX_PATH=/Users/mukuyo/Desktop/RI-AI/install/message_info:/Users/mukuyo/Desktop/RI-AI/install/sender:/Users/mukuyo/Desktop/RI-AI/install/reciever:/Users/mukuyo/Desktop/RI-AI/install/proto_info:/Users/mukuyo/Desktop/RI-AI/install/main:/Users/mukuyo/ros2_ws/ros2-osx DYLD_LIBRARY_PATH=/Users/mukuyo/Desktop/RI-AI/install/message_info/lib:/Users/mukuyo/Desktop/RI-AI/install/sender/lib:/Users/mukuyo/Desktop/RI-AI/install/proto_info/lib:/Users/mukuyo/ros2_ws/ros2-osx/opt/yaml_cpp_vendor/lib:/Users/mukuyo/ros2_ws/ros2-osx/opt/rviz_ogre_vendor/lib:/Users/mukuyo/ros2_ws/ros2-osx/lib PYTHONPATH=/Users/mukuyo/Desktop/RI-AI/install/message_info/lib/python3.8/site-packages:/Users/mukuyo/Desktop/RI-AI/install/sender/lib/python3.8/site-packages:/Users/mukuyo/Desktop/RI-AI/install/proto_info/lib/python3.8/site-packages:/Users/mukuyo/ros2_ws/ros2-osx/lib/python3.8/site-packages SHLVL=2 _=/usr/bin/env /usr/local/bin/cmake --build /Users/mukuyo/Desktop/RI-AI/build/main -- -j8 -l8
[45.349s] DEBUG:colcon.colcon_parallel_executor.executor.parallel:closing loop
[45.349s] DEBUG:colcon.colcon_parallel_executor.executor.parallel:loop closed
[45.350s] DEBUG:colcon.colcon_parallel_executor.executor.parallel:run_until_complete finished with '2'
[45.350s] DEBUG:colcon.colcon_core.event_reactor:joining thread
[45.364s] INFO:colcon.colcon_core.plugin_system:Skipping extension 'colcon_notification.desktop_notification.notify2': 'notify2' not found
[45.365s] INFO:colcon.colcon_core.plugin_system:Skipping extension 'colcon_notification.desktop_notification.notify_send': Not used on non-Linux systems
[45.365s] INFO:colcon.colcon_core.plugin_system:Skipping extension 'colcon_notification.desktop_notification.win32': Not used on non-Windows systems
[45.365s] INFO:colcon.colcon_notification.desktop_notification:Sending desktop notification using 'terminal_notifier'
[45.584s] DEBUG:colcon.colcon_core.event_reactor:joined thread
[45.603s] INFO:colcon.colcon_core.shell:Creating prefix script '/Users/mukuyo/Desktop/RI-AI/install/local_setup.ps1'
[45.606s] INFO:colcon.colcon_core.shell:Creating prefix util module '/Users/mukuyo/Desktop/RI-AI/install/_local_setup_util_ps1.py'
[45.610s] INFO:colcon.colcon_core.shell:Creating prefix chain script '/Users/mukuyo/Desktop/RI-AI/install/setup.ps1'
[45.625s] INFO:colcon.colcon_core.shell:Creating prefix script '/Users/mukuyo/Desktop/RI-AI/install/local_setup.sh'
[45.627s] INFO:colcon.colcon_core.shell:Creating prefix util module '/Users/mukuyo/Desktop/RI-AI/install/_local_setup_util_sh.py'
[45.629s] INFO:colcon.colcon_core.shell:Creating prefix chain script '/Users/mukuyo/Desktop/RI-AI/install/setup.sh'
[45.644s] INFO:colcon.colcon_core.shell:Creating prefix script '/Users/mukuyo/Desktop/RI-AI/install/local_setup.bash'
[45.645s] INFO:colcon.colcon_core.shell:Creating prefix chain script '/Users/mukuyo/Desktop/RI-AI/install/setup.bash'
[45.660s] INFO:colcon.colcon_core.shell:Creating prefix script '/Users/mukuyo/Desktop/RI-AI/install/local_setup.zsh'
[45.662s] INFO:colcon.colcon_core.shell:Creating prefix chain script '/Users/mukuyo/Desktop/RI-AI/install/setup.zsh'
