-- The C compiler identification is AppleClang 11.0.3.11030032
-- The CXX compiler identification is AppleClang 11.0.3.11030032
-- Detecting C compiler ABI info
-- Detecting C compiler ABI info - done
-- Check for working C compiler: /Library/Developer/CommandLineTools/usr/bin/cc - skipped
-- Detecting C compile features
-- Detecting C compile features - done
-- Detecting CXX compiler ABI info
-- Detecting CXX compiler ABI info - done
-- Check for working CXX compiler: /Library/Developer/CommandLineTools/usr/bin/c++ - skipped
-- Detecting CXX compile features
-- Detecting CXX compile features - done
-- Found ament_cmake: 0.9.6 (/Users/mukuyo/ros2_ws/ros2-osx/share/ament_cmake/cmake)
-- Found PythonInterp: /usr/local/bin/python3 (found suitable version "3.8.5", minimum required is "3") 
-- Using PYTHON_EXECUTABLE: /usr/local/bin/python3
-- Found rosidl_default_generators: 1.0.0 (/Users/mukuyo/ros2_ws/ros2-osx/share/rosidl_default_generators/cmake)
-- Using all available rosidl_typesupport_c: rosidl_typesupport_connext_c;rosidl_typesupport_fastrtps_c;rosidl_typesupport_introspection_c
-- Found rosidl_adapter: 1.0.1 (/Users/mukuyo/ros2_ws/ros2-osx/share/rosidl_adapter/cmake)
-- Could not find RTI Connext - skipping rosidl_typesupport_connext_c
-- Could not find RTI Connext - skipping rosidl_typesupport_connext_cpp
-- Found OpenSSL: /usr/local/Cellar/openssl@1.1/1.1.1g/lib/libcrypto.dylib (found version "1.1.1g")  
-- Found FastRTPS: /Users/mukuyo/ros2_ws/ros2-osx/include  
-- Using all available rosidl_typesupport_cpp: rosidl_typesupport_connext_cpp;rosidl_typesupport_fastrtps_cpp;rosidl_typesupport_introspection_cpp
-- Found builtin_interfaces: 1.0.0 (/Users/mukuyo/ros2_ws/ros2-osx/share/builtin_interfaces/cmake)
-- Found std_msgs: 2.0.1 (/Users/mukuyo/ros2_ws/ros2-osx/share/std_msgs/cmake)
-- Found sensor_msgs: 2.0.1 (/Users/mukuyo/ros2_ws/ros2-osx/share/sensor_msgs/cmake)
-- OpenSSL Version: 1.1.1g /usr/local/Cellar/openssl@1.1/1.1.1g/include /usr/local/Cellar/openssl@1.1/1.1.1g/lib/libssl.dylib;/usr/local/Cellar/openssl@1.1/1.1.1g/lib/libcrypto.dylib
-- Found PythonInterp: /usr/local/bin/python3 (found version "3.8.5") 
-- Found ament_cmake_ros: 0.9.0 (/Users/mukuyo/ros2_ws/ros2-osx/share/ament_cmake_ros/cmake)
-- Using all available rosidl_typesupport_c: rosidl_typesupport_connext_c;rosidl_typesupport_fastrtps_c;rosidl_typesupport_introspection_c
-- Using all available rosidl_typesupport_cpp: rosidl_typesupport_connext_cpp;rosidl_typesupport_fastrtps_cpp;rosidl_typesupport_introspection_cpp
-- Found PythonInterp: /usr/local/bin/python3 (found suitable version "3.8.5", minimum required is "3.5") 
-- Found python_cmake_module: 0.8.0 (/Users/mukuyo/ros2_ws/ros2-osx/share/python_cmake_module/cmake)
-- Using PythonExtra_INCLUDE_DIRS: /Library/Frameworks/Python.framework/Versions/3.8/include/python3.8;/Library/Frameworks/Python.framework/Versions/3.8/include/python3.8
-- Using PythonExtra_LIBRARIES: /Library/Frameworks/Python.framework/Versions/3.8/lib/python3.8/config-3.8-darwin/libpython3.8.dylib
-- Found PythonExtra: .so  
-- Using numpy include directory: /Library/Frameworks/Python.framework/Versions/3.8/lib/python3.8/site-packages/numpy/core/include
-- Found ament_lint_auto: 0.9.5 (/Users/mukuyo/ros2_ws/ros2-osx/share/ament_lint_auto/cmake)
-- Added test 'copyright' to check source files copyright and LICENSE
-- Added test 'flake8' to check Python code syntax and style conventions
-- Added test 'lint_cmake' to check CMake code style
-- Added test 'pep257' to check Python code against some of the style conventions in PEP 257
-- Added test 'xmllint' to check XML markup files
-- Configuring done
-- Generating done
-- Build files have been written to: /Users/mukuyo/Desktop/RI-AI/build/message_info
Scanning dependencies of target message_info__cpp
[  1%] Generating C code for ROS interfaces
[  1%] Generating C++ code for ROS interfaces
[  1%] Built target message_info__cpp
[  2%] Generating C++ type support dispatch for ROS interfaces
[  3%] Generating C++ introspection for ROS interfaces
[  3%] Generating C++ type support for eProsima Fast-RTPS
Scanning dependencies of target message_info__rosidl_generator_c
[  4%] Building C object CMakeFiles/message_info__rosidl_generator_c.dir/rosidl_generator_c/message_info/msg/detail/referee__functions.c.o
[  5%] Building C object CMakeFiles/message_info__rosidl_generator_c.dir/rosidl_generator_c/message_info/msg/detail/field_circular_arc__functions.c.o
[  6%] Building C object CMakeFiles/message_info__rosidl_generator_c.dir/rosidl_generator_c/message_info/msg/detail/referee_team_info__functions.c.o
[  6%] Building C object CMakeFiles/message_info__rosidl_generator_c.dir/rosidl_generator_c/message_info/msg/detail/referee_game_event__functions.c.o
[  6%] Building C object CMakeFiles/message_info__rosidl_generator_c.dir/rosidl_generator_c/message_info/msg/detail/field_line_segment__functions.c.o
[  7%] Building C object CMakeFiles/message_info__rosidl_generator_c.dir/rosidl_generator_c/message_info/msg/detail/detection_frame__functions.c.o
[ 10%] Building C object CMakeFiles/message_info__rosidl_generator_c.dir/rosidl_generator_c/message_info/msg/detail/detection_robot__functions.c.o
[ 10%] Building C object CMakeFiles/message_info__rosidl_generator_c.dir/rosidl_generator_c/message_info/msg/detail/detection_ball__functions.c.o
[ 10%] Building C object CMakeFiles/message_info__rosidl_generator_c.dir/rosidl_generator_c/message_info/msg/detail/vision_geometry__functions.c.o
[ 10%] Building C object CMakeFiles/message_info__rosidl_generator_c.dir/rosidl_generator_c/message_info/msg/detail/vision_detections__functions.c.o
[ 11%] Building C object CMakeFiles/message_info__rosidl_generator_c.dir/rosidl_generator_c/message_info/msg/detail/robot_command__functions.c.o
[ 11%] Building C object CMakeFiles/message_info__rosidl_generator_c.dir/rosidl_generator_c/message_info/msg/detail/test__functions.c.o
[ 12%] Building C object CMakeFiles/message_info__rosidl_generator_c.dir/rosidl_generator_c/message_info/msg/detail/robot_commands__functions.c.o
[ 13%] Building C object CMakeFiles/message_info__rosidl_generator_c.dir/rosidl_generator_c/message_info/msg/detail/ball_info__functions.c.o
[ 13%] Building C object CMakeFiles/message_info__rosidl_generator_c.dir/rosidl_generator_c/message_info/msg/detail/goal_info__functions.c.o
[ 14%] Linking C shared library libmessage_info__rosidl_generator_c.dylib
[ 14%] Built target message_info__rosidl_generator_c
[ 16%] Generating C type support dispatch for ROS interfaces
[ 16%] Generating C introspection for ROS interfaces
Scanning dependencies of target message_info__rosidl_typesupport_cpp
[ 16%] Building CXX object CMakeFiles/message_info__rosidl_typesupport_cpp.dir/rosidl_typesupport_cpp/message_info/msg/referee_team_info__type_support.cpp.o
[ 18%] Building CXX object CMakeFiles/message_info__rosidl_typesupport_cpp.dir/rosidl_typesupport_cpp/message_info/msg/referee_game_event__type_support.cpp.o
[ 18%] Building CXX object CMakeFiles/message_info__rosidl_typesupport_cpp.dir/rosidl_typesupport_cpp/message_info/msg/referee__type_support.cpp.o
[ 19%] Building CXX object CMakeFiles/message_info__rosidl_typesupport_cpp.dir/rosidl_typesupport_cpp/message_info/msg/field_circular_arc__type_support.cpp.o
[ 19%] Building CXX object CMakeFiles/message_info__rosidl_typesupport_cpp.dir/rosidl_typesupport_cpp/message_info/msg/field_line_segment__type_support.cpp.o
[ 20%] Building CXX object CMakeFiles/message_info__rosidl_typesupport_cpp.dir/rosidl_typesupport_cpp/message_info/msg/vision_geometry__type_support.cpp.o
[ 21%] Building CXX object CMakeFiles/message_info__rosidl_typesupport_cpp.dir/rosidl_typesupport_cpp/message_info/msg/detection_ball__type_support.cpp.o
Scanning dependencies of target message_info__rosidl_typesupport_introspection_cpp
[ 22%] Building CXX object CMakeFiles/message_info__rosidl_typesupport_cpp.dir/rosidl_typesupport_cpp/message_info/msg/vision_detections__type_support.cpp.o
[ 23%] Building CXX object CMakeFiles/message_info__rosidl_typesupport_introspection_cpp.dir/rosidl_typesupport_introspection_cpp/message_info/msg/detail/referee_game_event__type_support.cpp.o
Scanning dependencies of target message_info__rosidl_typesupport_c
[ 23%] Building CXX object CMakeFiles/message_info__rosidl_typesupport_c.dir/rosidl_typesupport_c/message_info/msg/referee_game_event__type_support.cpp.o
[ 24%] Building CXX object CMakeFiles/message_info__rosidl_typesupport_cpp.dir/rosidl_typesupport_cpp/message_info/msg/robot_command__type_support.cpp.o
[ 25%] Building CXX object CMakeFiles/message_info__rosidl_typesupport_c.dir/rosidl_typesupport_c/message_info/msg/referee_team_info__type_support.cpp.o
Scanning dependencies of target message_info__rosidl_typesupport_fastrtps_cpp
[ 26%] Building CXX object CMakeFiles/message_info__rosidl_typesupport_introspection_cpp.dir/rosidl_typesupport_introspection_cpp/message_info/msg/detail/referee_team_info__type_support.cpp.o
[ 27%] Building CXX object CMakeFiles/message_info__rosidl_typesupport_fastrtps_cpp.dir/rosidl_typesupport_fastrtps_cpp/message_info/msg/detail/dds_fastrtps/referee_game_event__type_support.cpp.o
[ 28%] Building CXX object CMakeFiles/message_info__rosidl_typesupport_c.dir/rosidl_typesupport_c/message_info/msg/referee__type_support.cpp.o
[ 28%] Building CXX object CMakeFiles/message_info__rosidl_typesupport_c.dir/rosidl_typesupport_c/message_info/msg/field_circular_arc__type_support.cpp.o
[ 28%] Building CXX object CMakeFiles/message_info__rosidl_typesupport_cpp.dir/rosidl_typesupport_cpp/message_info/msg/robot_commands__type_support.cpp.o
[ 29%] Building CXX object CMakeFiles/message_info__rosidl_typesupport_c.dir/rosidl_typesupport_c/message_info/msg/field_line_segment__type_support.cpp.o
[ 29%] Building CXX object CMakeFiles/message_info__rosidl_typesupport_introspection_cpp.dir/rosidl_typesupport_introspection_cpp/message_info/msg/detail/referee__type_support.cpp.o
[ 30%] Building CXX object CMakeFiles/message_info__rosidl_typesupport_c.dir/rosidl_typesupport_c/message_info/msg/vision_geometry__type_support.cpp.o
[ 31%] Building CXX object CMakeFiles/message_info__rosidl_typesupport_c.dir/rosidl_typesupport_c/message_info/msg/detection_ball__type_support.cpp.o
[ 32%] Building CXX object CMakeFiles/message_info__rosidl_typesupport_fastrtps_cpp.dir/rosidl_typesupport_fastrtps_cpp/message_info/msg/detail/dds_fastrtps/referee_team_info__type_support.cpp.o
[ 32%] Building CXX object CMakeFiles/message_info__rosidl_typesupport_cpp.dir/rosidl_typesupport_cpp/message_info/msg/detection_frame__type_support.cpp.o
Scanning dependencies of target message_info__rosidl_typesupport_introspection_c
[ 32%] Building CXX object CMakeFiles/message_info__rosidl_typesupport_c.dir/rosidl_typesupport_c/message_info/msg/detection_robot__type_support.cpp.o
[ 33%] Building CXX object CMakeFiles/message_info__rosidl_typesupport_introspection_cpp.dir/rosidl_typesupport_introspection_cpp/message_info/msg/detail/field_line_segment__type_support.cpp.o
[ 34%] Building C object CMakeFiles/message_info__rosidl_typesupport_introspection_c.dir/rosidl_typesupport_introspection_c/message_info/msg/detail/referee_game_event__type_support.c.o
[ 35%] Building CXX object CMakeFiles/message_info__rosidl_typesupport_c.dir/rosidl_typesupport_c/message_info/msg/detection_frame__type_support.cpp.o
[ 35%] Building C object CMakeFiles/message_info__rosidl_typesupport_introspection_c.dir/rosidl_typesupport_introspection_c/message_info/msg/detail/referee_team_info__type_support.c.o
[ 36%] Building CXX object CMakeFiles/message_info__rosidl_typesupport_c.dir/rosidl_typesupport_c/message_info/msg/vision_detections__type_support.cpp.o
[ 37%] Building CXX object CMakeFiles/message_info__rosidl_typesupport_cpp.dir/rosidl_typesupport_cpp/message_info/msg/detection_robot__type_support.cpp.o
[ 38%] Building C object CMakeFiles/message_info__rosidl_typesupport_introspection_c.dir/rosidl_typesupport_introspection_c/message_info/msg/detail/referee__type_support.c.o
[ 38%] Building CXX object CMakeFiles/message_info__rosidl_typesupport_c.dir/rosidl_typesupport_c/message_info/msg/robot_command__type_support.cpp.o
[ 39%] Building CXX object CMakeFiles/message_info__rosidl_typesupport_introspection_cpp.dir/rosidl_typesupport_introspection_cpp/message_info/msg/detail/field_circular_arc__type_support.cpp.o
[ 40%] Building C object CMakeFiles/message_info__rosidl_typesupport_introspection_c.dir/rosidl_typesupport_introspection_c/message_info/msg/detail/field_circular_arc__type_support.c.o
[ 41%] Building CXX object CMakeFiles/message_info__rosidl_typesupport_c.dir/rosidl_typesupport_c/message_info/msg/robot_commands__type_support.cpp.o
[ 42%] Building CXX object CMakeFiles/message_info__rosidl_typesupport_fastrtps_cpp.dir/rosidl_typesupport_fastrtps_cpp/message_info/msg/detail/dds_fastrtps/field_circular_arc__type_support.cpp.o
[ 43%] Building C object CMakeFiles/message_info__rosidl_typesupport_introspection_c.dir/rosidl_typesupport_introspection_c/message_info/msg/detail/field_line_segment__type_support.c.o
[ 44%] Building CXX object CMakeFiles/message_info__rosidl_typesupport_c.dir/rosidl_typesupport_c/message_info/msg/test__type_support.cpp.o
[ 45%] Building CXX object CMakeFiles/message_info__rosidl_typesupport_cpp.dir/rosidl_typesupport_cpp/message_info/msg/ball_info__type_support.cpp.o
[ 45%] Building CXX object CMakeFiles/message_info__rosidl_typesupport_c.dir/rosidl_typesupport_c/message_info/msg/ball_info__type_support.cpp.o
[ 45%] Building C object CMakeFiles/message_info__rosidl_typesupport_introspection_c.dir/rosidl_typesupport_introspection_c/message_info/msg/detail/vision_geometry__type_support.c.o
[ 46%] Building CXX object CMakeFiles/message_info__rosidl_typesupport_introspection_cpp.dir/rosidl_typesupport_introspection_cpp/message_info/msg/detail/vision_geometry__type_support.cpp.o
[ 47%] Building CXX object CMakeFiles/message_info__rosidl_typesupport_c.dir/rosidl_typesupport_c/message_info/msg/goal_info__type_support.cpp.o
[ 48%] Building C object CMakeFiles/message_info__rosidl_typesupport_introspection_c.dir/rosidl_typesupport_introspection_c/message_info/msg/detail/detection_ball__type_support.c.o
[ 49%] Linking CXX shared library libmessage_info__rosidl_typesupport_c.dylib
[ 50%] Building C object CMakeFiles/message_info__rosidl_typesupport_introspection_c.dir/rosidl_typesupport_introspection_c/message_info/msg/detail/detection_robot__type_support.c.o
[ 51%] Building CXX object CMakeFiles/message_info__rosidl_typesupport_cpp.dir/rosidl_typesupport_cpp/message_info/msg/test__type_support.cpp.o
[ 51%] Building CXX object CMakeFiles/message_info__rosidl_typesupport_fastrtps_cpp.dir/rosidl_typesupport_fastrtps_cpp/message_info/msg/detail/dds_fastrtps/vision_geometry__type_support.cpp.o
[ 51%] Building C object CMakeFiles/message_info__rosidl_typesupport_introspection_c.dir/rosidl_typesupport_introspection_c/message_info/msg/detail/detection_frame__type_support.c.o
[ 51%] Built target message_info__rosidl_typesupport_c
[ 52%] Building C object CMakeFiles/message_info__rosidl_typesupport_introspection_c.dir/rosidl_typesupport_introspection_c/message_info/msg/detail/vision_detections__type_support.c.o
[ 53%] Building CXX object CMakeFiles/message_info__rosidl_typesupport_introspection_cpp.dir/rosidl_typesupport_introspection_cpp/message_info/msg/detail/detection_robot__type_support.cpp.o
[ 54%] Building C object CMakeFiles/message_info__rosidl_typesupport_introspection_c.dir/rosidl_typesupport_introspection_c/message_info/msg/detail/robot_command__type_support.c.o
[ 54%] Building CXX object CMakeFiles/message_info__rosidl_typesupport_cpp.dir/rosidl_typesupport_cpp/message_info/msg/goal_info__type_support.cpp.o
[ 54%] Building C object CMakeFiles/message_info__rosidl_typesupport_introspection_c.dir/rosidl_typesupport_introspection_c/message_info/msg/detail/robot_commands__type_support.c.o
[ 55%] Building C object CMakeFiles/message_info__rosidl_typesupport_introspection_c.dir/rosidl_typesupport_introspection_c/message_info/msg/detail/test__type_support.c.o
[ 55%] Building CXX object CMakeFiles/message_info__rosidl_typesupport_introspection_cpp.dir/rosidl_typesupport_introspection_cpp/message_info/msg/detail/detection_ball__type_support.cpp.o
[ 56%] Building CXX object CMakeFiles/message_info__rosidl_typesupport_fastrtps_cpp.dir/rosidl_typesupport_fastrtps_cpp/message_info/msg/detail/dds_fastrtps/detection_robot__type_support.cpp.o
[ 57%] Building C object CMakeFiles/message_info__rosidl_typesupport_introspection_c.dir/rosidl_typesupport_introspection_c/message_info/msg/detail/ball_info__type_support.c.o
[ 58%] Linking CXX shared library libmessage_info__rosidl_typesupport_cpp.dylib
[ 59%] Building C object CMakeFiles/message_info__rosidl_typesupport_introspection_c.dir/rosidl_typesupport_introspection_c/message_info/msg/detail/goal_info__type_support.c.o
[ 59%] Built target message_info__rosidl_typesupport_cpp
[ 60%] Building CXX object CMakeFiles/message_info__rosidl_typesupport_introspection_cpp.dir/rosidl_typesupport_introspection_cpp/message_info/msg/detail/detection_frame__type_support.cpp.o
[ 60%] Linking C shared library libmessage_info__rosidl_typesupport_introspection_c.dylib
[ 60%] Built target message_info__rosidl_typesupport_introspection_c
[ 61%] Building CXX object CMakeFiles/message_info__rosidl_typesupport_fastrtps_cpp.dir/rosidl_typesupport_fastrtps_cpp/message_info/msg/detail/dds_fastrtps/robot_command__type_support.cpp.o
[ 61%] Building CXX object CMakeFiles/message_info__rosidl_typesupport_introspection_cpp.dir/rosidl_typesupport_introspection_cpp/message_info/msg/detail/vision_detections__type_support.cpp.o
[ 62%] Building CXX object CMakeFiles/message_info__rosidl_typesupport_fastrtps_cpp.dir/rosidl_typesupport_fastrtps_cpp/message_info/msg/detail/dds_fastrtps/robot_commands__type_support.cpp.o
[ 63%] Building CXX object CMakeFiles/message_info__rosidl_typesupport_introspection_cpp.dir/rosidl_typesupport_introspection_cpp/message_info/msg/detail/robot_command__type_support.cpp.o
[ 64%] Building CXX object CMakeFiles/message_info__rosidl_typesupport_introspection_cpp.dir/rosidl_typesupport_introspection_cpp/message_info/msg/detail/robot_commands__type_support.cpp.o
[ 64%] Building CXX object CMakeFiles/message_info__rosidl_typesupport_fastrtps_cpp.dir/rosidl_typesupport_fastrtps_cpp/message_info/msg/detail/dds_fastrtps/test__type_support.cpp.o
[ 64%] Building CXX object CMakeFiles/message_info__rosidl_typesupport_introspection_cpp.dir/rosidl_typesupport_introspection_cpp/message_info/msg/detail/test__type_support.cpp.o
[ 65%] Building CXX object CMakeFiles/message_info__rosidl_typesupport_fastrtps_cpp.dir/rosidl_typesupport_fastrtps_cpp/message_info/msg/detail/dds_fastrtps/ball_info__type_support.cpp.o
[ 66%] Building CXX object CMakeFiles/message_info__rosidl_typesupport_introspection_cpp.dir/rosidl_typesupport_introspection_cpp/message_info/msg/detail/ball_info__type_support.cpp.o
[ 67%] Building CXX object CMakeFiles/message_info__rosidl_typesupport_introspection_cpp.dir/rosidl_typesupport_introspection_cpp/message_info/msg/detail/goal_info__type_support.cpp.o
[ 68%] Building CXX object CMakeFiles/message_info__rosidl_typesupport_fastrtps_cpp.dir/rosidl_typesupport_fastrtps_cpp/message_info/msg/detail/dds_fastrtps/goal_info__type_support.cpp.o
[ 69%] Linking CXX shared library libmessage_info__rosidl_typesupport_introspection_cpp.dylib
[ 69%] Built target message_info__rosidl_typesupport_introspection_cpp
[ 70%] Building CXX object CMakeFiles/message_info__rosidl_typesupport_fastrtps_cpp.dir/rosidl_typesupport_fastrtps_cpp/message_info/msg/detail/dds_fastrtps/vision_detections__type_support.cpp.o
[ 70%] Building CXX object CMakeFiles/message_info__rosidl_typesupport_fastrtps_cpp.dir/rosidl_typesupport_fastrtps_cpp/message_info/msg/detail/dds_fastrtps/detection_frame__type_support.cpp.o
[ 71%] Building CXX object CMakeFiles/message_info__rosidl_typesupport_fastrtps_cpp.dir/rosidl_typesupport_fastrtps_cpp/message_info/msg/detail/dds_fastrtps/detection_ball__type_support.cpp.o
[ 72%] Building CXX object CMakeFiles/message_info__rosidl_typesupport_fastrtps_cpp.dir/rosidl_typesupport_fastrtps_cpp/message_info/msg/detail/dds_fastrtps/field_line_segment__type_support.cpp.o
[ 72%] Building CXX object CMakeFiles/message_info__rosidl_typesupport_fastrtps_cpp.dir/rosidl_typesupport_fastrtps_cpp/message_info/msg/detail/dds_fastrtps/referee__type_support.cpp.o
[ 72%] Linking CXX shared library libmessage_info__rosidl_typesupport_fastrtps_cpp.dylib
[ 72%] Built target message_info__rosidl_typesupport_fastrtps_cpp
[ 73%] Generating C type support for eProsima Fast-RTPS
Scanning dependencies of target message_info__rosidl_typesupport_fastrtps_c
[ 74%] Building CXX object CMakeFiles/message_info__rosidl_typesupport_fastrtps_c.dir/rosidl_typesupport_fastrtps_c/message_info/msg/detail/referee_game_event__type_support_c.cpp.o
[ 74%] Building CXX object CMakeFiles/message_info__rosidl_typesupport_fastrtps_c.dir/rosidl_typesupport_fastrtps_c/message_info/msg/detail/detection_robot__type_support_c.cpp.o
[ 75%] Building CXX object CMakeFiles/message_info__rosidl_typesupport_fastrtps_c.dir/rosidl_typesupport_fastrtps_c/message_info/msg/detail/detection_ball__type_support_c.cpp.o
[ 76%] Building CXX object CMakeFiles/message_info__rosidl_typesupport_fastrtps_c.dir/rosidl_typesupport_fastrtps_c/message_info/msg/detail/detection_frame__type_support_c.cpp.o
[ 77%] Building CXX object CMakeFiles/message_info__rosidl_typesupport_fastrtps_c.dir/rosidl_typesupport_fastrtps_c/message_info/msg/detail/vision_detections__type_support_c.cpp.o
[ 79%] Building CXX object CMakeFiles/message_info__rosidl_typesupport_fastrtps_c.dir/rosidl_typesupport_fastrtps_c/message_info/msg/detail/vision_geometry__type_support_c.cpp.o
[ 79%] Building CXX object CMakeFiles/message_info__rosidl_typesupport_fastrtps_c.dir/rosidl_typesupport_fastrtps_c/message_info/msg/detail/robot_command__type_support_c.cpp.o
[ 80%] Building CXX object CMakeFiles/message_info__rosidl_typesupport_fastrtps_c.dir/rosidl_typesupport_fastrtps_c/message_info/msg/detail/test__type_support_c.cpp.o
[ 81%] Building CXX object CMakeFiles/message_info__rosidl_typesupport_fastrtps_c.dir/rosidl_typesupport_fastrtps_c/message_info/msg/detail/ball_info__type_support_c.cpp.o
[ 81%] Building CXX object CMakeFiles/message_info__rosidl_typesupport_fastrtps_c.dir/rosidl_typesupport_fastrtps_c/message_info/msg/detail/goal_info__type_support_c.cpp.o
[ 81%] Building CXX object CMakeFiles/message_info__rosidl_typesupport_fastrtps_c.dir/rosidl_typesupport_fastrtps_c/message_info/msg/detail/robot_commands__type_support_c.cpp.o
[ 81%] Building CXX object CMakeFiles/message_info__rosidl_typesupport_fastrtps_c.dir/rosidl_typesupport_fastrtps_c/message_info/msg/detail/field_line_segment__type_support_c.cpp.o
[ 82%] Building CXX object CMakeFiles/message_info__rosidl_typesupport_fastrtps_c.dir/rosidl_typesupport_fastrtps_c/message_info/msg/detail/field_circular_arc__type_support_c.cpp.o
[ 83%] Building CXX object CMakeFiles/message_info__rosidl_typesupport_fastrtps_c.dir/rosidl_typesupport_fastrtps_c/message_info/msg/detail/referee__type_support_c.cpp.o
[ 83%] Building CXX object CMakeFiles/message_info__rosidl_typesupport_fastrtps_c.dir/rosidl_typesupport_fastrtps_c/message_info/msg/detail/referee_team_info__type_support_c.cpp.o
[ 84%] Linking CXX shared library libmessage_info__rosidl_typesupport_fastrtps_c.dylib
[ 84%] Built target message_info__rosidl_typesupport_fastrtps_c
Scanning dependencies of target message_info
[ 84%] Built target message_info
Scanning dependencies of target message_info__py
[ 85%] Generating Python code for ROS interfaces
[ 85%] Built target message_info__py
Scanning dependencies of target message_info__python
[ 86%] Building C object CMakeFiles/message_info__python.dir/rosidl_generator_py/message_info/msg/_referee_team_info_s.c.o
[ 86%] Building C object CMakeFiles/message_info__python.dir/rosidl_generator_py/message_info/msg/_referee_game_event_s.c.o
[ 86%] Building C object CMakeFiles/message_info__python.dir/rosidl_generator_py/message_info/msg/_detection_robot_s.c.o
[ 87%] Building C object CMakeFiles/message_info__python.dir/rosidl_generator_py/message_info/msg/_detection_frame_s.c.o
[ 88%] Building C object CMakeFiles/message_info__python.dir/rosidl_generator_py/message_info/msg/_vision_detections_s.c.o
[ 89%] Building C object CMakeFiles/message_info__python.dir/rosidl_generator_py/message_info/msg/_detection_ball_s.c.o
[ 90%] Building C object CMakeFiles/message_info__python.dir/rosidl_generator_py/message_info/msg/_robot_command_s.c.o
[ 91%] Building C object CMakeFiles/message_info__python.dir/rosidl_generator_py/message_info/msg/_vision_geometry_s.c.o
[ 91%] Building C object CMakeFiles/message_info__python.dir/rosidl_generator_py/message_info/msg/_robot_commands_s.c.o
[ 91%] Building C object CMakeFiles/message_info__python.dir/rosidl_generator_py/message_info/msg/_field_line_segment_s.c.o
[ 92%] Building C object CMakeFiles/message_info__python.dir/rosidl_generator_py/message_info/msg/_test_s.c.o
[ 93%] Building C object CMakeFiles/message_info__python.dir/rosidl_generator_py/message_info/msg/_ball_info_s.c.o
[ 93%] Building C object CMakeFiles/message_info__python.dir/rosidl_generator_py/message_info/msg/_goal_info_s.c.o
[ 94%] Building C object CMakeFiles/message_info__python.dir/rosidl_generator_py/message_info/msg/_field_circular_arc_s.c.o
[ 95%] Building C object CMakeFiles/message_info__python.dir/rosidl_generator_py/message_info/msg/_referee_s.c.o
[ 96%] Linking C shared library rosidl_generator_py/message_info/libmessage_info__python.dylib
[ 96%] Built target message_info__python
Scanning dependencies of target message_info__rosidl_typesupport_introspection_c__pyext
Scanning dependencies of target message_info__rosidl_typesupport_fastrtps_c__pyext
Scanning dependencies of target message_info__rosidl_typesupport_c__pyext
[ 97%] Building C object CMakeFiles/message_info__rosidl_typesupport_introspection_c__pyext.dir/rosidl_generator_py/message_info/_message_info_s.ep.rosidl_typesupport_introspection_c.c.o
[ 98%] Building C object CMakeFiles/message_info__rosidl_typesupport_fastrtps_c__pyext.dir/rosidl_generator_py/message_info/_message_info_s.ep.rosidl_typesupport_fastrtps_c.c.o
[ 99%] Building C object CMakeFiles/message_info__rosidl_typesupport_c__pyext.dir/rosidl_generator_py/message_info/_message_info_s.ep.rosidl_typesupport_c.c.o
[ 99%] Linking C shared library rosidl_generator_py/message_info/message_info_s__rosidl_typesupport_c.cpython-38-darwin.so
[ 99%] Linking CXX shared library rosidl_generator_py/message_info/message_info_s__rosidl_typesupport_fastrtps_c.cpython-38-darwin.so
[100%] Linking C shared library rosidl_generator_py/message_info/message_info_s__rosidl_typesupport_introspection_c.cpython-38-darwin.so
[100%] Built target message_info__rosidl_typesupport_c__pyext
[100%] Built target message_info__rosidl_typesupport_introspection_c__pyext
[100%] Built target message_info__rosidl_typesupport_fastrtps_c__pyext
-- Install configuration: ""
-- Installing: /Users/mukuyo/Desktop/RI-AI/install/message_info/share/ament_index/resource_index/rosidl_interfaces/message_info
-- Installing: /Users/mukuyo/Desktop/RI-AI/install/message_info/include/message_info
-- Installing: /Users/mukuyo/Desktop/RI-AI/install/message_info/include/message_info/msg
-- Installing: /Users/mukuyo/Desktop/RI-AI/install/message_info/include/message_info/msg/detection_frame.h
-- Installing: /Users/mukuyo/Desktop/RI-AI/install/message_info/include/message_info/msg/referee_game_event.h
-- Installing: /Users/mukuyo/Desktop/RI-AI/install/message_info/include/message_info/msg/rosidl_generator_c__visibility_control.h
-- Installing: /Users/mukuyo/Desktop/RI-AI/install/message_info/include/message_info/msg/goal_info.h
-- Installing: /Users/mukuyo/Desktop/RI-AI/install/message_info/include/message_info/msg/field_line_segment.h
-- Installing: /Users/mukuyo/Desktop/RI-AI/install/message_info/include/message_info/msg/referee_team_info.h
-- Installing: /Users/mukuyo/Desktop/RI-AI/install/message_info/include/message_info/msg/detection_ball.h
-- Installing: /Users/mukuyo/Desktop/RI-AI/install/message_info/include/message_info/msg/vision_detections.h
-- Installing: /Users/mukuyo/Desktop/RI-AI/install/message_info/include/message_info/msg/test.h
-- Installing: /Users/mukuyo/Desktop/RI-AI/install/message_info/include/message_info/msg/field_circular_arc.h
-- Installing: /Users/mukuyo/Desktop/RI-AI/install/message_info/include/message_info/msg/robot_command.h
-- Installing: /Users/mukuyo/Desktop/RI-AI/install/message_info/include/message_info/msg/detection_robot.h
-- Installing: /Users/mukuyo/Desktop/RI-AI/install/message_info/include/message_info/msg/detail
-- Installing: /Users/mukuyo/Desktop/RI-AI/install/message_info/include/message_info/msg/detail/detection_frame__type_support.h
-- Installing: /Users/mukuyo/Desktop/RI-AI/install/message_info/include/message_info/msg/detail/detection_frame__struct.h
-- Installing: /Users/mukuyo/Desktop/RI-AI/install/message_info/include/message_info/msg/detail/detection_robot__functions.c
-- Installing: /Users/mukuyo/Desktop/RI-AI/install/message_info/include/message_info/msg/detail/vision_geometry__type_support.h
-- Installing: /Users/mukuyo/Desktop/RI-AI/install/message_info/include/message_info/msg/detail/detection_frame__functions.c
-- Installing: /Users/mukuyo/Desktop/RI-AI/install/message_info/include/message_info/msg/detail/referee_team_info__struct.h
-- Installing: /Users/mukuyo/Desktop/RI-AI/install/message_info/include/message_info/msg/detail/robot_command__functions.c
-- Installing: /Users/mukuyo/Desktop/RI-AI/install/message_info/include/message_info/msg/detail/robot_commands__functions.c
-- Installing: /Users/mukuyo/Desktop/RI-AI/install/message_info/include/message_info/msg/detail/robot_command__struct.h
-- Installing: /Users/mukuyo/Desktop/RI-AI/install/message_info/include/message_info/msg/detail/referee_game_event__struct.h
-- Installing: /Users/mukuyo/Desktop/RI-AI/install/message_info/include/message_info/msg/detail/detection_ball__struct.h
-- Installing: /Users/mukuyo/Desktop/RI-AI/install/message_info/include/message_info/msg/detail/goal_info__functions.c
-- Installing: /Users/mukuyo/Desktop/RI-AI/install/message_info/include/message_info/msg/detail/referee__struct.h
-- Installing: /Users/mukuyo/Desktop/RI-AI/install/message_info/include/message_info/msg/detail/referee_team_info__functions.c
-- Installing: /Users/mukuyo/Desktop/RI-AI/install/message_info/include/message_info/msg/detail/referee_game_event__type_support.h
-- Installing: /Users/mukuyo/Desktop/RI-AI/install/message_info/include/message_info/msg/detail/test__functions.h
-- Installing: /Users/mukuyo/Desktop/RI-AI/install/message_info/include/message_info/msg/detail/field_circular_arc__struct.h
-- Installing: /Users/mukuyo/Desktop/RI-AI/install/message_info/include/message_info/msg/detail/field_circular_arc__type_support.h
-- Installing: /Users/mukuyo/Desktop/RI-AI/install/message_info/include/message_info/msg/detail/ball_info__struct.h
-- Installing: /Users/mukuyo/Desktop/RI-AI/install/message_info/include/message_info/msg/detail/vision_geometry__functions.h
-- Installing: /Users/mukuyo/Desktop/RI-AI/install/message_info/include/message_info/msg/detail/vision_detections__struct.h
-- Installing: /Users/mukuyo/Desktop/RI-AI/install/message_info/include/message_info/msg/detail/ball_info__functions.c
-- Installing: /Users/mukuyo/Desktop/RI-AI/install/message_info/include/message_info/msg/detail/referee__type_support.h
-- Installing: /Users/mukuyo/Desktop/RI-AI/install/message_info/include/message_info/msg/detail/vision_detections__type_support.h
-- Installing: /Users/mukuyo/Desktop/RI-AI/install/message_info/include/message_info/msg/detail/referee__functions.c
-- Installing: /Users/mukuyo/Desktop/RI-AI/install/message_info/include/message_info/msg/detail/vision_detections__functions.c
-- Installing: /Users/mukuyo/Desktop/RI-AI/install/message_info/include/message_info/msg/detail/detection_ball__functions.c
-- Installing: /Users/mukuyo/Desktop/RI-AI/install/message_info/include/message_info/msg/detail/field_circular_arc__functions.c
-- Installing: /Users/mukuyo/Desktop/RI-AI/install/message_info/include/message_info/msg/detail/referee_game_event__functions.h
-- Installing: /Users/mukuyo/Desktop/RI-AI/install/message_info/include/message_info/msg/detail/robot_commands__struct.h
-- Installing: /Users/mukuyo/Desktop/RI-AI/install/message_info/include/message_info/msg/detail/field_line_segment__functions.c
-- Installing: /Users/mukuyo/Desktop/RI-AI/install/message_info/include/message_info/msg/detail/robot_commands__functions.h
-- Installing: /Users/mukuyo/Desktop/RI-AI/install/message_info/include/message_info/msg/detail/robot_command__functions.h
-- Installing: /Users/mukuyo/Desktop/RI-AI/install/message_info/include/message_info/msg/detail/test__type_support.h
-- Installing: /Users/mukuyo/Desktop/RI-AI/install/message_info/include/message_info/msg/detail/robot_commands__type_support.h
-- Installing: /Users/mukuyo/Desktop/RI-AI/install/message_info/include/message_info/msg/detail/detection_frame__functions.h
-- Installing: /Users/mukuyo/Desktop/RI-AI/install/message_info/include/message_info/msg/detail/field_line_segment__struct.h
-- Installing: /Users/mukuyo/Desktop/RI-AI/install/message_info/include/message_info/msg/detail/detection_robot__functions.h
-- Installing: /Users/mukuyo/Desktop/RI-AI/install/message_info/include/message_info/msg/detail/test__struct.h
-- Installing: /Users/mukuyo/Desktop/RI-AI/install/message_info/include/message_info/msg/detail/detection_robot__struct.h
-- Installing: /Users/mukuyo/Desktop/RI-AI/install/message_info/include/message_info/msg/detail/vision_geometry__struct.h
-- Installing: /Users/mukuyo/Desktop/RI-AI/install/message_info/include/message_info/msg/detail/field_line_segment__type_support.h
-- Installing: /Users/mukuyo/Desktop/RI-AI/install/message_info/include/message_info/msg/detail/test__functions.c
-- Installing: /Users/mukuyo/Desktop/RI-AI/install/message_info/include/message_info/msg/detail/referee_team_info__functions.h
-- Installing: /Users/mukuyo/Desktop/RI-AI/install/message_info/include/message_info/msg/detail/detection_ball__type_support.h
-- Installing: /Users/mukuyo/Desktop/RI-AI/install/message_info/include/message_info/msg/detail/goal_info__type_support.h
-- Installing: /Users/mukuyo/Desktop/RI-AI/install/message_info/include/message_info/msg/detail/goal_info__functions.h
-- Installing: /Users/mukuyo/Desktop/RI-AI/install/message_info/include/message_info/msg/detail/referee__functions.h
-- Installing: /Users/mukuyo/Desktop/RI-AI/install/message_info/include/message_info/msg/detail/referee_team_info__type_support.h
-- Installing: /Users/mukuyo/Desktop/RI-AI/install/message_info/include/message_info/msg/detail/detection_robot__type_support.h
-- Installing: /Users/mukuyo/Desktop/RI-AI/install/message_info/include/message_info/msg/detail/ball_info__functions.h
-- Installing: /Users/mukuyo/Desktop/RI-AI/install/message_info/include/message_info/msg/detail/vision_geometry__functions.c
-- Installing: /Users/mukuyo/Desktop/RI-AI/install/message_info/include/message_info/msg/detail/ball_info__type_support.h
-- Installing: /Users/mukuyo/Desktop/RI-AI/install/message_info/include/message_info/msg/detail/goal_info__struct.h
-- Installing: /Users/mukuyo/Desktop/RI-AI/install/message_info/include/message_info/msg/detail/field_line_segment__functions.h
-- Installing: /Users/mukuyo/Desktop/RI-AI/install/message_info/include/message_info/msg/detail/detection_ball__functions.h
-- Installing: /Users/mukuyo/Desktop/RI-AI/install/message_info/include/message_info/msg/detail/vision_detections__functions.h
-- Installing: /Users/mukuyo/Desktop/RI-AI/install/message_info/include/message_info/msg/detail/referee_game_event__functions.c
-- Installing: /Users/mukuyo/Desktop/RI-AI/install/message_info/include/message_info/msg/detail/field_circular_arc__functions.h
-- Installing: /Users/mukuyo/Desktop/RI-AI/install/message_info/include/message_info/msg/detail/robot_command__type_support.h
-- Installing: /Users/mukuyo/Desktop/RI-AI/install/message_info/include/message_info/msg/ball_info.h
-- Installing: /Users/mukuyo/Desktop/RI-AI/install/message_info/include/message_info/msg/referee.h
-- Installing: /Users/mukuyo/Desktop/RI-AI/install/message_info/include/message_info/msg/robot_commands.h
-- Installing: /Users/mukuyo/Desktop/RI-AI/install/message_info/include/message_info/msg/vision_geometry.h
-- Installing: /Users/mukuyo/Desktop/RI-AI/install/message_info/share/message_info/environment/library_path.sh
-- Installing: /Users/mukuyo/Desktop/RI-AI/install/message_info/share/message_info/environment/library_path.dsv
-- Installing: /Users/mukuyo/Desktop/RI-AI/install/message_info/lib/libmessage_info__rosidl_generator_c.dylib
-- Up-to-date: /Users/mukuyo/Desktop/RI-AI/install/message_info/include/message_info
-- Up-to-date: /Users/mukuyo/Desktop/RI-AI/install/message_info/include/message_info/msg
-- Up-to-date: /Users/mukuyo/Desktop/RI-AI/install/message_info/include/message_info/msg/detail
-- Installing: /Users/mukuyo/Desktop/RI-AI/install/message_info/include/message_info/msg/detail/field_line_segment__rosidl_typesupport_fastrtps_c.h
-- Installing: /Users/mukuyo/Desktop/RI-AI/install/message_info/include/message_info/msg/detail/detection_frame__rosidl_typesupport_fastrtps_c.h
-- Installing: /Users/mukuyo/Desktop/RI-AI/install/message_info/include/message_info/msg/detail/detection_ball__rosidl_typesupport_fastrtps_c.h
-- Installing: /Users/mukuyo/Desktop/RI-AI/install/message_info/include/message_info/msg/detail/referee_team_info__rosidl_typesupport_fastrtps_c.h
-- Installing: /Users/mukuyo/Desktop/RI-AI/install/message_info/include/message_info/msg/detail/robot_command__rosidl_typesupport_fastrtps_c.h
-- Installing: /Users/mukuyo/Desktop/RI-AI/install/message_info/include/message_info/msg/detail/goal_info__rosidl_typesupport_fastrtps_c.h
-- Installing: /Users/mukuyo/Desktop/RI-AI/install/message_info/include/message_info/msg/detail/vision_geometry__rosidl_typesupport_fastrtps_c.h
-- Installing: /Users/mukuyo/Desktop/RI-AI/install/message_info/include/message_info/msg/detail/field_circular_arc__rosidl_typesupport_fastrtps_c.h
-- Installing: /Users/mukuyo/Desktop/RI-AI/install/message_info/include/message_info/msg/detail/ball_info__rosidl_typesupport_fastrtps_c.h
-- Installing: /Users/mukuyo/Desktop/RI-AI/install/message_info/include/message_info/msg/detail/referee_game_event__rosidl_typesupport_fastrtps_c.h
-- Installing: /Users/mukuyo/Desktop/RI-AI/install/message_info/include/message_info/msg/detail/robot_commands__rosidl_typesupport_fastrtps_c.h
-- Installing: /Users/mukuyo/Desktop/RI-AI/install/message_info/include/message_info/msg/detail/test__rosidl_typesupport_fastrtps_c.h
-- Installing: /Users/mukuyo/Desktop/RI-AI/install/message_info/include/message_info/msg/detail/detection_robot__rosidl_typesupport_fastrtps_c.h
-- Installing: /Users/mukuyo/Desktop/RI-AI/install/message_info/include/message_info/msg/detail/referee__rosidl_typesupport_fastrtps_c.h
-- Installing: /Users/mukuyo/Desktop/RI-AI/install/message_info/include/message_info/msg/detail/vision_detections__rosidl_typesupport_fastrtps_c.h
-- Installing: /Users/mukuyo/Desktop/RI-AI/install/message_info/include/message_info/msg/rosidl_typesupport_fastrtps_c__visibility_control.h
-- Installing: /Users/mukuyo/Desktop/RI-AI/install/message_info/lib/libmessage_info__rosidl_typesupport_fastrtps_c.dylib
-- Up-to-date: /Users/mukuyo/Desktop/RI-AI/install/message_info/include/message_info
-- Up-to-date: /Users/mukuyo/Desktop/RI-AI/install/message_info/include/message_info/msg
-- Installing: /Users/mukuyo/Desktop/RI-AI/install/message_info/include/message_info/msg/rosidl_typesupport_fastrtps_cpp__visibility_control.h
-- Up-to-date: /Users/mukuyo/Desktop/RI-AI/install/message_info/include/message_info/msg/detail
-- Installing: /Users/mukuyo/Desktop/RI-AI/install/message_info/include/message_info/msg/detail/referee__rosidl_typesupport_fastrtps_cpp.hpp
-- Installing: /Users/mukuyo/Desktop/RI-AI/install/message_info/include/message_info/msg/detail/referee_team_info__rosidl_typesupport_fastrtps_cpp.hpp
-- Installing: /Users/mukuyo/Desktop/RI-AI/install/message_info/include/message_info/msg/detail/detection_robot__rosidl_typesupport_fastrtps_cpp.hpp
-- Installing: /Users/mukuyo/Desktop/RI-AI/install/message_info/include/message_info/msg/detail/vision_geometry__rosidl_typesupport_fastrtps_cpp.hpp
-- Installing: /Users/mukuyo/Desktop/RI-AI/install/message_info/include/message_info/msg/detail/referee_game_event__rosidl_typesupport_fastrtps_cpp.hpp
-- Installing: /Users/mukuyo/Desktop/RI-AI/install/message_info/include/message_info/msg/detail/field_line_segment__rosidl_typesupport_fastrtps_cpp.hpp
-- Installing: /Users/mukuyo/Desktop/RI-AI/install/message_info/include/message_info/msg/detail/robot_command__rosidl_typesupport_fastrtps_cpp.hpp
-- Installing: /Users/mukuyo/Desktop/RI-AI/install/message_info/include/message_info/msg/detail/test__rosidl_typesupport_fastrtps_cpp.hpp
-- Installing: /Users/mukuyo/Desktop/RI-AI/install/message_info/include/message_info/msg/detail/vision_detections__rosidl_typesupport_fastrtps_cpp.hpp
-- Installing: /Users/mukuyo/Desktop/RI-AI/install/message_info/include/message_info/msg/detail/field_circular_arc__rosidl_typesupport_fastrtps_cpp.hpp
-- Installing: /Users/mukuyo/Desktop/RI-AI/install/message_info/include/message_info/msg/detail/robot_commands__rosidl_typesupport_fastrtps_cpp.hpp
-- Installing: /Users/mukuyo/Desktop/RI-AI/install/message_info/include/message_info/msg/detail/detection_ball__rosidl_typesupport_fastrtps_cpp.hpp
-- Installing: /Users/mukuyo/Desktop/RI-AI/install/message_info/include/message_info/msg/detail/detection_frame__rosidl_typesupport_fastrtps_cpp.hpp
-- Installing: /Users/mukuyo/Desktop/RI-AI/install/message_info/include/message_info/msg/detail/dds_fastrtps
-- Installing: /Users/mukuyo/Desktop/RI-AI/install/message_info/include/message_info/msg/detail/ball_info__rosidl_typesupport_fastrtps_cpp.hpp
-- Installing: /Users/mukuyo/Desktop/RI-AI/install/message_info/include/message_info/msg/detail/goal_info__rosidl_typesupport_fastrtps_cpp.hpp
-- Installing: /Users/mukuyo/Desktop/RI-AI/install/message_info/lib/libmessage_info__rosidl_typesupport_fastrtps_cpp.dylib
-- Up-to-date: /Users/mukuyo/Desktop/RI-AI/install/message_info/include/message_info
-- Up-to-date: /Users/mukuyo/Desktop/RI-AI/install/message_info/include/message_info/msg
-- Up-to-date: /Users/mukuyo/Desktop/RI-AI/install/message_info/include/message_info/msg/detail
-- Installing: /Users/mukuyo/Desktop/RI-AI/install/message_info/include/message_info/msg/detail/field_line_segment__type_support.c
-- Installing: /Users/mukuyo/Desktop/RI-AI/install/message_info/include/message_info/msg/detail/robot_commands__type_support.c
-- Installing: /Users/mukuyo/Desktop/RI-AI/install/message_info/include/message_info/msg/detail/test__type_support.c
-- Installing: /Users/mukuyo/Desktop/RI-AI/install/message_info/include/message_info/msg/detail/goal_info__type_support.c
-- Installing: /Users/mukuyo/Desktop/RI-AI/install/message_info/include/message_info/msg/detail/referee_game_event__rosidl_typesupport_introspection_c.h
-- Installing: /Users/mukuyo/Desktop/RI-AI/install/message_info/include/message_info/msg/detail/field_line_segment__rosidl_typesupport_introspection_c.h
-- Installing: /Users/mukuyo/Desktop/RI-AI/install/message_info/include/message_info/msg/detail/goal_info__rosidl_typesupport_introspection_c.h
-- Installing: /Users/mukuyo/Desktop/RI-AI/install/message_info/include/message_info/msg/detail/detection_ball__type_support.c
-- Installing: /Users/mukuyo/Desktop/RI-AI/install/message_info/include/message_info/msg/detail/robot_commands__rosidl_typesupport_introspection_c.h
-- Installing: /Users/mukuyo/Desktop/RI-AI/install/message_info/include/message_info/msg/detail/ball_info__type_support.c
-- Installing: /Users/mukuyo/Desktop/RI-AI/install/message_info/include/message_info/msg/detail/detection_robot__type_support.c
-- Installing: /Users/mukuyo/Desktop/RI-AI/install/message_info/include/message_info/msg/detail/referee_team_info__type_support.c
-- Installing: /Users/mukuyo/Desktop/RI-AI/install/message_info/include/message_info/msg/detail/robot_command__type_support.c
-- Installing: /Users/mukuyo/Desktop/RI-AI/install/message_info/include/message_info/msg/detail/field_circular_arc__rosidl_typesupport_introspection_c.h
-- Installing: /Users/mukuyo/Desktop/RI-AI/install/message_info/include/message_info/msg/detail/robot_command__rosidl_typesupport_introspection_c.h
-- Installing: /Users/mukuyo/Desktop/RI-AI/install/message_info/include/message_info/msg/detail/vision_detections__rosidl_typesupport_introspection_c.h
-- Installing: /Users/mukuyo/Desktop/RI-AI/install/message_info/include/message_info/msg/detail/vision_geometry__type_support.c
-- Installing: /Users/mukuyo/Desktop/RI-AI/install/message_info/include/message_info/msg/detail/detection_frame__type_support.c
-- Installing: /Users/mukuyo/Desktop/RI-AI/install/message_info/include/message_info/msg/detail/detection_frame__rosidl_typesupport_introspection_c.h
-- Installing: /Users/mukuyo/Desktop/RI-AI/install/message_info/include/message_info/msg/detail/test__rosidl_typesupport_introspection_c.h
-- Installing: /Users/mukuyo/Desktop/RI-AI/install/message_info/include/message_info/msg/detail/field_circular_arc__type_support.c
-- Installing: /Users/mukuyo/Desktop/RI-AI/install/message_info/include/message_info/msg/detail/referee_game_event__type_support.c
-- Installing: /Users/mukuyo/Desktop/RI-AI/install/message_info/include/message_info/msg/detail/detection_ball__rosidl_typesupport_introspection_c.h
-- Installing: /Users/mukuyo/Desktop/RI-AI/install/message_info/include/message_info/msg/detail/vision_detections__type_support.c
-- Installing: /Users/mukuyo/Desktop/RI-AI/install/message_info/include/message_info/msg/detail/vision_geometry__rosidl_typesupport_introspection_c.h
-- Installing: /Users/mukuyo/Desktop/RI-AI/install/message_info/include/message_info/msg/detail/referee__type_support.c
-- Installing: /Users/mukuyo/Desktop/RI-AI/install/message_info/include/message_info/msg/detail/referee_team_info__rosidl_typesupport_introspection_c.h
-- Installing: /Users/mukuyo/Desktop/RI-AI/install/message_info/include/message_info/msg/detail/ball_info__rosidl_typesupport_introspection_c.h
-- Installing: /Users/mukuyo/Desktop/RI-AI/install/message_info/include/message_info/msg/detail/referee__rosidl_typesupport_introspection_c.h
-- Installing: /Users/mukuyo/Desktop/RI-AI/install/message_info/include/message_info/msg/detail/detection_robot__rosidl_typesupport_introspection_c.h
-- Installing: /Users/mukuyo/Desktop/RI-AI/install/message_info/include/message_info/msg/rosidl_typesupport_introspection_c__visibility_control.h
-- Installing: /Users/mukuyo/Desktop/RI-AI/install/message_info/lib/libmessage_info__rosidl_typesupport_introspection_c.dylib
-- Installing: /Users/mukuyo/Desktop/RI-AI/install/message_info/lib/libmessage_info__rosidl_typesupport_c.dylib
-- Up-to-date: /Users/mukuyo/Desktop/RI-AI/install/message_info/include/message_info
-- Up-to-date: /Users/mukuyo/Desktop/RI-AI/install/message_info/include/message_info/msg
-- Installing: /Users/mukuyo/Desktop/RI-AI/install/message_info/include/message_info/msg/detection_robot.hpp
-- Installing: /Users/mukuyo/Desktop/RI-AI/install/message_info/include/message_info/msg/field_circular_arc.hpp
-- Installing: /Users/mukuyo/Desktop/RI-AI/install/message_info/include/message_info/msg/ball_info.hpp
-- Installing: /Users/mukuyo/Desktop/RI-AI/install/message_info/include/message_info/msg/detection_frame.hpp
-- Installing: /Users/mukuyo/Desktop/RI-AI/install/message_info/include/message_info/msg/referee_game_event.hpp
-- Installing: /Users/mukuyo/Desktop/RI-AI/install/message_info/include/message_info/msg/robot_commands.hpp
-- Installing: /Users/mukuyo/Desktop/RI-AI/install/message_info/include/message_info/msg/vision_detections.hpp
-- Up-to-date: /Users/mukuyo/Desktop/RI-AI/install/message_info/include/message_info/msg/detail
-- Installing: /Users/mukuyo/Desktop/RI-AI/install/message_info/include/message_info/msg/detail/robot_command__traits.hpp
-- Installing: /Users/mukuyo/Desktop/RI-AI/install/message_info/include/message_info/msg/detail/detection_ball__traits.hpp
-- Installing: /Users/mukuyo/Desktop/RI-AI/install/message_info/include/message_info/msg/detail/field_circular_arc__builder.hpp
-- Installing: /Users/mukuyo/Desktop/RI-AI/install/message_info/include/message_info/msg/detail/referee__struct.hpp
-- Installing: /Users/mukuyo/Desktop/RI-AI/install/message_info/include/message_info/msg/detail/detection_ball__builder.hpp
-- Installing: /Users/mukuyo/Desktop/RI-AI/install/message_info/include/message_info/msg/detail/vision_detections__builder.hpp
-- Installing: /Users/mukuyo/Desktop/RI-AI/install/message_info/include/message_info/msg/detail/test__traits.hpp
-- Installing: /Users/mukuyo/Desktop/RI-AI/install/message_info/include/message_info/msg/detail/goal_info__traits.hpp
-- Installing: /Users/mukuyo/Desktop/RI-AI/install/message_info/include/message_info/msg/detail/detection_frame__struct.hpp
-- Installing: /Users/mukuyo/Desktop/RI-AI/install/message_info/include/message_info/msg/detail/field_line_segment__builder.hpp
-- Installing: /Users/mukuyo/Desktop/RI-AI/install/message_info/include/message_info/msg/detail/detection_robot__traits.hpp
-- Installing: /Users/mukuyo/Desktop/RI-AI/install/message_info/include/message_info/msg/detail/ball_info__builder.hpp
-- Installing: /Users/mukuyo/Desktop/RI-AI/install/message_info/include/message_info/msg/detail/referee_game_event__struct.hpp
-- Installing: /Users/mukuyo/Desktop/RI-AI/install/message_info/include/message_info/msg/detail/vision_geometry__struct.hpp
-- Installing: /Users/mukuyo/Desktop/RI-AI/install/message_info/include/message_info/msg/detail/referee__builder.hpp
-- Installing: /Users/mukuyo/Desktop/RI-AI/install/message_info/include/message_info/msg/detail/goal_info__builder.hpp
-- Installing: /Users/mukuyo/Desktop/RI-AI/install/message_info/include/message_info/msg/detail/vision_detections__struct.hpp
-- Installing: /Users/mukuyo/Desktop/RI-AI/install/message_info/include/message_info/msg/detail/referee_team_info__builder.hpp
-- Installing: /Users/mukuyo/Desktop/RI-AI/install/message_info/include/message_info/msg/detail/field_circular_arc__struct.hpp
-- Installing: /Users/mukuyo/Desktop/RI-AI/install/message_info/include/message_info/msg/detail/ball_info__struct.hpp
-- Installing: /Users/mukuyo/Desktop/RI-AI/install/message_info/include/message_info/msg/detail/field_line_segment__struct.hpp
-- Installing: /Users/mukuyo/Desktop/RI-AI/install/message_info/include/message_info/msg/detail/robot_commands__struct.hpp
-- Installing: /Users/mukuyo/Desktop/RI-AI/install/message_info/include/message_info/msg/detail/detection_robot__builder.hpp
-- Installing: /Users/mukuyo/Desktop/RI-AI/install/message_info/include/message_info/msg/detail/referee_team_info__struct.hpp
-- Installing: /Users/mukuyo/Desktop/RI-AI/install/message_info/include/message_info/msg/detail/detection_frame__builder.hpp
-- Installing: /Users/mukuyo/Desktop/RI-AI/install/message_info/include/message_info/msg/detail/robot_command__builder.hpp
-- Installing: /Users/mukuyo/Desktop/RI-AI/install/message_info/include/message_info/msg/detail/robot_commands__builder.hpp
-- Installing: /Users/mukuyo/Desktop/RI-AI/install/message_info/include/message_info/msg/detail/detection_robot__struct.hpp
-- Installing: /Users/mukuyo/Desktop/RI-AI/install/message_info/include/message_info/msg/detail/goal_info__struct.hpp
-- Installing: /Users/mukuyo/Desktop/RI-AI/install/message_info/include/message_info/msg/detail/detection_frame__traits.hpp
-- Installing: /Users/mukuyo/Desktop/RI-AI/install/message_info/include/message_info/msg/detail/detection_ball__struct.hpp
-- Installing: /Users/mukuyo/Desktop/RI-AI/install/message_info/include/message_info/msg/detail/referee_game_event__builder.hpp
-- Installing: /Users/mukuyo/Desktop/RI-AI/install/message_info/include/message_info/msg/detail/referee__traits.hpp
-- Installing: /Users/mukuyo/Desktop/RI-AI/install/message_info/include/message_info/msg/detail/test__struct.hpp
-- Installing: /Users/mukuyo/Desktop/RI-AI/install/message_info/include/message_info/msg/detail/robot_command__struct.hpp
-- Installing: /Users/mukuyo/Desktop/RI-AI/install/message_info/include/message_info/msg/detail/vision_geometry__traits.hpp
-- Installing: /Users/mukuyo/Desktop/RI-AI/install/message_info/include/message_info/msg/detail/referee_game_event__traits.hpp
-- Installing: /Users/mukuyo/Desktop/RI-AI/install/message_info/include/message_info/msg/detail/vision_geometry__builder.hpp
-- Installing: /Users/mukuyo/Desktop/RI-AI/install/message_info/include/message_info/msg/detail/field_circular_arc__traits.hpp
-- Installing: /Users/mukuyo/Desktop/RI-AI/install/message_info/include/message_info/msg/detail/ball_info__traits.hpp
-- Installing: /Users/mukuyo/Desktop/RI-AI/install/message_info/include/message_info/msg/detail/test__builder.hpp
-- Installing: /Users/mukuyo/Desktop/RI-AI/install/message_info/include/message_info/msg/detail/field_line_segment__traits.hpp
-- Installing: /Users/mukuyo/Desktop/RI-AI/install/message_info/include/message_info/msg/detail/vision_detections__traits.hpp
-- Installing: /Users/mukuyo/Desktop/RI-AI/install/message_info/include/message_info/msg/detail/referee_team_info__traits.hpp
-- Installing: /Users/mukuyo/Desktop/RI-AI/install/message_info/include/message_info/msg/detail/robot_commands__traits.hpp
-- Installing: /Users/mukuyo/Desktop/RI-AI/install/message_info/include/message_info/msg/test.hpp
-- Installing: /Users/mukuyo/Desktop/RI-AI/install/message_info/include/message_info/msg/field_line_segment.hpp
-- Installing: /Users/mukuyo/Desktop/RI-AI/install/message_info/include/message_info/msg/referee.hpp
-- Installing: /Users/mukuyo/Desktop/RI-AI/install/message_info/include/message_info/msg/robot_command.hpp
-- Installing: /Users/mukuyo/Desktop/RI-AI/install/message_info/include/message_info/msg/referee_team_info.hpp
-- Installing: /Users/mukuyo/Desktop/RI-AI/install/message_info/include/message_info/msg/detection_ball.hpp
-- Installing: /Users/mukuyo/Desktop/RI-AI/install/message_info/include/message_info/msg/vision_geometry.hpp
-- Installing: /Users/mukuyo/Desktop/RI-AI/install/message_info/include/message_info/msg/goal_info.hpp
-- Up-to-date: /Users/mukuyo/Desktop/RI-AI/install/message_info/include/message_info
-- Up-to-date: /Users/mukuyo/Desktop/RI-AI/install/message_info/include/message_info/msg
-- Up-to-date: /Users/mukuyo/Desktop/RI-AI/install/message_info/include/message_info/msg/detail
-- Installing: /Users/mukuyo/Desktop/RI-AI/install/message_info/include/message_info/msg/detail/referee_team_info__rosidl_typesupport_introspection_cpp.hpp
-- Installing: /Users/mukuyo/Desktop/RI-AI/install/message_info/include/message_info/msg/detail/vision_detections__rosidl_typesupport_introspection_cpp.hpp
-- Installing: /Users/mukuyo/Desktop/RI-AI/install/message_info/include/message_info/msg/detail/robot_command__type_support.cpp
-- Installing: /Users/mukuyo/Desktop/RI-AI/install/message_info/include/message_info/msg/detail/vision_detections__type_support.cpp
-- Installing: /Users/mukuyo/Desktop/RI-AI/install/message_info/include/message_info/msg/detail/detection_ball__rosidl_typesupport_introspection_cpp.hpp
-- Installing: /Users/mukuyo/Desktop/RI-AI/install/message_info/include/message_info/msg/detail/vision_geometry__rosidl_typesupport_introspection_cpp.hpp
-- Installing: /Users/mukuyo/Desktop/RI-AI/install/message_info/include/message_info/msg/detail/referee_team_info__type_support.cpp
-- Installing: /Users/mukuyo/Desktop/RI-AI/install/message_info/include/message_info/msg/detail/detection_ball__type_support.cpp
-- Installing: /Users/mukuyo/Desktop/RI-AI/install/message_info/include/message_info/msg/detail/goal_info__rosidl_typesupport_introspection_cpp.hpp
-- Installing: /Users/mukuyo/Desktop/RI-AI/install/message_info/include/message_info/msg/detail/robot_command__rosidl_typesupport_introspection_cpp.hpp
-- Installing: /Users/mukuyo/Desktop/RI-AI/install/message_info/include/message_info/msg/detail/detection_robot__rosidl_typesupport_introspection_cpp.hpp
-- Installing: /Users/mukuyo/Desktop/RI-AI/install/message_info/include/message_info/msg/detail/field_line_segment__rosidl_typesupport_introspection_cpp.hpp
-- Installing: /Users/mukuyo/Desktop/RI-AI/install/message_info/include/message_info/msg/detail/field_line_segment__type_support.cpp
-- Installing: /Users/mukuyo/Desktop/RI-AI/install/message_info/include/message_info/msg/detail/robot_commands__type_support.cpp
-- Installing: /Users/mukuyo/Desktop/RI-AI/install/message_info/include/message_info/msg/detail/referee_game_event__type_support.cpp
-- Installing: /Users/mukuyo/Desktop/RI-AI/install/message_info/include/message_info/msg/detail/field_circular_arc__rosidl_typesupport_introspection_cpp.hpp
-- Installing: /Users/mukuyo/Desktop/RI-AI/install/message_info/include/message_info/msg/detail/robot_commands__rosidl_typesupport_introspection_cpp.hpp
-- Installing: /Users/mukuyo/Desktop/RI-AI/install/message_info/include/message_info/msg/detail/test__rosidl_typesupport_introspection_cpp.hpp
-- Installing: /Users/mukuyo/Desktop/RI-AI/install/message_info/include/message_info/msg/detail/vision_geometry__type_support.cpp
-- Installing: /Users/mukuyo/Desktop/RI-AI/install/message_info/include/message_info/msg/detail/detection_robot__type_support.cpp
-- Installing: /Users/mukuyo/Desktop/RI-AI/install/message_info/include/message_info/msg/detail/detection_frame__rosidl_typesupport_introspection_cpp.hpp
-- Installing: /Users/mukuyo/Desktop/RI-AI/install/message_info/include/message_info/msg/detail/goal_info__type_support.cpp
-- Installing: /Users/mukuyo/Desktop/RI-AI/install/message_info/include/message_info/msg/detail/field_circular_arc__type_support.cpp
-- Installing: /Users/mukuyo/Desktop/RI-AI/install/message_info/include/message_info/msg/detail/ball_info__rosidl_typesupport_introspection_cpp.hpp
-- Installing: /Users/mukuyo/Desktop/RI-AI/install/message_info/include/message_info/msg/detail/referee__rosidl_typesupport_introspection_cpp.hpp
-- Installing: /Users/mukuyo/Desktop/RI-AI/install/message_info/include/message_info/msg/detail/referee_game_event__rosidl_typesupport_introspection_cpp.hpp
-- Installing: /Users/mukuyo/Desktop/RI-AI/install/message_info/include/message_info/msg/detail/referee__type_support.cpp
-- Installing: /Users/mukuyo/Desktop/RI-AI/install/message_info/include/message_info/msg/detail/detection_frame__type_support.cpp
-- Installing: /Users/mukuyo/Desktop/RI-AI/install/message_info/include/message_info/msg/detail/test__type_support.cpp
-- Installing: /Users/mukuyo/Desktop/RI-AI/install/message_info/include/message_info/msg/detail/ball_info__type_support.cpp
-- Installing: /Users/mukuyo/Desktop/RI-AI/install/message_info/lib/libmessage_info__rosidl_typesupport_introspection_cpp.dylib
-- Installing: /Users/mukuyo/Desktop/RI-AI/install/message_info/lib/libmessage_info__rosidl_typesupport_cpp.dylib
-- Installing: /Users/mukuyo/Desktop/RI-AI/install/message_info/share/message_info/environment/pythonpath.sh
-- Installing: /Users/mukuyo/Desktop/RI-AI/install/message_info/share/message_info/environment/pythonpath.dsv
-- Installing: /Users/mukuyo/Desktop/RI-AI/install/message_info/lib/python3.8/site-packages/message_info/__init__.py
Compiling '/Users/mukuyo/Desktop/RI-AI/install/message_info/lib/python3.8/site-packages/message_info/__init__.py'...
-- Installing: /Users/mukuyo/Desktop/RI-AI/install/message_info/lib/python3.8/site-packages/message_info/msg
-- Installing: /Users/mukuyo/Desktop/RI-AI/install/message_info/lib/python3.8/site-packages/message_info/msg/_referee_team_info_s.c
-- Installing: /Users/mukuyo/Desktop/RI-AI/install/message_info/lib/python3.8/site-packages/message_info/msg/_field_circular_arc_s.c
-- Installing: /Users/mukuyo/Desktop/RI-AI/install/message_info/lib/python3.8/site-packages/message_info/msg/_referee_team_info.py
-- Installing: /Users/mukuyo/Desktop/RI-AI/install/message_info/lib/python3.8/site-packages/message_info/msg/_detection_frame_s.c
-- Installing: /Users/mukuyo/Desktop/RI-AI/install/message_info/lib/python3.8/site-packages/message_info/msg/_detection_robot.py
-- Installing: /Users/mukuyo/Desktop/RI-AI/install/message_info/lib/python3.8/site-packages/message_info/msg/_referee.py
-- Installing: /Users/mukuyo/Desktop/RI-AI/install/message_info/lib/python3.8/site-packages/message_info/msg/_detection_robot_s.c
-- Installing: /Users/mukuyo/Desktop/RI-AI/install/message_info/lib/python3.8/site-packages/message_info/msg/_goal_info.py
-- Installing: /Users/mukuyo/Desktop/RI-AI/install/message_info/lib/python3.8/site-packages/message_info/msg/_vision_detections.py
-- Installing: /Users/mukuyo/Desktop/RI-AI/install/message_info/lib/python3.8/site-packages/message_info/msg/_detection_frame.py
-- Installing: /Users/mukuyo/Desktop/RI-AI/install/message_info/lib/python3.8/site-packages/message_info/msg/_robot_command.py
-- Installing: /Users/mukuyo/Desktop/RI-AI/install/message_info/lib/python3.8/site-packages/message_info/msg/__init__.py
-- Installing: /Users/mukuyo/Desktop/RI-AI/install/message_info/lib/python3.8/site-packages/message_info/msg/_referee_game_event.py
-- Installing: /Users/mukuyo/Desktop/RI-AI/install/message_info/lib/python3.8/site-packages/message_info/msg/_ball_info_s.c
-- Installing: /Users/mukuyo/Desktop/RI-AI/install/message_info/lib/python3.8/site-packages/message_info/msg/_robot_commands_s.c
-- Installing: /Users/mukuyo/Desktop/RI-AI/install/message_info/lib/python3.8/site-packages/message_info/msg/_referee_game_event_s.c
-- Installing: /Users/mukuyo/Desktop/RI-AI/install/message_info/lib/python3.8/site-packages/message_info/msg/_test.py
-- Installing: /Users/mukuyo/Desktop/RI-AI/install/message_info/lib/python3.8/site-packages/message_info/msg/_field_circular_arc.py
-- Installing: /Users/mukuyo/Desktop/RI-AI/install/message_info/lib/python3.8/site-packages/message_info/msg/_robot_command_s.c
-- Installing: /Users/mukuyo/Desktop/RI-AI/install/message_info/lib/python3.8/site-packages/message_info/msg/_goal_info_s.c
-- Installing: /Users/mukuyo/Desktop/RI-AI/install/message_info/lib/python3.8/site-packages/message_info/msg/_referee_s.c
-- Installing: /Users/mukuyo/Desktop/RI-AI/install/message_info/lib/python3.8/site-packages/message_info/msg/_field_line_segment_s.c
-- Installing: /Users/mukuyo/Desktop/RI-AI/install/message_info/lib/python3.8/site-packages/message_info/msg/_vision_detections_s.c
-- Installing: /Users/mukuyo/Desktop/RI-AI/install/message_info/lib/python3.8/site-packages/message_info/msg/_vision_geometry_s.c
-- Installing: /Users/mukuyo/Desktop/RI-AI/install/message_info/lib/python3.8/site-packages/message_info/msg/_robot_commands.py
-- Installing: /Users/mukuyo/Desktop/RI-AI/install/message_info/lib/python3.8/site-packages/message_info/msg/_ball_info.py
-- Installing: /Users/mukuyo/Desktop/RI-AI/install/message_info/lib/python3.8/site-packages/message_info/msg/_test_s.c
-- Installing: /Users/mukuyo/Desktop/RI-AI/install/message_info/lib/python3.8/site-packages/message_info/msg/_detection_ball.py
-- Installing: /Users/mukuyo/Desktop/RI-AI/install/message_info/lib/python3.8/site-packages/message_info/msg/_vision_geometry.py
-- Installing: /Users/mukuyo/Desktop/RI-AI/install/message_info/lib/python3.8/site-packages/message_info/msg/_detection_ball_s.c
-- Installing: /Users/mukuyo/Desktop/RI-AI/install/message_info/lib/python3.8/site-packages/message_info/msg/_field_line_segment.py
-- Installing: /Users/mukuyo/Desktop/RI-AI/install/message_info/lib/python3.8/site-packages/message_info/message_info_s__rosidl_typesupport_fastrtps_c.cpython-38-darwin.so
-- Installing: /Users/mukuyo/Desktop/RI-AI/install/message_info/lib/python3.8/site-packages/message_info/message_info_s__rosidl_typesupport_introspection_c.cpython-38-darwin.so
-- Installing: /Users/mukuyo/Desktop/RI-AI/install/message_info/lib/python3.8/site-packages/message_info/message_info_s__rosidl_typesupport_c.cpython-38-darwin.so
-- Installing: /Users/mukuyo/Desktop/RI-AI/install/message_info/lib/libmessage_info__python.dylib
-- Installing: /Users/mukuyo/Desktop/RI-AI/install/message_info/share/message_info/msg/RefereeGameEvent.idl
-- Installing: /Users/mukuyo/Desktop/RI-AI/install/message_info/share/message_info/msg/RefereeTeamInfo.idl
-- Installing: /Users/mukuyo/Desktop/RI-AI/install/message_info/share/message_info/msg/Referee.idl
-- Installing: /Users/mukuyo/Desktop/RI-AI/install/message_info/share/message_info/msg/FieldCircularArc.idl
-- Installing: /Users/mukuyo/Desktop/RI-AI/install/message_info/share/message_info/msg/FieldLineSegment.idl
-- Installing: /Users/mukuyo/Desktop/RI-AI/install/message_info/share/message_info/msg/VisionGeometry.idl
-- Installing: /Users/mukuyo/Desktop/RI-AI/install/message_info/share/message_info/msg/DetectionBall.idl
-- Installing: /Users/mukuyo/Desktop/RI-AI/install/message_info/share/message_info/msg/DetectionRobot.idl
-- Installing: /Users/mukuyo/Desktop/RI-AI/install/message_info/share/message_info/msg/DetectionFrame.idl
-- Installing: /Users/mukuyo/Desktop/RI-AI/install/message_info/share/message_info/msg/VisionDetections.idl
-- Installing: /Users/mukuyo/Desktop/RI-AI/install/message_info/share/message_info/msg/RobotCommand.idl
-- Installing: /Users/mukuyo/Desktop/RI-AI/install/message_info/share/message_info/msg/RobotCommands.idl
-- Installing: /Users/mukuyo/Desktop/RI-AI/install/message_info/share/message_info/msg/Test.idl
-- Installing: /Users/mukuyo/Desktop/RI-AI/install/message_info/share/message_info/msg/BallInfo.idl
-- Installing: /Users/mukuyo/Desktop/RI-AI/install/message_info/share/message_info/msg/GoalInfo.idl
-- Installing: /Users/mukuyo/Desktop/RI-AI/install/message_info/share/message_info/msg/RefereeGameEvent.msg
-- Installing: /Users/mukuyo/Desktop/RI-AI/install/message_info/share/message_info/msg/RefereeTeamInfo.msg
-- Installing: /Users/mukuyo/Desktop/RI-AI/install/message_info/share/message_info/msg/Referee.msg
-- Installing: /Users/mukuyo/Desktop/RI-AI/install/message_info/share/message_info/msg/FieldCircularArc.msg
-- Installing: /Users/mukuyo/Desktop/RI-AI/install/message_info/share/message_info/msg/FieldLineSegment.msg
-- Installing: /Users/mukuyo/Desktop/RI-AI/install/message_info/share/message_info/msg/VisionGeometry.msg
-- Installing: /Users/mukuyo/Desktop/RI-AI/install/message_info/share/message_info/msg/DetectionBall.msg
-- Installing: /Users/mukuyo/Desktop/RI-AI/install/message_info/share/message_info/msg/DetectionRobot.msg
-- Installing: /Users/mukuyo/Desktop/RI-AI/install/message_info/share/message_info/msg/DetectionFrame.msg
-- Installing: /Users/mukuyo/Desktop/RI-AI/install/message_info/share/message_info/msg/VisionDetections.msg
-- Installing: /Users/mukuyo/Desktop/RI-AI/install/message_info/share/message_info/msg/RobotCommand.msg
-- Installing: /Users/mukuyo/Desktop/RI-AI/install/message_info/share/message_info/msg/RobotCommands.msg
-- Installing: /Users/mukuyo/Desktop/RI-AI/install/message_info/share/message_info/msg/Test.msg
-- Installing: /Users/mukuyo/Desktop/RI-AI/install/message_info/share/message_info/msg/BallInfo.msg
-- Installing: /Users/mukuyo/Desktop/RI-AI/install/message_info/share/message_info/msg/GoalInfo.msg
-- Installing: /Users/mukuyo/Desktop/RI-AI/install/message_info/share/ament_index/resource_index/package_run_dependencies/message_info
-- Installing: /Users/mukuyo/Desktop/RI-AI/install/message_info/share/ament_index/resource_index/parent_prefix_path/message_info
-- Installing: /Users/mukuyo/Desktop/RI-AI/install/message_info/share/message_info/environment/ament_prefix_path.sh
-- Installing: /Users/mukuyo/Desktop/RI-AI/install/message_info/share/message_info/environment/ament_prefix_path.dsv
-- Installing: /Users/mukuyo/Desktop/RI-AI/install/message_info/share/message_info/environment/path.sh
-- Installing: /Users/mukuyo/Desktop/RI-AI/install/message_info/share/message_info/environment/path.dsv
-- Installing: /Users/mukuyo/Desktop/RI-AI/install/message_info/share/message_info/local_setup.bash
-- Installing: /Users/mukuyo/Desktop/RI-AI/install/message_info/share/message_info/local_setup.sh
-- Installing: /Users/mukuyo/Desktop/RI-AI/install/message_info/share/message_info/local_setup.zsh
-- Installing: /Users/mukuyo/Desktop/RI-AI/install/message_info/share/message_info/local_setup.dsv
-- Installing: /Users/mukuyo/Desktop/RI-AI/install/message_info/share/message_info/package.dsv
-- Installing: /Users/mukuyo/Desktop/RI-AI/install/message_info/share/ament_index/resource_index/packages/message_info
-- Installing: /Users/mukuyo/Desktop/RI-AI/install/message_info/share/message_info/cmake/message_info__rosidl_generator_cExport.cmake
-- Installing: /Users/mukuyo/Desktop/RI-AI/install/message_info/share/message_info/cmake/message_info__rosidl_generator_cExport-noconfig.cmake
-- Installing: /Users/mukuyo/Desktop/RI-AI/install/message_info/share/message_info/cmake/message_info__rosidl_typesupport_introspection_cExport.cmake
-- Installing: /Users/mukuyo/Desktop/RI-AI/install/message_info/share/message_info/cmake/message_info__rosidl_typesupport_introspection_cExport-noconfig.cmake
-- Installing: /Users/mukuyo/Desktop/RI-AI/install/message_info/share/message_info/cmake/message_info__rosidl_typesupport_cExport.cmake
-- Installing: /Users/mukuyo/Desktop/RI-AI/install/message_info/share/message_info/cmake/message_info__rosidl_typesupport_cExport-noconfig.cmake
-- Installing: /Users/mukuyo/Desktop/RI-AI/install/message_info/share/message_info/cmake/message_info__rosidl_generator_cppExport.cmake
-- Installing: /Users/mukuyo/Desktop/RI-AI/install/message_info/share/message_info/cmake/message_info__rosidl_typesupport_introspection_cppExport.cmake
-- Installing: /Users/mukuyo/Desktop/RI-AI/install/message_info/share/message_info/cmake/message_info__rosidl_typesupport_introspection_cppExport-noconfig.cmake
-- Installing: /Users/mukuyo/Desktop/RI-AI/install/message_info/share/message_info/cmake/message_info__rosidl_typesupport_cppExport.cmake
-- Installing: /Users/mukuyo/Desktop/RI-AI/install/message_info/share/message_info/cmake/message_info__rosidl_typesupport_cppExport-noconfig.cmake
-- Installing: /Users/mukuyo/Desktop/RI-AI/install/message_info/share/message_info/cmake/rosidl_cmake-extras.cmake
-- Installing: /Users/mukuyo/Desktop/RI-AI/install/message_info/share/message_info/cmake/ament_cmake_export_dependencies-extras.cmake
-- Installing: /Users/mukuyo/Desktop/RI-AI/install/message_info/share/message_info/cmake/ament_cmake_export_libraries-extras.cmake
-- Installing: /Users/mukuyo/Desktop/RI-AI/install/message_info/share/message_info/cmake/ament_cmake_export_targets-extras.cmake
-- Installing: /Users/mukuyo/Desktop/RI-AI/install/message_info/share/message_info/cmake/ament_cmake_export_include_directories-extras.cmake
-- Installing: /Users/mukuyo/Desktop/RI-AI/install/message_info/share/message_info/cmake/rosidl_cmake_export_typesupport_libraries-extras.cmake
-- Installing: /Users/mukuyo/Desktop/RI-AI/install/message_info/share/message_info/cmake/rosidl_cmake_export_typesupport_targets-extras.cmake
-- Installing: /Users/mukuyo/Desktop/RI-AI/install/message_info/share/message_info/cmake/message_infoConfig.cmake
-- Installing: /Users/mukuyo/Desktop/RI-AI/install/message_info/share/message_info/cmake/message_infoConfig-version.cmake
-- Installing: /Users/mukuyo/Desktop/RI-AI/install/message_info/share/message_info/package.xml
