[0.100s] Invoking command in '/Users/mukuyo/Desktop/RI-AI/build/proto_info': SHLVL=2 _=/usr/bin/env /usr/local/bin/cmake --build /Users/mukuyo/Desktop/RI-AI/build/proto_info -- -j8 -l8
[0.675s] [ 32%] Built target proto_info_py
[0.700s] [100%] Built target proto_info
[0.835s] Invoked command in '/Users/mukuyo/Desktop/RI-AI/build/proto_info' returned '0': SHLVL=2 _=/usr/bin/env /usr/local/bin/cmake --build /Users/mukuyo/Desktop/RI-AI/build/proto_info -- -j8 -l8
[3.601s] Invoking command in '/Users/mukuyo/Desktop/RI-AI/build/proto_info': SHLVL=2 _=/usr/bin/env /usr/local/bin/cmake --install /Users/mukuyo/Desktop/RI-AI/build/proto_info
[3.652s] -- Install configuration: ""
[3.654s] -- Up-to-date: /Users/mukuyo/Desktop/RI-AI/install/proto_info/share/proto_info/environment/pythonpath.sh
[3.654s] -- Up-to-date: /Users/mukuyo/Desktop/RI-AI/install/proto_info/share/proto_info/environment/pythonpath.dsv
[3.655s] -- Up-to-date: /Users/mukuyo/Desktop/RI-AI/install/proto_info/lib/python3.8/site-packages/proto_info
[3.655s] -- Up-to-date: /Users/mukuyo/Desktop/RI-AI/install/proto_info/lib/python3.8/site-packages/proto_info/__init__.py
[3.765s] Listing '/Users/mukuyo/Desktop/RI-AI/install/proto_info/lib/python3.8/site-packages/proto_info'...
[3.771s] -- Up-to-date: /Users/mukuyo/Desktop/RI-AI/install/proto_info/include/proto_info/messages_robocup_ssl_wrapper.pb.h
[3.772s] -- Up-to-date: /Users/mukuyo/Desktop/RI-AI/install/proto_info/include/proto_info/messages_robocup_ssl_geometry.pb.h
[3.773s] -- Up-to-date: /Users/mukuyo/Desktop/RI-AI/install/proto_info/include/proto_info/messages_robocup_ssl_detection.pb.h
[3.773s] -- Up-to-date: /Users/mukuyo/Desktop/RI-AI/install/proto_info/include/proto_info/messages_robocup_ssl_robot_status.pb.h
[3.774s] -- Up-to-date: /Users/mukuyo/Desktop/RI-AI/install/proto_info/include/proto_info/messages_robocup_ssl_refbox_log.pb.h
[3.774s] -- Up-to-date: /Users/mukuyo/Desktop/RI-AI/install/proto_info/include/proto_info/referee.pb.h
[3.775s] -- Up-to-date: /Users/mukuyo/Desktop/RI-AI/install/proto_info/include/proto_info/game_event.pb.h
[3.776s] -- Up-to-date: /Users/mukuyo/Desktop/RI-AI/install/proto_info/include/proto_info/grSim_Replacement.pb.h
[3.776s] -- Up-to-date: /Users/mukuyo/Desktop/RI-AI/install/proto_info/include/proto_info/grSim_Commands.pb.h
[3.777s] -- Up-to-date: /Users/mukuyo/Desktop/RI-AI/install/proto_info/include/proto_info/grSim_Packet.pb.h
[3.778s] -- Up-to-date: /Users/mukuyo/Desktop/RI-AI/install/proto_info/lib/libproto_info.dylib
[3.778s] -- Up-to-date: /Users/mukuyo/Desktop/RI-AI/install/proto_info/lib/python3.8/site-packages/messages_robocup_ssl_wrapper_pb2.py
[3.779s] -- Up-to-date: /Users/mukuyo/Desktop/RI-AI/install/proto_info/lib/python3.8/site-packages/messages_robocup_ssl_geometry_pb2.py
[3.779s] -- Up-to-date: /Users/mukuyo/Desktop/RI-AI/install/proto_info/lib/python3.8/site-packages/messages_robocup_ssl_detection_pb2.py
[3.779s] -- Up-to-date: /Users/mukuyo/Desktop/RI-AI/install/proto_info/lib/python3.8/site-packages/messages_robocup_ssl_robot_status_pb2.py
[3.779s] -- Up-to-date: /Users/mukuyo/Desktop/RI-AI/install/proto_info/lib/python3.8/site-packages/messages_robocup_ssl_refbox_log_pb2.py
[3.779s] -- Up-to-date: /Users/mukuyo/Desktop/RI-AI/install/proto_info/lib/python3.8/site-packages/referee_pb2.py
[3.780s] -- Up-to-date: /Users/mukuyo/Desktop/RI-AI/install/proto_info/lib/python3.8/site-packages/game_event_pb2.py
[3.781s] -- Up-to-date: /Users/mukuyo/Desktop/RI-AI/install/proto_info/lib/python3.8/site-packages/grSim_Replacement_pb2.py
[3.782s] -- Up-to-date: /Users/mukuyo/Desktop/RI-AI/install/proto_info/lib/python3.8/site-packages/grSim_Commands_pb2.py
[3.782s] -- Up-to-date: /Users/mukuyo/Desktop/RI-AI/install/proto_info/lib/python3.8/site-packages/grSim_Packet_pb2.py
[3.782s] -- Up-to-date: /Users/mukuyo/Desktop/RI-AI/install/proto_info/share/proto_info/environment/library_path.sh
[3.782s] -- Up-to-date: /Users/mukuyo/Desktop/RI-AI/install/proto_info/share/proto_info/environment/library_path.dsv
[3.782s] -- Up-to-date: /Users/mukuyo/Desktop/RI-AI/install/proto_info/share/ament_index/resource_index/package_run_dependencies/proto_info
[3.782s] -- Up-to-date: /Users/mukuyo/Desktop/RI-AI/install/proto_info/share/ament_index/resource_index/parent_prefix_path/proto_info
[3.783s] -- Up-to-date: /Users/mukuyo/Desktop/RI-AI/install/proto_info/share/proto_info/environment/ament_prefix_path.sh
[3.783s] -- Up-to-date: /Users/mukuyo/Desktop/RI-AI/install/proto_info/share/proto_info/environment/ament_prefix_path.dsv
[3.783s] -- Up-to-date: /Users/mukuyo/Desktop/RI-AI/install/proto_info/share/proto_info/environment/path.sh
[3.784s] -- Up-to-date: /Users/mukuyo/Desktop/RI-AI/install/proto_info/share/proto_info/environment/path.dsv
[3.786s] -- Up-to-date: /Users/mukuyo/Desktop/RI-AI/install/proto_info/share/proto_info/local_setup.bash
[3.787s] -- Up-to-date: /Users/mukuyo/Desktop/RI-AI/install/proto_info/share/proto_info/local_setup.sh
[3.788s] -- Up-to-date: /Users/mukuyo/Desktop/RI-AI/install/proto_info/share/proto_info/local_setup.zsh
[3.789s] -- Up-to-date: /Users/mukuyo/Desktop/RI-AI/install/proto_info/share/proto_info/local_setup.dsv
[3.789s] -- Installing: /Users/mukuyo/Desktop/RI-AI/install/proto_info/share/proto_info/package.dsv
[3.789s] -- Up-to-date: /Users/mukuyo/Desktop/RI-AI/install/proto_info/share/ament_index/resource_index/packages/proto_info
[3.789s] -- Up-to-date: /Users/mukuyo/Desktop/RI-AI/install/proto_info/share/proto_info/cmake/ament_cmake_export_include_directories-extras.cmake
[3.789s] -- Up-to-date: /Users/mukuyo/Desktop/RI-AI/install/proto_info/share/proto_info/cmake/ament_cmake_export_libraries-extras.cmake
[3.789s] -- Up-to-date: /Users/mukuyo/Desktop/RI-AI/install/proto_info/share/proto_info/cmake/ament_cmake_export_dependencies-extras.cmake
[3.789s] -- Up-to-date: /Users/mukuyo/Desktop/RI-AI/install/proto_info/share/proto_info/cmake/proto_infoConfig.cmake
[3.789s] -- Up-to-date: /Users/mukuyo/Desktop/RI-AI/install/proto_info/share/proto_info/cmake/proto_infoConfig-version.cmake
[3.790s] -- Up-to-date: /Users/mukuyo/Desktop/RI-AI/install/proto_info/share/proto_info/package.xml
[3.790s] Invoked command in '/Users/mukuyo/Desktop/RI-AI/build/proto_info' returned '0': SHLVL=2 _=/usr/bin/env /usr/local/bin/cmake --install /Users/mukuyo/Desktop/RI-AI/build/proto_info
