[0.069s] Invoking command in '/Users/mukuyo/RI-AI/src/main/build/main': CMAKE_PREFIX_PATH=${CMAKE_PREFIX_PATH}:/Users/mukuyo/RI-AI/install/sender SHLVL=2 _=/usr/bin/env /usr/local/bin/cmake --build /Users/mukuyo/RI-AI/src/main/build/main -- -j8 -l8
[0.272s] Scanning dependencies of target main
[0.340s] [ 50%] Building CXX object CMakeFiles/main.dir/src/main.cpp.o
[1.280s] /Users/mukuyo/RI-AI/src/main/src/main.cpp:25:67: warning: unused parameter 'vision_message' [-Wunused-parameter]
[1.280s]   void callback(const message_info::msg::RobotCommands::SharedPtr vision_message) {
[1.280s]                                                                   ^
[1.778s] 1 warning generated.
[1.833s] [100%] Linking CXX executable main
[1.963s] [100%] Built target main
[1.989s] Invoked command in '/Users/mukuyo/RI-AI/src/main/build/main' returned '0': CMAKE_PREFIX_PATH=${CMAKE_PREFIX_PATH}:/Users/mukuyo/RI-AI/install/sender SHLVL=2 _=/usr/bin/env /usr/local/bin/cmake --build /Users/mukuyo/RI-AI/src/main/build/main -- -j8 -l8
[2.416s] Invoking command in '/Users/mukuyo/RI-AI/src/main/build/main': CMAKE_PREFIX_PATH=${CMAKE_PREFIX_PATH}:/Users/mukuyo/RI-AI/install/sender SHLVL=2 _=/usr/bin/env /usr/local/bin/cmake --install /Users/mukuyo/RI-AI/src/main/build/main
[2.441s] -- Install configuration: ""
[2.441s] -- Installing: /Users/mukuyo/RI-AI/src/main/install/main/lib/main/main
[2.498s] -- Up-to-date: /Users/mukuyo/RI-AI/src/main/install/main/share/ament_index/resource_index/package_run_dependencies/main
[2.499s] -- Up-to-date: /Users/mukuyo/RI-AI/src/main/install/main/share/ament_index/resource_index/parent_prefix_path/main
[2.499s] -- Up-to-date: /Users/mukuyo/RI-AI/src/main/install/main/share/main/environment/ament_prefix_path.sh
[2.499s] -- Up-to-date: /Users/mukuyo/RI-AI/src/main/install/main/share/main/environment/ament_prefix_path.dsv
[2.500s] -- Up-to-date: /Users/mukuyo/RI-AI/src/main/install/main/share/main/environment/path.sh
[2.500s] -- Up-to-date: /Users/mukuyo/RI-AI/src/main/install/main/share/main/environment/path.dsv
[2.500s] -- Up-to-date: /Users/mukuyo/RI-AI/src/main/install/main/share/main/local_setup.bash
[2.500s] -- Up-to-date: /Users/mukuyo/RI-AI/src/main/install/main/share/main/local_setup.sh
[2.500s] -- Up-to-date: /Users/mukuyo/RI-AI/src/main/install/main/share/main/local_setup.zsh
[2.501s] -- Up-to-date: /Users/mukuyo/RI-AI/src/main/install/main/share/main/local_setup.dsv
[2.501s] -- Installing: /Users/mukuyo/RI-AI/src/main/install/main/share/main/package.dsv
[2.501s] -- Up-to-date: /Users/mukuyo/RI-AI/src/main/install/main/share/ament_index/resource_index/packages/main
[2.502s] -- Up-to-date: /Users/mukuyo/RI-AI/src/main/install/main/share/main/cmake/mainConfig.cmake
[2.502s] -- Up-to-date: /Users/mukuyo/RI-AI/src/main/install/main/share/main/cmake/mainConfig-version.cmake
[2.502s] -- Up-to-date: /Users/mukuyo/RI-AI/src/main/install/main/share/main/package.xml
[2.504s] Invoked command in '/Users/mukuyo/RI-AI/src/main/build/main' returned '0': CMAKE_PREFIX_PATH=${CMAKE_PREFIX_PATH}:/Users/mukuyo/RI-AI/install/sender SHLVL=2 _=/usr/bin/env /usr/local/bin/cmake --install /Users/mukuyo/RI-AI/src/main/build/main
