[0.129s] Invoking command in '/Users/mukuyo/Desktop/RI-AI/build/main': CMAKE_PREFIX_PATH=/Users/mukuyo/Desktop/RI-AI/install/message_info:/Users/mukuyo/Desktop/RI-AI/install/sender:/Users/mukuyo/Desktop/RI-AI/install/reciever:/Users/mukuyo/Desktop/RI-AI/install/proto_info:/Users/mukuyo/Desktop/RI-AI/install/main:/Users/mukuyo/ros2_ws/ros2-osx DYLD_LIBRARY_PATH=/Users/mukuyo/Desktop/RI-AI/install/message_info/lib:/Users/mukuyo/Desktop/RI-AI/install/sender/lib:/Users/mukuyo/Desktop/RI-AI/install/proto_info/lib:/Users/mukuyo/ros2_ws/ros2-osx/opt/yaml_cpp_vendor/lib:/Users/mukuyo/ros2_ws/ros2-osx/opt/rviz_ogre_vendor/lib:/Users/mukuyo/ros2_ws/ros2-osx/lib PYTHONPATH=/Users/mukuyo/Desktop/RI-AI/install/message_info/lib/python3.8/site-packages:/Users/mukuyo/Desktop/RI-AI/install/sender/lib/python3.8/site-packages:/Users/mukuyo/Desktop/RI-AI/install/proto_info/lib/python3.8/site-packages:/Users/mukuyo/ros2_ws/ros2-osx/lib/python3.8/site-packages SHLVL=2 _=/usr/bin/env /usr/local/bin/cmake --build /Users/mukuyo/Desktop/RI-AI/build/main -- -j8 -l8
[0.654s] Scanning dependencies of target main
[0.908s] [ 33%] Building CXX object CMakeFiles/main.dir/src/main.cpp.o
[0.909s] [ 33%] Building CXX object CMakeFiles/main.dir/src/attacker.cpp.o
[0.911s] [ 50%] Building CXX object CMakeFiles/main.dir/src/game.cpp.o
[3.717s] In file included from /Users/mukuyo/Desktop/RI-AI/src/main/src/main.cpp:2:
[3.717s] In file included from /Users/mukuyo/Desktop/RI-AI/src/main/src/game.hpp:15:
[3.717s] /Users/mukuyo/Desktop/RI-AI/src/main/src/attacker.hpp:15:2: error: C++ requires a type specifier for all declarations
[3.718s]         main(message_info::msg::DetectionBall ball, message_info::msg::DetectionRobot robot, message_info::msg::GoalInfo goal, message_info::msg::RobotCommand & send_command); 
[3.718s]         ^
[3.718s] In file included from /Users/mukuyo/Desktop/RI-AI/src/main/src/main.cpp:2:
[3.718s] In file included from /Users/mukuyo/Desktop/RI-AI/src/main/src/game.hpp:16:
[3.718s] In file included from /Users/mukuyo/Desktop/RI-AI/src/main/src/goalie.hpp:2:
[3.718s] /Users/mukuyo/Desktop/RI-AI/src/main/src/calculate.hpp:11:7: error: redefinition of 'Calc'
[3.719s] class Calc{
[3.719s]       ^
[3.719s] /Users/mukuyo/Desktop/RI-AI/src/main/src/attacker.hpp:10:10: note: '/Users/mukuyo/Desktop/RI-AI/src/main/src/calculate.hpp' included multiple times, additional include site here
[3.719s] #include "calculate.hpp"
[3.719s]          ^
[3.719s] /Users/mukuyo/Desktop/RI-AI/src/main/src/goalie.hpp:2:10: note: '/Users/mukuyo/Desktop/RI-AI/src/main/src/calculate.hpp' included multiple times, additional include site here
[3.719s] #include "calculate.hpp"
[3.719s]          ^
[3.719s] /Users/mukuyo/Desktop/RI-AI/src/main/src/calculate.hpp:11:7: note: unguarded header; consider using #ifdef guards or #pragma once
[3.720s] class Calc{
[3.720s]       ^
[3.730s] In file included from /Users/mukuyo/Desktop/RI-AI/src/main/src/attacker.cpp:3:
[3.730s] /Users/mukuyo/Desktop/RI-AI/src/main/src/attacker.hpp:15:2: error: C++ requires a type specifier for all declarations
[3.731s]         main(message_info::msg::DetectionBall ball, message_info::msg::DetectionRobot robot, message_info::msg::GoalInfo goal, message_info::msg::RobotCommand & send_command); 
[3.731s]         ^
[3.732s] /Users/mukuyo/Desktop/RI-AI/src/main/src/attacker.cpp:6:23: error: call to non-static member function without an object argument
[3.732s]         float degree = Calc::degree_atan2(ball.pose,robot.pose);
[3.732s]                        ~~~~~~^~~~~~~~~~~~
[3.732s] /Users/mukuyo/Desktop/RI-AI/src/main/src/attacker.cpp:7:17: error: call to non-static member function without an object argument
[3.733s]         degree = Calc::wrap_calc(degree);
[3.733s]                  ~~~~~~^~~~~~~~~
[3.742s] In file included from /Users/mukuyo/Desktop/RI-AI/src/main/src/game.cpp:6:
[3.743s] In file included from /Users/mukuyo/Desktop/RI-AI/src/main/src/game.hpp:15:
[3.743s] /Users/mukuyo/Desktop/RI-AI/src/main/src/attacker.hpp:15:2: error: C++ requires a type specifier for all declarations
[3.743s]         main(message_info::msg::DetectionBall ball, message_info::msg::DetectionRobot robot, message_info::msg::GoalInfo goal, message_info::msg::RobotCommand & send_command); 
[3.744s]         ^
[3.744s] In file included from /Users/mukuyo/Desktop/RI-AI/src/main/src/game.cpp:6:
[3.744s] In file included from /Users/mukuyo/Desktop/RI-AI/src/main/src/game.hpp:16:
[3.744s] In file included from /Users/mukuyo/Desktop/RI-AI/src/main/src/goalie.hpp:2:
[3.744s] /Users/mukuyo/Desktop/RI-AI/src/main/src/calculate.hpp:11:7: error: redefinition of 'Calc'
[3.745s] class Calc{
[3.745s]       ^
[3.745s] /Users/mukuyo/Desktop/RI-AI/src/main/src/attacker.hpp:10:10: note: '/Users/mukuyo/Desktop/RI-AI/src/main/src/calculate.hpp' included multiple times, additional include site here
[3.745s] #include "calculate.hpp"
[3.745s]          ^
[3.745s] /Users/mukuyo/Desktop/RI-AI/src/main/src/goalie.hpp:2:10: note: '/Users/mukuyo/Desktop/RI-AI/src/main/src/calculate.hpp' included multiple times, additional include site here
[3.746s] #include "calculate.hpp"
[3.746s]          ^
[3.746s] /Users/mukuyo/Desktop/RI-AI/src/main/src/calculate.hpp:11:7: note: unguarded header; consider using #ifdef guards or #pragma once
[3.746s] class Calc{
[3.746s]       ^
[3.775s] /Users/mukuyo/Desktop/RI-AI/src/main/src/game.cpp:31:16: warning: unused variable 'field_width' [-Wunused-variable]
[3.776s]          float field_width = geometry_message->field_width;
[3.776s]                ^
[4.256s] 3 errors generated.
[4.271s] make[2]: *** [CMakeFiles/main.dir/src/attacker.cpp.o] Error 1
[4.271s] make[2]: *** Waiting for unfinished jobs....
[4.281s] 2 errors generated.
[4.304s] make[2]: *** [CMakeFiles/main.dir/src/main.cpp.o] Error 1
[6.349s] 1 warning and 2 errors generated.
[6.372s] make[2]: *** [CMakeFiles/main.dir/src/game.cpp.o] Error 1
[6.373s] make[1]: *** [CMakeFiles/main.dir/all] Error 2
[6.374s] make: *** [all] Error 2
[6.376s] Invoked command in '/Users/mukuyo/Desktop/RI-AI/build/main' returned '2': CMAKE_PREFIX_PATH=/Users/mukuyo/Desktop/RI-AI/install/message_info:/Users/mukuyo/Desktop/RI-AI/install/sender:/Users/mukuyo/Desktop/RI-AI/install/reciever:/Users/mukuyo/Desktop/RI-AI/install/proto_info:/Users/mukuyo/Desktop/RI-AI/install/main:/Users/mukuyo/ros2_ws/ros2-osx DYLD_LIBRARY_PATH=/Users/mukuyo/Desktop/RI-AI/install/message_info/lib:/Users/mukuyo/Desktop/RI-AI/install/sender/lib:/Users/mukuyo/Desktop/RI-AI/install/proto_info/lib:/Users/mukuyo/ros2_ws/ros2-osx/opt/yaml_cpp_vendor/lib:/Users/mukuyo/ros2_ws/ros2-osx/opt/rviz_ogre_vendor/lib:/Users/mukuyo/ros2_ws/ros2-osx/lib PYTHONPATH=/Users/mukuyo/Desktop/RI-AI/install/message_info/lib/python3.8/site-packages:/Users/mukuyo/Desktop/RI-AI/install/sender/lib/python3.8/site-packages:/Users/mukuyo/Desktop/RI-AI/install/proto_info/lib/python3.8/site-packages:/Users/mukuyo/ros2_ws/ros2-osx/lib/python3.8/site-packages SHLVL=2 _=/usr/bin/env /usr/local/bin/cmake --build /Users/mukuyo/Desktop/RI-AI/build/main -- -j8 -l8
