[0.235s] Invoking command in '/Users/mukuyo/Desktop/RI-AI/build/sender': CMAKE_PREFIX_PATH=/Users/mukuyo/Desktop/RI-AI/install/proto_info:/Users/mukuyo/Desktop/RI-AI/install/message_info:/Users/mukuyo/Desktop/RI-AI/install/sender:/Users/mukuyo/Desktop/RI-AI/install/reciever:/Users/mukuyo/Desktop/RI-AI/install/main:/Users/mukuyo/ros2_ws/ros2-osx DYLD_LIBRARY_PATH=/Users/mukuyo/Desktop/RI-AI/install/proto_info/lib:/Users/mukuyo/Desktop/RI-AI/install/message_info/lib:/Users/mukuyo/Desktop/RI-AI/install/sender/lib:/Users/mukuyo/ros2_ws/ros2-osx/opt/yaml_cpp_vendor/lib:/Users/mukuyo/ros2_ws/ros2-osx/opt/rviz_ogre_vendor/lib:/Users/mukuyo/ros2_ws/ros2-osx/lib PYTHONPATH=/Users/mukuyo/Desktop/RI-AI/install/proto_info/lib/python3.8/site-packages:/Users/mukuyo/Desktop/RI-AI/install/message_info/lib/python3.8/site-packages:/Users/mukuyo/Desktop/RI-AI/install/sender/lib/python3.8/site-packages:/Users/mukuyo/ros2_ws/ros2-osx/lib/python3.8/site-packages SHLVL=2 _=/usr/bin/env /usr/local/bin/cmake --build /Users/mukuyo/Desktop/RI-AI/build/sender -- -j8 -l8
[1.017s] [  9%] Built target sender__rosidl_generator_c
[1.030s] [ 12%] Built target sender__cpp
[1.238s] [ 15%] Linking CXX executable sim_sender
[1.459s] [ 24%] Built target sender__rosidl_typesupport_introspection_c
[1.462s] [ 33%] Built target sender__rosidl_typesupport_fastrtps_cpp
[1.466s] [ 42%] Built target sender__rosidl_typesupport_cpp
[1.488s] [ 51%] Built target sender__rosidl_typesupport_c
[1.504s] [ 60%] Built target sender__rosidl_typesupport_introspection_cpp
[1.763s] [ 69%] Built target sender__rosidl_typesupport_fastrtps_c
[1.765s] [ 72%] Built target sim_sender
[2.074s] [ 72%] Built target sender
[2.378s] [ 75%] Built target sender__py
[2.686s] [ 81%] Built target sender__python
[3.044s] [ 87%] Built target sender__rosidl_typesupport_introspection_c__pyext
[3.045s] [ 93%] Built target sender__rosidl_typesupport_c__pyext
[3.054s] [100%] Built target sender__rosidl_typesupport_fastrtps_c__pyext
[3.135s] Invoked command in '/Users/mukuyo/Desktop/RI-AI/build/sender' returned '0': CMAKE_PREFIX_PATH=/Users/mukuyo/Desktop/RI-AI/install/proto_info:/Users/mukuyo/Desktop/RI-AI/install/message_info:/Users/mukuyo/Desktop/RI-AI/install/sender:/Users/mukuyo/Desktop/RI-AI/install/reciever:/Users/mukuyo/Desktop/RI-AI/install/main:/Users/mukuyo/ros2_ws/ros2-osx DYLD_LIBRARY_PATH=/Users/mukuyo/Desktop/RI-AI/install/proto_info/lib:/Users/mukuyo/Desktop/RI-AI/install/message_info/lib:/Users/mukuyo/Desktop/RI-AI/install/sender/lib:/Users/mukuyo/ros2_ws/ros2-osx/opt/yaml_cpp_vendor/lib:/Users/mukuyo/ros2_ws/ros2-osx/opt/rviz_ogre_vendor/lib:/Users/mukuyo/ros2_ws/ros2-osx/lib PYTHONPATH=/Users/mukuyo/Desktop/RI-AI/install/proto_info/lib/python3.8/site-packages:/Users/mukuyo/Desktop/RI-AI/install/message_info/lib/python3.8/site-packages:/Users/mukuyo/Desktop/RI-AI/install/sender/lib/python3.8/site-packages:/Users/mukuyo/ros2_ws/ros2-osx/lib/python3.8/site-packages SHLVL=2 _=/usr/bin/env /usr/local/bin/cmake --build /Users/mukuyo/Desktop/RI-AI/build/sender -- -j8 -l8
[5.369s] Invoking command in '/Users/mukuyo/Desktop/RI-AI/build/sender': CMAKE_PREFIX_PATH=/Users/mukuyo/Desktop/RI-AI/install/proto_info:/Users/mukuyo/Desktop/RI-AI/install/message_info:/Users/mukuyo/Desktop/RI-AI/install/sender:/Users/mukuyo/Desktop/RI-AI/install/reciever:/Users/mukuyo/Desktop/RI-AI/install/main:/Users/mukuyo/ros2_ws/ros2-osx DYLD_LIBRARY_PATH=/Users/mukuyo/Desktop/RI-AI/install/proto_info/lib:/Users/mukuyo/Desktop/RI-AI/install/message_info/lib:/Users/mukuyo/Desktop/RI-AI/install/sender/lib:/Users/mukuyo/ros2_ws/ros2-osx/opt/yaml_cpp_vendor/lib:/Users/mukuyo/ros2_ws/ros2-osx/opt/rviz_ogre_vendor/lib:/Users/mukuyo/ros2_ws/ros2-osx/lib PYTHONPATH=/Users/mukuyo/Desktop/RI-AI/install/proto_info/lib/python3.8/site-packages:/Users/mukuyo/Desktop/RI-AI/install/message_info/lib/python3.8/site-packages:/Users/mukuyo/Desktop/RI-AI/install/sender/lib/python3.8/site-packages:/Users/mukuyo/ros2_ws/ros2-osx/lib/python3.8/site-packages SHLVL=2 _=/usr/bin/env /usr/local/bin/cmake --install /Users/mukuyo/Desktop/RI-AI/build/sender
[5.417s] -- Install configuration: ""
[5.418s] -- Up-to-date: /Users/mukuyo/Desktop/RI-AI/install/sender/share/ament_index/resource_index/rosidl_interfaces/sender
[5.419s] -- Up-to-date: /Users/mukuyo/Desktop/RI-AI/install/sender/include/sender
[5.419s] -- Up-to-date: /Users/mukuyo/Desktop/RI-AI/install/sender/include/sender/msg
[5.420s] -- Up-to-date: /Users/mukuyo/Desktop/RI-AI/install/sender/include/sender/msg/rosidl_generator_c__visibility_control.h
[5.420s] -- Up-to-date: /Users/mukuyo/Desktop/RI-AI/install/sender/include/sender/msg/test.h
[5.420s] -- Up-to-date: /Users/mukuyo/Desktop/RI-AI/install/sender/include/sender/msg/detail
[5.421s] -- Up-to-date: /Users/mukuyo/Desktop/RI-AI/install/sender/include/sender/msg/detail/test__functions.h
[5.421s] -- Up-to-date: /Users/mukuyo/Desktop/RI-AI/install/sender/include/sender/msg/detail/test__type_support.h
[5.421s] -- Up-to-date: /Users/mukuyo/Desktop/RI-AI/install/sender/include/sender/msg/detail/test__struct.h
[5.421s] -- Up-to-date: /Users/mukuyo/Desktop/RI-AI/install/sender/include/sender/msg/detail/test__functions.c
[5.421s] -- Up-to-date: /Users/mukuyo/Desktop/RI-AI/install/sender/share/sender/environment/library_path.sh
[5.421s] -- Up-to-date: /Users/mukuyo/Desktop/RI-AI/install/sender/share/sender/environment/library_path.dsv
[5.422s] -- Installing: /Users/mukuyo/Desktop/RI-AI/install/sender/lib/libsender__rosidl_generator_c.dylib
[5.505s] -- Up-to-date: /Users/mukuyo/Desktop/RI-AI/install/sender/include/sender
[5.506s] -- Up-to-date: /Users/mukuyo/Desktop/RI-AI/install/sender/include/sender/msg
[5.506s] -- Up-to-date: /Users/mukuyo/Desktop/RI-AI/install/sender/include/sender/msg/detail
[5.507s] -- Up-to-date: /Users/mukuyo/Desktop/RI-AI/install/sender/include/sender/msg/detail/test__rosidl_typesupport_fastrtps_c.h
[5.507s] -- Up-to-date: /Users/mukuyo/Desktop/RI-AI/install/sender/include/sender/msg/rosidl_typesupport_fastrtps_c__visibility_control.h
[5.507s] -- Installing: /Users/mukuyo/Desktop/RI-AI/install/sender/lib/libsender__rosidl_typesupport_fastrtps_c.dylib
[5.642s] -- Up-to-date: /Users/mukuyo/Desktop/RI-AI/install/sender/include/sender
[5.642s] -- Up-to-date: /Users/mukuyo/Desktop/RI-AI/install/sender/include/sender/msg
[5.643s] -- Up-to-date: /Users/mukuyo/Desktop/RI-AI/install/sender/include/sender/msg/rosidl_typesupport_fastrtps_cpp__visibility_control.h
[5.643s] -- Up-to-date: /Users/mukuyo/Desktop/RI-AI/install/sender/include/sender/msg/detail
[5.643s] -- Up-to-date: /Users/mukuyo/Desktop/RI-AI/install/sender/include/sender/msg/detail/test__rosidl_typesupport_fastrtps_cpp.hpp
[5.643s] -- Up-to-date: /Users/mukuyo/Desktop/RI-AI/install/sender/include/sender/msg/detail/dds_fastrtps
[5.643s] -- Installing: /Users/mukuyo/Desktop/RI-AI/install/sender/lib/libsender__rosidl_typesupport_fastrtps_cpp.dylib
[5.742s] -- Up-to-date: /Users/mukuyo/Desktop/RI-AI/install/sender/include/sender
[5.742s] -- Up-to-date: /Users/mukuyo/Desktop/RI-AI/install/sender/include/sender/msg
[5.742s] -- Up-to-date: /Users/mukuyo/Desktop/RI-AI/install/sender/include/sender/msg/detail
[5.743s] -- Up-to-date: /Users/mukuyo/Desktop/RI-AI/install/sender/include/sender/msg/detail/test__type_support.c
[5.743s] -- Up-to-date: /Users/mukuyo/Desktop/RI-AI/install/sender/include/sender/msg/detail/test__rosidl_typesupport_introspection_c.h
[5.743s] -- Up-to-date: /Users/mukuyo/Desktop/RI-AI/install/sender/include/sender/msg/rosidl_typesupport_introspection_c__visibility_control.h
[5.743s] -- Installing: /Users/mukuyo/Desktop/RI-AI/install/sender/lib/libsender__rosidl_typesupport_introspection_c.dylib
[5.872s] -- Installing: /Users/mukuyo/Desktop/RI-AI/install/sender/lib/libsender__rosidl_typesupport_c.dylib
[5.961s] -- Up-to-date: /Users/mukuyo/Desktop/RI-AI/install/sender/include/sender
[5.962s] -- Up-to-date: /Users/mukuyo/Desktop/RI-AI/install/sender/include/sender/msg
[5.963s] -- Up-to-date: /Users/mukuyo/Desktop/RI-AI/install/sender/include/sender/msg/detail
[5.963s] -- Up-to-date: /Users/mukuyo/Desktop/RI-AI/install/sender/include/sender/msg/detail/test__traits.hpp
[5.963s] -- Up-to-date: /Users/mukuyo/Desktop/RI-AI/install/sender/include/sender/msg/detail/test__struct.hpp
[5.963s] -- Up-to-date: /Users/mukuyo/Desktop/RI-AI/install/sender/include/sender/msg/detail/test__builder.hpp
[5.963s] -- Up-to-date: /Users/mukuyo/Desktop/RI-AI/install/sender/include/sender/msg/test.hpp
[5.963s] -- Up-to-date: /Users/mukuyo/Desktop/RI-AI/install/sender/include/sender
[5.963s] -- Up-to-date: /Users/mukuyo/Desktop/RI-AI/install/sender/include/sender/msg
[5.964s] -- Up-to-date: /Users/mukuyo/Desktop/RI-AI/install/sender/include/sender/msg/detail
[5.964s] -- Up-to-date: /Users/mukuyo/Desktop/RI-AI/install/sender/include/sender/msg/detail/test__rosidl_typesupport_introspection_cpp.hpp
[5.964s] -- Up-to-date: /Users/mukuyo/Desktop/RI-AI/install/sender/include/sender/msg/detail/test__type_support.cpp
[5.964s] -- Installing: /Users/mukuyo/Desktop/RI-AI/install/sender/lib/libsender__rosidl_typesupport_introspection_cpp.dylib
[6.055s] -- Installing: /Users/mukuyo/Desktop/RI-AI/install/sender/lib/libsender__rosidl_typesupport_cpp.dylib
[6.151s] -- Up-to-date: /Users/mukuyo/Desktop/RI-AI/install/sender/share/sender/environment/pythonpath.sh
[6.152s] -- Up-to-date: /Users/mukuyo/Desktop/RI-AI/install/sender/share/sender/environment/pythonpath.dsv
[6.152s] -- Up-to-date: /Users/mukuyo/Desktop/RI-AI/install/sender/lib/python3.8/site-packages/sender/__init__.py
[6.290s] -- Up-to-date: /Users/mukuyo/Desktop/RI-AI/install/sender/lib/python3.8/site-packages/sender/msg
[6.291s] -- Up-to-date: /Users/mukuyo/Desktop/RI-AI/install/sender/lib/python3.8/site-packages/sender/msg/__init__.py
[6.291s] -- Up-to-date: /Users/mukuyo/Desktop/RI-AI/install/sender/lib/python3.8/site-packages/sender/msg/_test.py
[6.291s] -- Up-to-date: /Users/mukuyo/Desktop/RI-AI/install/sender/lib/python3.8/site-packages/sender/msg/_test_s.c
[6.292s] -- Installing: /Users/mukuyo/Desktop/RI-AI/install/sender/lib/python3.8/site-packages/sender/sender_s__rosidl_typesupport_fastrtps_c.cpython-38-darwin.so
[6.493s] -- Installing: /Users/mukuyo/Desktop/RI-AI/install/sender/lib/python3.8/site-packages/sender/sender_s__rosidl_typesupport_introspection_c.cpython-38-darwin.so
[6.659s] -- Installing: /Users/mukuyo/Desktop/RI-AI/install/sender/lib/python3.8/site-packages/sender/sender_s__rosidl_typesupport_c.cpython-38-darwin.so
[6.825s] -- Installing: /Users/mukuyo/Desktop/RI-AI/install/sender/lib/libsender__python.dylib
[6.958s] -- Up-to-date: /Users/mukuyo/Desktop/RI-AI/install/sender/share/sender/msg/Test.idl
[6.958s] -- Up-to-date: /Users/mukuyo/Desktop/RI-AI/install/sender/share/sender/msg/Test.msg
[6.958s] -- Installing: /Users/mukuyo/Desktop/RI-AI/install/sender/lib/sender/sim_sender
[7.177s] -- Up-to-date: /Users/mukuyo/Desktop/RI-AI/install/sender/share/sender//config
[7.178s] -- Up-to-date: /Users/mukuyo/Desktop/RI-AI/install/sender/share/sender//config/.DS_Store
[7.179s] -- Up-to-date: /Users/mukuyo/Desktop/RI-AI/install/sender/share/sender//config/grsim.yaml
[7.179s] -- Up-to-date: /Users/mukuyo/Desktop/RI-AI/install/sender/share/sender//launch
[7.180s] -- Up-to-date: /Users/mukuyo/Desktop/RI-AI/install/sender/share/sender//launch/.DS_Store
[7.180s] -- Up-to-date: /Users/mukuyo/Desktop/RI-AI/install/sender/share/sender//launch/sender.xml
[7.181s] -- Up-to-date: /Users/mukuyo/Desktop/RI-AI/install/sender/share/ament_index/resource_index/package_run_dependencies/sender
[7.181s] -- Up-to-date: /Users/mukuyo/Desktop/RI-AI/install/sender/share/ament_index/resource_index/parent_prefix_path/sender
[7.182s] -- Up-to-date: /Users/mukuyo/Desktop/RI-AI/install/sender/share/sender/environment/ament_prefix_path.sh
[7.182s] -- Up-to-date: /Users/mukuyo/Desktop/RI-AI/install/sender/share/sender/environment/ament_prefix_path.dsv
[7.184s] -- Up-to-date: /Users/mukuyo/Desktop/RI-AI/install/sender/share/sender/environment/path.sh
[7.184s] -- Up-to-date: /Users/mukuyo/Desktop/RI-AI/install/sender/share/sender/environment/path.dsv
[7.185s] -- Up-to-date: /Users/mukuyo/Desktop/RI-AI/install/sender/share/sender/local_setup.bash
[7.185s] -- Up-to-date: /Users/mukuyo/Desktop/RI-AI/install/sender/share/sender/local_setup.sh
[7.186s] -- Up-to-date: /Users/mukuyo/Desktop/RI-AI/install/sender/share/sender/local_setup.zsh
[7.187s] -- Up-to-date: /Users/mukuyo/Desktop/RI-AI/install/sender/share/sender/local_setup.dsv
[7.187s] -- Installing: /Users/mukuyo/Desktop/RI-AI/install/sender/share/sender/package.dsv
[7.188s] -- Up-to-date: /Users/mukuyo/Desktop/RI-AI/install/sender/share/ament_index/resource_index/packages/sender
[7.188s] -- Up-to-date: /Users/mukuyo/Desktop/RI-AI/install/sender/share/sender/cmake/sender__rosidl_generator_cExport.cmake
[7.189s] -- Up-to-date: /Users/mukuyo/Desktop/RI-AI/install/sender/share/sender/cmake/sender__rosidl_generator_cExport-noconfig.cmake
[7.189s] -- Up-to-date: /Users/mukuyo/Desktop/RI-AI/install/sender/share/sender/cmake/sender__rosidl_typesupport_introspection_cExport.cmake
[7.189s] -- Up-to-date: /Users/mukuyo/Desktop/RI-AI/install/sender/share/sender/cmake/sender__rosidl_typesupport_introspection_cExport-noconfig.cmake
[7.189s] -- Up-to-date: /Users/mukuyo/Desktop/RI-AI/install/sender/share/sender/cmake/sender__rosidl_typesupport_cExport.cmake
[7.190s] -- Up-to-date: /Users/mukuyo/Desktop/RI-AI/install/sender/share/sender/cmake/sender__rosidl_typesupport_cExport-noconfig.cmake
[7.190s] -- Up-to-date: /Users/mukuyo/Desktop/RI-AI/install/sender/share/sender/cmake/sender__rosidl_generator_cppExport.cmake
[7.191s] -- Up-to-date: /Users/mukuyo/Desktop/RI-AI/install/sender/share/sender/cmake/sender__rosidl_typesupport_introspection_cppExport.cmake
[7.192s] -- Up-to-date: /Users/mukuyo/Desktop/RI-AI/install/sender/share/sender/cmake/sender__rosidl_typesupport_introspection_cppExport-noconfig.cmake
[7.193s] -- Up-to-date: /Users/mukuyo/Desktop/RI-AI/install/sender/share/sender/cmake/sender__rosidl_typesupport_cppExport.cmake
[7.204s] -- Up-to-date: /Users/mukuyo/Desktop/RI-AI/install/sender/share/sender/cmake/sender__rosidl_typesupport_cppExport-noconfig.cmake
[7.204s] -- Up-to-date: /Users/mukuyo/Desktop/RI-AI/install/sender/share/sender/cmake/rosidl_cmake-extras.cmake
[7.204s] -- Up-to-date: /Users/mukuyo/Desktop/RI-AI/install/sender/share/sender/cmake/ament_cmake_export_dependencies-extras.cmake
[7.205s] -- Up-to-date: /Users/mukuyo/Desktop/RI-AI/install/sender/share/sender/cmake/ament_cmake_export_libraries-extras.cmake
[7.205s] -- Up-to-date: /Users/mukuyo/Desktop/RI-AI/install/sender/share/sender/cmake/ament_cmake_export_targets-extras.cmake
[7.206s] -- Up-to-date: /Users/mukuyo/Desktop/RI-AI/install/sender/share/sender/cmake/ament_cmake_export_include_directories-extras.cmake
[7.206s] -- Up-to-date: /Users/mukuyo/Desktop/RI-AI/install/sender/share/sender/cmake/rosidl_cmake_export_typesupport_libraries-extras.cmake
[7.207s] -- Up-to-date: /Users/mukuyo/Desktop/RI-AI/install/sender/share/sender/cmake/rosidl_cmake_export_typesupport_targets-extras.cmake
[7.207s] -- Up-to-date: /Users/mukuyo/Desktop/RI-AI/install/sender/share/sender/cmake/senderConfig.cmake
[7.208s] -- Up-to-date: /Users/mukuyo/Desktop/RI-AI/install/sender/share/sender/cmake/senderConfig-version.cmake
[7.208s] -- Up-to-date: /Users/mukuyo/Desktop/RI-AI/install/sender/share/sender/package.xml
[7.208s] Invoked command in '/Users/mukuyo/Desktop/RI-AI/build/sender' returned '0': CMAKE_PREFIX_PATH=/Users/mukuyo/Desktop/RI-AI/install/proto_info:/Users/mukuyo/Desktop/RI-AI/install/message_info:/Users/mukuyo/Desktop/RI-AI/install/sender:/Users/mukuyo/Desktop/RI-AI/install/reciever:/Users/mukuyo/Desktop/RI-AI/install/main:/Users/mukuyo/ros2_ws/ros2-osx DYLD_LIBRARY_PATH=/Users/mukuyo/Desktop/RI-AI/install/proto_info/lib:/Users/mukuyo/Desktop/RI-AI/install/message_info/lib:/Users/mukuyo/Desktop/RI-AI/install/sender/lib:/Users/mukuyo/ros2_ws/ros2-osx/opt/yaml_cpp_vendor/lib:/Users/mukuyo/ros2_ws/ros2-osx/opt/rviz_ogre_vendor/lib:/Users/mukuyo/ros2_ws/ros2-osx/lib PYTHONPATH=/Users/mukuyo/Desktop/RI-AI/install/proto_info/lib/python3.8/site-packages:/Users/mukuyo/Desktop/RI-AI/install/message_info/lib/python3.8/site-packages:/Users/mukuyo/Desktop/RI-AI/install/sender/lib/python3.8/site-packages:/Users/mukuyo/ros2_ws/ros2-osx/lib/python3.8/site-packages SHLVL=2 _=/usr/bin/env /usr/local/bin/cmake --install /Users/mukuyo/Desktop/RI-AI/build/sender
