[0.388s] Invoking command in '/Users/mukuyo/Desktop/RI-AI/build/sender': CMAKE_PREFIX_PATH=/Users/mukuyo/Desktop/RI-AI/install/proto_info:/Users/mukuyo/Desktop/RI-AI/install/message_info:/Users/mukuyo/Desktop/RI-AI/install/sender:/Users/mukuyo/Desktop/RI-AI/install/reciever:/Users/mukuyo/Desktop/RI-AI/install/main:/Users/mukuyo/ros2_ws/ros2-osx DYLD_LIBRARY_PATH=/Users/mukuyo/Desktop/RI-AI/install/proto_info/lib:/Users/mukuyo/Desktop/RI-AI/install/message_info/lib:/Users/mukuyo/Desktop/RI-AI/install/sender/lib:/Users/mukuyo/ros2_ws/ros2-osx/opt/yaml_cpp_vendor/lib:/Users/mukuyo/ros2_ws/ros2-osx/opt/rviz_ogre_vendor/lib:/Users/mukuyo/ros2_ws/ros2-osx/lib PYTHONPATH=/Users/mukuyo/Desktop/RI-AI/install/proto_info/lib/python3.8/site-packages:/Users/mukuyo/Desktop/RI-AI/install/message_info/lib/python3.8/site-packages:/Users/mukuyo/Desktop/RI-AI/install/sender/lib/python3.8/site-packages:/Users/mukuyo/ros2_ws/ros2-osx/lib/python3.8/site-packages SHLVL=2 _=/usr/bin/env /usr/local/bin/cmake --build /Users/mukuyo/Desktop/RI-AI/build/sender -- -j8 -l8
[1.105s] [  3%] Built target sender__cpp
[1.491s] [  6%] Linking CXX executable sim_sender
[2.040s] [  9%] Built target sim_sender
[2.382s] [ 18%] Built target sender__rosidl_typesupport_introspection_cpp
[2.717s] [ 27%] Built target sender__rosidl_typesupport_cpp
[3.051s] [ 36%] Built target sender__rosidl_typesupport_fastrtps_cpp
[3.378s] [ 45%] Built target sender__rosidl_generator_c
[3.632s] [ 54%] Built target sender__rosidl_typesupport_fastrtps_c
[3.881s] [ 63%] Built target sender__rosidl_typesupport_c
[4.150s] [ 72%] Built target sender__rosidl_typesupport_introspection_c
[4.397s] [ 72%] Built target sender
[4.650s] [ 75%] Built target sender__py
[4.910s] [ 81%] Built target sender__python
[5.162s] [ 87%] Built target sender__rosidl_typesupport_introspection_c__pyext
[5.417s] [ 93%] Built target sender__rosidl_typesupport_fastrtps_c__pyext
[5.673s] [100%] Built target sender__rosidl_typesupport_c__pyext
[5.734s] Invoked command in '/Users/mukuyo/Desktop/RI-AI/build/sender' returned '0': CMAKE_PREFIX_PATH=/Users/mukuyo/Desktop/RI-AI/install/proto_info:/Users/mukuyo/Desktop/RI-AI/install/message_info:/Users/mukuyo/Desktop/RI-AI/install/sender:/Users/mukuyo/Desktop/RI-AI/install/reciever:/Users/mukuyo/Desktop/RI-AI/install/main:/Users/mukuyo/ros2_ws/ros2-osx DYLD_LIBRARY_PATH=/Users/mukuyo/Desktop/RI-AI/install/proto_info/lib:/Users/mukuyo/Desktop/RI-AI/install/message_info/lib:/Users/mukuyo/Desktop/RI-AI/install/sender/lib:/Users/mukuyo/ros2_ws/ros2-osx/opt/yaml_cpp_vendor/lib:/Users/mukuyo/ros2_ws/ros2-osx/opt/rviz_ogre_vendor/lib:/Users/mukuyo/ros2_ws/ros2-osx/lib PYTHONPATH=/Users/mukuyo/Desktop/RI-AI/install/proto_info/lib/python3.8/site-packages:/Users/mukuyo/Desktop/RI-AI/install/message_info/lib/python3.8/site-packages:/Users/mukuyo/Desktop/RI-AI/install/sender/lib/python3.8/site-packages:/Users/mukuyo/ros2_ws/ros2-osx/lib/python3.8/site-packages SHLVL=2 _=/usr/bin/env /usr/local/bin/cmake --build /Users/mukuyo/Desktop/RI-AI/build/sender -- -j8 -l8
[8.817s] Invoking command in '/Users/mukuyo/Desktop/RI-AI/build/sender': CMAKE_PREFIX_PATH=/Users/mukuyo/Desktop/RI-AI/install/proto_info:/Users/mukuyo/Desktop/RI-AI/install/message_info:/Users/mukuyo/Desktop/RI-AI/install/sender:/Users/mukuyo/Desktop/RI-AI/install/reciever:/Users/mukuyo/Desktop/RI-AI/install/main:/Users/mukuyo/ros2_ws/ros2-osx DYLD_LIBRARY_PATH=/Users/mukuyo/Desktop/RI-AI/install/proto_info/lib:/Users/mukuyo/Desktop/RI-AI/install/message_info/lib:/Users/mukuyo/Desktop/RI-AI/install/sender/lib:/Users/mukuyo/ros2_ws/ros2-osx/opt/yaml_cpp_vendor/lib:/Users/mukuyo/ros2_ws/ros2-osx/opt/rviz_ogre_vendor/lib:/Users/mukuyo/ros2_ws/ros2-osx/lib PYTHONPATH=/Users/mukuyo/Desktop/RI-AI/install/proto_info/lib/python3.8/site-packages:/Users/mukuyo/Desktop/RI-AI/install/message_info/lib/python3.8/site-packages:/Users/mukuyo/Desktop/RI-AI/install/sender/lib/python3.8/site-packages:/Users/mukuyo/ros2_ws/ros2-osx/lib/python3.8/site-packages SHLVL=2 _=/usr/bin/env /usr/local/bin/cmake --install /Users/mukuyo/Desktop/RI-AI/build/sender
[8.873s] -- Install configuration: "Debug"
[8.874s] -- Up-to-date: /Users/mukuyo/Desktop/RI-AI/install/sender/share/ament_index/resource_index/rosidl_interfaces/sender
[8.875s] -- Up-to-date: /Users/mukuyo/Desktop/RI-AI/install/sender/include/sender
[8.875s] -- Up-to-date: /Users/mukuyo/Desktop/RI-AI/install/sender/include/sender/msg
[8.876s] -- Up-to-date: /Users/mukuyo/Desktop/RI-AI/install/sender/include/sender/msg/rosidl_generator_c__visibility_control.h
[8.876s] -- Up-to-date: /Users/mukuyo/Desktop/RI-AI/install/sender/include/sender/msg/test.h
[8.876s] -- Up-to-date: /Users/mukuyo/Desktop/RI-AI/install/sender/include/sender/msg/detail
[8.876s] -- Up-to-date: /Users/mukuyo/Desktop/RI-AI/install/sender/include/sender/msg/detail/test__functions.h
[8.877s] -- Up-to-date: /Users/mukuyo/Desktop/RI-AI/install/sender/include/sender/msg/detail/test__type_support.h
[8.877s] -- Up-to-date: /Users/mukuyo/Desktop/RI-AI/install/sender/include/sender/msg/detail/test__struct.h
[8.877s] -- Up-to-date: /Users/mukuyo/Desktop/RI-AI/install/sender/include/sender/msg/detail/test__functions.c
[8.877s] -- Up-to-date: /Users/mukuyo/Desktop/RI-AI/install/sender/share/sender/environment/library_path.sh
[8.878s] -- Up-to-date: /Users/mukuyo/Desktop/RI-AI/install/sender/share/sender/environment/library_path.dsv
[8.878s] -- Installing: /Users/mukuyo/Desktop/RI-AI/install/sender/lib/libsender__rosidl_generator_c.dylib
[8.993s] -- Up-to-date: /Users/mukuyo/Desktop/RI-AI/install/sender/include/sender
[8.994s] -- Up-to-date: /Users/mukuyo/Desktop/RI-AI/install/sender/include/sender/msg
[8.994s] -- Up-to-date: /Users/mukuyo/Desktop/RI-AI/install/sender/include/sender/msg/detail
[8.994s] -- Up-to-date: /Users/mukuyo/Desktop/RI-AI/install/sender/include/sender/msg/detail/test__rosidl_typesupport_fastrtps_c.h
[8.995s] -- Up-to-date: /Users/mukuyo/Desktop/RI-AI/install/sender/include/sender/msg/rosidl_typesupport_fastrtps_c__visibility_control.h
[8.995s] -- Installing: /Users/mukuyo/Desktop/RI-AI/install/sender/lib/libsender__rosidl_typesupport_fastrtps_c.dylib
[9.180s] -- Up-to-date: /Users/mukuyo/Desktop/RI-AI/install/sender/include/sender
[9.181s] -- Up-to-date: /Users/mukuyo/Desktop/RI-AI/install/sender/include/sender/msg
[9.181s] -- Up-to-date: /Users/mukuyo/Desktop/RI-AI/install/sender/include/sender/msg/rosidl_typesupport_fastrtps_cpp__visibility_control.h
[9.182s] -- Up-to-date: /Users/mukuyo/Desktop/RI-AI/install/sender/include/sender/msg/detail
[9.182s] -- Up-to-date: /Users/mukuyo/Desktop/RI-AI/install/sender/include/sender/msg/detail/test__rosidl_typesupport_fastrtps_cpp.hpp
[9.182s] -- Up-to-date: /Users/mukuyo/Desktop/RI-AI/install/sender/include/sender/msg/detail/dds_fastrtps
[9.182s] -- Installing: /Users/mukuyo/Desktop/RI-AI/install/sender/lib/libsender__rosidl_typesupport_fastrtps_cpp.dylib
[9.299s] -- Up-to-date: /Users/mukuyo/Desktop/RI-AI/install/sender/include/sender
[9.299s] -- Up-to-date: /Users/mukuyo/Desktop/RI-AI/install/sender/include/sender/msg
[9.299s] -- Up-to-date: /Users/mukuyo/Desktop/RI-AI/install/sender/include/sender/msg/detail
[9.300s] -- Up-to-date: /Users/mukuyo/Desktop/RI-AI/install/sender/include/sender/msg/detail/test__type_support.c
[9.300s] -- Up-to-date: /Users/mukuyo/Desktop/RI-AI/install/sender/include/sender/msg/detail/test__rosidl_typesupport_introspection_c.h
[9.300s] -- Up-to-date: /Users/mukuyo/Desktop/RI-AI/install/sender/include/sender/msg/rosidl_typesupport_introspection_c__visibility_control.h
[9.300s] -- Installing: /Users/mukuyo/Desktop/RI-AI/install/sender/lib/libsender__rosidl_typesupport_introspection_c.dylib
[9.473s] -- Installing: /Users/mukuyo/Desktop/RI-AI/install/sender/lib/libsender__rosidl_typesupport_c.dylib
[9.587s] -- Up-to-date: /Users/mukuyo/Desktop/RI-AI/install/sender/include/sender
[9.588s] -- Up-to-date: /Users/mukuyo/Desktop/RI-AI/install/sender/include/sender/msg
[9.589s] -- Up-to-date: /Users/mukuyo/Desktop/RI-AI/install/sender/include/sender/msg/detail
[9.589s] -- Up-to-date: /Users/mukuyo/Desktop/RI-AI/install/sender/include/sender/msg/detail/test__traits.hpp
[9.589s] -- Up-to-date: /Users/mukuyo/Desktop/RI-AI/install/sender/include/sender/msg/detail/test__struct.hpp
[9.589s] -- Up-to-date: /Users/mukuyo/Desktop/RI-AI/install/sender/include/sender/msg/detail/test__builder.hpp
[9.589s] -- Up-to-date: /Users/mukuyo/Desktop/RI-AI/install/sender/include/sender/msg/test.hpp
[9.590s] -- Up-to-date: /Users/mukuyo/Desktop/RI-AI/install/sender/include/sender
[9.590s] -- Up-to-date: /Users/mukuyo/Desktop/RI-AI/install/sender/include/sender/msg
[9.590s] -- Up-to-date: /Users/mukuyo/Desktop/RI-AI/install/sender/include/sender/msg/detail
[9.590s] -- Up-to-date: /Users/mukuyo/Desktop/RI-AI/install/sender/include/sender/msg/detail/test__rosidl_typesupport_introspection_cpp.hpp
[9.591s] -- Up-to-date: /Users/mukuyo/Desktop/RI-AI/install/sender/include/sender/msg/detail/test__type_support.cpp
[9.591s] -- Installing: /Users/mukuyo/Desktop/RI-AI/install/sender/lib/libsender__rosidl_typesupport_introspection_cpp.dylib
[9.704s] -- Installing: /Users/mukuyo/Desktop/RI-AI/install/sender/lib/libsender__rosidl_typesupport_cpp.dylib
[9.818s] -- Up-to-date: /Users/mukuyo/Desktop/RI-AI/install/sender/share/sender/environment/pythonpath.sh
[9.818s] -- Up-to-date: /Users/mukuyo/Desktop/RI-AI/install/sender/share/sender/environment/pythonpath.dsv
[9.818s] -- Up-to-date: /Users/mukuyo/Desktop/RI-AI/install/sender/lib/python3.8/site-packages/sender/__init__.py
[9.968s] -- Up-to-date: /Users/mukuyo/Desktop/RI-AI/install/sender/lib/python3.8/site-packages/sender/msg
[9.968s] -- Up-to-date: /Users/mukuyo/Desktop/RI-AI/install/sender/lib/python3.8/site-packages/sender/msg/__init__.py
[9.968s] -- Up-to-date: /Users/mukuyo/Desktop/RI-AI/install/sender/lib/python3.8/site-packages/sender/msg/_test.py
[9.969s] -- Up-to-date: /Users/mukuyo/Desktop/RI-AI/install/sender/lib/python3.8/site-packages/sender/msg/_test_s.c
[9.969s] -- Installing: /Users/mukuyo/Desktop/RI-AI/install/sender/lib/python3.8/site-packages/sender/sender_s__rosidl_typesupport_fastrtps_c.cpython-38-darwin.so
[10.260s] -- Installing: /Users/mukuyo/Desktop/RI-AI/install/sender/lib/python3.8/site-packages/sender/sender_s__rosidl_typesupport_introspection_c.cpython-38-darwin.so
[10.554s] -- Installing: /Users/mukuyo/Desktop/RI-AI/install/sender/lib/python3.8/site-packages/sender/sender_s__rosidl_typesupport_c.cpython-38-darwin.so
[10.844s] -- Installing: /Users/mukuyo/Desktop/RI-AI/install/sender/lib/libsender__python.dylib
[11.072s] -- Up-to-date: /Users/mukuyo/Desktop/RI-AI/install/sender/share/sender/msg/Test.idl
[11.072s] -- Up-to-date: /Users/mukuyo/Desktop/RI-AI/install/sender/share/sender/msg/Test.msg
[11.072s] -- Installing: /Users/mukuyo/Desktop/RI-AI/install/sender/lib/sender/sim_sender
[11.390s] -- Up-to-date: /Users/mukuyo/Desktop/RI-AI/install/sender/share/sender//config
[11.391s] -- Up-to-date: /Users/mukuyo/Desktop/RI-AI/install/sender/share/sender//config/.DS_Store
[11.392s] -- Up-to-date: /Users/mukuyo/Desktop/RI-AI/install/sender/share/sender//config/grsim.yaml
[11.392s] -- Up-to-date: /Users/mukuyo/Desktop/RI-AI/install/sender/share/sender//launch
[11.393s] -- Up-to-date: /Users/mukuyo/Desktop/RI-AI/install/sender/share/sender//launch/.DS_Store
[11.393s] -- Up-to-date: /Users/mukuyo/Desktop/RI-AI/install/sender/share/sender//launch/sender.xml
[11.394s] -- Up-to-date: /Users/mukuyo/Desktop/RI-AI/install/sender/share/ament_index/resource_index/package_run_dependencies/sender
[11.394s] -- Up-to-date: /Users/mukuyo/Desktop/RI-AI/install/sender/share/ament_index/resource_index/parent_prefix_path/sender
[11.394s] -- Up-to-date: /Users/mukuyo/Desktop/RI-AI/install/sender/share/sender/environment/ament_prefix_path.sh
[11.395s] -- Up-to-date: /Users/mukuyo/Desktop/RI-AI/install/sender/share/sender/environment/ament_prefix_path.dsv
[11.395s] -- Up-to-date: /Users/mukuyo/Desktop/RI-AI/install/sender/share/sender/environment/path.sh
[11.396s] -- Up-to-date: /Users/mukuyo/Desktop/RI-AI/install/sender/share/sender/environment/path.dsv
[11.396s] -- Up-to-date: /Users/mukuyo/Desktop/RI-AI/install/sender/share/sender/local_setup.bash
[11.397s] -- Up-to-date: /Users/mukuyo/Desktop/RI-AI/install/sender/share/sender/local_setup.sh
[11.397s] -- Up-to-date: /Users/mukuyo/Desktop/RI-AI/install/sender/share/sender/local_setup.zsh
[11.398s] -- Up-to-date: /Users/mukuyo/Desktop/RI-AI/install/sender/share/sender/local_setup.dsv
[11.398s] -- Installing: /Users/mukuyo/Desktop/RI-AI/install/sender/share/sender/package.dsv
[11.399s] -- Up-to-date: /Users/mukuyo/Desktop/RI-AI/install/sender/share/ament_index/resource_index/packages/sender
[11.400s] -- Up-to-date: /Users/mukuyo/Desktop/RI-AI/install/sender/share/sender/cmake/sender__rosidl_generator_cExport.cmake
[11.400s] -- Up-to-date: /Users/mukuyo/Desktop/RI-AI/install/sender/share/sender/cmake/sender__rosidl_generator_cExport-debug.cmake
[11.401s] -- Up-to-date: /Users/mukuyo/Desktop/RI-AI/install/sender/share/sender/cmake/sender__rosidl_typesupport_introspection_cExport.cmake
[11.401s] -- Up-to-date: /Users/mukuyo/Desktop/RI-AI/install/sender/share/sender/cmake/sender__rosidl_typesupport_introspection_cExport-debug.cmake
[11.401s] -- Up-to-date: /Users/mukuyo/Desktop/RI-AI/install/sender/share/sender/cmake/sender__rosidl_typesupport_cExport.cmake
[11.402s] -- Up-to-date: /Users/mukuyo/Desktop/RI-AI/install/sender/share/sender/cmake/sender__rosidl_typesupport_cExport-debug.cmake
[11.402s] -- Up-to-date: /Users/mukuyo/Desktop/RI-AI/install/sender/share/sender/cmake/sender__rosidl_generator_cppExport.cmake
[11.402s] -- Up-to-date: /Users/mukuyo/Desktop/RI-AI/install/sender/share/sender/cmake/sender__rosidl_typesupport_introspection_cppExport.cmake
[11.402s] -- Up-to-date: /Users/mukuyo/Desktop/RI-AI/install/sender/share/sender/cmake/sender__rosidl_typesupport_introspection_cppExport-debug.cmake
[11.402s] -- Up-to-date: /Users/mukuyo/Desktop/RI-AI/install/sender/share/sender/cmake/sender__rosidl_typesupport_cppExport.cmake
[11.403s] -- Up-to-date: /Users/mukuyo/Desktop/RI-AI/install/sender/share/sender/cmake/sender__rosidl_typesupport_cppExport-debug.cmake
[11.403s] -- Up-to-date: /Users/mukuyo/Desktop/RI-AI/install/sender/share/sender/cmake/rosidl_cmake-extras.cmake
[11.411s] -- Up-to-date: /Users/mukuyo/Desktop/RI-AI/install/sender/share/sender/cmake/ament_cmake_export_dependencies-extras.cmake
[11.423s] -- Up-to-date: /Users/mukuyo/Desktop/RI-AI/install/sender/share/sender/cmake/ament_cmake_export_libraries-extras.cmake
[11.424s] -- Up-to-date: /Users/mukuyo/Desktop/RI-AI/install/sender/share/sender/cmake/ament_cmake_export_targets-extras.cmake
[11.424s] -- Up-to-date: /Users/mukuyo/Desktop/RI-AI/install/sender/share/sender/cmake/ament_cmake_export_include_directories-extras.cmake
[11.425s] -- Up-to-date: /Users/mukuyo/Desktop/RI-AI/install/sender/share/sender/cmake/rosidl_cmake_export_typesupport_libraries-extras.cmake
[11.425s] -- Up-to-date: /Users/mukuyo/Desktop/RI-AI/install/sender/share/sender/cmake/rosidl_cmake_export_typesupport_targets-extras.cmake
[11.426s] -- Up-to-date: /Users/mukuyo/Desktop/RI-AI/install/sender/share/sender/cmake/senderConfig.cmake
[11.426s] -- Up-to-date: /Users/mukuyo/Desktop/RI-AI/install/sender/share/sender/cmake/senderConfig-version.cmake
[11.426s] -- Up-to-date: /Users/mukuyo/Desktop/RI-AI/install/sender/share/sender/package.xml
[11.427s] Invoked command in '/Users/mukuyo/Desktop/RI-AI/build/sender' returned '0': CMAKE_PREFIX_PATH=/Users/mukuyo/Desktop/RI-AI/install/proto_info:/Users/mukuyo/Desktop/RI-AI/install/message_info:/Users/mukuyo/Desktop/RI-AI/install/sender:/Users/mukuyo/Desktop/RI-AI/install/reciever:/Users/mukuyo/Desktop/RI-AI/install/main:/Users/mukuyo/ros2_ws/ros2-osx DYLD_LIBRARY_PATH=/Users/mukuyo/Desktop/RI-AI/install/proto_info/lib:/Users/mukuyo/Desktop/RI-AI/install/message_info/lib:/Users/mukuyo/Desktop/RI-AI/install/sender/lib:/Users/mukuyo/ros2_ws/ros2-osx/opt/yaml_cpp_vendor/lib:/Users/mukuyo/ros2_ws/ros2-osx/opt/rviz_ogre_vendor/lib:/Users/mukuyo/ros2_ws/ros2-osx/lib PYTHONPATH=/Users/mukuyo/Desktop/RI-AI/install/proto_info/lib/python3.8/site-packages:/Users/mukuyo/Desktop/RI-AI/install/message_info/lib/python3.8/site-packages:/Users/mukuyo/Desktop/RI-AI/install/sender/lib/python3.8/site-packages:/Users/mukuyo/ros2_ws/ros2-osx/lib/python3.8/site-packages SHLVL=2 _=/usr/bin/env /usr/local/bin/cmake --install /Users/mukuyo/Desktop/RI-AI/build/sender
