[0.342s] Invoking command in '/Users/mukuyo/Desktop/RI-AI/build/message_info': SHLVL=2 _=/usr/bin/env /usr/local/bin/cmake --build /Users/mukuyo/Desktop/RI-AI/build/message_info -- -j8 -l8
[0.921s] [  0%] Built target message_info__cpp
[1.193s] [ 12%] Built target message_info__rosidl_generator_c
[1.512s] [ 24%] Built target message_info__rosidl_typesupport_fastrtps_cpp
[1.848s] [ 36%] Built target message_info__rosidl_typesupport_c
[2.185s] [ 48%] Built target message_info__rosidl_typesupport_fastrtps_c
[2.526s] [ 60%] Built target message_info__rosidl_typesupport_introspection_c
[2.856s] [ 72%] Built target message_info__rosidl_typesupport_introspection_cpp
[3.179s] [ 84%] Built target message_info__rosidl_typesupport_cpp
[3.480s] [ 84%] Built target message_info
[3.807s] [ 85%] Built target message_info__py
[4.162s] [ 96%] Built target message_info__python
[4.404s] [ 98%] Built target message_info__rosidl_typesupport_introspection_c__pyext
[4.637s] [ 99%] Built target message_info__rosidl_typesupport_c__pyext
[4.868s] [100%] Built target message_info__rosidl_typesupport_fastrtps_c__pyext
[4.932s] Invoked command in '/Users/mukuyo/Desktop/RI-AI/build/message_info' returned '0': SHLVL=2 _=/usr/bin/env /usr/local/bin/cmake --build /Users/mukuyo/Desktop/RI-AI/build/message_info -- -j8 -l8
[21.783s] Invoking command in '/Users/mukuyo/Desktop/RI-AI/build/message_info': SHLVL=2 _=/usr/bin/env /usr/local/bin/cmake --install /Users/mukuyo/Desktop/RI-AI/build/message_info
[21.832s] -- Install configuration: ""
[21.833s] -- Up-to-date: /Users/mukuyo/Desktop/RI-AI/install/message_info/share/ament_index/resource_index/rosidl_interfaces/message_info
[21.834s] -- Up-to-date: /Users/mukuyo/Desktop/RI-AI/install/message_info/include/message_info
[21.834s] -- Up-to-date: /Users/mukuyo/Desktop/RI-AI/install/message_info/include/message_info/msg
[21.835s] -- Up-to-date: /Users/mukuyo/Desktop/RI-AI/install/message_info/include/message_info/msg/detection_frame.h
[21.836s] -- Up-to-date: /Users/mukuyo/Desktop/RI-AI/install/message_info/include/message_info/msg/referee_game_event.h
[21.837s] -- Up-to-date: /Users/mukuyo/Desktop/RI-AI/install/message_info/include/message_info/msg/rosidl_generator_c__visibility_control.h
[21.838s] -- Up-to-date: /Users/mukuyo/Desktop/RI-AI/install/message_info/include/message_info/msg/goal_info.h
[21.839s] -- Up-to-date: /Users/mukuyo/Desktop/RI-AI/install/message_info/include/message_info/msg/field_line_segment.h
[21.840s] -- Up-to-date: /Users/mukuyo/Desktop/RI-AI/install/message_info/include/message_info/msg/referee_team_info.h
[21.840s] -- Up-to-date: /Users/mukuyo/Desktop/RI-AI/install/message_info/include/message_info/msg/detection_ball.h
[21.841s] -- Up-to-date: /Users/mukuyo/Desktop/RI-AI/install/message_info/include/message_info/msg/vision_detections.h
[21.841s] -- Up-to-date: /Users/mukuyo/Desktop/RI-AI/install/message_info/include/message_info/msg/test.h
[21.842s] -- Up-to-date: /Users/mukuyo/Desktop/RI-AI/install/message_info/include/message_info/msg/field_circular_arc.h
[21.842s] -- Up-to-date: /Users/mukuyo/Desktop/RI-AI/install/message_info/include/message_info/msg/robot_command.h
[21.842s] -- Up-to-date: /Users/mukuyo/Desktop/RI-AI/install/message_info/include/message_info/msg/detection_robot.h
[21.842s] -- Up-to-date: /Users/mukuyo/Desktop/RI-AI/install/message_info/include/message_info/msg/detail
[21.843s] -- Up-to-date: /Users/mukuyo/Desktop/RI-AI/install/message_info/include/message_info/msg/detail/detection_frame__type_support.h
[21.843s] -- Up-to-date: /Users/mukuyo/Desktop/RI-AI/install/message_info/include/message_info/msg/detail/detection_frame__struct.h
[21.843s] -- Up-to-date: /Users/mukuyo/Desktop/RI-AI/install/message_info/include/message_info/msg/detail/detection_robot__functions.c
[21.843s] -- Up-to-date: /Users/mukuyo/Desktop/RI-AI/install/message_info/include/message_info/msg/detail/vision_geometry__type_support.h
[21.843s] -- Up-to-date: /Users/mukuyo/Desktop/RI-AI/install/message_info/include/message_info/msg/detail/detection_frame__functions.c
[21.844s] -- Up-to-date: /Users/mukuyo/Desktop/RI-AI/install/message_info/include/message_info/msg/detail/referee_team_info__struct.h
[21.844s] -- Up-to-date: /Users/mukuyo/Desktop/RI-AI/install/message_info/include/message_info/msg/detail/robot_command__functions.c
[21.844s] -- Up-to-date: /Users/mukuyo/Desktop/RI-AI/install/message_info/include/message_info/msg/detail/robot_commands__functions.c
[21.844s] -- Up-to-date: /Users/mukuyo/Desktop/RI-AI/install/message_info/include/message_info/msg/detail/robot_command__struct.h
[21.844s] -- Up-to-date: /Users/mukuyo/Desktop/RI-AI/install/message_info/include/message_info/msg/detail/referee_game_event__struct.h
[21.844s] -- Up-to-date: /Users/mukuyo/Desktop/RI-AI/install/message_info/include/message_info/msg/detail/detection_ball__struct.h
[21.845s] -- Up-to-date: /Users/mukuyo/Desktop/RI-AI/install/message_info/include/message_info/msg/detail/goal_info__functions.c
[21.845s] -- Up-to-date: /Users/mukuyo/Desktop/RI-AI/install/message_info/include/message_info/msg/detail/referee__struct.h
[21.845s] -- Up-to-date: /Users/mukuyo/Desktop/RI-AI/install/message_info/include/message_info/msg/detail/referee_team_info__functions.c
[21.845s] -- Up-to-date: /Users/mukuyo/Desktop/RI-AI/install/message_info/include/message_info/msg/detail/referee_game_event__type_support.h
[21.845s] -- Up-to-date: /Users/mukuyo/Desktop/RI-AI/install/message_info/include/message_info/msg/detail/test__functions.h
[21.845s] -- Up-to-date: /Users/mukuyo/Desktop/RI-AI/install/message_info/include/message_info/msg/detail/field_circular_arc__struct.h
[21.846s] -- Up-to-date: /Users/mukuyo/Desktop/RI-AI/install/message_info/include/message_info/msg/detail/field_circular_arc__type_support.h
[21.846s] -- Up-to-date: /Users/mukuyo/Desktop/RI-AI/install/message_info/include/message_info/msg/detail/ball_info__struct.h
[21.846s] -- Up-to-date: /Users/mukuyo/Desktop/RI-AI/install/message_info/include/message_info/msg/detail/vision_geometry__functions.h
[21.846s] -- Up-to-date: /Users/mukuyo/Desktop/RI-AI/install/message_info/include/message_info/msg/detail/vision_detections__struct.h
[21.846s] -- Up-to-date: /Users/mukuyo/Desktop/RI-AI/install/message_info/include/message_info/msg/detail/ball_info__functions.c
[21.846s] -- Up-to-date: /Users/mukuyo/Desktop/RI-AI/install/message_info/include/message_info/msg/detail/referee__type_support.h
[21.847s] -- Up-to-date: /Users/mukuyo/Desktop/RI-AI/install/message_info/include/message_info/msg/detail/vision_detections__type_support.h
[21.847s] -- Up-to-date: /Users/mukuyo/Desktop/RI-AI/install/message_info/include/message_info/msg/detail/referee__functions.c
[21.847s] -- Up-to-date: /Users/mukuyo/Desktop/RI-AI/install/message_info/include/message_info/msg/detail/vision_detections__functions.c
[21.847s] -- Up-to-date: /Users/mukuyo/Desktop/RI-AI/install/message_info/include/message_info/msg/detail/detection_ball__functions.c
[21.847s] -- Up-to-date: /Users/mukuyo/Desktop/RI-AI/install/message_info/include/message_info/msg/detail/field_circular_arc__functions.c
[21.847s] -- Up-to-date: /Users/mukuyo/Desktop/RI-AI/install/message_info/include/message_info/msg/detail/referee_game_event__functions.h
[21.848s] -- Up-to-date: /Users/mukuyo/Desktop/RI-AI/install/message_info/include/message_info/msg/detail/robot_commands__struct.h
[21.848s] -- Up-to-date: /Users/mukuyo/Desktop/RI-AI/install/message_info/include/message_info/msg/detail/field_line_segment__functions.c
[21.848s] -- Up-to-date: /Users/mukuyo/Desktop/RI-AI/install/message_info/include/message_info/msg/detail/robot_commands__functions.h
[21.848s] -- Up-to-date: /Users/mukuyo/Desktop/RI-AI/install/message_info/include/message_info/msg/detail/robot_command__functions.h
[21.848s] -- Up-to-date: /Users/mukuyo/Desktop/RI-AI/install/message_info/include/message_info/msg/detail/test__type_support.h
[21.848s] -- Up-to-date: /Users/mukuyo/Desktop/RI-AI/install/message_info/include/message_info/msg/detail/robot_commands__type_support.h
[21.849s] -- Up-to-date: /Users/mukuyo/Desktop/RI-AI/install/message_info/include/message_info/msg/detail/detection_frame__functions.h
[21.849s] -- Up-to-date: /Users/mukuyo/Desktop/RI-AI/install/message_info/include/message_info/msg/detail/field_line_segment__struct.h
[21.849s] -- Up-to-date: /Users/mukuyo/Desktop/RI-AI/install/message_info/include/message_info/msg/detail/detection_robot__functions.h
[21.849s] -- Up-to-date: /Users/mukuyo/Desktop/RI-AI/install/message_info/include/message_info/msg/detail/test__struct.h
[21.849s] -- Up-to-date: /Users/mukuyo/Desktop/RI-AI/install/message_info/include/message_info/msg/detail/detection_robot__struct.h
[21.849s] -- Up-to-date: /Users/mukuyo/Desktop/RI-AI/install/message_info/include/message_info/msg/detail/vision_geometry__struct.h
[21.850s] -- Up-to-date: /Users/mukuyo/Desktop/RI-AI/install/message_info/include/message_info/msg/detail/field_line_segment__type_support.h
[21.850s] -- Up-to-date: /Users/mukuyo/Desktop/RI-AI/install/message_info/include/message_info/msg/detail/test__functions.c
[21.850s] -- Up-to-date: /Users/mukuyo/Desktop/RI-AI/install/message_info/include/message_info/msg/detail/referee_team_info__functions.h
[21.850s] -- Up-to-date: /Users/mukuyo/Desktop/RI-AI/install/message_info/include/message_info/msg/detail/detection_ball__type_support.h
[21.850s] -- Up-to-date: /Users/mukuyo/Desktop/RI-AI/install/message_info/include/message_info/msg/detail/goal_info__type_support.h
[21.850s] -- Up-to-date: /Users/mukuyo/Desktop/RI-AI/install/message_info/include/message_info/msg/detail/goal_info__functions.h
[21.851s] -- Up-to-date: /Users/mukuyo/Desktop/RI-AI/install/message_info/include/message_info/msg/detail/referee__functions.h
[21.851s] -- Up-to-date: /Users/mukuyo/Desktop/RI-AI/install/message_info/include/message_info/msg/detail/referee_team_info__type_support.h
[21.851s] -- Up-to-date: /Users/mukuyo/Desktop/RI-AI/install/message_info/include/message_info/msg/detail/detection_robot__type_support.h
[21.851s] -- Up-to-date: /Users/mukuyo/Desktop/RI-AI/install/message_info/include/message_info/msg/detail/ball_info__functions.h
[21.851s] -- Up-to-date: /Users/mukuyo/Desktop/RI-AI/install/message_info/include/message_info/msg/detail/vision_geometry__functions.c
[21.851s] -- Up-to-date: /Users/mukuyo/Desktop/RI-AI/install/message_info/include/message_info/msg/detail/ball_info__type_support.h
[21.852s] -- Up-to-date: /Users/mukuyo/Desktop/RI-AI/install/message_info/include/message_info/msg/detail/goal_info__struct.h
[21.852s] -- Up-to-date: /Users/mukuyo/Desktop/RI-AI/install/message_info/include/message_info/msg/detail/field_line_segment__functions.h
[21.852s] -- Up-to-date: /Users/mukuyo/Desktop/RI-AI/install/message_info/include/message_info/msg/detail/detection_ball__functions.h
[21.852s] -- Up-to-date: /Users/mukuyo/Desktop/RI-AI/install/message_info/include/message_info/msg/detail/vision_detections__functions.h
[21.852s] -- Up-to-date: /Users/mukuyo/Desktop/RI-AI/install/message_info/include/message_info/msg/detail/referee_game_event__functions.c
[21.853s] -- Up-to-date: /Users/mukuyo/Desktop/RI-AI/install/message_info/include/message_info/msg/detail/field_circular_arc__functions.h
[21.853s] -- Up-to-date: /Users/mukuyo/Desktop/RI-AI/install/message_info/include/message_info/msg/detail/robot_command__type_support.h
[21.853s] -- Up-to-date: /Users/mukuyo/Desktop/RI-AI/install/message_info/include/message_info/msg/ball_info.h
[21.853s] -- Up-to-date: /Users/mukuyo/Desktop/RI-AI/install/message_info/include/message_info/msg/referee.h
[21.853s] -- Up-to-date: /Users/mukuyo/Desktop/RI-AI/install/message_info/include/message_info/msg/robot_commands.h
[21.853s] -- Up-to-date: /Users/mukuyo/Desktop/RI-AI/install/message_info/include/message_info/msg/vision_geometry.h
[21.854s] -- Up-to-date: /Users/mukuyo/Desktop/RI-AI/install/message_info/share/message_info/environment/library_path.sh
[21.854s] -- Up-to-date: /Users/mukuyo/Desktop/RI-AI/install/message_info/share/message_info/environment/library_path.dsv
[21.854s] -- Installing: /Users/mukuyo/Desktop/RI-AI/install/message_info/lib/libmessage_info__rosidl_generator_c.dylib
[21.948s] -- Up-to-date: /Users/mukuyo/Desktop/RI-AI/install/message_info/include/message_info
[21.949s] -- Up-to-date: /Users/mukuyo/Desktop/RI-AI/install/message_info/include/message_info/msg
[21.950s] -- Up-to-date: /Users/mukuyo/Desktop/RI-AI/install/message_info/include/message_info/msg/detail
[21.950s] -- Up-to-date: /Users/mukuyo/Desktop/RI-AI/install/message_info/include/message_info/msg/detail/field_line_segment__rosidl_typesupport_fastrtps_c.h
[21.950s] -- Up-to-date: /Users/mukuyo/Desktop/RI-AI/install/message_info/include/message_info/msg/detail/detection_frame__rosidl_typesupport_fastrtps_c.h
[21.951s] -- Up-to-date: /Users/mukuyo/Desktop/RI-AI/install/message_info/include/message_info/msg/detail/detection_ball__rosidl_typesupport_fastrtps_c.h
[21.951s] -- Up-to-date: /Users/mukuyo/Desktop/RI-AI/install/message_info/include/message_info/msg/detail/referee_team_info__rosidl_typesupport_fastrtps_c.h
[21.951s] -- Up-to-date: /Users/mukuyo/Desktop/RI-AI/install/message_info/include/message_info/msg/detail/robot_command__rosidl_typesupport_fastrtps_c.h
[21.951s] -- Up-to-date: /Users/mukuyo/Desktop/RI-AI/install/message_info/include/message_info/msg/detail/goal_info__rosidl_typesupport_fastrtps_c.h
[21.951s] -- Up-to-date: /Users/mukuyo/Desktop/RI-AI/install/message_info/include/message_info/msg/detail/vision_geometry__rosidl_typesupport_fastrtps_c.h
[21.952s] -- Up-to-date: /Users/mukuyo/Desktop/RI-AI/install/message_info/include/message_info/msg/detail/field_circular_arc__rosidl_typesupport_fastrtps_c.h
[21.952s] -- Up-to-date: /Users/mukuyo/Desktop/RI-AI/install/message_info/include/message_info/msg/detail/ball_info__rosidl_typesupport_fastrtps_c.h
[21.952s] -- Up-to-date: /Users/mukuyo/Desktop/RI-AI/install/message_info/include/message_info/msg/detail/referee_game_event__rosidl_typesupport_fastrtps_c.h
[21.952s] -- Up-to-date: /Users/mukuyo/Desktop/RI-AI/install/message_info/include/message_info/msg/detail/robot_commands__rosidl_typesupport_fastrtps_c.h
[21.952s] -- Up-to-date: /Users/mukuyo/Desktop/RI-AI/install/message_info/include/message_info/msg/detail/test__rosidl_typesupport_fastrtps_c.h
[21.952s] -- Up-to-date: /Users/mukuyo/Desktop/RI-AI/install/message_info/include/message_info/msg/detail/detection_robot__rosidl_typesupport_fastrtps_c.h
[21.953s] -- Up-to-date: /Users/mukuyo/Desktop/RI-AI/install/message_info/include/message_info/msg/detail/referee__rosidl_typesupport_fastrtps_c.h
[21.953s] -- Up-to-date: /Users/mukuyo/Desktop/RI-AI/install/message_info/include/message_info/msg/detail/vision_detections__rosidl_typesupport_fastrtps_c.h
[21.953s] -- Up-to-date: /Users/mukuyo/Desktop/RI-AI/install/message_info/include/message_info/msg/rosidl_typesupport_fastrtps_c__visibility_control.h
[21.953s] -- Installing: /Users/mukuyo/Desktop/RI-AI/install/message_info/lib/libmessage_info__rosidl_typesupport_fastrtps_c.dylib
[22.105s] -- Up-to-date: /Users/mukuyo/Desktop/RI-AI/install/message_info/include/message_info
[22.106s] -- Up-to-date: /Users/mukuyo/Desktop/RI-AI/install/message_info/include/message_info/msg
[22.106s] -- Up-to-date: /Users/mukuyo/Desktop/RI-AI/install/message_info/include/message_info/msg/rosidl_typesupport_fastrtps_cpp__visibility_control.h
[22.107s] -- Up-to-date: /Users/mukuyo/Desktop/RI-AI/install/message_info/include/message_info/msg/detail
[22.107s] -- Up-to-date: /Users/mukuyo/Desktop/RI-AI/install/message_info/include/message_info/msg/detail/referee__rosidl_typesupport_fastrtps_cpp.hpp
[22.107s] -- Up-to-date: /Users/mukuyo/Desktop/RI-AI/install/message_info/include/message_info/msg/detail/referee_team_info__rosidl_typesupport_fastrtps_cpp.hpp
[22.108s] -- Up-to-date: /Users/mukuyo/Desktop/RI-AI/install/message_info/include/message_info/msg/detail/detection_robot__rosidl_typesupport_fastrtps_cpp.hpp
[22.108s] -- Up-to-date: /Users/mukuyo/Desktop/RI-AI/install/message_info/include/message_info/msg/detail/vision_geometry__rosidl_typesupport_fastrtps_cpp.hpp
[22.108s] -- Up-to-date: /Users/mukuyo/Desktop/RI-AI/install/message_info/include/message_info/msg/detail/referee_game_event__rosidl_typesupport_fastrtps_cpp.hpp
[22.108s] -- Up-to-date: /Users/mukuyo/Desktop/RI-AI/install/message_info/include/message_info/msg/detail/field_line_segment__rosidl_typesupport_fastrtps_cpp.hpp
[22.108s] -- Up-to-date: /Users/mukuyo/Desktop/RI-AI/install/message_info/include/message_info/msg/detail/robot_command__rosidl_typesupport_fastrtps_cpp.hpp
[22.108s] -- Up-to-date: /Users/mukuyo/Desktop/RI-AI/install/message_info/include/message_info/msg/detail/test__rosidl_typesupport_fastrtps_cpp.hpp
[22.109s] -- Up-to-date: /Users/mukuyo/Desktop/RI-AI/install/message_info/include/message_info/msg/detail/vision_detections__rosidl_typesupport_fastrtps_cpp.hpp
[22.109s] -- Up-to-date: /Users/mukuyo/Desktop/RI-AI/install/message_info/include/message_info/msg/detail/field_circular_arc__rosidl_typesupport_fastrtps_cpp.hpp
[22.109s] -- Up-to-date: /Users/mukuyo/Desktop/RI-AI/install/message_info/include/message_info/msg/detail/robot_commands__rosidl_typesupport_fastrtps_cpp.hpp
[22.109s] -- Up-to-date: /Users/mukuyo/Desktop/RI-AI/install/message_info/include/message_info/msg/detail/detection_ball__rosidl_typesupport_fastrtps_cpp.hpp
[22.110s] -- Up-to-date: /Users/mukuyo/Desktop/RI-AI/install/message_info/include/message_info/msg/detail/detection_frame__rosidl_typesupport_fastrtps_cpp.hpp
[22.110s] -- Up-to-date: /Users/mukuyo/Desktop/RI-AI/install/message_info/include/message_info/msg/detail/dds_fastrtps
[22.110s] -- Up-to-date: /Users/mukuyo/Desktop/RI-AI/install/message_info/include/message_info/msg/detail/ball_info__rosidl_typesupport_fastrtps_cpp.hpp
[22.110s] -- Up-to-date: /Users/mukuyo/Desktop/RI-AI/install/message_info/include/message_info/msg/detail/goal_info__rosidl_typesupport_fastrtps_cpp.hpp
[22.111s] -- Installing: /Users/mukuyo/Desktop/RI-AI/install/message_info/lib/libmessage_info__rosidl_typesupport_fastrtps_cpp.dylib
[22.214s] -- Up-to-date: /Users/mukuyo/Desktop/RI-AI/install/message_info/include/message_info
[22.215s] -- Up-to-date: /Users/mukuyo/Desktop/RI-AI/install/message_info/include/message_info/msg
[22.216s] -- Up-to-date: /Users/mukuyo/Desktop/RI-AI/install/message_info/include/message_info/msg/detail
[22.217s] -- Up-to-date: /Users/mukuyo/Desktop/RI-AI/install/message_info/include/message_info/msg/detail/field_line_segment__type_support.c
[22.217s] -- Up-to-date: /Users/mukuyo/Desktop/RI-AI/install/message_info/include/message_info/msg/detail/robot_commands__type_support.c
[22.218s] -- Up-to-date: /Users/mukuyo/Desktop/RI-AI/install/message_info/include/message_info/msg/detail/test__type_support.c
[22.218s] -- Up-to-date: /Users/mukuyo/Desktop/RI-AI/install/message_info/include/message_info/msg/detail/goal_info__type_support.c
[22.218s] -- Up-to-date: /Users/mukuyo/Desktop/RI-AI/install/message_info/include/message_info/msg/detail/referee_game_event__rosidl_typesupport_introspection_c.h
[22.219s] -- Up-to-date: /Users/mukuyo/Desktop/RI-AI/install/message_info/include/message_info/msg/detail/field_line_segment__rosidl_typesupport_introspection_c.h
[22.219s] -- Up-to-date: /Users/mukuyo/Desktop/RI-AI/install/message_info/include/message_info/msg/detail/goal_info__rosidl_typesupport_introspection_c.h
[22.219s] -- Up-to-date: /Users/mukuyo/Desktop/RI-AI/install/message_info/include/message_info/msg/detail/detection_ball__type_support.c
[22.219s] -- Up-to-date: /Users/mukuyo/Desktop/RI-AI/install/message_info/include/message_info/msg/detail/robot_commands__rosidl_typesupport_introspection_c.h
[22.219s] -- Up-to-date: /Users/mukuyo/Desktop/RI-AI/install/message_info/include/message_info/msg/detail/ball_info__type_support.c
[22.219s] -- Up-to-date: /Users/mukuyo/Desktop/RI-AI/install/message_info/include/message_info/msg/detail/detection_robot__type_support.c
[22.220s] -- Up-to-date: /Users/mukuyo/Desktop/RI-AI/install/message_info/include/message_info/msg/detail/referee_team_info__type_support.c
[22.220s] -- Up-to-date: /Users/mukuyo/Desktop/RI-AI/install/message_info/include/message_info/msg/detail/robot_command__type_support.c
[22.220s] -- Up-to-date: /Users/mukuyo/Desktop/RI-AI/install/message_info/include/message_info/msg/detail/field_circular_arc__rosidl_typesupport_introspection_c.h
[22.220s] -- Up-to-date: /Users/mukuyo/Desktop/RI-AI/install/message_info/include/message_info/msg/detail/robot_command__rosidl_typesupport_introspection_c.h
[22.220s] -- Up-to-date: /Users/mukuyo/Desktop/RI-AI/install/message_info/include/message_info/msg/detail/vision_detections__rosidl_typesupport_introspection_c.h
[22.220s] -- Up-to-date: /Users/mukuyo/Desktop/RI-AI/install/message_info/include/message_info/msg/detail/vision_geometry__type_support.c
[22.221s] -- Up-to-date: /Users/mukuyo/Desktop/RI-AI/install/message_info/include/message_info/msg/detail/detection_frame__type_support.c
[22.221s] -- Up-to-date: /Users/mukuyo/Desktop/RI-AI/install/message_info/include/message_info/msg/detail/detection_frame__rosidl_typesupport_introspection_c.h
[22.221s] -- Up-to-date: /Users/mukuyo/Desktop/RI-AI/install/message_info/include/message_info/msg/detail/test__rosidl_typesupport_introspection_c.h
[22.221s] -- Up-to-date: /Users/mukuyo/Desktop/RI-AI/install/message_info/include/message_info/msg/detail/field_circular_arc__type_support.c
[22.222s] -- Up-to-date: /Users/mukuyo/Desktop/RI-AI/install/message_info/include/message_info/msg/detail/referee_game_event__type_support.c
[22.222s] -- Up-to-date: /Users/mukuyo/Desktop/RI-AI/install/message_info/include/message_info/msg/detail/detection_ball__rosidl_typesupport_introspection_c.h
[22.222s] -- Up-to-date: /Users/mukuyo/Desktop/RI-AI/install/message_info/include/message_info/msg/detail/vision_detections__type_support.c
[22.222s] -- Up-to-date: /Users/mukuyo/Desktop/RI-AI/install/message_info/include/message_info/msg/detail/vision_geometry__rosidl_typesupport_introspection_c.h
[22.222s] -- Up-to-date: /Users/mukuyo/Desktop/RI-AI/install/message_info/include/message_info/msg/detail/referee__type_support.c
[22.223s] -- Up-to-date: /Users/mukuyo/Desktop/RI-AI/install/message_info/include/message_info/msg/detail/referee_team_info__rosidl_typesupport_introspection_c.h
[22.223s] -- Up-to-date: /Users/mukuyo/Desktop/RI-AI/install/message_info/include/message_info/msg/detail/ball_info__rosidl_typesupport_introspection_c.h
[22.223s] -- Up-to-date: /Users/mukuyo/Desktop/RI-AI/install/message_info/include/message_info/msg/detail/referee__rosidl_typesupport_introspection_c.h
[22.223s] -- Up-to-date: /Users/mukuyo/Desktop/RI-AI/install/message_info/include/message_info/msg/detail/detection_robot__rosidl_typesupport_introspection_c.h
[22.223s] -- Up-to-date: /Users/mukuyo/Desktop/RI-AI/install/message_info/include/message_info/msg/rosidl_typesupport_introspection_c__visibility_control.h
[22.223s] -- Installing: /Users/mukuyo/Desktop/RI-AI/install/message_info/lib/libmessage_info__rosidl_typesupport_introspection_c.dylib
[22.370s] -- Installing: /Users/mukuyo/Desktop/RI-AI/install/message_info/lib/libmessage_info__rosidl_typesupport_c.dylib
[22.472s] -- Up-to-date: /Users/mukuyo/Desktop/RI-AI/install/message_info/include/message_info
[22.473s] -- Up-to-date: /Users/mukuyo/Desktop/RI-AI/install/message_info/include/message_info/msg
[22.473s] -- Up-to-date: /Users/mukuyo/Desktop/RI-AI/install/message_info/include/message_info/msg/detection_robot.hpp
[22.474s] -- Up-to-date: /Users/mukuyo/Desktop/RI-AI/install/message_info/include/message_info/msg/field_circular_arc.hpp
[22.475s] -- Up-to-date: /Users/mukuyo/Desktop/RI-AI/install/message_info/include/message_info/msg/ball_info.hpp
[22.475s] -- Up-to-date: /Users/mukuyo/Desktop/RI-AI/install/message_info/include/message_info/msg/detection_frame.hpp
[22.476s] -- Up-to-date: /Users/mukuyo/Desktop/RI-AI/install/message_info/include/message_info/msg/referee_game_event.hpp
[22.477s] -- Up-to-date: /Users/mukuyo/Desktop/RI-AI/install/message_info/include/message_info/msg/robot_commands.hpp
[22.478s] -- Up-to-date: /Users/mukuyo/Desktop/RI-AI/install/message_info/include/message_info/msg/vision_detections.hpp
[22.478s] -- Up-to-date: /Users/mukuyo/Desktop/RI-AI/install/message_info/include/message_info/msg/detail
[22.479s] -- Up-to-date: /Users/mukuyo/Desktop/RI-AI/install/message_info/include/message_info/msg/detail/robot_command__traits.hpp
[22.480s] -- Up-to-date: /Users/mukuyo/Desktop/RI-AI/install/message_info/include/message_info/msg/detail/detection_ball__traits.hpp
[22.481s] -- Up-to-date: /Users/mukuyo/Desktop/RI-AI/install/message_info/include/message_info/msg/detail/field_circular_arc__builder.hpp
[22.482s] -- Up-to-date: /Users/mukuyo/Desktop/RI-AI/install/message_info/include/message_info/msg/detail/referee__struct.hpp
[22.483s] -- Up-to-date: /Users/mukuyo/Desktop/RI-AI/install/message_info/include/message_info/msg/detail/detection_ball__builder.hpp
[22.484s] -- Up-to-date: /Users/mukuyo/Desktop/RI-AI/install/message_info/include/message_info/msg/detail/vision_detections__builder.hpp
[22.484s] -- Up-to-date: /Users/mukuyo/Desktop/RI-AI/install/message_info/include/message_info/msg/detail/test__traits.hpp
[22.485s] -- Up-to-date: /Users/mukuyo/Desktop/RI-AI/install/message_info/include/message_info/msg/detail/goal_info__traits.hpp
[22.485s] -- Up-to-date: /Users/mukuyo/Desktop/RI-AI/install/message_info/include/message_info/msg/detail/detection_frame__struct.hpp
[22.485s] -- Up-to-date: /Users/mukuyo/Desktop/RI-AI/install/message_info/include/message_info/msg/detail/field_line_segment__builder.hpp
[22.485s] -- Up-to-date: /Users/mukuyo/Desktop/RI-AI/install/message_info/include/message_info/msg/detail/detection_robot__traits.hpp
[22.486s] -- Up-to-date: /Users/mukuyo/Desktop/RI-AI/install/message_info/include/message_info/msg/detail/ball_info__builder.hpp
[22.486s] -- Up-to-date: /Users/mukuyo/Desktop/RI-AI/install/message_info/include/message_info/msg/detail/referee_game_event__struct.hpp
[22.486s] -- Up-to-date: /Users/mukuyo/Desktop/RI-AI/install/message_info/include/message_info/msg/detail/vision_geometry__struct.hpp
[22.486s] -- Up-to-date: /Users/mukuyo/Desktop/RI-AI/install/message_info/include/message_info/msg/detail/referee__builder.hpp
[22.486s] -- Up-to-date: /Users/mukuyo/Desktop/RI-AI/install/message_info/include/message_info/msg/detail/goal_info__builder.hpp
[22.487s] -- Up-to-date: /Users/mukuyo/Desktop/RI-AI/install/message_info/include/message_info/msg/detail/vision_detections__struct.hpp
[22.487s] -- Up-to-date: /Users/mukuyo/Desktop/RI-AI/install/message_info/include/message_info/msg/detail/referee_team_info__builder.hpp
[22.487s] -- Up-to-date: /Users/mukuyo/Desktop/RI-AI/install/message_info/include/message_info/msg/detail/field_circular_arc__struct.hpp
[22.487s] -- Up-to-date: /Users/mukuyo/Desktop/RI-AI/install/message_info/include/message_info/msg/detail/ball_info__struct.hpp
[22.487s] -- Up-to-date: /Users/mukuyo/Desktop/RI-AI/install/message_info/include/message_info/msg/detail/field_line_segment__struct.hpp
[22.488s] -- Up-to-date: /Users/mukuyo/Desktop/RI-AI/install/message_info/include/message_info/msg/detail/robot_commands__struct.hpp
[22.488s] -- Up-to-date: /Users/mukuyo/Desktop/RI-AI/install/message_info/include/message_info/msg/detail/detection_robot__builder.hpp
[22.488s] -- Up-to-date: /Users/mukuyo/Desktop/RI-AI/install/message_info/include/message_info/msg/detail/referee_team_info__struct.hpp
[22.488s] -- Up-to-date: /Users/mukuyo/Desktop/RI-AI/install/message_info/include/message_info/msg/detail/detection_frame__builder.hpp
[22.488s] -- Up-to-date: /Users/mukuyo/Desktop/RI-AI/install/message_info/include/message_info/msg/detail/robot_command__builder.hpp
[22.488s] -- Up-to-date: /Users/mukuyo/Desktop/RI-AI/install/message_info/include/message_info/msg/detail/robot_commands__builder.hpp
[22.489s] -- Up-to-date: /Users/mukuyo/Desktop/RI-AI/install/message_info/include/message_info/msg/detail/detection_robot__struct.hpp
[22.489s] -- Up-to-date: /Users/mukuyo/Desktop/RI-AI/install/message_info/include/message_info/msg/detail/goal_info__struct.hpp
[22.489s] -- Up-to-date: /Users/mukuyo/Desktop/RI-AI/install/message_info/include/message_info/msg/detail/detection_frame__traits.hpp
[22.489s] -- Up-to-date: /Users/mukuyo/Desktop/RI-AI/install/message_info/include/message_info/msg/detail/detection_ball__struct.hpp
[22.489s] -- Up-to-date: /Users/mukuyo/Desktop/RI-AI/install/message_info/include/message_info/msg/detail/referee_game_event__builder.hpp
[22.489s] -- Up-to-date: /Users/mukuyo/Desktop/RI-AI/install/message_info/include/message_info/msg/detail/referee__traits.hpp
[22.490s] -- Up-to-date: /Users/mukuyo/Desktop/RI-AI/install/message_info/include/message_info/msg/detail/test__struct.hpp
[22.490s] -- Up-to-date: /Users/mukuyo/Desktop/RI-AI/install/message_info/include/message_info/msg/detail/robot_command__struct.hpp
[22.490s] -- Up-to-date: /Users/mukuyo/Desktop/RI-AI/install/message_info/include/message_info/msg/detail/vision_geometry__traits.hpp
[22.490s] -- Up-to-date: /Users/mukuyo/Desktop/RI-AI/install/message_info/include/message_info/msg/detail/referee_game_event__traits.hpp
[22.490s] -- Up-to-date: /Users/mukuyo/Desktop/RI-AI/install/message_info/include/message_info/msg/detail/vision_geometry__builder.hpp
[22.490s] -- Up-to-date: /Users/mukuyo/Desktop/RI-AI/install/message_info/include/message_info/msg/detail/field_circular_arc__traits.hpp
[22.491s] -- Up-to-date: /Users/mukuyo/Desktop/RI-AI/install/message_info/include/message_info/msg/detail/ball_info__traits.hpp
[22.491s] -- Up-to-date: /Users/mukuyo/Desktop/RI-AI/install/message_info/include/message_info/msg/detail/test__builder.hpp
[22.491s] -- Up-to-date: /Users/mukuyo/Desktop/RI-AI/install/message_info/include/message_info/msg/detail/field_line_segment__traits.hpp
[22.491s] -- Up-to-date: /Users/mukuyo/Desktop/RI-AI/install/message_info/include/message_info/msg/detail/vision_detections__traits.hpp
[22.491s] -- Up-to-date: /Users/mukuyo/Desktop/RI-AI/install/message_info/include/message_info/msg/detail/referee_team_info__traits.hpp
[22.491s] -- Up-to-date: /Users/mukuyo/Desktop/RI-AI/install/message_info/include/message_info/msg/detail/robot_commands__traits.hpp
[22.492s] -- Up-to-date: /Users/mukuyo/Desktop/RI-AI/install/message_info/include/message_info/msg/test.hpp
[22.492s] -- Up-to-date: /Users/mukuyo/Desktop/RI-AI/install/message_info/include/message_info/msg/field_line_segment.hpp
[22.492s] -- Up-to-date: /Users/mukuyo/Desktop/RI-AI/install/message_info/include/message_info/msg/referee.hpp
[22.492s] -- Up-to-date: /Users/mukuyo/Desktop/RI-AI/install/message_info/include/message_info/msg/robot_command.hpp
[22.492s] -- Up-to-date: /Users/mukuyo/Desktop/RI-AI/install/message_info/include/message_info/msg/referee_team_info.hpp
[22.493s] -- Up-to-date: /Users/mukuyo/Desktop/RI-AI/install/message_info/include/message_info/msg/detection_ball.hpp
[22.493s] -- Up-to-date: /Users/mukuyo/Desktop/RI-AI/install/message_info/include/message_info/msg/vision_geometry.hpp
[22.493s] -- Up-to-date: /Users/mukuyo/Desktop/RI-AI/install/message_info/include/message_info/msg/goal_info.hpp
[22.493s] -- Up-to-date: /Users/mukuyo/Desktop/RI-AI/install/message_info/include/message_info
[22.493s] -- Up-to-date: /Users/mukuyo/Desktop/RI-AI/install/message_info/include/message_info/msg
[22.493s] -- Up-to-date: /Users/mukuyo/Desktop/RI-AI/install/message_info/include/message_info/msg/detail
[22.494s] -- Up-to-date: /Users/mukuyo/Desktop/RI-AI/install/message_info/include/message_info/msg/detail/referee_team_info__rosidl_typesupport_introspection_cpp.hpp
[22.494s] -- Up-to-date: /Users/mukuyo/Desktop/RI-AI/install/message_info/include/message_info/msg/detail/vision_detections__rosidl_typesupport_introspection_cpp.hpp
[22.494s] -- Up-to-date: /Users/mukuyo/Desktop/RI-AI/install/message_info/include/message_info/msg/detail/robot_command__type_support.cpp
[22.494s] -- Up-to-date: /Users/mukuyo/Desktop/RI-AI/install/message_info/include/message_info/msg/detail/vision_detections__type_support.cpp
[22.494s] -- Up-to-date: /Users/mukuyo/Desktop/RI-AI/install/message_info/include/message_info/msg/detail/detection_ball__rosidl_typesupport_introspection_cpp.hpp
[22.495s] -- Up-to-date: /Users/mukuyo/Desktop/RI-AI/install/message_info/include/message_info/msg/detail/vision_geometry__rosidl_typesupport_introspection_cpp.hpp
[22.495s] -- Up-to-date: /Users/mukuyo/Desktop/RI-AI/install/message_info/include/message_info/msg/detail/referee_team_info__type_support.cpp
[22.495s] -- Up-to-date: /Users/mukuyo/Desktop/RI-AI/install/message_info/include/message_info/msg/detail/detection_ball__type_support.cpp
[22.495s] -- Up-to-date: /Users/mukuyo/Desktop/RI-AI/install/message_info/include/message_info/msg/detail/goal_info__rosidl_typesupport_introspection_cpp.hpp
[22.495s] -- Up-to-date: /Users/mukuyo/Desktop/RI-AI/install/message_info/include/message_info/msg/detail/robot_command__rosidl_typesupport_introspection_cpp.hpp
[22.496s] -- Up-to-date: /Users/mukuyo/Desktop/RI-AI/install/message_info/include/message_info/msg/detail/detection_robot__rosidl_typesupport_introspection_cpp.hpp
[22.496s] -- Up-to-date: /Users/mukuyo/Desktop/RI-AI/install/message_info/include/message_info/msg/detail/field_line_segment__rosidl_typesupport_introspection_cpp.hpp
[22.496s] -- Up-to-date: /Users/mukuyo/Desktop/RI-AI/install/message_info/include/message_info/msg/detail/field_line_segment__type_support.cpp
[22.496s] -- Up-to-date: /Users/mukuyo/Desktop/RI-AI/install/message_info/include/message_info/msg/detail/robot_commands__type_support.cpp
[22.497s] -- Up-to-date: /Users/mukuyo/Desktop/RI-AI/install/message_info/include/message_info/msg/detail/referee_game_event__type_support.cpp
[22.497s] -- Up-to-date: /Users/mukuyo/Desktop/RI-AI/install/message_info/include/message_info/msg/detail/field_circular_arc__rosidl_typesupport_introspection_cpp.hpp
[22.497s] -- Up-to-date: /Users/mukuyo/Desktop/RI-AI/install/message_info/include/message_info/msg/detail/robot_commands__rosidl_typesupport_introspection_cpp.hpp
[22.497s] -- Up-to-date: /Users/mukuyo/Desktop/RI-AI/install/message_info/include/message_info/msg/detail/test__rosidl_typesupport_introspection_cpp.hpp
[22.498s] -- Up-to-date: /Users/mukuyo/Desktop/RI-AI/install/message_info/include/message_info/msg/detail/vision_geometry__type_support.cpp
[22.498s] -- Up-to-date: /Users/mukuyo/Desktop/RI-AI/install/message_info/include/message_info/msg/detail/detection_robot__type_support.cpp
[22.498s] -- Up-to-date: /Users/mukuyo/Desktop/RI-AI/install/message_info/include/message_info/msg/detail/detection_frame__rosidl_typesupport_introspection_cpp.hpp
[22.498s] -- Up-to-date: /Users/mukuyo/Desktop/RI-AI/install/message_info/include/message_info/msg/detail/goal_info__type_support.cpp
[22.499s] -- Up-to-date: /Users/mukuyo/Desktop/RI-AI/install/message_info/include/message_info/msg/detail/field_circular_arc__type_support.cpp
[22.499s] -- Up-to-date: /Users/mukuyo/Desktop/RI-AI/install/message_info/include/message_info/msg/detail/ball_info__rosidl_typesupport_introspection_cpp.hpp
[22.499s] -- Up-to-date: /Users/mukuyo/Desktop/RI-AI/install/message_info/include/message_info/msg/detail/referee__rosidl_typesupport_introspection_cpp.hpp
[22.499s] -- Up-to-date: /Users/mukuyo/Desktop/RI-AI/install/message_info/include/message_info/msg/detail/referee_game_event__rosidl_typesupport_introspection_cpp.hpp
[22.499s] -- Up-to-date: /Users/mukuyo/Desktop/RI-AI/install/message_info/include/message_info/msg/detail/referee__type_support.cpp
[22.500s] -- Up-to-date: /Users/mukuyo/Desktop/RI-AI/install/message_info/include/message_info/msg/detail/detection_frame__type_support.cpp
[22.500s] -- Up-to-date: /Users/mukuyo/Desktop/RI-AI/install/message_info/include/message_info/msg/detail/test__type_support.cpp
[22.500s] -- Up-to-date: /Users/mukuyo/Desktop/RI-AI/install/message_info/include/message_info/msg/detail/ball_info__type_support.cpp
[22.500s] -- Installing: /Users/mukuyo/Desktop/RI-AI/install/message_info/lib/libmessage_info__rosidl_typesupport_introspection_cpp.dylib
[22.586s] -- Installing: /Users/mukuyo/Desktop/RI-AI/install/message_info/lib/libmessage_info__rosidl_typesupport_cpp.dylib
[22.689s] -- Up-to-date: /Users/mukuyo/Desktop/RI-AI/install/message_info/share/message_info/environment/pythonpath.sh
[22.689s] -- Up-to-date: /Users/mukuyo/Desktop/RI-AI/install/message_info/share/message_info/environment/pythonpath.dsv
[22.689s] -- Up-to-date: /Users/mukuyo/Desktop/RI-AI/install/message_info/lib/python3.8/site-packages/message_info/__init__.py
[22.822s] -- Up-to-date: /Users/mukuyo/Desktop/RI-AI/install/message_info/lib/python3.8/site-packages/message_info/msg
[22.823s] -- Up-to-date: /Users/mukuyo/Desktop/RI-AI/install/message_info/lib/python3.8/site-packages/message_info/msg/_referee_team_info_s.c
[22.824s] -- Up-to-date: /Users/mukuyo/Desktop/RI-AI/install/message_info/lib/python3.8/site-packages/message_info/msg/_field_circular_arc_s.c
[22.824s] -- Up-to-date: /Users/mukuyo/Desktop/RI-AI/install/message_info/lib/python3.8/site-packages/message_info/msg/_referee_team_info.py
[22.825s] -- Up-to-date: /Users/mukuyo/Desktop/RI-AI/install/message_info/lib/python3.8/site-packages/message_info/msg/_detection_frame_s.c
[22.825s] -- Up-to-date: /Users/mukuyo/Desktop/RI-AI/install/message_info/lib/python3.8/site-packages/message_info/msg/_detection_robot.py
[22.825s] -- Up-to-date: /Users/mukuyo/Desktop/RI-AI/install/message_info/lib/python3.8/site-packages/message_info/msg/_referee.py
[22.826s] -- Up-to-date: /Users/mukuyo/Desktop/RI-AI/install/message_info/lib/python3.8/site-packages/message_info/msg/_detection_robot_s.c
[22.826s] -- Up-to-date: /Users/mukuyo/Desktop/RI-AI/install/message_info/lib/python3.8/site-packages/message_info/msg/_goal_info.py
[22.826s] -- Up-to-date: /Users/mukuyo/Desktop/RI-AI/install/message_info/lib/python3.8/site-packages/message_info/msg/_vision_detections.py
[22.826s] -- Up-to-date: /Users/mukuyo/Desktop/RI-AI/install/message_info/lib/python3.8/site-packages/message_info/msg/_detection_frame.py
[22.826s] -- Up-to-date: /Users/mukuyo/Desktop/RI-AI/install/message_info/lib/python3.8/site-packages/message_info/msg/_robot_command.py
[22.827s] -- Up-to-date: /Users/mukuyo/Desktop/RI-AI/install/message_info/lib/python3.8/site-packages/message_info/msg/__init__.py
[22.827s] -- Up-to-date: /Users/mukuyo/Desktop/RI-AI/install/message_info/lib/python3.8/site-packages/message_info/msg/_referee_game_event.py
[22.827s] -- Up-to-date: /Users/mukuyo/Desktop/RI-AI/install/message_info/lib/python3.8/site-packages/message_info/msg/_ball_info_s.c
[22.827s] -- Up-to-date: /Users/mukuyo/Desktop/RI-AI/install/message_info/lib/python3.8/site-packages/message_info/msg/_robot_commands_s.c
[22.827s] -- Up-to-date: /Users/mukuyo/Desktop/RI-AI/install/message_info/lib/python3.8/site-packages/message_info/msg/_referee_game_event_s.c
[22.828s] -- Up-to-date: /Users/mukuyo/Desktop/RI-AI/install/message_info/lib/python3.8/site-packages/message_info/msg/_test.py
[22.828s] -- Up-to-date: /Users/mukuyo/Desktop/RI-AI/install/message_info/lib/python3.8/site-packages/message_info/msg/_field_circular_arc.py
[22.828s] -- Up-to-date: /Users/mukuyo/Desktop/RI-AI/install/message_info/lib/python3.8/site-packages/message_info/msg/_robot_command_s.c
[22.828s] -- Up-to-date: /Users/mukuyo/Desktop/RI-AI/install/message_info/lib/python3.8/site-packages/message_info/msg/_goal_info_s.c
[22.828s] -- Up-to-date: /Users/mukuyo/Desktop/RI-AI/install/message_info/lib/python3.8/site-packages/message_info/msg/_referee_s.c
[22.829s] -- Up-to-date: /Users/mukuyo/Desktop/RI-AI/install/message_info/lib/python3.8/site-packages/message_info/msg/_field_line_segment_s.c
[22.829s] -- Up-to-date: /Users/mukuyo/Desktop/RI-AI/install/message_info/lib/python3.8/site-packages/message_info/msg/_vision_detections_s.c
[22.829s] -- Up-to-date: /Users/mukuyo/Desktop/RI-AI/install/message_info/lib/python3.8/site-packages/message_info/msg/_vision_geometry_s.c
[22.829s] -- Up-to-date: /Users/mukuyo/Desktop/RI-AI/install/message_info/lib/python3.8/site-packages/message_info/msg/_robot_commands.py
[22.829s] -- Up-to-date: /Users/mukuyo/Desktop/RI-AI/install/message_info/lib/python3.8/site-packages/message_info/msg/_ball_info.py
[22.830s] -- Up-to-date: /Users/mukuyo/Desktop/RI-AI/install/message_info/lib/python3.8/site-packages/message_info/msg/_test_s.c
[22.830s] -- Up-to-date: /Users/mukuyo/Desktop/RI-AI/install/message_info/lib/python3.8/site-packages/message_info/msg/_detection_ball.py
[22.830s] -- Up-to-date: /Users/mukuyo/Desktop/RI-AI/install/message_info/lib/python3.8/site-packages/message_info/msg/_vision_geometry.py
[22.830s] -- Up-to-date: /Users/mukuyo/Desktop/RI-AI/install/message_info/lib/python3.8/site-packages/message_info/msg/_detection_ball_s.c
[22.830s] -- Up-to-date: /Users/mukuyo/Desktop/RI-AI/install/message_info/lib/python3.8/site-packages/message_info/msg/_field_line_segment.py
[22.831s] -- Installing: /Users/mukuyo/Desktop/RI-AI/install/message_info/lib/python3.8/site-packages/message_info/message_info_s__rosidl_typesupport_fastrtps_c.cpython-38-darwin.so
[23.239s] -- Installing: /Users/mukuyo/Desktop/RI-AI/install/message_info/lib/python3.8/site-packages/message_info/message_info_s__rosidl_typesupport_introspection_c.cpython-38-darwin.so
[23.649s] -- Installing: /Users/mukuyo/Desktop/RI-AI/install/message_info/lib/python3.8/site-packages/message_info/message_info_s__rosidl_typesupport_c.cpython-38-darwin.so
[24.067s] -- Installing: /Users/mukuyo/Desktop/RI-AI/install/message_info/lib/libmessage_info__python.dylib
[24.422s] -- Up-to-date: /Users/mukuyo/Desktop/RI-AI/install/message_info/share/message_info/msg/RefereeGameEvent.idl
[24.423s] -- Up-to-date: /Users/mukuyo/Desktop/RI-AI/install/message_info/share/message_info/msg/RefereeTeamInfo.idl
[24.423s] -- Up-to-date: /Users/mukuyo/Desktop/RI-AI/install/message_info/share/message_info/msg/Referee.idl
[24.424s] -- Up-to-date: /Users/mukuyo/Desktop/RI-AI/install/message_info/share/message_info/msg/FieldCircularArc.idl
[24.424s] -- Up-to-date: /Users/mukuyo/Desktop/RI-AI/install/message_info/share/message_info/msg/FieldLineSegment.idl
[24.425s] -- Up-to-date: /Users/mukuyo/Desktop/RI-AI/install/message_info/share/message_info/msg/VisionGeometry.idl
[24.426s] -- Up-to-date: /Users/mukuyo/Desktop/RI-AI/install/message_info/share/message_info/msg/DetectionBall.idl
[24.426s] -- Up-to-date: /Users/mukuyo/Desktop/RI-AI/install/message_info/share/message_info/msg/DetectionRobot.idl
[24.427s] -- Up-to-date: /Users/mukuyo/Desktop/RI-AI/install/message_info/share/message_info/msg/DetectionFrame.idl
[24.428s] -- Up-to-date: /Users/mukuyo/Desktop/RI-AI/install/message_info/share/message_info/msg/VisionDetections.idl
[24.428s] -- Up-to-date: /Users/mukuyo/Desktop/RI-AI/install/message_info/share/message_info/msg/RobotCommand.idl
[24.429s] -- Up-to-date: /Users/mukuyo/Desktop/RI-AI/install/message_info/share/message_info/msg/RobotCommands.idl
[24.430s] -- Up-to-date: /Users/mukuyo/Desktop/RI-AI/install/message_info/share/message_info/msg/Test.idl
[24.430s] -- Up-to-date: /Users/mukuyo/Desktop/RI-AI/install/message_info/share/message_info/msg/BallInfo.idl
[24.431s] -- Up-to-date: /Users/mukuyo/Desktop/RI-AI/install/message_info/share/message_info/msg/GoalInfo.idl
[24.431s] -- Up-to-date: /Users/mukuyo/Desktop/RI-AI/install/message_info/share/message_info/msg/RefereeGameEvent.msg
[24.431s] -- Up-to-date: /Users/mukuyo/Desktop/RI-AI/install/message_info/share/message_info/msg/RefereeTeamInfo.msg
[24.432s] -- Up-to-date: /Users/mukuyo/Desktop/RI-AI/install/message_info/share/message_info/msg/Referee.msg
[24.432s] -- Up-to-date: /Users/mukuyo/Desktop/RI-AI/install/message_info/share/message_info/msg/FieldCircularArc.msg
[24.432s] -- Up-to-date: /Users/mukuyo/Desktop/RI-AI/install/message_info/share/message_info/msg/FieldLineSegment.msg
[24.433s] -- Up-to-date: /Users/mukuyo/Desktop/RI-AI/install/message_info/share/message_info/msg/VisionGeometry.msg
[24.433s] -- Up-to-date: /Users/mukuyo/Desktop/RI-AI/install/message_info/share/message_info/msg/DetectionBall.msg
[24.434s] -- Up-to-date: /Users/mukuyo/Desktop/RI-AI/install/message_info/share/message_info/msg/DetectionRobot.msg
[24.434s] -- Up-to-date: /Users/mukuyo/Desktop/RI-AI/install/message_info/share/message_info/msg/DetectionFrame.msg
[24.434s] -- Up-to-date: /Users/mukuyo/Desktop/RI-AI/install/message_info/share/message_info/msg/VisionDetections.msg
[24.435s] -- Up-to-date: /Users/mukuyo/Desktop/RI-AI/install/message_info/share/message_info/msg/RobotCommand.msg
[24.435s] -- Up-to-date: /Users/mukuyo/Desktop/RI-AI/install/message_info/share/message_info/msg/RobotCommands.msg
[24.436s] -- Up-to-date: /Users/mukuyo/Desktop/RI-AI/install/message_info/share/message_info/msg/Test.msg
[24.436s] -- Up-to-date: /Users/mukuyo/Desktop/RI-AI/install/message_info/share/message_info/msg/BallInfo.msg
[24.437s] -- Up-to-date: /Users/mukuyo/Desktop/RI-AI/install/message_info/share/message_info/msg/GoalInfo.msg
[24.437s] -- Up-to-date: /Users/mukuyo/Desktop/RI-AI/install/message_info/share/ament_index/resource_index/package_run_dependencies/message_info
[24.437s] -- Up-to-date: /Users/mukuyo/Desktop/RI-AI/install/message_info/share/ament_index/resource_index/parent_prefix_path/message_info
[24.438s] -- Up-to-date: /Users/mukuyo/Desktop/RI-AI/install/message_info/share/message_info/environment/ament_prefix_path.sh
[24.438s] -- Up-to-date: /Users/mukuyo/Desktop/RI-AI/install/message_info/share/message_info/environment/ament_prefix_path.dsv
[24.438s] -- Up-to-date: /Users/mukuyo/Desktop/RI-AI/install/message_info/share/message_info/environment/path.sh
[24.438s] -- Up-to-date: /Users/mukuyo/Desktop/RI-AI/install/message_info/share/message_info/environment/path.dsv
[24.438s] -- Up-to-date: /Users/mukuyo/Desktop/RI-AI/install/message_info/share/message_info/local_setup.bash
[24.438s] -- Up-to-date: /Users/mukuyo/Desktop/RI-AI/install/message_info/share/message_info/local_setup.sh
[24.439s] -- Up-to-date: /Users/mukuyo/Desktop/RI-AI/install/message_info/share/message_info/local_setup.zsh
[24.439s] -- Up-to-date: /Users/mukuyo/Desktop/RI-AI/install/message_info/share/message_info/local_setup.dsv
[24.439s] -- Installing: /Users/mukuyo/Desktop/RI-AI/install/message_info/share/message_info/package.dsv
[24.439s] -- Up-to-date: /Users/mukuyo/Desktop/RI-AI/install/message_info/share/ament_index/resource_index/packages/message_info
[24.439s] -- Up-to-date: /Users/mukuyo/Desktop/RI-AI/install/message_info/share/message_info/cmake/message_info__rosidl_generator_cExport.cmake
[24.440s] -- Up-to-date: /Users/mukuyo/Desktop/RI-AI/install/message_info/share/message_info/cmake/message_info__rosidl_generator_cExport-noconfig.cmake
[24.440s] -- Up-to-date: /Users/mukuyo/Desktop/RI-AI/install/message_info/share/message_info/cmake/message_info__rosidl_typesupport_introspection_cExport.cmake
[24.454s] -- Up-to-date: /Users/mukuyo/Desktop/RI-AI/install/message_info/share/message_info/cmake/message_info__rosidl_typesupport_introspection_cExport-noconfig.cmake
[24.456s] -- Up-to-date: /Users/mukuyo/Desktop/RI-AI/install/message_info/share/message_info/cmake/message_info__rosidl_typesupport_cExport.cmake
[24.457s] -- Up-to-date: /Users/mukuyo/Desktop/RI-AI/install/message_info/share/message_info/cmake/message_info__rosidl_typesupport_cExport-noconfig.cmake
[24.457s] -- Up-to-date: /Users/mukuyo/Desktop/RI-AI/install/message_info/share/message_info/cmake/message_info__rosidl_generator_cppExport.cmake
[24.457s] -- Up-to-date: /Users/mukuyo/Desktop/RI-AI/install/message_info/share/message_info/cmake/message_info__rosidl_typesupport_introspection_cppExport.cmake
[24.458s] -- Up-to-date: /Users/mukuyo/Desktop/RI-AI/install/message_info/share/message_info/cmake/message_info__rosidl_typesupport_introspection_cppExport-noconfig.cmake
[24.458s] -- Up-to-date: /Users/mukuyo/Desktop/RI-AI/install/message_info/share/message_info/cmake/message_info__rosidl_typesupport_cppExport.cmake
[24.458s] -- Up-to-date: /Users/mukuyo/Desktop/RI-AI/install/message_info/share/message_info/cmake/message_info__rosidl_typesupport_cppExport-noconfig.cmake
[24.459s] -- Up-to-date: /Users/mukuyo/Desktop/RI-AI/install/message_info/share/message_info/cmake/rosidl_cmake-extras.cmake
[24.459s] -- Up-to-date: /Users/mukuyo/Desktop/RI-AI/install/message_info/share/message_info/cmake/ament_cmake_export_dependencies-extras.cmake
[24.459s] -- Up-to-date: /Users/mukuyo/Desktop/RI-AI/install/message_info/share/message_info/cmake/ament_cmake_export_libraries-extras.cmake
[24.460s] -- Up-to-date: /Users/mukuyo/Desktop/RI-AI/install/message_info/share/message_info/cmake/ament_cmake_export_targets-extras.cmake
[24.460s] -- Up-to-date: /Users/mukuyo/Desktop/RI-AI/install/message_info/share/message_info/cmake/ament_cmake_export_include_directories-extras.cmake
[24.461s] -- Up-to-date: /Users/mukuyo/Desktop/RI-AI/install/message_info/share/message_info/cmake/rosidl_cmake_export_typesupport_libraries-extras.cmake
[24.461s] -- Up-to-date: /Users/mukuyo/Desktop/RI-AI/install/message_info/share/message_info/cmake/rosidl_cmake_export_typesupport_targets-extras.cmake
[24.461s] -- Up-to-date: /Users/mukuyo/Desktop/RI-AI/install/message_info/share/message_info/cmake/message_infoConfig.cmake
[24.462s] -- Up-to-date: /Users/mukuyo/Desktop/RI-AI/install/message_info/share/message_info/cmake/message_infoConfig-version.cmake
[24.462s] -- Up-to-date: /Users/mukuyo/Desktop/RI-AI/install/message_info/share/message_info/package.xml
[24.463s] Invoked command in '/Users/mukuyo/Desktop/RI-AI/build/message_info' returned '0': SHLVL=2 _=/usr/bin/env /usr/local/bin/cmake --install /Users/mukuyo/Desktop/RI-AI/build/message_info
