[0.103s] Invoking command in '/Users/mukuyo/Desktop/RI-AI/build/main': AMENT_PREFIX_PATH=/Users/mukuyo/Desktop/RI-AI/install/message_info:${AMENT_PREFIX_PATH} CMAKE_PREFIX_PATH=/Users/mukuyo/Desktop/RI-AI/install/message_info:${CMAKE_PREFIX_PATH} DYLD_LIBRARY_PATH=/Users/mukuyo/Desktop/RI-AI/install/message_info/lib:${DYLD_LIBRARY_PATH} PYTHONPATH=/Users/mukuyo/Desktop/RI-AI/install/message_info/lib/python3.8/site-packages:${PYTHONPATH} SHLVL=2 _=/usr/bin/env /usr/local/bin/cmake --build /Users/mukuyo/Desktop/RI-AI/build/main -- -j8 -l8
[0.453s] Scanning dependencies of target main
[0.599s] [ 66%] Building CXX object CMakeFiles/main.dir/src/game.cpp.o
[0.600s] [ 66%] Building CXX object CMakeFiles/main.dir/src/main.cpp.o
[2.877s] In file included from /Users/mukuyo/Desktop/RI-AI/src/main/src/game.cpp:6:
[2.877s] In file included from /Users/mukuyo/Desktop/RI-AI/src/main/src/game.hpp:17:
[2.877s] /Users/mukuyo/Desktop/RI-AI/src/main/src/goalie.hpp:4:44: error: expected class name
[2.877s] class Goalie : public rclcpp::Node, public Game{
[2.878s]                                            ^
[2.878s] In file included from /Users/mukuyo/Desktop/RI-AI/src/main/src/game.cpp:6:
[2.878s] /Users/mukuyo/Desktop/RI-AI/src/main/src/game.hpp:22:14: warning: direct base 'rclcpp::Node' is inaccessible due to ambiguity:
[2.878s]     class Game -> rclcpp::Node
[2.878s]     class Game -> class Goalie -> rclcpp::Node [-Winaccessible-base]
[2.879s] class Game : public rclcpp::Node, public Goalie
[2.879s]              ^~~~~~~~~~~~~~~~~~~
[2.879s] In file included from /Users/mukuyo/Desktop/RI-AI/src/main/src/main.cpp:2:
[2.879s] In file included from /Users/mukuyo/Desktop/RI-AI/src/main/src/game.hpp:17:
[2.879s] /Users/mukuyo/Desktop/RI-AI/src/main/src/goalie.hpp:4:44: error: expected class name
[2.880s] class Goalie : public rclcpp::Node, public Game{
[2.880s]                                            ^
[2.880s] In file included from /Users/mukuyo/Desktop/RI-AI/src/main/src/main.cpp:2:
[2.880s] /Users/mukuyo/Desktop/RI-AI/src/main/src/game.hpp:22:14: warning: direct base 'rclcpp::Node' is inaccessible due to ambiguity:
[2.880s]     class Game -> rclcpp::Node
[2.881s]     class Game -> class Goalie -> rclcpp::Node [-Winaccessible-base]
[2.881s] class Game : public rclcpp::Node, public Goalie
[2.881s]              ^~~~~~~~~~~~~~~~~~~
[2.912s] /Users/mukuyo/Desktop/RI-AI/src/main/src/game.cpp:11:7: error: call to implicitly-deleted default constructor of 'Goalie'
[2.912s] Game::Game() : Node("Masuo"){
[2.913s]       ^
[2.913s] /Users/mukuyo/Desktop/RI-AI/src/main/src/goalie.hpp:4:16: note: default constructor of 'Goalie' is implicitly deleted because base class 'rclcpp::Node' has no default constructor
[2.913s] class Goalie : public rclcpp::Node, public Game{
[2.914s]                ^
[2.915s] /Users/mukuyo/Desktop/RI-AI/src/main/src/game.cpp:12:20: error: non-static member 'create_publisher' found in multiple base-class subobjects of type 'rclcpp::Node':
[2.915s]     class Game -> rclcpp::Node
[2.915s]     class Game -> class Goalie -> rclcpp::Node
[2.915s]         publisher = this->create_publisher<message_info::msg::RobotCommands>("robot_commands",10); //grsimへのメッセージ
[2.915s]                           ^
[2.916s] /Users/mukuyo/ros2_ws/ros2-osx/include/rclcpp/node_impl.hpp:71:7: note: member found by ambiguous name lookup
[2.916s] Node::create_publisher(
[2.916s]       ^
[2.916s] /Users/mukuyo/Desktop/RI-AI/src/main/src/main.cpp:8:3: error: no matching function for call to 'spin'
[2.916s]   rclcpp::spin(node);
[2.916s]   ^~~~~~~~~~~~
[2.917s] /Users/mukuyo/ros2_ws/ros2-osx/include/rclcpp/executors.hpp:45:1: note: candidate function not viable: no known conversion from 'shared_ptr<Game>' to 'shared_ptr<rclcpp::node_interfaces::NodeBaseInterface>' for 1st argument
[2.917s] spin(rclcpp::node_interfaces::NodeBaseInterface::SharedPtr node_ptr);
[2.917s] ^
[2.917s] /Users/mukuyo/ros2_ws/ros2-osx/include/rclcpp/executors.hpp:49:1: note: candidate function not viable: no known conversion from 'shared_ptr<Game>' to 'shared_ptr<rclcpp::Node>' for 1st argument
[2.917s] spin(rclcpp::Node::SharedPtr node_ptr);
[2.917s] ^
[2.917s] /Users/mukuyo/Desktop/RI-AI/src/main/src/game.cpp:31:16: warning: unused variable 'field_width' [-Wunused-variable]
[2.917s]          float field_width = geometry_message->field_width;
[2.918s]                ^
[2.918s] /Users/mukuyo/Desktop/RI-AI/src/main/src/game.cpp:38:24: error: non-static member 'create_subscription' found in multiple base-class subobjects of type 'rclcpp::Node':
[2.918s]     class Game -> rclcpp::Node
[2.918s]     class Game -> class Goalie -> rclcpp::Node
[2.918s]     subscriber = this->create_subscription<message_info::msg::VisionDetections>("vision_detections",10,callback);
[2.919s]                        ^
[2.919s] /Users/mukuyo/ros2_ws/ros2-osx/include/rclcpp/node_impl.hpp:91:7: note: member found by ambiguous name lookup
[2.919s] Node::create_subscription(
[2.919s]       ^
[2.919s] /Users/mukuyo/Desktop/RI-AI/src/main/src/game.cpp:39:33: error: non-static member 'create_subscription' found in multiple base-class subobjects of type 'rclcpp::Node':
[2.920s]     class Game -> rclcpp::Node
[2.920s]     class Game -> class Goalie -> rclcpp::Node
[2.920s]     subscriber_geometry = this->create_subscription<message_info::msg::VisionGeometry>("vision_geometry",10,callback_geometry);
[2.920s]                                 ^
[2.920s] /Users/mukuyo/ros2_ws/ros2-osx/include/rclcpp/node_impl.hpp:91:7: note: member found by ambiguous name lookup
[2.921s] Node::create_subscription(
[2.921s]       ^
[2.921s] /Users/mukuyo/Desktop/RI-AI/src/main/src/game.cpp:40:14: error: non-static member 'create_wall_timer' found in multiple base-class subobjects of type 'rclcpp::Node':
[2.922s]     class Game -> rclcpp::Node
[2.922s]     class Game -> class Goalie -> rclcpp::Node
[2.922s]     timer_ = create_wall_timer(16ms, std::bind(&Game::timer_callback, this));
[2.923s]              ^
[2.923s] /Users/mukuyo/ros2_ws/ros2-osx/include/rclcpp/node_impl.hpp:109:7: note: member found by ambiguous name lookup
[2.923s] Node::create_wall_timer(
[2.924s]       ^
[2.924s] /Users/mukuyo/Desktop/RI-AI/src/main/src/game.cpp:48:12: error: call to implicitly-deleted default constructor of 'Goalie'
[2.924s]     Goalie goalie;
[2.925s]            ^
[2.925s] /Users/mukuyo/Desktop/RI-AI/src/main/src/goalie.hpp:4:16: note: default constructor of 'Goalie' is implicitly deleted because base class 'rclcpp::Node' has no default constructor
[2.925s] class Goalie : public rclcpp::Node, public Game{
[2.925s]                ^
[3.447s] 1 warning and 2 errors generated.
[3.464s] make[2]: *** [CMakeFiles/main.dir/src/main.cpp.o] Error 1
[3.465s] make[2]: *** Waiting for unfinished jobs....
[3.554s] 2 warnings and 7 errors generated.
[3.577s] make[2]: *** [CMakeFiles/main.dir/src/game.cpp.o] Error 1
[3.578s] make[1]: *** [CMakeFiles/main.dir/all] Error 2
[3.579s] make: *** [all] Error 2
[3.581s] Invoked command in '/Users/mukuyo/Desktop/RI-AI/build/main' returned '2': AMENT_PREFIX_PATH=/Users/mukuyo/Desktop/RI-AI/install/message_info:${AMENT_PREFIX_PATH} CMAKE_PREFIX_PATH=/Users/mukuyo/Desktop/RI-AI/install/message_info:${CMAKE_PREFIX_PATH} DYLD_LIBRARY_PATH=/Users/mukuyo/Desktop/RI-AI/install/message_info/lib:${DYLD_LIBRARY_PATH} PYTHONPATH=/Users/mukuyo/Desktop/RI-AI/install/message_info/lib/python3.8/site-packages:${PYTHONPATH} SHLVL=2 _=/usr/bin/env /usr/local/bin/cmake --build /Users/mukuyo/Desktop/RI-AI/build/main -- -j8 -l8
