Scanning dependencies of target main
[ 16%] Building CXX object CMakeFiles/main.dir/src/game.cpp.o
/Users/mukuyo/Desktop/RI-AI/src/main/src/game.cpp:14:67: warning: unused parameter 'vision_message' [-Wunused-parameter]
      [this](const message_info::msg::VisionDetections::SharedPtr vision_message) -> void //visionからのsubscriber
                                                                  ^
/Users/mukuyo/Desktop/RI-AI/src/main/src/game.cpp:14:8: warning: lambda capture 'this' is not used [-Wunused-lambda-capture]
      [this](const message_info::msg::VisionDetections::SharedPtr vision_message) -> void //visionからのsubscriber
       ^~~~
/Users/mukuyo/Desktop/RI-AI/src/main/src/game.cpp:31:16: warning: unused variable 'field_width' [-Wunused-variable]
         float field_width = geometry_message->field_width;
               ^
3 warnings generated.
[ 33%] Linking CXX executable main
[100%] Built target main
-- Install configuration: "Debug"
-- Installing: /Users/mukuyo/Desktop/RI-AI/install/main/lib/main/main
-- Up-to-date: /Users/mukuyo/Desktop/RI-AI/install/main/share/ament_index/resource_index/package_run_dependencies/main
-- Up-to-date: /Users/mukuyo/Desktop/RI-AI/install/main/share/ament_index/resource_index/parent_prefix_path/main
-- Up-to-date: /Users/mukuyo/Desktop/RI-AI/install/main/share/main/environment/ament_prefix_path.sh
-- Up-to-date: /Users/mukuyo/Desktop/RI-AI/install/main/share/main/environment/ament_prefix_path.dsv
-- Up-to-date: /Users/mukuyo/Desktop/RI-AI/install/main/share/main/environment/path.sh
-- Up-to-date: /Users/mukuyo/Desktop/RI-AI/install/main/share/main/environment/path.dsv
-- Up-to-date: /Users/mukuyo/Desktop/RI-AI/install/main/share/main/local_setup.bash
-- Up-to-date: /Users/mukuyo/Desktop/RI-AI/install/main/share/main/local_setup.sh
-- Up-to-date: /Users/mukuyo/Desktop/RI-AI/install/main/share/main/local_setup.zsh
-- Up-to-date: /Users/mukuyo/Desktop/RI-AI/install/main/share/main/local_setup.dsv
-- Installing: /Users/mukuyo/Desktop/RI-AI/install/main/share/main/package.dsv
-- Up-to-date: /Users/mukuyo/Desktop/RI-AI/install/main/share/ament_index/resource_index/packages/main
-- Up-to-date: /Users/mukuyo/Desktop/RI-AI/install/main/share/main/cmake/mainConfig.cmake
-- Up-to-date: /Users/mukuyo/Desktop/RI-AI/install/main/share/main/cmake/mainConfig-version.cmake
-- Up-to-date: /Users/mukuyo/Desktop/RI-AI/install/main/share/main/package.xml
