[0.169s] Invoking command in '/Users/mukuyo/Desktop/RI-AI/build/sender': AMENT_PREFIX_PATH=/Users/mukuyo/Desktop/RI-AI/install/proto_info:/Users/mukuyo/Desktop/RI-AI/install/message_info:${AMENT_PREFIX_PATH} CMAKE_PREFIX_PATH=/Users/mukuyo/Desktop/RI-AI/install/proto_info:/Users/mukuyo/Desktop/RI-AI/install/message_info:${CMAKE_PREFIX_PATH} DYLD_LIBRARY_PATH=/Users/mukuyo/Desktop/RI-AI/install/proto_info/lib:/Users/mukuyo/Desktop/RI-AI/install/message_info/lib:${DYLD_LIBRARY_PATH} PYTHONPATH=/Users/mukuyo/Desktop/RI-AI/install/proto_info/lib/python3.8/site-packages:/Users/mukuyo/Desktop/RI-AI/install/message_info/lib/python3.8/site-packages:${PYTHONPATH} SHLVL=2 _=/usr/bin/env /usr/local/bin/cmake --build /Users/mukuyo/Desktop/RI-AI/build/sender -- -j8 -l8
[0.692s] [  9%] Built target sender__cpp
[0.692s] [ 12%] Built target sender__rosidl_generator_c
[0.873s] [ 15%] Linking CXX executable sim_sender
[0.986s] [ 24%] Built target sender__rosidl_typesupport_cpp
[0.991s] [ 33%] Built target sender__rosidl_typesupport_c
[0.996s] [ 42%] Built target sender__rosidl_typesupport_fastrtps_cpp
[1.008s] [ 51%] Built target sender__rosidl_typesupport_introspection_cpp
[1.263s] [ 69%] Built target sender__rosidl_typesupport_fastrtps_c
[1.263s] [ 69%] Built target sender__rosidl_typesupport_introspection_c
[1.311s] [ 72%] Built target sim_sender
[1.492s] [ 72%] Built target sender
[1.721s] [ 75%] Built target sender__py
[1.985s] [ 81%] Built target sender__python
[2.227s] [ 93%] Built target sender__rosidl_typesupport_c__pyext
[2.227s] [ 93%] Built target sender__rosidl_typesupport_fastrtps_c__pyext
[2.230s] [100%] Built target sender__rosidl_typesupport_introspection_c__pyext
[2.280s] Invoked command in '/Users/mukuyo/Desktop/RI-AI/build/sender' returned '0': AMENT_PREFIX_PATH=/Users/mukuyo/Desktop/RI-AI/install/proto_info:/Users/mukuyo/Desktop/RI-AI/install/message_info:${AMENT_PREFIX_PATH} CMAKE_PREFIX_PATH=/Users/mukuyo/Desktop/RI-AI/install/proto_info:/Users/mukuyo/Desktop/RI-AI/install/message_info:${CMAKE_PREFIX_PATH} DYLD_LIBRARY_PATH=/Users/mukuyo/Desktop/RI-AI/install/proto_info/lib:/Users/mukuyo/Desktop/RI-AI/install/message_info/lib:${DYLD_LIBRARY_PATH} PYTHONPATH=/Users/mukuyo/Desktop/RI-AI/install/proto_info/lib/python3.8/site-packages:/Users/mukuyo/Desktop/RI-AI/install/message_info/lib/python3.8/site-packages:${PYTHONPATH} SHLVL=2 _=/usr/bin/env /usr/local/bin/cmake --build /Users/mukuyo/Desktop/RI-AI/build/sender -- -j8 -l8
[3.440s] Invoking command in '/Users/mukuyo/Desktop/RI-AI/build/sender': AMENT_PREFIX_PATH=/Users/mukuyo/Desktop/RI-AI/install/proto_info:/Users/mukuyo/Desktop/RI-AI/install/message_info:${AMENT_PREFIX_PATH} CMAKE_PREFIX_PATH=/Users/mukuyo/Desktop/RI-AI/install/proto_info:/Users/mukuyo/Desktop/RI-AI/install/message_info:${CMAKE_PREFIX_PATH} DYLD_LIBRARY_PATH=/Users/mukuyo/Desktop/RI-AI/install/proto_info/lib:/Users/mukuyo/Desktop/RI-AI/install/message_info/lib:${DYLD_LIBRARY_PATH} PYTHONPATH=/Users/mukuyo/Desktop/RI-AI/install/proto_info/lib/python3.8/site-packages:/Users/mukuyo/Desktop/RI-AI/install/message_info/lib/python3.8/site-packages:${PYTHONPATH} SHLVL=2 _=/usr/bin/env /usr/local/bin/cmake --install /Users/mukuyo/Desktop/RI-AI/build/sender
[3.483s] -- Install configuration: ""
[3.484s] -- Up-to-date: /Users/mukuyo/Desktop/RI-AI/install/sender/share/ament_index/resource_index/rosidl_interfaces/sender
[3.485s] -- Up-to-date: /Users/mukuyo/Desktop/RI-AI/install/sender/include/sender
[3.485s] -- Up-to-date: /Users/mukuyo/Desktop/RI-AI/install/sender/include/sender/msg
[3.486s] -- Up-to-date: /Users/mukuyo/Desktop/RI-AI/install/sender/include/sender/msg/rosidl_generator_c__visibility_control.h
[3.486s] -- Up-to-date: /Users/mukuyo/Desktop/RI-AI/install/sender/include/sender/msg/test.h
[3.486s] -- Up-to-date: /Users/mukuyo/Desktop/RI-AI/install/sender/include/sender/msg/detail
[3.486s] -- Up-to-date: /Users/mukuyo/Desktop/RI-AI/install/sender/include/sender/msg/detail/test__functions.h
[3.486s] -- Up-to-date: /Users/mukuyo/Desktop/RI-AI/install/sender/include/sender/msg/detail/test__type_support.h
[3.487s] -- Up-to-date: /Users/mukuyo/Desktop/RI-AI/install/sender/include/sender/msg/detail/test__struct.h
[3.487s] -- Up-to-date: /Users/mukuyo/Desktop/RI-AI/install/sender/include/sender/msg/detail/test__functions.c
[3.487s] -- Up-to-date: /Users/mukuyo/Desktop/RI-AI/install/sender/share/sender/environment/library_path.sh
[3.487s] -- Up-to-date: /Users/mukuyo/Desktop/RI-AI/install/sender/share/sender/environment/library_path.dsv
[3.488s] -- Installing: /Users/mukuyo/Desktop/RI-AI/install/sender/lib/libsender__rosidl_generator_c.dylib
[3.583s] -- Up-to-date: /Users/mukuyo/Desktop/RI-AI/install/sender/include/sender
[3.584s] -- Up-to-date: /Users/mukuyo/Desktop/RI-AI/install/sender/include/sender/msg
[3.584s] -- Up-to-date: /Users/mukuyo/Desktop/RI-AI/install/sender/include/sender/msg/detail
[3.584s] -- Up-to-date: /Users/mukuyo/Desktop/RI-AI/install/sender/include/sender/msg/detail/test__rosidl_typesupport_fastrtps_c.h
[3.584s] -- Up-to-date: /Users/mukuyo/Desktop/RI-AI/install/sender/include/sender/msg/rosidl_typesupport_fastrtps_c__visibility_control.h
[3.585s] -- Installing: /Users/mukuyo/Desktop/RI-AI/install/sender/lib/libsender__rosidl_typesupport_fastrtps_c.dylib
[3.727s] -- Up-to-date: /Users/mukuyo/Desktop/RI-AI/install/sender/include/sender
[3.727s] -- Up-to-date: /Users/mukuyo/Desktop/RI-AI/install/sender/include/sender/msg
[3.728s] -- Up-to-date: /Users/mukuyo/Desktop/RI-AI/install/sender/include/sender/msg/rosidl_typesupport_fastrtps_cpp__visibility_control.h
[3.728s] -- Up-to-date: /Users/mukuyo/Desktop/RI-AI/install/sender/include/sender/msg/detail
[3.728s] -- Up-to-date: /Users/mukuyo/Desktop/RI-AI/install/sender/include/sender/msg/detail/test__rosidl_typesupport_fastrtps_cpp.hpp
[3.728s] -- Up-to-date: /Users/mukuyo/Desktop/RI-AI/install/sender/include/sender/msg/detail/dds_fastrtps
[3.729s] -- Installing: /Users/mukuyo/Desktop/RI-AI/install/sender/lib/libsender__rosidl_typesupport_fastrtps_cpp.dylib
[3.845s] -- Up-to-date: /Users/mukuyo/Desktop/RI-AI/install/sender/include/sender
[3.846s] -- Up-to-date: /Users/mukuyo/Desktop/RI-AI/install/sender/include/sender/msg
[3.846s] -- Up-to-date: /Users/mukuyo/Desktop/RI-AI/install/sender/include/sender/msg/detail
[3.846s] -- Up-to-date: /Users/mukuyo/Desktop/RI-AI/install/sender/include/sender/msg/detail/test__type_support.c
[3.846s] -- Up-to-date: /Users/mukuyo/Desktop/RI-AI/install/sender/include/sender/msg/detail/test__rosidl_typesupport_introspection_c.h
[3.847s] -- Up-to-date: /Users/mukuyo/Desktop/RI-AI/install/sender/include/sender/msg/rosidl_typesupport_introspection_c__visibility_control.h
[3.847s] -- Installing: /Users/mukuyo/Desktop/RI-AI/install/sender/lib/libsender__rosidl_typesupport_introspection_c.dylib
[4.013s] -- Installing: /Users/mukuyo/Desktop/RI-AI/install/sender/lib/libsender__rosidl_typesupport_c.dylib
[4.101s] -- Up-to-date: /Users/mukuyo/Desktop/RI-AI/install/sender/include/sender
[4.102s] -- Up-to-date: /Users/mukuyo/Desktop/RI-AI/install/sender/include/sender/msg
[4.102s] -- Up-to-date: /Users/mukuyo/Desktop/RI-AI/install/sender/include/sender/msg/detail
[4.103s] -- Up-to-date: /Users/mukuyo/Desktop/RI-AI/install/sender/include/sender/msg/detail/test__traits.hpp
[4.103s] -- Up-to-date: /Users/mukuyo/Desktop/RI-AI/install/sender/include/sender/msg/detail/test__struct.hpp
[4.103s] -- Up-to-date: /Users/mukuyo/Desktop/RI-AI/install/sender/include/sender/msg/detail/test__builder.hpp
[4.103s] -- Up-to-date: /Users/mukuyo/Desktop/RI-AI/install/sender/include/sender/msg/test.hpp
[4.104s] -- Up-to-date: /Users/mukuyo/Desktop/RI-AI/install/sender/include/sender
[4.104s] -- Up-to-date: /Users/mukuyo/Desktop/RI-AI/install/sender/include/sender/msg
[4.104s] -- Up-to-date: /Users/mukuyo/Desktop/RI-AI/install/sender/include/sender/msg/detail
[4.104s] -- Up-to-date: /Users/mukuyo/Desktop/RI-AI/install/sender/include/sender/msg/detail/test__rosidl_typesupport_introspection_cpp.hpp
[4.104s] -- Up-to-date: /Users/mukuyo/Desktop/RI-AI/install/sender/include/sender/msg/detail/test__type_support.cpp
[4.105s] -- Installing: /Users/mukuyo/Desktop/RI-AI/install/sender/lib/libsender__rosidl_typesupport_introspection_cpp.dylib
[4.185s] -- Installing: /Users/mukuyo/Desktop/RI-AI/install/sender/lib/libsender__rosidl_typesupport_cpp.dylib
[4.273s] -- Up-to-date: /Users/mukuyo/Desktop/RI-AI/install/sender/share/sender/environment/pythonpath.sh
[4.273s] -- Up-to-date: /Users/mukuyo/Desktop/RI-AI/install/sender/share/sender/environment/pythonpath.dsv
[4.273s] -- Up-to-date: /Users/mukuyo/Desktop/RI-AI/install/sender/lib/python3.8/site-packages/sender/__init__.py
[4.390s] -- Up-to-date: /Users/mukuyo/Desktop/RI-AI/install/sender/lib/python3.8/site-packages/sender/msg
[4.391s] -- Up-to-date: /Users/mukuyo/Desktop/RI-AI/install/sender/lib/python3.8/site-packages/sender/msg/__init__.py
[4.391s] -- Up-to-date: /Users/mukuyo/Desktop/RI-AI/install/sender/lib/python3.8/site-packages/sender/msg/_test.py
[4.391s] -- Up-to-date: /Users/mukuyo/Desktop/RI-AI/install/sender/lib/python3.8/site-packages/sender/msg/_test_s.c
[4.391s] -- Installing: /Users/mukuyo/Desktop/RI-AI/install/sender/lib/python3.8/site-packages/sender/sender_s__rosidl_typesupport_fastrtps_c.cpython-38-darwin.so
[4.579s] -- Installing: /Users/mukuyo/Desktop/RI-AI/install/sender/lib/python3.8/site-packages/sender/sender_s__rosidl_typesupport_introspection_c.cpython-38-darwin.so
[4.773s] -- Installing: /Users/mukuyo/Desktop/RI-AI/install/sender/lib/python3.8/site-packages/sender/sender_s__rosidl_typesupport_c.cpython-38-darwin.so
[4.998s] -- Installing: /Users/mukuyo/Desktop/RI-AI/install/sender/lib/libsender__python.dylib
[5.167s] -- Up-to-date: /Users/mukuyo/Desktop/RI-AI/install/sender/share/sender/msg/Test.idl
[5.168s] -- Up-to-date: /Users/mukuyo/Desktop/RI-AI/install/sender/share/sender/msg/Test.msg
[5.168s] -- Installing: /Users/mukuyo/Desktop/RI-AI/install/sender/lib/sender/sim_sender
[5.379s] -- Up-to-date: /Users/mukuyo/Desktop/RI-AI/install/sender/share/sender//config
[5.379s] -- Up-to-date: /Users/mukuyo/Desktop/RI-AI/install/sender/share/sender//config/.DS_Store
[5.380s] -- Up-to-date: /Users/mukuyo/Desktop/RI-AI/install/sender/share/sender//config/grsim.yaml
[5.381s] -- Up-to-date: /Users/mukuyo/Desktop/RI-AI/install/sender/share/sender//launch
[5.382s] -- Up-to-date: /Users/mukuyo/Desktop/RI-AI/install/sender/share/sender//launch/.DS_Store
[5.382s] -- Up-to-date: /Users/mukuyo/Desktop/RI-AI/install/sender/share/sender//launch/sender.xml
[5.383s] -- Up-to-date: /Users/mukuyo/Desktop/RI-AI/install/sender/share/ament_index/resource_index/package_run_dependencies/sender
[5.383s] -- Up-to-date: /Users/mukuyo/Desktop/RI-AI/install/sender/share/ament_index/resource_index/parent_prefix_path/sender
[5.383s] -- Up-to-date: /Users/mukuyo/Desktop/RI-AI/install/sender/share/sender/environment/ament_prefix_path.sh
[5.384s] -- Up-to-date: /Users/mukuyo/Desktop/RI-AI/install/sender/share/sender/environment/ament_prefix_path.dsv
[5.385s] -- Up-to-date: /Users/mukuyo/Desktop/RI-AI/install/sender/share/sender/environment/path.sh
[5.385s] -- Up-to-date: /Users/mukuyo/Desktop/RI-AI/install/sender/share/sender/environment/path.dsv
[5.386s] -- Up-to-date: /Users/mukuyo/Desktop/RI-AI/install/sender/share/sender/local_setup.bash
[5.386s] -- Up-to-date: /Users/mukuyo/Desktop/RI-AI/install/sender/share/sender/local_setup.sh
[5.387s] -- Up-to-date: /Users/mukuyo/Desktop/RI-AI/install/sender/share/sender/local_setup.zsh
[5.387s] -- Up-to-date: /Users/mukuyo/Desktop/RI-AI/install/sender/share/sender/local_setup.dsv
[5.388s] -- Installing: /Users/mukuyo/Desktop/RI-AI/install/sender/share/sender/package.dsv
[5.389s] -- Up-to-date: /Users/mukuyo/Desktop/RI-AI/install/sender/share/ament_index/resource_index/packages/sender
[5.389s] -- Up-to-date: /Users/mukuyo/Desktop/RI-AI/install/sender/share/sender/cmake/sender__rosidl_generator_cExport.cmake
[5.389s] -- Up-to-date: /Users/mukuyo/Desktop/RI-AI/install/sender/share/sender/cmake/sender__rosidl_generator_cExport-noconfig.cmake
[5.390s] -- Up-to-date: /Users/mukuyo/Desktop/RI-AI/install/sender/share/sender/cmake/sender__rosidl_typesupport_introspection_cExport.cmake
[5.390s] -- Up-to-date: /Users/mukuyo/Desktop/RI-AI/install/sender/share/sender/cmake/sender__rosidl_typesupport_introspection_cExport-noconfig.cmake
[5.390s] -- Up-to-date: /Users/mukuyo/Desktop/RI-AI/install/sender/share/sender/cmake/sender__rosidl_typesupport_cExport.cmake
[5.390s] -- Up-to-date: /Users/mukuyo/Desktop/RI-AI/install/sender/share/sender/cmake/sender__rosidl_typesupport_cExport-noconfig.cmake
[5.390s] -- Up-to-date: /Users/mukuyo/Desktop/RI-AI/install/sender/share/sender/cmake/sender__rosidl_generator_cppExport.cmake
[5.391s] -- Up-to-date: /Users/mukuyo/Desktop/RI-AI/install/sender/share/sender/cmake/sender__rosidl_typesupport_introspection_cppExport.cmake
[5.391s] -- Up-to-date: /Users/mukuyo/Desktop/RI-AI/install/sender/share/sender/cmake/sender__rosidl_typesupport_introspection_cppExport-noconfig.cmake
[5.392s] -- Up-to-date: /Users/mukuyo/Desktop/RI-AI/install/sender/share/sender/cmake/sender__rosidl_typesupport_cppExport.cmake
[5.392s] -- Up-to-date: /Users/mukuyo/Desktop/RI-AI/install/sender/share/sender/cmake/sender__rosidl_typesupport_cppExport-noconfig.cmake
[5.404s] -- Up-to-date: /Users/mukuyo/Desktop/RI-AI/install/sender/share/sender/cmake/rosidl_cmake-extras.cmake
[5.409s] -- Up-to-date: /Users/mukuyo/Desktop/RI-AI/install/sender/share/sender/cmake/ament_cmake_export_dependencies-extras.cmake
[5.409s] -- Up-to-date: /Users/mukuyo/Desktop/RI-AI/install/sender/share/sender/cmake/ament_cmake_export_libraries-extras.cmake
[5.409s] -- Up-to-date: /Users/mukuyo/Desktop/RI-AI/install/sender/share/sender/cmake/ament_cmake_export_targets-extras.cmake
[5.410s] -- Up-to-date: /Users/mukuyo/Desktop/RI-AI/install/sender/share/sender/cmake/ament_cmake_export_include_directories-extras.cmake
[5.410s] -- Up-to-date: /Users/mukuyo/Desktop/RI-AI/install/sender/share/sender/cmake/rosidl_cmake_export_typesupport_libraries-extras.cmake
[5.410s] -- Up-to-date: /Users/mukuyo/Desktop/RI-AI/install/sender/share/sender/cmake/rosidl_cmake_export_typesupport_targets-extras.cmake
[5.411s] -- Up-to-date: /Users/mukuyo/Desktop/RI-AI/install/sender/share/sender/cmake/senderConfig.cmake
[5.411s] -- Up-to-date: /Users/mukuyo/Desktop/RI-AI/install/sender/share/sender/cmake/senderConfig-version.cmake
[5.412s] -- Up-to-date: /Users/mukuyo/Desktop/RI-AI/install/sender/share/sender/package.xml
[5.412s] Invoked command in '/Users/mukuyo/Desktop/RI-AI/build/sender' returned '0': AMENT_PREFIX_PATH=/Users/mukuyo/Desktop/RI-AI/install/proto_info:/Users/mukuyo/Desktop/RI-AI/install/message_info:${AMENT_PREFIX_PATH} CMAKE_PREFIX_PATH=/Users/mukuyo/Desktop/RI-AI/install/proto_info:/Users/mukuyo/Desktop/RI-AI/install/message_info:${CMAKE_PREFIX_PATH} DYLD_LIBRARY_PATH=/Users/mukuyo/Desktop/RI-AI/install/proto_info/lib:/Users/mukuyo/Desktop/RI-AI/install/message_info/lib:${DYLD_LIBRARY_PATH} PYTHONPATH=/Users/mukuyo/Desktop/RI-AI/install/proto_info/lib/python3.8/site-packages:/Users/mukuyo/Desktop/RI-AI/install/message_info/lib/python3.8/site-packages:${PYTHONPATH} SHLVL=2 _=/usr/bin/env /usr/local/bin/cmake --install /Users/mukuyo/Desktop/RI-AI/build/sender
