[0.225s] Invoking command in '/Users/mukuyo/Desktop/RI-AI/build/reciever': CMAKE_PREFIX_PATH=/Users/mukuyo/Desktop/RI-AI/install/proto_info:/Users/mukuyo/Desktop/RI-AI/install/message_info:/Users/mukuyo/Desktop/RI-AI/install/sender:/Users/mukuyo/Desktop/RI-AI/install/reciever:/Users/mukuyo/Desktop/RI-AI/install/main:/Users/mukuyo/ros2_ws/ros2-osx DYLD_LIBRARY_PATH=/Users/mukuyo/Desktop/RI-AI/install/proto_info/lib:/Users/mukuyo/Desktop/RI-AI/install/message_info/lib:/Users/mukuyo/Desktop/RI-AI/install/sender/lib:/Users/mukuyo/ros2_ws/ros2-osx/opt/yaml_cpp_vendor/lib:/Users/mukuyo/ros2_ws/ros2-osx/opt/rviz_ogre_vendor/lib:/Users/mukuyo/ros2_ws/ros2-osx/lib PYTHONPATH=/Users/mukuyo/Desktop/RI-AI/install/proto_info/lib/python3.8/site-packages:/Users/mukuyo/Desktop/RI-AI/install/message_info/lib/python3.8/site-packages:/Users/mukuyo/Desktop/RI-AI/install/sender/lib/python3.8/site-packages:/Users/mukuyo/ros2_ws/ros2-osx/lib/python3.8/site-packages SHLVL=2 _=/usr/bin/env /usr/local/bin/cmake --build /Users/mukuyo/Desktop/RI-AI/build/reciever -- -j8 -l8
[1.090s] [ 50%] Linking CXX executable receiver
[1.605s] [100%] Built target receiver
[1.674s] Invoked command in '/Users/mukuyo/Desktop/RI-AI/build/reciever' returned '0': CMAKE_PREFIX_PATH=/Users/mukuyo/Desktop/RI-AI/install/proto_info:/Users/mukuyo/Desktop/RI-AI/install/message_info:/Users/mukuyo/Desktop/RI-AI/install/sender:/Users/mukuyo/Desktop/RI-AI/install/reciever:/Users/mukuyo/Desktop/RI-AI/install/main:/Users/mukuyo/ros2_ws/ros2-osx DYLD_LIBRARY_PATH=/Users/mukuyo/Desktop/RI-AI/install/proto_info/lib:/Users/mukuyo/Desktop/RI-AI/install/message_info/lib:/Users/mukuyo/Desktop/RI-AI/install/sender/lib:/Users/mukuyo/ros2_ws/ros2-osx/opt/yaml_cpp_vendor/lib:/Users/mukuyo/ros2_ws/ros2-osx/opt/rviz_ogre_vendor/lib:/Users/mukuyo/ros2_ws/ros2-osx/lib PYTHONPATH=/Users/mukuyo/Desktop/RI-AI/install/proto_info/lib/python3.8/site-packages:/Users/mukuyo/Desktop/RI-AI/install/message_info/lib/python3.8/site-packages:/Users/mukuyo/Desktop/RI-AI/install/sender/lib/python3.8/site-packages:/Users/mukuyo/ros2_ws/ros2-osx/lib/python3.8/site-packages SHLVL=2 _=/usr/bin/env /usr/local/bin/cmake --build /Users/mukuyo/Desktop/RI-AI/build/reciever -- -j8 -l8
[2.834s] Invoking command in '/Users/mukuyo/Desktop/RI-AI/build/reciever': CMAKE_PREFIX_PATH=/Users/mukuyo/Desktop/RI-AI/install/proto_info:/Users/mukuyo/Desktop/RI-AI/install/message_info:/Users/mukuyo/Desktop/RI-AI/install/sender:/Users/mukuyo/Desktop/RI-AI/install/reciever:/Users/mukuyo/Desktop/RI-AI/install/main:/Users/mukuyo/ros2_ws/ros2-osx DYLD_LIBRARY_PATH=/Users/mukuyo/Desktop/RI-AI/install/proto_info/lib:/Users/mukuyo/Desktop/RI-AI/install/message_info/lib:/Users/mukuyo/Desktop/RI-AI/install/sender/lib:/Users/mukuyo/ros2_ws/ros2-osx/opt/yaml_cpp_vendor/lib:/Users/mukuyo/ros2_ws/ros2-osx/opt/rviz_ogre_vendor/lib:/Users/mukuyo/ros2_ws/ros2-osx/lib PYTHONPATH=/Users/mukuyo/Desktop/RI-AI/install/proto_info/lib/python3.8/site-packages:/Users/mukuyo/Desktop/RI-AI/install/message_info/lib/python3.8/site-packages:/Users/mukuyo/Desktop/RI-AI/install/sender/lib/python3.8/site-packages:/Users/mukuyo/ros2_ws/ros2-osx/lib/python3.8/site-packages SHLVL=2 _=/usr/bin/env /usr/local/bin/cmake --install /Users/mukuyo/Desktop/RI-AI/build/reciever
[2.914s] -- Install configuration: ""
[2.915s] -- Up-to-date: /Users/mukuyo/Desktop/RI-AI/install/reciever/include
[2.915s] -- Up-to-date: /Users/mukuyo/Desktop/RI-AI/install/reciever/include/.DS_Store
[2.915s] -- Up-to-date: /Users/mukuyo/Desktop/RI-AI/install/reciever/include/receiver
[2.915s] -- Up-to-date: /Users/mukuyo/Desktop/RI-AI/install/reciever/include/receiver/.DS_Store
[2.916s] -- Up-to-date: /Users/mukuyo/Desktop/RI-AI/install/reciever/include/reciever
[2.916s] -- Up-to-date: /Users/mukuyo/Desktop/RI-AI/install/reciever/include/reciever/multicast.hpp
[2.916s] -- Installing: /Users/mukuyo/Desktop/RI-AI/install/reciever/lib/reciever/receiver
[3.167s] -- Up-to-date: /Users/mukuyo/Desktop/RI-AI/install/reciever/share/ament_index/resource_index/package_run_dependencies/reciever
[3.168s] -- Up-to-date: /Users/mukuyo/Desktop/RI-AI/install/reciever/share/ament_index/resource_index/parent_prefix_path/reciever
[3.169s] -- Up-to-date: /Users/mukuyo/Desktop/RI-AI/install/reciever/share/reciever/environment/ament_prefix_path.sh
[3.169s] -- Up-to-date: /Users/mukuyo/Desktop/RI-AI/install/reciever/share/reciever/environment/ament_prefix_path.dsv
[3.170s] -- Up-to-date: /Users/mukuyo/Desktop/RI-AI/install/reciever/share/reciever/environment/path.sh
[3.170s] -- Up-to-date: /Users/mukuyo/Desktop/RI-AI/install/reciever/share/reciever/environment/path.dsv
[3.170s] -- Up-to-date: /Users/mukuyo/Desktop/RI-AI/install/reciever/share/reciever/local_setup.bash
[3.170s] -- Up-to-date: /Users/mukuyo/Desktop/RI-AI/install/reciever/share/reciever/local_setup.sh
[3.170s] -- Up-to-date: /Users/mukuyo/Desktop/RI-AI/install/reciever/share/reciever/local_setup.zsh
[3.171s] -- Up-to-date: /Users/mukuyo/Desktop/RI-AI/install/reciever/share/reciever/local_setup.dsv
[3.171s] -- Installing: /Users/mukuyo/Desktop/RI-AI/install/reciever/share/reciever/package.dsv
[3.172s] -- Up-to-date: /Users/mukuyo/Desktop/RI-AI/install/reciever/share/ament_index/resource_index/packages/reciever
[3.173s] -- Up-to-date: /Users/mukuyo/Desktop/RI-AI/install/reciever/share/reciever/cmake/recieverConfig.cmake
[3.173s] -- Up-to-date: /Users/mukuyo/Desktop/RI-AI/install/reciever/share/reciever/cmake/recieverConfig-version.cmake
[3.173s] -- Up-to-date: /Users/mukuyo/Desktop/RI-AI/install/reciever/share/reciever/package.xml
[3.187s] Invoked command in '/Users/mukuyo/Desktop/RI-AI/build/reciever' returned '0': CMAKE_PREFIX_PATH=/Users/mukuyo/Desktop/RI-AI/install/proto_info:/Users/mukuyo/Desktop/RI-AI/install/message_info:/Users/mukuyo/Desktop/RI-AI/install/sender:/Users/mukuyo/Desktop/RI-AI/install/reciever:/Users/mukuyo/Desktop/RI-AI/install/main:/Users/mukuyo/ros2_ws/ros2-osx DYLD_LIBRARY_PATH=/Users/mukuyo/Desktop/RI-AI/install/proto_info/lib:/Users/mukuyo/Desktop/RI-AI/install/message_info/lib:/Users/mukuyo/Desktop/RI-AI/install/sender/lib:/Users/mukuyo/ros2_ws/ros2-osx/opt/yaml_cpp_vendor/lib:/Users/mukuyo/ros2_ws/ros2-osx/opt/rviz_ogre_vendor/lib:/Users/mukuyo/ros2_ws/ros2-osx/lib PYTHONPATH=/Users/mukuyo/Desktop/RI-AI/install/proto_info/lib/python3.8/site-packages:/Users/mukuyo/Desktop/RI-AI/install/message_info/lib/python3.8/site-packages:/Users/mukuyo/Desktop/RI-AI/install/sender/lib/python3.8/site-packages:/Users/mukuyo/ros2_ws/ros2-osx/lib/python3.8/site-packages SHLVL=2 _=/usr/bin/env /usr/local/bin/cmake --install /Users/mukuyo/Desktop/RI-AI/build/reciever
