[0.000000] (-) TimerEvent: {}
[0.000183] (main) JobQueued: {'identifier': 'main', 'dependencies': OrderedDict()}
[0.000827] (main) JobStarted: {'identifier': 'main'}
[0.074203] (main) JobProgress: {'identifier': 'main', 'progress': 'cmake'}
[0.075390] (main) JobProgress: {'identifier': 'main', 'progress': 'build'}
[0.077714] (main) Command: {'cmd': ['/usr/local/bin/cmake', '--build', '/Users/mukuyo/RI-AI/src/main/build/main', '--', '-j8', '-l8'], 'cwd': '/Users/mukuyo/RI-AI/src/main/build/main', 'env': OrderedDict([('TERM_PROGRAM', 'Apple_Terminal'), ('SHELL', '/bin/zsh'), ('TERM', 'xterm-256color'), ('TMPDIR', '/var/folders/gd/nzkytg853t71yy2sknch_fh00000gn/T/'), ('TERM_PROGRAM_VERSION', '433'), ('OPENSSL_INCLUDE_DIR', '/usr/local/opt/openssl@1.1'), ('ROS_PYTHON_VERSION', '3'), ('ROS_VERSION', '2'), ('COLCON_PREFIX_PATH', '/Users/mukuyo/RI-AI/install:/Users/mukuyo/ros2_ws/ros2-osx'), ('TERM_SESSION_ID', 'AC5271D7-1864-454A-938E-C13878DEA07A'), ('AMENT_PREFIX_PATH', '/Users/mukuyo/RI-AI/install/sender:/Users/mukuyo/RI-AI/install/reciever:/Users/mukuyo/RI-AI/install/proto_info:/Users/mukuyo/RI-AI/install/main:/Users/mukuyo/RI-AI/install/message_info:/Users/mukuyo/ros2_ws/ros2-osx'), ('USER', 'mukuyo'), ('SSH_AUTH_SOCK', '/private/tmp/com.apple.launchd.9KduaiWhrJ/Listeners'), ('__CF_USER_TEXT_ENCODING', '0x1F5:0x1:0xE'), ('PATH', '/Users/mukuyo/ros2_ws/ros2-osx/bin:/usr/local/opt/python@3.8/bin:/usr/local/bin:/Library/Frameworks/Python.framework/Versions/3.8/bin:/usr/local/bin:/usr/bin:/bin:/usr/sbin:/sbin:/Applications/VMware Fusion.app/Contents/Public:/opt/X11/bin:/Library/Apple/usr/bin'), ('PWD', '/Users/mukuyo/RI-AI/src/main/build/main'), ('COLCON', '1'), ('LANG', 'ja_JP.UTF-8'), ('XPC_FLAGS', '0x0'), ('XPC_SERVICE_NAME', '0'), ('OPENSSL_ROOT_DIR', '/usr/local/opt/openssl@1.1'), ('SHLVL', '2'), ('HOME', '/Users/mukuyo'), ('ROS_DISTRO', 'foxy'), ('DYLD_LIBRARY_PATH', '/Users/mukuyo/RI-AI/install/sender/lib:/Users/mukuyo/RI-AI/install/proto_info/lib:/Users/mukuyo/RI-AI/install/message_info/lib:/Users/mukuyo/ros2_ws/ros2-osx/opt/yaml_cpp_vendor/lib:/Users/mukuyo/ros2_ws/ros2-osx/opt/rviz_ogre_vendor/lib:/Users/mukuyo/ros2_ws/ros2-osx/lib'), ('PYTHONPATH', '/Users/mukuyo/RI-AI/install/sender/lib/python3.8/site-packages:/Users/mukuyo/RI-AI/install/proto_info/lib/python3.8/site-packages:/Users/mukuyo/RI-AI/install/message_info/lib/python3.8/site-packages:/Users/mukuyo/ros2_ws/ros2-osx/lib/python3.8/site-packages'), ('LOGNAME', 'mukuyo'), ('PKG_CONFIG_PATH', '/Users/mukuyo/ros2_ws/ros2-osx/lib/pkgconfig'), ('CMAKE_PREFIX_PATH', '/Users/mukuyo/RI-AI/install/reciever:/Users/mukuyo/RI-AI/install/proto_info:/Users/mukuyo/RI-AI/install/main:/Users/mukuyo/RI-AI/install/message_info:/Users/mukuyo/ros2_ws/ros2-osx:/Users/mukuyo/RI-AI/install/sender'), ('DISPLAY', '/private/tmp/com.apple.launchd.6POVJug0h5/org.macosforge.xquartz:0'), ('ROS_LOCALHOST_ONLY', '0'), ('_', '/usr/bin/env')]), 'shell': False}
[0.103852] (-) TimerEvent: {}
[0.207025] (-) TimerEvent: {}
[0.295740] (main) StdoutLine: {'line': b'Scanning dependencies of target main\n'}
[0.307199] (-) TimerEvent: {}
[0.364383] (main) StdoutLine: {'line': b'[ 50%] Building CXX object CMakeFiles/main.dir/src/main.cpp.o\n'}
[0.407994] (-) TimerEvent: {}
[0.510955] (-) TimerEvent: {}
[0.616318] (-) TimerEvent: {}
[0.720488] (-) TimerEvent: {}
[0.825810] (-) TimerEvent: {}
[0.930407] (-) TimerEvent: {}
[1.032534] (-) TimerEvent: {}
[1.133636] (-) TimerEvent: {}
[1.234271] (-) TimerEvent: {}
[1.339190] (-) TimerEvent: {}
[1.357456] (main) StderrLine: {'line': b"/Users/mukuyo/RI-AI/src/main/src/main.cpp:16:16: error: no viable overloaded '='\n"}
[1.357830] (main) StderrLine: {'line': b'    subscriber = this->create_subscription<message_info::msg::VisionDetections>("vision_detections",10,std::bind(&Main::callback,_1));\n'}
[1.358271] (main) StderrLine: {'line': b'    ~~~~~~~~~~ ^ ~~~~~~~~~~~~~~~~~~~~~~~~~~~~~~~~~~~~~~~~~~~~~~~~~~~~~~~~~~~~~~~~~~~~~~~~~~~~~~~~~~~~~~~~~~~~~~~~~~~~~~~~~~~~~~~~~~~~\n'}
[1.358475] (main) StderrLine: {'line': b"/Library/Developer/CommandLineTools/usr/bin/../include/c++/v1/memory:3839:17: note: candidate function not viable: no known conversion from 'shared_ptr<Subscription<message_info::msg::RobotCommands_<std::__1::allocator<void> >, [...], MessageMemoryStrategy<message_info::msg::RobotCommands_<std::__1::allocator<void> >, [...]>>>' to 'const shared_ptr<Subscription<message_info::msg::VisionDetections_<std::__1::allocator<void> >, [...], MessageMemoryStrategy<message_info::msg::VisionDetections_<std::__1::allocator<void> >, [...]>>>' for 1st argument\n"}
[1.358596] (main) StderrLine: {'line': b'    shared_ptr& operator=(const shared_ptr& __r) _NOEXCEPT;\n'}
[1.358689] (main) StderrLine: {'line': b'                ^\n'}
[1.358780] (main) StderrLine: {'line': b"/Library/Developer/CommandLineTools/usr/bin/../include/c++/v1/memory:3850:17: note: candidate function not viable: no known conversion from 'shared_ptr<Subscription<message_info::msg::RobotCommands_<std::__1::allocator<void> >, [...], MessageMemoryStrategy<message_info::msg::RobotCommands_<std::__1::allocator<void> >, [...]>>>' to 'shared_ptr<Subscription<message_info::msg::VisionDetections_<std::__1::allocator<void> >, [...], MessageMemoryStrategy<message_info::msg::VisionDetections_<std::__1::allocator<void> >, [...]>>>' for 1st argument\n"}
[1.358874] (main) StderrLine: {'line': b'    shared_ptr& operator=(shared_ptr&& __r) _NOEXCEPT;\n'}
[1.358965] (main) StderrLine: {'line': b'                ^\n'}
[1.359058] (main) StderrLine: {'line': b"/Library/Developer/CommandLineTools/usr/bin/../include/c++/v1/memory:3847:9: note: candidate template ignored: requirement 'is_convertible<rclcpp::Subscription<message_info::msg::RobotCommands_<std::__1::allocator<void> >, std::__1::allocator<void>, rclcpp::message_memory_strategy::MessageMemoryStrategy<message_info::msg::RobotCommands_<std::__1::allocator<void> >, std::__1::allocator<void> > > *, rclcpp::Subscription<message_info::msg::VisionDetections_<std::__1::allocator<void> >, std::__1::allocator<void>, rclcpp::message_memory_strategy::MessageMemoryStrategy<message_info::msg::VisionDetections_<std::__1::allocator<void> >, std::__1::allocator<void> > > *>::value' was not satisfied [with _Yp = rclcpp::Subscription<message_info::msg::RobotCommands_<std::__1::allocator<void> >, std::__1::allocator<void>, rclcpp::message_memory_strategy::MessageMemoryStrategy<message_info::msg::RobotCommands_<std::__1::allocator<void> >, std::__1::allocator<void> > >]\n"}
[1.359166] (main) StderrLine: {'line': b'        operator=(const shared_ptr<_Yp>& __r) _NOEXCEPT;\n'}
[1.359256] (main) StderrLine: {'line': b'        ^\n'}
[1.359346] (main) StderrLine: {'line': b"/Library/Developer/CommandLineTools/usr/bin/../include/c++/v1/memory:3858:9: note: candidate template ignored: requirement 'is_convertible<rclcpp::Subscription<message_info::msg::RobotCommands_<std::__1::allocator<void> >, std::__1::allocator<void>, rclcpp::message_memory_strategy::MessageMemoryStrategy<message_info::msg::RobotCommands_<std::__1::allocator<void> >, std::__1::allocator<void> > > *, rclcpp::Subscription<message_info::msg::VisionDetections_<std::__1::allocator<void> >, std::__1::allocator<void>, rclcpp::message_memory_strategy::MessageMemoryStrategy<message_info::msg::VisionDetections_<std::__1::allocator<void> >, std::__1::allocator<void> > > *>::value' was not satisfied [with _Yp = rclcpp::Subscription<message_info::msg::RobotCommands_<std::__1::allocator<void> >, std::__1::allocator<void>, rclcpp::message_memory_strategy::MessageMemoryStrategy<message_info::msg::RobotCommands_<std::__1::allocator<void> >, std::__1::allocator<void> > >]\n"}
[1.359442] (main) StderrLine: {'line': b'        operator=(shared_ptr<_Yp>&& __r);\n'}
[1.359543] (main) StderrLine: {'line': b'        ^\n'}
[1.359635] (main) StderrLine: {'line': b"/Library/Developer/CommandLineTools/usr/bin/../include/c++/v1/memory:3868:9: note: candidate template ignored: could not match 'auto_ptr' against 'shared_ptr'\n"}
[1.359724] (main) StderrLine: {'line': b'        operator=(auto_ptr<_Yp>&& __r);\n'}
[1.359814] (main) StderrLine: {'line': b'        ^\n'}
[1.359904] (main) StderrLine: {'line': b"/Library/Developer/CommandLineTools/usr/bin/../include/c++/v1/memory:3892:9: note: candidate template ignored: could not match 'unique_ptr' against 'shared_ptr'\n"}
[1.360021] (main) StderrLine: {'line': b'        operator=(unique_ptr<_Yp, _Dp>&& __r);\n'}
[1.360110] (main) StderrLine: {'line': b'        ^\n'}
[1.360194] (main) StderrLine: {'line': b"/Users/mukuyo/RI-AI/src/main/src/main.cpp:24:67: warning: unused parameter 'vision_message' [-Wunused-parameter]\n"}
[1.360291] (main) StderrLine: {'line': b'  void callback(const message_info::msg::RobotCommands::SharedPtr vision_message) {\n'}
[1.360374] (main) StderrLine: {'line': b'                                                                  ^\n'}
[1.444276] (-) TimerEvent: {}
[1.546390] (-) TimerEvent: {}
[1.651052] (-) TimerEvent: {}
[1.752034] (-) TimerEvent: {}
[1.855567] (-) TimerEvent: {}
[1.958551] (-) TimerEvent: {}
[2.062650] (-) TimerEvent: {}
[2.166828] (-) TimerEvent: {}
[2.233163] (main) StderrLine: {'line': b'In file included from /Users/mukuyo/RI-AI/src/main/src/main.cpp:1:\n'}
[2.233702] (main) StderrLine: {'line': b'In file included from /Users/mukuyo/ros2_ws/ros2-osx/include/rclcpp/rclcpp.hpp:146:\n'}
[2.233969] (main) StderrLine: {'line': b'In file included from /Users/mukuyo/ros2_ws/ros2-osx/include/rclcpp/executors.hpp:21:\n'}
[2.234103] (main) StderrLine: {'line': b'In file included from /Users/mukuyo/ros2_ws/ros2-osx/include/rclcpp/executors/multi_threaded_executor.hpp:25:\n'}
[2.234201] (main) StderrLine: {'line': b'In file included from /Users/mukuyo/ros2_ws/ros2-osx/include/rclcpp/executor.hpp:33:\n'}
[2.234295] (main) StderrLine: {'line': b'In file included from /Users/mukuyo/ros2_ws/ros2-osx/include/rclcpp/executor_options.hpp:20:\n'}
[2.234387] (main) StderrLine: {'line': b'In file included from /Users/mukuyo/ros2_ws/ros2-osx/include/rclcpp/memory_strategies.hpp:18:\n'}
[2.234479] (main) StderrLine: {'line': b'In file included from /Users/mukuyo/ros2_ws/ros2-osx/include/rclcpp/memory_strategy.hpp:24:\n'}
[2.234570] (main) StderrLine: {'line': b'In file included from /Users/mukuyo/ros2_ws/ros2-osx/include/rclcpp/any_executable.hpp:20:\n'}
[2.234662] (main) StderrLine: {'line': b'In file included from /Users/mukuyo/ros2_ws/ros2-osx/include/rclcpp/callback_group.hpp:26:\n'}
[2.234755] (main) StderrLine: {'line': b'In file included from /Users/mukuyo/ros2_ws/ros2-osx/include/rclcpp/subscription_base.hpp:29:\n'}
[2.234849] (main) StderrLine: {'line': b"/Users/mukuyo/ros2_ws/ros2-osx/include/rclcpp/any_subscription_callback.hpp:85:26: error: no viable overloaded '='\n"}
[2.234941] (main) StderrLine: {'line': b'    shared_ptr_callback_ = callback;\n'}
[2.235034] (main) StderrLine: {'line': b'    ~~~~~~~~~~~~~~~~~~~~ ^ ~~~~~~~~\n'}
[2.235127] (main) StderrLine: {'line': b"/Users/mukuyo/ros2_ws/ros2-osx/include/rclcpp/subscription_factory.hpp:97:29: note: in instantiation of function template specialization 'rclcpp::AnySubscriptionCallback<message_info::msg::RobotCommands_<std::__1::allocator<void> >, std::__1::allocator<void> >::set<std::__1::__bind<void (Main::*)(std::__1::shared_ptr<message_info::msg::RobotCommands_<std::__1::allocator<void> > >), const std::__1::placeholders::__ph<1> &>, nullptr>' requested here\n"}
[2.235235] (main) StderrLine: {'line': b'  any_subscription_callback.set(std::forward<CallbackT>(callback));\n'}
[2.235328] (main) StderrLine: {'line': b'                            ^\n'}
[2.235421] (main) StderrLine: {'line': b"/Users/mukuyo/ros2_ws/ros2-osx/include/rclcpp/create_subscription.hpp:112:26: note: in instantiation of function template specialization 'rclcpp::create_subscription_factory<message_info::msg::VisionDetections_<std::__1::allocator<void> >, std::__1::__bind<void (Main::*)(std::__1::shared_ptr<message_info::msg::RobotCommands_<std::__1::allocator<void> > >), const std::__1::placeholders::__ph<1> &>, std::__1::allocator<void>, message_info::msg::RobotCommands_<std::__1::allocator<void> >, rclcpp::Subscription<message_info::msg::RobotCommands_<std::__1::allocator<void> >, std::__1::allocator<void>, rclcpp::message_memory_strategy::MessageMemoryStrategy<message_info::msg::RobotCommands_<std::__1::allocator<void> >, std::__1::allocator<void> > >, rclcpp::message_memory_strategy::MessageMemoryStrategy<message_info::msg::RobotCommands_<std::__1::allocator<void> >, std::__1::allocator<void> > >' requested here\n"}
[2.235555] (main) StderrLine: {'line': b'  auto factory = rclcpp::create_subscription_factory<MessageT>(\n'}
[2.235647] (main) StderrLine: {'line': b'                         ^\n'}
[2.235739] (main) StderrLine: {'line': b"/Users/mukuyo/ros2_ws/ros2-osx/include/rclcpp/node_impl.hpp:98:18: note: in instantiation of function template specialization 'rclcpp::create_subscription<message_info::msg::VisionDetections_<std::__1::allocator<void> >, std::__1::__bind<void (Main::*)(std::__1::shared_ptr<message_info::msg::RobotCommands_<std::__1::allocator<void> > >), const std::__1::placeholders::__ph<1> &>, std::__1::allocator<void>, message_info::msg::RobotCommands_<std::__1::allocator<void> >, rclcpp::Subscription<message_info::msg::RobotCommands_<std::__1::allocator<void> >, std::__1::allocator<void>, rclcpp::message_memory_strategy::MessageMemoryStrategy<message_info::msg::RobotCommands_<std::__1::allocator<void> >, std::__1::allocator<void> > >, rclcpp::message_memory_strategy::MessageMemoryStrategy<message_info::msg::RobotCommands_<std::__1::allocator<void> >, std::__1::allocator<void> >, rclcpp::Node &>' requested here\n"}
[2.235849] (main) StderrLine: {'line': b'  return rclcpp::create_subscription<MessageT>(\n'}
[2.235940] (main) StderrLine: {'line': b'                 ^\n'}
[2.236030] (main) StderrLine: {'line': b"/Users/mukuyo/RI-AI/src/main/src/main.cpp:16:24: note: in instantiation of function template specialization 'rclcpp::Node::create_subscription<message_info::msg::VisionDetections_<std::__1::allocator<void> >, std::__1::__bind<void (Main::*)(std::__1::shared_ptr<message_info::msg::RobotCommands_<std::__1::allocator<void> > >), const std::__1::placeholders::__ph<1> &>, std::__1::allocator<void>, message_info::msg::RobotCommands_<std::__1::allocator<void> >, rclcpp::Subscription<message_info::msg::RobotCommands_<std::__1::allocator<void> >, std::__1::allocator<void>, rclcpp::message_memory_strategy::MessageMemoryStrategy<message_info::msg::RobotCommands_<std::__1::allocator<void> >, std::__1::allocator<void> > >, rclcpp::message_memory_strategy::MessageMemoryStrategy<message_info::msg::RobotCommands_<std::__1::allocator<void> >, std::__1::allocator<void> > >' requested here\n"}
[2.236160] (main) StderrLine: {'line': b'    subscriber = this->create_subscription<message_info::msg::VisionDetections>("vision_detections",10,std::bind(&Main::callback,_1));\n'}
[2.236247] (main) StderrLine: {'line': b'                       ^\n'}
[2.236330] (main) StderrLine: {'line': b"/Library/Developer/CommandLineTools/usr/bin/../include/c++/v1/functional:2297:15: note: candidate function not viable: no known conversion from 'std::__1::__bind<void (Main::*)(std::__1::shared_ptr<message_info::msg::RobotCommands_<std::__1::allocator<void> > >), const std::__1::placeholders::__ph<1> &>' to 'const std::__1::function<void (std::__1::shared_ptr<message_info::msg::RobotCommands_<std::__1::allocator<void> > >)>' for 1st argument\n"}
[2.236421] (main) StderrLine: {'line': b'    function& operator=(const function&);\n'}
[2.236503] (main) StderrLine: {'line': b'              ^\n'}
[2.236585] (main) StderrLine: {'line': b"/Library/Developer/CommandLineTools/usr/bin/../include/c++/v1/functional:2298:15: note: candidate function not viable: no known conversion from 'std::__1::__bind<void (Main::*)(std::__1::shared_ptr<message_info::msg::RobotCommands_<std::__1::allocator<void> > >), const std::__1::placeholders::__ph<1> &>' to 'std::__1::function<void (std::__1::shared_ptr<message_info::msg::RobotCommands_<std::__1::allocator<void> > >)>' for 1st argument\n"}
[2.236671] (main) StderrLine: {'line': b'    function& operator=(function&&) _NOEXCEPT;\n'}
[2.236754] (main) StderrLine: {'line': b'              ^\n'}
[2.236848] (main) StderrLine: {'line': b"/Library/Developer/CommandLineTools/usr/bin/../include/c++/v1/functional:2299:15: note: candidate function not viable: no known conversion from 'std::__1::__bind<void (Main::*)(std::__1::shared_ptr<message_info::msg::RobotCommands_<std::__1::allocator<void> > >), const std::__1::placeholders::__ph<1> &>' to 'std::nullptr_t' (aka 'nullptr_t') for 1st argument\n"}
[2.236940] (main) StderrLine: {'line': b'    function& operator=(nullptr_t) _NOEXCEPT;\n'}
[2.237024] (main) StderrLine: {'line': b'              ^\n'}
[2.237110] (main) StderrLine: {'line': b"/Library/Developer/CommandLineTools/usr/bin/../include/c++/v1/functional:2301:15: note: candidate template ignored: requirement '__callable<std::__1::__bind<void (Main::*)(std::__1::shared_ptr<message_info::msg::RobotCommands_<std::__1::allocator<void> > >), const std::__1::placeholders::__ph<1> &> &, false>::value' was not satisfied [with _Fp = std::__1::__bind<void (Main::*)(std::__1::shared_ptr<message_info::msg::RobotCommands_<std::__1::allocator<void> > >), const std::__1::placeholders::__ph<1> &> &]\n"}
[2.237204] (main) StderrLine: {'line': b'    function& operator=(_Fp&&);\n'}
[2.237287] (main) StderrLine: {'line': b'              ^\n'}
[2.271894] (-) TimerEvent: {}
[2.377244] (-) TimerEvent: {}
[2.481102] (-) TimerEvent: {}
[2.578025] (main) StderrLine: {'line': b'1 warning and 2 errors generated.\n'}
[2.581876] (-) TimerEvent: {}
[2.592964] (main) StderrLine: {'line': b'make[2]: *** [CMakeFiles/main.dir/src/main.cpp.o] Error 1\n'}
[2.593402] (main) StderrLine: {'line': b'make[1]: *** [CMakeFiles/main.dir/all] Error 2\n'}
[2.593814] (main) StderrLine: {'line': b'make: *** [all] Error 2\n'}
[2.594695] (main) CommandEnded: {'returncode': 2}
[2.595159] (main) JobEnded: {'identifier': 'main', 'rc': 2}
[2.596690] (-) EventReactorShutdown: {}
