[0.522s] Invoking command in '/Users/mukuyo/Desktop/RI-AI/build/reciever': CMAKE_PREFIX_PATH=/Users/mukuyo/Desktop/RI-AI/install/proto_info:/Users/mukuyo/Desktop/RI-AI/install/message_info:/Users/mukuyo/Desktop/RI-AI/install/sender:/Users/mukuyo/Desktop/RI-AI/install/reciever:/Users/mukuyo/Desktop/RI-AI/install/main:/Users/mukuyo/ros2_ws/ros2-osx DYLD_LIBRARY_PATH=/Users/mukuyo/Desktop/RI-AI/install/proto_info/lib:/Users/mukuyo/Desktop/RI-AI/install/message_info/lib:/Users/mukuyo/Desktop/RI-AI/install/sender/lib:/Users/mukuyo/ros2_ws/ros2-osx/opt/yaml_cpp_vendor/lib:/Users/mukuyo/ros2_ws/ros2-osx/opt/rviz_ogre_vendor/lib:/Users/mukuyo/ros2_ws/ros2-osx/lib PYTHONPATH=/Users/mukuyo/Desktop/RI-AI/install/proto_info/lib/python3.8/site-packages:/Users/mukuyo/Desktop/RI-AI/install/message_info/lib/python3.8/site-packages:/Users/mukuyo/Desktop/RI-AI/install/sender/lib/python3.8/site-packages:/Users/mukuyo/ros2_ws/ros2-osx/lib/python3.8/site-packages SHLVL=2 _=/usr/bin/env /usr/local/bin/cmake --build /Users/mukuyo/Desktop/RI-AI/build/reciever -- -j8 -l8
[1.604s] [ 50%] Linking CXX executable receiver
[2.165s] [100%] Built target receiver
[2.223s] Invoked command in '/Users/mukuyo/Desktop/RI-AI/build/reciever' returned '0': CMAKE_PREFIX_PATH=/Users/mukuyo/Desktop/RI-AI/install/proto_info:/Users/mukuyo/Desktop/RI-AI/install/message_info:/Users/mukuyo/Desktop/RI-AI/install/sender:/Users/mukuyo/Desktop/RI-AI/install/reciever:/Users/mukuyo/Desktop/RI-AI/install/main:/Users/mukuyo/ros2_ws/ros2-osx DYLD_LIBRARY_PATH=/Users/mukuyo/Desktop/RI-AI/install/proto_info/lib:/Users/mukuyo/Desktop/RI-AI/install/message_info/lib:/Users/mukuyo/Desktop/RI-AI/install/sender/lib:/Users/mukuyo/ros2_ws/ros2-osx/opt/yaml_cpp_vendor/lib:/Users/mukuyo/ros2_ws/ros2-osx/opt/rviz_ogre_vendor/lib:/Users/mukuyo/ros2_ws/ros2-osx/lib PYTHONPATH=/Users/mukuyo/Desktop/RI-AI/install/proto_info/lib/python3.8/site-packages:/Users/mukuyo/Desktop/RI-AI/install/message_info/lib/python3.8/site-packages:/Users/mukuyo/Desktop/RI-AI/install/sender/lib/python3.8/site-packages:/Users/mukuyo/ros2_ws/ros2-osx/lib/python3.8/site-packages SHLVL=2 _=/usr/bin/env /usr/local/bin/cmake --build /Users/mukuyo/Desktop/RI-AI/build/reciever -- -j8 -l8
[3.327s] Invoking command in '/Users/mukuyo/Desktop/RI-AI/build/reciever': CMAKE_PREFIX_PATH=/Users/mukuyo/Desktop/RI-AI/install/proto_info:/Users/mukuyo/Desktop/RI-AI/install/message_info:/Users/mukuyo/Desktop/RI-AI/install/sender:/Users/mukuyo/Desktop/RI-AI/install/reciever:/Users/mukuyo/Desktop/RI-AI/install/main:/Users/mukuyo/ros2_ws/ros2-osx DYLD_LIBRARY_PATH=/Users/mukuyo/Desktop/RI-AI/install/proto_info/lib:/Users/mukuyo/Desktop/RI-AI/install/message_info/lib:/Users/mukuyo/Desktop/RI-AI/install/sender/lib:/Users/mukuyo/ros2_ws/ros2-osx/opt/yaml_cpp_vendor/lib:/Users/mukuyo/ros2_ws/ros2-osx/opt/rviz_ogre_vendor/lib:/Users/mukuyo/ros2_ws/ros2-osx/lib PYTHONPATH=/Users/mukuyo/Desktop/RI-AI/install/proto_info/lib/python3.8/site-packages:/Users/mukuyo/Desktop/RI-AI/install/message_info/lib/python3.8/site-packages:/Users/mukuyo/Desktop/RI-AI/install/sender/lib/python3.8/site-packages:/Users/mukuyo/ros2_ws/ros2-osx/lib/python3.8/site-packages SHLVL=2 _=/usr/bin/env /usr/local/bin/cmake --install /Users/mukuyo/Desktop/RI-AI/build/reciever
[3.402s] -- Install configuration: "Debug"
[3.403s] -- Up-to-date: /Users/mukuyo/Desktop/RI-AI/install/reciever/include
[3.404s] -- Up-to-date: /Users/mukuyo/Desktop/RI-AI/install/reciever/include/.DS_Store
[3.404s] -- Up-to-date: /Users/mukuyo/Desktop/RI-AI/install/reciever/include/receiver
[3.404s] -- Up-to-date: /Users/mukuyo/Desktop/RI-AI/install/reciever/include/receiver/.DS_Store
[3.404s] -- Up-to-date: /Users/mukuyo/Desktop/RI-AI/install/reciever/include/reciever
[3.405s] -- Up-to-date: /Users/mukuyo/Desktop/RI-AI/install/reciever/include/reciever/multicast.hpp
[3.405s] -- Installing: /Users/mukuyo/Desktop/RI-AI/install/reciever/lib/reciever/receiver
[3.726s] -- Up-to-date: /Users/mukuyo/Desktop/RI-AI/install/reciever/share/ament_index/resource_index/package_run_dependencies/reciever
[3.727s] -- Up-to-date: /Users/mukuyo/Desktop/RI-AI/install/reciever/share/ament_index/resource_index/parent_prefix_path/reciever
[3.728s] -- Up-to-date: /Users/mukuyo/Desktop/RI-AI/install/reciever/share/reciever/environment/ament_prefix_path.sh
[3.728s] -- Up-to-date: /Users/mukuyo/Desktop/RI-AI/install/reciever/share/reciever/environment/ament_prefix_path.dsv
[3.728s] -- Up-to-date: /Users/mukuyo/Desktop/RI-AI/install/reciever/share/reciever/environment/path.sh
[3.729s] -- Up-to-date: /Users/mukuyo/Desktop/RI-AI/install/reciever/share/reciever/environment/path.dsv
[3.729s] -- Up-to-date: /Users/mukuyo/Desktop/RI-AI/install/reciever/share/reciever/local_setup.bash
[3.730s] -- Up-to-date: /Users/mukuyo/Desktop/RI-AI/install/reciever/share/reciever/local_setup.sh
[3.730s] -- Up-to-date: /Users/mukuyo/Desktop/RI-AI/install/reciever/share/reciever/local_setup.zsh
[3.730s] -- Up-to-date: /Users/mukuyo/Desktop/RI-AI/install/reciever/share/reciever/local_setup.dsv
[3.730s] -- Installing: /Users/mukuyo/Desktop/RI-AI/install/reciever/share/reciever/package.dsv
[3.730s] -- Up-to-date: /Users/mukuyo/Desktop/RI-AI/install/reciever/share/ament_index/resource_index/packages/reciever
[3.731s] -- Up-to-date: /Users/mukuyo/Desktop/RI-AI/install/reciever/share/reciever/cmake/recieverConfig.cmake
[3.732s] -- Up-to-date: /Users/mukuyo/Desktop/RI-AI/install/reciever/share/reciever/cmake/recieverConfig-version.cmake
[3.738s] -- Up-to-date: /Users/mukuyo/Desktop/RI-AI/install/reciever/share/reciever/package.xml
[3.750s] Invoked command in '/Users/mukuyo/Desktop/RI-AI/build/reciever' returned '0': CMAKE_PREFIX_PATH=/Users/mukuyo/Desktop/RI-AI/install/proto_info:/Users/mukuyo/Desktop/RI-AI/install/message_info:/Users/mukuyo/Desktop/RI-AI/install/sender:/Users/mukuyo/Desktop/RI-AI/install/reciever:/Users/mukuyo/Desktop/RI-AI/install/main:/Users/mukuyo/ros2_ws/ros2-osx DYLD_LIBRARY_PATH=/Users/mukuyo/Desktop/RI-AI/install/proto_info/lib:/Users/mukuyo/Desktop/RI-AI/install/message_info/lib:/Users/mukuyo/Desktop/RI-AI/install/sender/lib:/Users/mukuyo/ros2_ws/ros2-osx/opt/yaml_cpp_vendor/lib:/Users/mukuyo/ros2_ws/ros2-osx/opt/rviz_ogre_vendor/lib:/Users/mukuyo/ros2_ws/ros2-osx/lib PYTHONPATH=/Users/mukuyo/Desktop/RI-AI/install/proto_info/lib/python3.8/site-packages:/Users/mukuyo/Desktop/RI-AI/install/message_info/lib/python3.8/site-packages:/Users/mukuyo/Desktop/RI-AI/install/sender/lib/python3.8/site-packages:/Users/mukuyo/ros2_ws/ros2-osx/lib/python3.8/site-packages SHLVL=2 _=/usr/bin/env /usr/local/bin/cmake --install /Users/mukuyo/Desktop/RI-AI/build/reciever
