[0.167s] Invoking command in '/Users/mukuyo/Desktop/RI-AI/build/reciever': AMENT_PREFIX_PATH=/Users/mukuyo/Desktop/RI-AI/install/proto_info:/Users/mukuyo/Desktop/RI-AI/install/message_info:${AMENT_PREFIX_PATH} CMAKE_PREFIX_PATH=/Users/mukuyo/Desktop/RI-AI/install/proto_info:/Users/mukuyo/Desktop/RI-AI/install/message_info:${CMAKE_PREFIX_PATH} DYLD_LIBRARY_PATH=/Users/mukuyo/Desktop/RI-AI/install/proto_info/lib:/Users/mukuyo/Desktop/RI-AI/install/message_info/lib:${DYLD_LIBRARY_PATH} PYTHONPATH=/Users/mukuyo/Desktop/RI-AI/install/proto_info/lib/python3.8/site-packages:/Users/mukuyo/Desktop/RI-AI/install/message_info/lib/python3.8/site-packages:${PYTHONPATH} SHLVL=2 _=/usr/bin/env /usr/local/bin/cmake --build /Users/mukuyo/Desktop/RI-AI/build/reciever -- -j8 -l8
[0.849s] [ 50%] Linking CXX executable receiver
[1.330s] [100%] Built target receiver
[1.390s] Invoked command in '/Users/mukuyo/Desktop/RI-AI/build/reciever' returned '0': AMENT_PREFIX_PATH=/Users/mukuyo/Desktop/RI-AI/install/proto_info:/Users/mukuyo/Desktop/RI-AI/install/message_info:${AMENT_PREFIX_PATH} CMAKE_PREFIX_PATH=/Users/mukuyo/Desktop/RI-AI/install/proto_info:/Users/mukuyo/Desktop/RI-AI/install/message_info:${CMAKE_PREFIX_PATH} DYLD_LIBRARY_PATH=/Users/mukuyo/Desktop/RI-AI/install/proto_info/lib:/Users/mukuyo/Desktop/RI-AI/install/message_info/lib:${DYLD_LIBRARY_PATH} PYTHONPATH=/Users/mukuyo/Desktop/RI-AI/install/proto_info/lib/python3.8/site-packages:/Users/mukuyo/Desktop/RI-AI/install/message_info/lib/python3.8/site-packages:${PYTHONPATH} SHLVL=2 _=/usr/bin/env /usr/local/bin/cmake --build /Users/mukuyo/Desktop/RI-AI/build/reciever -- -j8 -l8
[1.894s] Invoking command in '/Users/mukuyo/Desktop/RI-AI/build/reciever': AMENT_PREFIX_PATH=/Users/mukuyo/Desktop/RI-AI/install/proto_info:/Users/mukuyo/Desktop/RI-AI/install/message_info:${AMENT_PREFIX_PATH} CMAKE_PREFIX_PATH=/Users/mukuyo/Desktop/RI-AI/install/proto_info:/Users/mukuyo/Desktop/RI-AI/install/message_info:${CMAKE_PREFIX_PATH} DYLD_LIBRARY_PATH=/Users/mukuyo/Desktop/RI-AI/install/proto_info/lib:/Users/mukuyo/Desktop/RI-AI/install/message_info/lib:${DYLD_LIBRARY_PATH} PYTHONPATH=/Users/mukuyo/Desktop/RI-AI/install/proto_info/lib/python3.8/site-packages:/Users/mukuyo/Desktop/RI-AI/install/message_info/lib/python3.8/site-packages:${PYTHONPATH} SHLVL=2 _=/usr/bin/env /usr/local/bin/cmake --install /Users/mukuyo/Desktop/RI-AI/build/reciever
[1.956s] -- Install configuration: ""
[1.956s] -- Up-to-date: /Users/mukuyo/Desktop/RI-AI/install/reciever/include
[1.957s] -- Up-to-date: /Users/mukuyo/Desktop/RI-AI/install/reciever/include/.DS_Store
[1.957s] -- Up-to-date: /Users/mukuyo/Desktop/RI-AI/install/reciever/include/receiver
[1.957s] -- Up-to-date: /Users/mukuyo/Desktop/RI-AI/install/reciever/include/receiver/.DS_Store
[1.957s] -- Up-to-date: /Users/mukuyo/Desktop/RI-AI/install/reciever/include/reciever
[1.958s] -- Up-to-date: /Users/mukuyo/Desktop/RI-AI/install/reciever/include/reciever/multicast.hpp
[1.958s] -- Installing: /Users/mukuyo/Desktop/RI-AI/install/reciever/lib/reciever/receiver
[2.304s] -- Up-to-date: /Users/mukuyo/Desktop/RI-AI/install/reciever/share/ament_index/resource_index/package_run_dependencies/reciever
[2.304s] -- Up-to-date: /Users/mukuyo/Desktop/RI-AI/install/reciever/share/ament_index/resource_index/parent_prefix_path/reciever
[2.305s] -- Up-to-date: /Users/mukuyo/Desktop/RI-AI/install/reciever/share/reciever/environment/ament_prefix_path.sh
[2.305s] -- Up-to-date: /Users/mukuyo/Desktop/RI-AI/install/reciever/share/reciever/environment/ament_prefix_path.dsv
[2.306s] -- Up-to-date: /Users/mukuyo/Desktop/RI-AI/install/reciever/share/reciever/environment/path.sh
[2.307s] -- Up-to-date: /Users/mukuyo/Desktop/RI-AI/install/reciever/share/reciever/environment/path.dsv
[2.307s] -- Up-to-date: /Users/mukuyo/Desktop/RI-AI/install/reciever/share/reciever/local_setup.bash
[2.308s] -- Up-to-date: /Users/mukuyo/Desktop/RI-AI/install/reciever/share/reciever/local_setup.sh
[2.308s] -- Up-to-date: /Users/mukuyo/Desktop/RI-AI/install/reciever/share/reciever/local_setup.zsh
[2.309s] -- Up-to-date: /Users/mukuyo/Desktop/RI-AI/install/reciever/share/reciever/local_setup.dsv
[2.309s] -- Installing: /Users/mukuyo/Desktop/RI-AI/install/reciever/share/reciever/package.dsv
[2.310s] -- Up-to-date: /Users/mukuyo/Desktop/RI-AI/install/reciever/share/ament_index/resource_index/packages/reciever
[2.310s] -- Up-to-date: /Users/mukuyo/Desktop/RI-AI/install/reciever/share/reciever/cmake/recieverConfig.cmake
[2.310s] -- Up-to-date: /Users/mukuyo/Desktop/RI-AI/install/reciever/share/reciever/cmake/recieverConfig-version.cmake
[2.310s] -- Up-to-date: /Users/mukuyo/Desktop/RI-AI/install/reciever/share/reciever/package.xml
[2.317s] Invoked command in '/Users/mukuyo/Desktop/RI-AI/build/reciever' returned '0': AMENT_PREFIX_PATH=/Users/mukuyo/Desktop/RI-AI/install/proto_info:/Users/mukuyo/Desktop/RI-AI/install/message_info:${AMENT_PREFIX_PATH} CMAKE_PREFIX_PATH=/Users/mukuyo/Desktop/RI-AI/install/proto_info:/Users/mukuyo/Desktop/RI-AI/install/message_info:${CMAKE_PREFIX_PATH} DYLD_LIBRARY_PATH=/Users/mukuyo/Desktop/RI-AI/install/proto_info/lib:/Users/mukuyo/Desktop/RI-AI/install/message_info/lib:${DYLD_LIBRARY_PATH} PYTHONPATH=/Users/mukuyo/Desktop/RI-AI/install/proto_info/lib/python3.8/site-packages:/Users/mukuyo/Desktop/RI-AI/install/message_info/lib/python3.8/site-packages:${PYTHONPATH} SHLVL=2 _=/usr/bin/env /usr/local/bin/cmake --install /Users/mukuyo/Desktop/RI-AI/build/reciever
