[0.169s] Invoking command in '/Users/mukuyo/Desktop/RI-AI/build/sender': AMENT_PREFIX_PATH=/Users/mukuyo/Desktop/RI-AI/install/proto_info:/Users/mukuyo/Desktop/RI-AI/install/message_info:${AMENT_PREFIX_PATH} CMAKE_PREFIX_PATH=/Users/mukuyo/Desktop/RI-AI/install/proto_info:/Users/mukuyo/Desktop/RI-AI/install/message_info:${CMAKE_PREFIX_PATH} DYLD_LIBRARY_PATH=/Users/mukuyo/Desktop/RI-AI/install/proto_info/lib:/Users/mukuyo/Desktop/RI-AI/install/message_info/lib:${DYLD_LIBRARY_PATH} PYTHONPATH=/Users/mukuyo/Desktop/RI-AI/install/proto_info/lib/python3.8/site-packages:/Users/mukuyo/Desktop/RI-AI/install/message_info/lib/python3.8/site-packages:${PYTHONPATH} SHLVL=2 _=/usr/bin/env /usr/local/bin/cmake --build /Users/mukuyo/Desktop/RI-AI/build/sender -- -j8 -l8
[0.739s] [  3%] Built target sender__cpp
[0.742s] [ 12%] Built target sender__rosidl_generator_c
[0.875s] [ 15%] Linking CXX executable sim_sender
[1.040s] [ 24%] Built target sender__rosidl_typesupport_cpp
[1.042s] [ 33%] Built target sender__rosidl_typesupport_introspection_cpp
[1.045s] [ 42%] Built target sender__rosidl_typesupport_fastrtps_cpp
[1.297s] [ 54%] Built target sender__rosidl_typesupport_introspection_c
[1.298s] [ 54%] Built target sim_sender
[1.304s] [ 63%] Built target sender__rosidl_typesupport_c
[1.305s] [ 72%] Built target sender__rosidl_typesupport_fastrtps_c
[1.553s] [ 72%] Built target sender
[1.798s] [ 75%] Built target sender__py
[2.043s] [ 81%] Built target sender__python
[2.303s] [ 96%] Built target sender__rosidl_typesupport_c__pyext
[2.304s] [100%] Built target sender__rosidl_typesupport_fastrtps_c__pyext
[2.304s] [100%] Built target sender__rosidl_typesupport_introspection_c__pyext
[2.358s] Invoked command in '/Users/mukuyo/Desktop/RI-AI/build/sender' returned '0': AMENT_PREFIX_PATH=/Users/mukuyo/Desktop/RI-AI/install/proto_info:/Users/mukuyo/Desktop/RI-AI/install/message_info:${AMENT_PREFIX_PATH} CMAKE_PREFIX_PATH=/Users/mukuyo/Desktop/RI-AI/install/proto_info:/Users/mukuyo/Desktop/RI-AI/install/message_info:${CMAKE_PREFIX_PATH} DYLD_LIBRARY_PATH=/Users/mukuyo/Desktop/RI-AI/install/proto_info/lib:/Users/mukuyo/Desktop/RI-AI/install/message_info/lib:${DYLD_LIBRARY_PATH} PYTHONPATH=/Users/mukuyo/Desktop/RI-AI/install/proto_info/lib/python3.8/site-packages:/Users/mukuyo/Desktop/RI-AI/install/message_info/lib/python3.8/site-packages:${PYTHONPATH} SHLVL=2 _=/usr/bin/env /usr/local/bin/cmake --build /Users/mukuyo/Desktop/RI-AI/build/sender -- -j8 -l8
[3.787s] Invoking command in '/Users/mukuyo/Desktop/RI-AI/build/sender': AMENT_PREFIX_PATH=/Users/mukuyo/Desktop/RI-AI/install/proto_info:/Users/mukuyo/Desktop/RI-AI/install/message_info:${AMENT_PREFIX_PATH} CMAKE_PREFIX_PATH=/Users/mukuyo/Desktop/RI-AI/install/proto_info:/Users/mukuyo/Desktop/RI-AI/install/message_info:${CMAKE_PREFIX_PATH} DYLD_LIBRARY_PATH=/Users/mukuyo/Desktop/RI-AI/install/proto_info/lib:/Users/mukuyo/Desktop/RI-AI/install/message_info/lib:${DYLD_LIBRARY_PATH} PYTHONPATH=/Users/mukuyo/Desktop/RI-AI/install/proto_info/lib/python3.8/site-packages:/Users/mukuyo/Desktop/RI-AI/install/message_info/lib/python3.8/site-packages:${PYTHONPATH} SHLVL=2 _=/usr/bin/env /usr/local/bin/cmake --install /Users/mukuyo/Desktop/RI-AI/build/sender
[3.823s] -- Install configuration: ""
[3.825s] -- Up-to-date: /Users/mukuyo/Desktop/RI-AI/install/sender/share/ament_index/resource_index/rosidl_interfaces/sender
[3.825s] -- Up-to-date: /Users/mukuyo/Desktop/RI-AI/install/sender/include/sender
[3.825s] -- Up-to-date: /Users/mukuyo/Desktop/RI-AI/install/sender/include/sender/msg
[3.825s] -- Up-to-date: /Users/mukuyo/Desktop/RI-AI/install/sender/include/sender/msg/rosidl_generator_c__visibility_control.h
[3.826s] -- Up-to-date: /Users/mukuyo/Desktop/RI-AI/install/sender/include/sender/msg/test.h
[3.826s] -- Up-to-date: /Users/mukuyo/Desktop/RI-AI/install/sender/include/sender/msg/detail
[3.826s] -- Up-to-date: /Users/mukuyo/Desktop/RI-AI/install/sender/include/sender/msg/detail/test__functions.h
[3.827s] -- Up-to-date: /Users/mukuyo/Desktop/RI-AI/install/sender/include/sender/msg/detail/test__type_support.h
[3.827s] -- Up-to-date: /Users/mukuyo/Desktop/RI-AI/install/sender/include/sender/msg/detail/test__struct.h
[3.827s] -- Up-to-date: /Users/mukuyo/Desktop/RI-AI/install/sender/include/sender/msg/detail/test__functions.c
[3.827s] -- Up-to-date: /Users/mukuyo/Desktop/RI-AI/install/sender/share/sender/environment/library_path.sh
[3.827s] -- Up-to-date: /Users/mukuyo/Desktop/RI-AI/install/sender/share/sender/environment/library_path.dsv
[3.828s] -- Installing: /Users/mukuyo/Desktop/RI-AI/install/sender/lib/libsender__rosidl_generator_c.dylib
[3.910s] -- Up-to-date: /Users/mukuyo/Desktop/RI-AI/install/sender/include/sender
[3.910s] -- Up-to-date: /Users/mukuyo/Desktop/RI-AI/install/sender/include/sender/msg
[3.911s] -- Up-to-date: /Users/mukuyo/Desktop/RI-AI/install/sender/include/sender/msg/detail
[3.911s] -- Up-to-date: /Users/mukuyo/Desktop/RI-AI/install/sender/include/sender/msg/detail/test__rosidl_typesupport_fastrtps_c.h
[3.911s] -- Up-to-date: /Users/mukuyo/Desktop/RI-AI/install/sender/include/sender/msg/rosidl_typesupport_fastrtps_c__visibility_control.h
[3.911s] -- Installing: /Users/mukuyo/Desktop/RI-AI/install/sender/lib/libsender__rosidl_typesupport_fastrtps_c.dylib
[4.017s] -- Up-to-date: /Users/mukuyo/Desktop/RI-AI/install/sender/include/sender
[4.017s] -- Up-to-date: /Users/mukuyo/Desktop/RI-AI/install/sender/include/sender/msg
[4.018s] -- Up-to-date: /Users/mukuyo/Desktop/RI-AI/install/sender/include/sender/msg/rosidl_typesupport_fastrtps_cpp__visibility_control.h
[4.018s] -- Up-to-date: /Users/mukuyo/Desktop/RI-AI/install/sender/include/sender/msg/detail
[4.019s] -- Up-to-date: /Users/mukuyo/Desktop/RI-AI/install/sender/include/sender/msg/detail/test__rosidl_typesupport_fastrtps_cpp.hpp
[4.019s] -- Up-to-date: /Users/mukuyo/Desktop/RI-AI/install/sender/include/sender/msg/detail/dds_fastrtps
[4.019s] -- Installing: /Users/mukuyo/Desktop/RI-AI/install/sender/lib/libsender__rosidl_typesupport_fastrtps_cpp.dylib
[4.085s] -- Up-to-date: /Users/mukuyo/Desktop/RI-AI/install/sender/include/sender
[4.086s] -- Up-to-date: /Users/mukuyo/Desktop/RI-AI/install/sender/include/sender/msg
[4.086s] -- Up-to-date: /Users/mukuyo/Desktop/RI-AI/install/sender/include/sender/msg/detail
[4.086s] -- Up-to-date: /Users/mukuyo/Desktop/RI-AI/install/sender/include/sender/msg/detail/test__type_support.c
[4.086s] -- Up-to-date: /Users/mukuyo/Desktop/RI-AI/install/sender/include/sender/msg/detail/test__rosidl_typesupport_introspection_c.h
[4.086s] -- Up-to-date: /Users/mukuyo/Desktop/RI-AI/install/sender/include/sender/msg/rosidl_typesupport_introspection_c__visibility_control.h
[4.086s] -- Installing: /Users/mukuyo/Desktop/RI-AI/install/sender/lib/libsender__rosidl_typesupport_introspection_c.dylib
[4.190s] -- Installing: /Users/mukuyo/Desktop/RI-AI/install/sender/lib/libsender__rosidl_typesupport_c.dylib
[4.262s] -- Up-to-date: /Users/mukuyo/Desktop/RI-AI/install/sender/include/sender
[4.263s] -- Up-to-date: /Users/mukuyo/Desktop/RI-AI/install/sender/include/sender/msg
[4.264s] -- Up-to-date: /Users/mukuyo/Desktop/RI-AI/install/sender/include/sender/msg/detail
[4.264s] -- Up-to-date: /Users/mukuyo/Desktop/RI-AI/install/sender/include/sender/msg/detail/test__traits.hpp
[4.264s] -- Up-to-date: /Users/mukuyo/Desktop/RI-AI/install/sender/include/sender/msg/detail/test__struct.hpp
[4.264s] -- Up-to-date: /Users/mukuyo/Desktop/RI-AI/install/sender/include/sender/msg/detail/test__builder.hpp
[4.265s] -- Up-to-date: /Users/mukuyo/Desktop/RI-AI/install/sender/include/sender/msg/test.hpp
[4.265s] -- Up-to-date: /Users/mukuyo/Desktop/RI-AI/install/sender/include/sender
[4.265s] -- Up-to-date: /Users/mukuyo/Desktop/RI-AI/install/sender/include/sender/msg
[4.265s] -- Up-to-date: /Users/mukuyo/Desktop/RI-AI/install/sender/include/sender/msg/detail
[4.265s] -- Up-to-date: /Users/mukuyo/Desktop/RI-AI/install/sender/include/sender/msg/detail/test__rosidl_typesupport_introspection_cpp.hpp
[4.266s] -- Up-to-date: /Users/mukuyo/Desktop/RI-AI/install/sender/include/sender/msg/detail/test__type_support.cpp
[4.266s] -- Installing: /Users/mukuyo/Desktop/RI-AI/install/sender/lib/libsender__rosidl_typesupport_introspection_cpp.dylib
[4.334s] -- Installing: /Users/mukuyo/Desktop/RI-AI/install/sender/lib/libsender__rosidl_typesupport_cpp.dylib
[4.418s] -- Up-to-date: /Users/mukuyo/Desktop/RI-AI/install/sender/share/sender/environment/pythonpath.sh
[4.418s] -- Up-to-date: /Users/mukuyo/Desktop/RI-AI/install/sender/share/sender/environment/pythonpath.dsv
[4.419s] -- Up-to-date: /Users/mukuyo/Desktop/RI-AI/install/sender/lib/python3.8/site-packages/sender/__init__.py
[4.555s] -- Up-to-date: /Users/mukuyo/Desktop/RI-AI/install/sender/lib/python3.8/site-packages/sender/msg
[4.555s] -- Up-to-date: /Users/mukuyo/Desktop/RI-AI/install/sender/lib/python3.8/site-packages/sender/msg/__init__.py
[4.555s] -- Up-to-date: /Users/mukuyo/Desktop/RI-AI/install/sender/lib/python3.8/site-packages/sender/msg/_test.py
[4.556s] -- Up-to-date: /Users/mukuyo/Desktop/RI-AI/install/sender/lib/python3.8/site-packages/sender/msg/_test_s.c
[4.556s] -- Installing: /Users/mukuyo/Desktop/RI-AI/install/sender/lib/python3.8/site-packages/sender/sender_s__rosidl_typesupport_fastrtps_c.cpython-38-darwin.so
[4.743s] -- Installing: /Users/mukuyo/Desktop/RI-AI/install/sender/lib/python3.8/site-packages/sender/sender_s__rosidl_typesupport_introspection_c.cpython-38-darwin.so
[4.901s] -- Installing: /Users/mukuyo/Desktop/RI-AI/install/sender/lib/python3.8/site-packages/sender/sender_s__rosidl_typesupport_c.cpython-38-darwin.so
[5.084s] -- Installing: /Users/mukuyo/Desktop/RI-AI/install/sender/lib/libsender__python.dylib
[5.230s] -- Up-to-date: /Users/mukuyo/Desktop/RI-AI/install/sender/share/sender/msg/Test.idl
[5.230s] -- Up-to-date: /Users/mukuyo/Desktop/RI-AI/install/sender/share/sender/msg/Test.msg
[5.231s] -- Installing: /Users/mukuyo/Desktop/RI-AI/install/sender/lib/sender/sim_sender
[5.429s] -- Up-to-date: /Users/mukuyo/Desktop/RI-AI/install/sender/share/sender//config
[5.429s] -- Up-to-date: /Users/mukuyo/Desktop/RI-AI/install/sender/share/sender//config/.DS_Store
[5.430s] -- Up-to-date: /Users/mukuyo/Desktop/RI-AI/install/sender/share/sender//config/grsim.yaml
[5.430s] -- Up-to-date: /Users/mukuyo/Desktop/RI-AI/install/sender/share/sender//launch
[5.431s] -- Up-to-date: /Users/mukuyo/Desktop/RI-AI/install/sender/share/sender//launch/.DS_Store
[5.431s] -- Up-to-date: /Users/mukuyo/Desktop/RI-AI/install/sender/share/sender//launch/sender.xml
[5.432s] -- Up-to-date: /Users/mukuyo/Desktop/RI-AI/install/sender/share/ament_index/resource_index/package_run_dependencies/sender
[5.432s] -- Up-to-date: /Users/mukuyo/Desktop/RI-AI/install/sender/share/ament_index/resource_index/parent_prefix_path/sender
[5.432s] -- Up-to-date: /Users/mukuyo/Desktop/RI-AI/install/sender/share/sender/environment/ament_prefix_path.sh
[5.433s] -- Up-to-date: /Users/mukuyo/Desktop/RI-AI/install/sender/share/sender/environment/ament_prefix_path.dsv
[5.433s] -- Up-to-date: /Users/mukuyo/Desktop/RI-AI/install/sender/share/sender/environment/path.sh
[5.433s] -- Up-to-date: /Users/mukuyo/Desktop/RI-AI/install/sender/share/sender/environment/path.dsv
[5.434s] -- Up-to-date: /Users/mukuyo/Desktop/RI-AI/install/sender/share/sender/local_setup.bash
[5.434s] -- Up-to-date: /Users/mukuyo/Desktop/RI-AI/install/sender/share/sender/local_setup.sh
[5.435s] -- Up-to-date: /Users/mukuyo/Desktop/RI-AI/install/sender/share/sender/local_setup.zsh
[5.436s] -- Up-to-date: /Users/mukuyo/Desktop/RI-AI/install/sender/share/sender/local_setup.dsv
[5.437s] -- Installing: /Users/mukuyo/Desktop/RI-AI/install/sender/share/sender/package.dsv
[5.439s] -- Up-to-date: /Users/mukuyo/Desktop/RI-AI/install/sender/share/ament_index/resource_index/packages/sender
[5.440s] -- Up-to-date: /Users/mukuyo/Desktop/RI-AI/install/sender/share/sender/cmake/sender__rosidl_generator_cExport.cmake
[5.440s] -- Up-to-date: /Users/mukuyo/Desktop/RI-AI/install/sender/share/sender/cmake/sender__rosidl_generator_cExport-noconfig.cmake
[5.440s] -- Up-to-date: /Users/mukuyo/Desktop/RI-AI/install/sender/share/sender/cmake/sender__rosidl_typesupport_introspection_cExport.cmake
[5.440s] -- Up-to-date: /Users/mukuyo/Desktop/RI-AI/install/sender/share/sender/cmake/sender__rosidl_typesupport_introspection_cExport-noconfig.cmake
[5.441s] -- Up-to-date: /Users/mukuyo/Desktop/RI-AI/install/sender/share/sender/cmake/sender__rosidl_typesupport_cExport.cmake
[5.441s] -- Up-to-date: /Users/mukuyo/Desktop/RI-AI/install/sender/share/sender/cmake/sender__rosidl_typesupport_cExport-noconfig.cmake
[5.441s] -- Up-to-date: /Users/mukuyo/Desktop/RI-AI/install/sender/share/sender/cmake/sender__rosidl_generator_cppExport.cmake
[5.441s] -- Up-to-date: /Users/mukuyo/Desktop/RI-AI/install/sender/share/sender/cmake/sender__rosidl_typesupport_introspection_cppExport.cmake
[5.441s] -- Up-to-date: /Users/mukuyo/Desktop/RI-AI/install/sender/share/sender/cmake/sender__rosidl_typesupport_introspection_cppExport-noconfig.cmake
[5.442s] -- Up-to-date: /Users/mukuyo/Desktop/RI-AI/install/sender/share/sender/cmake/sender__rosidl_typesupport_cppExport.cmake
[5.442s] -- Up-to-date: /Users/mukuyo/Desktop/RI-AI/install/sender/share/sender/cmake/sender__rosidl_typesupport_cppExport-noconfig.cmake
[5.443s] -- Up-to-date: /Users/mukuyo/Desktop/RI-AI/install/sender/share/sender/cmake/rosidl_cmake-extras.cmake
[5.443s] -- Up-to-date: /Users/mukuyo/Desktop/RI-AI/install/sender/share/sender/cmake/ament_cmake_export_dependencies-extras.cmake
[5.444s] -- Up-to-date: /Users/mukuyo/Desktop/RI-AI/install/sender/share/sender/cmake/ament_cmake_export_libraries-extras.cmake
[5.455s] -- Up-to-date: /Users/mukuyo/Desktop/RI-AI/install/sender/share/sender/cmake/ament_cmake_export_targets-extras.cmake
[5.455s] -- Up-to-date: /Users/mukuyo/Desktop/RI-AI/install/sender/share/sender/cmake/ament_cmake_export_include_directories-extras.cmake
[5.455s] -- Up-to-date: /Users/mukuyo/Desktop/RI-AI/install/sender/share/sender/cmake/rosidl_cmake_export_typesupport_libraries-extras.cmake
[5.455s] -- Up-to-date: /Users/mukuyo/Desktop/RI-AI/install/sender/share/sender/cmake/rosidl_cmake_export_typesupport_targets-extras.cmake
[5.456s] -- Up-to-date: /Users/mukuyo/Desktop/RI-AI/install/sender/share/sender/cmake/senderConfig.cmake
[5.456s] -- Up-to-date: /Users/mukuyo/Desktop/RI-AI/install/sender/share/sender/cmake/senderConfig-version.cmake
[5.457s] -- Up-to-date: /Users/mukuyo/Desktop/RI-AI/install/sender/share/sender/package.xml
[5.457s] Invoked command in '/Users/mukuyo/Desktop/RI-AI/build/sender' returned '0': AMENT_PREFIX_PATH=/Users/mukuyo/Desktop/RI-AI/install/proto_info:/Users/mukuyo/Desktop/RI-AI/install/message_info:${AMENT_PREFIX_PATH} CMAKE_PREFIX_PATH=/Users/mukuyo/Desktop/RI-AI/install/proto_info:/Users/mukuyo/Desktop/RI-AI/install/message_info:${CMAKE_PREFIX_PATH} DYLD_LIBRARY_PATH=/Users/mukuyo/Desktop/RI-AI/install/proto_info/lib:/Users/mukuyo/Desktop/RI-AI/install/message_info/lib:${DYLD_LIBRARY_PATH} PYTHONPATH=/Users/mukuyo/Desktop/RI-AI/install/proto_info/lib/python3.8/site-packages:/Users/mukuyo/Desktop/RI-AI/install/message_info/lib/python3.8/site-packages:${PYTHONPATH} SHLVL=2 _=/usr/bin/env /usr/local/bin/cmake --install /Users/mukuyo/Desktop/RI-AI/build/sender
