[0.555s] DEBUG:colcon:Command line arguments: ['/usr/local/bin/colcon', 'build']
[0.556s] DEBUG:colcon:Parsed command line arguments: Namespace(ament_cmake_args=None, base_paths=['.'], build_base='build', catkin_cmake_args=None, catkin_skip_building_tests=False, cmake_args=None, cmake_clean_cache=False, cmake_clean_first=False, cmake_force_configure=False, cmake_target=None, cmake_target_skip_unavailable=False, continue_on_error=False, event_handlers=None, executor='parallel', ignore_user_meta=False, install_base='install', log_base=None, log_level=None, main=<bound method BuildVerb.main of <colcon_core.verb.build.BuildVerb object at 0x109223280>>, merge_install=False, metas=['./colcon.meta'], packages_above=None, packages_above_and_dependencies=None, packages_above_depth=None, packages_end=None, packages_ignore=None, packages_ignore_regex=None, packages_select=None, packages_select_build_failed=False, packages_select_by_dep=None, packages_select_regex=None, packages_select_test_failures=False, packages_skip=None, packages_skip_build_finished=False, packages_skip_by_dep=None, packages_skip_regex=None, packages_skip_test_passed=False, packages_skip_up_to=None, packages_start=None, packages_up_to=None, packages_up_to_regex=None, parallel_workers=8, paths=None, symlink_install=False, test_result_base=None, verb_extension=<colcon_core.verb.build.BuildVerb object at 0x109223280>, verb_name='build', verb_parser=<colcon_defaults.argument_parser.defaults.DefaultArgumentsDecorator object at 0x1092237c0>)
[0.641s] Level 1:colcon.colcon_core.package_discovery:discover_packages(colcon_meta) check parameters
[0.641s] Level 1:colcon.colcon_core.package_discovery:discover_packages(recursive) check parameters
[0.641s] Level 1:colcon.colcon_core.package_discovery:discover_packages(ignore) check parameters
[0.641s] Level 1:colcon.colcon_core.package_discovery:discover_packages(path) check parameters
[0.641s] Level 1:colcon.colcon_core.package_discovery:discover_packages(colcon_meta) discover
[0.641s] Level 1:colcon.colcon_core.package_discovery:discover_packages(recursive) discover
[0.641s] INFO:colcon.colcon_core.package_discovery:Crawling recursively for packages in '/Users/mukuyo/RI-AI/src/main'
[0.641s] Level 1:colcon.colcon_core.package_identification:_identify(.) by extensions ['ignore', 'ignore_ament_install']
[0.641s] Level 1:colcon.colcon_core.package_identification:_identify(.) by extension 'ignore'
[0.641s] Level 1:colcon.colcon_core.package_identification:_identify(.) by extension 'ignore_ament_install'
[0.641s] Level 1:colcon.colcon_core.package_identification:_identify(.) by extensions ['colcon_pkg']
[0.641s] Level 1:colcon.colcon_core.package_identification:_identify(.) by extension 'colcon_pkg'
[0.641s] Level 1:colcon.colcon_core.package_identification:_identify(.) by extensions ['colcon_meta']
[0.642s] Level 1:colcon.colcon_core.package_identification:_identify(.) by extension 'colcon_meta'
[0.642s] Level 1:colcon.colcon_core.package_identification:_identify(.) by extensions ['ros']
[0.642s] Level 1:colcon.colcon_core.package_identification:_identify(.) by extension 'ros'
[0.659s] DEBUG:colcon.colcon_core.package_identification:Package '.' with type 'ros.ament_cmake' and name 'main'
[0.659s] Level 1:colcon.colcon_core.package_discovery:discover_packages(recursive) using defaults
[0.659s] Level 1:colcon.colcon_core.package_discovery:discover_packages(ignore) discover
[0.659s] Level 1:colcon.colcon_core.package_discovery:discover_packages(ignore) using defaults
[0.659s] Level 1:colcon.colcon_core.package_discovery:discover_packages(path) discover
[0.659s] Level 1:colcon.colcon_core.package_discovery:discover_packages(path) using defaults
[0.681s] Level 5:colcon.colcon_core.verb:set package 'main' build argument 'cmake_args' from command line to 'None'
[0.681s] Level 5:colcon.colcon_core.verb:set package 'main' build argument 'cmake_target' from command line to 'None'
[0.681s] Level 5:colcon.colcon_core.verb:set package 'main' build argument 'cmake_target_skip_unavailable' from command line to 'False'
[0.681s] Level 5:colcon.colcon_core.verb:set package 'main' build argument 'cmake_clean_cache' from command line to 'False'
[0.681s] Level 5:colcon.colcon_core.verb:set package 'main' build argument 'cmake_clean_first' from command line to 'False'
[0.681s] Level 5:colcon.colcon_core.verb:set package 'main' build argument 'cmake_force_configure' from command line to 'False'
[0.681s] Level 5:colcon.colcon_core.verb:set package 'main' build argument 'ament_cmake_args' from command line to 'None'
[0.681s] Level 5:colcon.colcon_core.verb:set package 'main' build argument 'catkin_cmake_args' from command line to 'None'
[0.681s] Level 5:colcon.colcon_core.verb:set package 'main' build argument 'catkin_skip_building_tests' from command line to 'False'
[0.681s] DEBUG:colcon.colcon_core.verb:Building package 'main' with the following arguments: {'ament_cmake_args': None, 'build_base': '/Users/mukuyo/RI-AI/src/main/build/main', 'catkin_cmake_args': None, 'catkin_skip_building_tests': False, 'cmake_args': None, 'cmake_clean_cache': False, 'cmake_clean_first': False, 'cmake_force_configure': False, 'cmake_target': None, 'cmake_target_skip_unavailable': False, 'install_base': '/Users/mukuyo/RI-AI/src/main/install/main', 'merge_install': False, 'path': '/Users/mukuyo/RI-AI/src/main', 'symlink_install': False, 'test_result_base': None}
[0.683s] INFO:colcon.colcon_core.executor:Executing jobs using 'parallel' executor
[0.698s] DEBUG:colcon.colcon_parallel_executor.executor.parallel:run_until_complete
[0.699s] INFO:colcon.colcon_ros.task.ament_cmake.build:Building ROS package in '/Users/mukuyo/RI-AI/src/main' with build type 'ament_cmake'
[0.710s] INFO:colcon.colcon_core.plugin_system:Skipping extension 'colcon_core.shell.bat': Not used on non-Windows systems
[0.710s] INFO:colcon.colcon_cmake.task.cmake.build:Building CMake package in '/Users/mukuyo/RI-AI/src/main'
[0.716s] INFO:colcon.colcon_core.shell:Skip shell extension 'powershell' for command environment: Not usable outside of PowerShell
[0.716s] DEBUG:colcon.colcon_core.shell:Skip shell extension 'dsv' for command environment
[0.769s] DEBUG:colcon.colcon_core.event_handler.log_command:Invoking command in '/Users/mukuyo/RI-AI/src/main/build/main': CMAKE_PREFIX_PATH=${CMAKE_PREFIX_PATH}:/Users/mukuyo/RI-AI/install/sender SHLVL=2 _=/usr/bin/env /usr/local/bin/cmake --build /Users/mukuyo/RI-AI/src/main/build/main -- -j8 -l8
[2.690s] DEBUG:colcon.colcon_core.event_handler.log_command:Invoked command in '/Users/mukuyo/RI-AI/src/main/build/main' returned '0': CMAKE_PREFIX_PATH=${CMAKE_PREFIX_PATH}:/Users/mukuyo/RI-AI/install/sender SHLVL=2 _=/usr/bin/env /usr/local/bin/cmake --build /Users/mukuyo/RI-AI/src/main/build/main -- -j8 -l8
[3.116s] DEBUG:colcon.colcon_core.event_handler.log_command:Invoking command in '/Users/mukuyo/RI-AI/src/main/build/main': CMAKE_PREFIX_PATH=${CMAKE_PREFIX_PATH}:/Users/mukuyo/RI-AI/install/sender SHLVL=2 _=/usr/bin/env /usr/local/bin/cmake --install /Users/mukuyo/RI-AI/src/main/build/main
[3.201s] Level 1:colcon.colcon_core.environment:create_environment_scripts_only(main)
[3.204s] DEBUG:colcon.colcon_core.event_handler.log_command:Invoked command in '/Users/mukuyo/RI-AI/src/main/build/main' returned '0': CMAKE_PREFIX_PATH=${CMAKE_PREFIX_PATH}:/Users/mukuyo/RI-AI/install/sender SHLVL=2 _=/usr/bin/env /usr/local/bin/cmake --install /Users/mukuyo/RI-AI/src/main/build/main
[3.213s] Level 1:colcon.colcon_core.environment:checking '/Users/mukuyo/RI-AI/src/main/install/main' for CMake module files
[3.214s] Level 1:colcon.colcon_core.environment:checking '/Users/mukuyo/RI-AI/src/main/install/main' for CMake config files
[3.215s] Level 1:colcon.colcon_core.shell:create_environment_hook('main', 'cmake_prefix_path')
[3.220s] INFO:colcon.colcon_core.shell:Creating environment hook '/Users/mukuyo/RI-AI/src/main/install/main/share/main/hook/cmake_prefix_path.ps1'
[3.221s] INFO:colcon.colcon_core.shell:Creating environment descriptor '/Users/mukuyo/RI-AI/src/main/install/main/share/main/hook/cmake_prefix_path.dsv'
[3.222s] INFO:colcon.colcon_core.shell:Creating environment hook '/Users/mukuyo/RI-AI/src/main/install/main/share/main/hook/cmake_prefix_path.sh'
[3.223s] Level 1:colcon.colcon_core.environment:checking '/Users/mukuyo/RI-AI/src/main/install/main/lib'
[3.223s] Level 1:colcon.colcon_core.environment:checking '/Users/mukuyo/RI-AI/src/main/install/main/bin'
[3.223s] Level 1:colcon.colcon_core.environment:checking '/Users/mukuyo/RI-AI/src/main/install/main/lib/pkgconfig/main.pc'
[3.223s] Level 1:colcon.colcon_core.environment:checking '/Users/mukuyo/RI-AI/src/main/install/main/lib/python3.8/site-packages'
[3.230s] INFO:colcon.colcon_core.shell:Creating package script '/Users/mukuyo/RI-AI/src/main/install/main/share/main/package.ps1'
[3.233s] INFO:colcon.colcon_core.shell:Creating package descriptor '/Users/mukuyo/RI-AI/src/main/install/main/share/main/package.dsv'
[3.233s] INFO:colcon.colcon_core.shell:Creating package script '/Users/mukuyo/RI-AI/src/main/install/main/share/main/package.sh'
[3.234s] INFO:colcon.colcon_core.shell:Creating package script '/Users/mukuyo/RI-AI/src/main/install/main/share/main/package.bash'
[3.235s] INFO:colcon.colcon_core.shell:Creating package script '/Users/mukuyo/RI-AI/src/main/install/main/share/main/package.zsh'
[3.236s] Level 1:colcon.colcon_core.environment:create_file_with_runtime_dependencies(/Users/mukuyo/RI-AI/src/main/install/main/share/colcon-core/packages/main)
[3.237s] DEBUG:colcon.colcon_parallel_executor.executor.parallel:closing loop
[3.238s] DEBUG:colcon.colcon_parallel_executor.executor.parallel:loop closed
[3.238s] DEBUG:colcon.colcon_parallel_executor.executor.parallel:run_until_complete finished with '0'
[3.238s] DEBUG:colcon.colcon_core.event_reactor:joining thread
[3.246s] INFO:colcon.colcon_core.plugin_system:Skipping extension 'colcon_notification.desktop_notification.notify2': 'notify2' not found
[3.246s] INFO:colcon.colcon_core.plugin_system:Skipping extension 'colcon_notification.desktop_notification.notify_send': Not used on non-Linux systems
[3.246s] INFO:colcon.colcon_core.plugin_system:Skipping extension 'colcon_notification.desktop_notification.win32': Not used on non-Windows systems
[3.247s] INFO:colcon.colcon_notification.desktop_notification:Sending desktop notification using 'terminal_notifier'
[3.364s] DEBUG:colcon.colcon_core.event_reactor:joined thread
[3.372s] INFO:colcon.colcon_core.shell:Creating prefix script '/Users/mukuyo/RI-AI/src/main/install/local_setup.ps1'
[3.374s] INFO:colcon.colcon_core.shell:Creating prefix util module '/Users/mukuyo/RI-AI/src/main/install/_local_setup_util_ps1.py'
[3.376s] INFO:colcon.colcon_core.shell:Creating prefix chain script '/Users/mukuyo/RI-AI/src/main/install/setup.ps1'
[3.383s] INFO:colcon.colcon_core.shell:Creating prefix script '/Users/mukuyo/RI-AI/src/main/install/local_setup.sh'
[3.386s] INFO:colcon.colcon_core.shell:Creating prefix util module '/Users/mukuyo/RI-AI/src/main/install/_local_setup_util_sh.py'
[3.387s] INFO:colcon.colcon_core.shell:Creating prefix chain script '/Users/mukuyo/RI-AI/src/main/install/setup.sh'
[3.397s] INFO:colcon.colcon_core.shell:Creating prefix script '/Users/mukuyo/RI-AI/src/main/install/local_setup.bash'
[3.399s] INFO:colcon.colcon_core.shell:Creating prefix chain script '/Users/mukuyo/RI-AI/src/main/install/setup.bash'
[3.411s] INFO:colcon.colcon_core.shell:Creating prefix script '/Users/mukuyo/RI-AI/src/main/install/local_setup.zsh'
[3.413s] INFO:colcon.colcon_core.shell:Creating prefix chain script '/Users/mukuyo/RI-AI/src/main/install/setup.zsh'
