[0.125s] Invoking command in '/Users/mukuyo/Desktop/RI-AI/build/main': AMENT_PREFIX_PATH=/Users/mukuyo/Desktop/RI-AI/install/message_info:${AMENT_PREFIX_PATH} CMAKE_PREFIX_PATH=/Users/mukuyo/Desktop/RI-AI/install/message_info:${CMAKE_PREFIX_PATH} DYLD_LIBRARY_PATH=/Users/mukuyo/Desktop/RI-AI/install/message_info/lib:${DYLD_LIBRARY_PATH} PYTHONPATH=/Users/mukuyo/Desktop/RI-AI/install/message_info/lib/python3.8/site-packages:${PYTHONPATH} SHLVL=2 _=/usr/bin/env /usr/local/bin/cmake --build /Users/mukuyo/Desktop/RI-AI/build/main -- -j8 -l8
[0.383s] -- Found ament_cmake: 0.9.6 (/Users/mukuyo/ros2_ws/ros2-osx/share/ament_cmake/cmake)
[0.478s] -- Using PYTHON_EXECUTABLE: /usr/local/bin/python3
[1.197s] -- Found rclcpp: 2.0.2 (/Users/mukuyo/ros2_ws/ros2-osx/share/rclcpp/cmake)
[1.259s] -- Using all available rosidl_typesupport_c: rosidl_typesupport_connext_c;rosidl_typesupport_fastrtps_c;rosidl_typesupport_introspection_c
[1.271s] -- Found rosidl_adapter: 1.0.1 (/Users/mukuyo/ros2_ws/ros2-osx/share/rosidl_adapter/cmake)
[1.355s] -- Could not find RTI Connext - skipping rosidl_typesupport_connext_c
[1.400s] -- Could not find RTI Connext - skipping rosidl_typesupport_connext_cpp
[2.141s] -- Using all available rosidl_typesupport_cpp: rosidl_typesupport_connext_cpp;rosidl_typesupport_fastrtps_cpp;rosidl_typesupport_introspection_cpp
[2.315s] -- Found rmw_implementation_cmake: 1.0.1 (/Users/mukuyo/ros2_ws/ros2-osx/share/rmw_implementation_cmake/cmake)
[2.321s] -- Using RMW implementation 'rmw_fastrtps_cpp' as default
[2.639s] -- Found message_info: 0.0.0 (/Users/mukuyo/Desktop/RI-AI/install/message_info/share/message_info/cmake)
[3.354s] -- Found ament_lint_auto: 0.9.5 (/Users/mukuyo/ros2_ws/ros2-osx/share/ament_lint_auto/cmake)
[3.522s] -- Added test 'copyright' to check source files copyright and LICENSE
[3.617s] -- Added test 'cppcheck' to perform static code analysis on C / C++ code
[3.617s] -- Configured cppcheck include dirs: 
[3.617s] -- Configured cppcheck exclude dirs and/or files: 
[3.680s] -- Added test 'cpplint' to check C / C++ code against the Google style
[3.680s] -- Configured cpplint exclude dirs and/or files: 
[3.687s] -- Added test 'flake8' to check Python code syntax and style conventions
[3.701s] -- Added test 'lint_cmake' to check CMake code style
[3.709s] -- Added test 'pep257' to check Python code against some of the style conventions in PEP 257
[3.787s] -- Added test 'uncrustify' to check C / C++ code style
[3.788s] -- Configured uncrustify additional arguments: 
[3.800s] -- Added test 'xmllint' to check XML markup files
[3.803s] -- Configuring done
[3.854s] -- Generating done
[3.863s] -- Build files have been written to: /Users/mukuyo/Desktop/RI-AI/build/main
[4.035s] Scanning dependencies of target main
[4.156s] [ 50%] Building CXX object CMakeFiles/main.dir/src/goalie.cpp.o
[4.156s] [ 50%] Building CXX object CMakeFiles/main.dir/src/main.cpp.o
[4.158s] [ 75%] Building CXX object CMakeFiles/main.dir/src/game.cpp.o
[6.347s] /Users/mukuyo/Desktop/RI-AI/src/main/src/goalie.cpp:7:52: warning: unused parameter 'ball' [-Wunused-parameter]
[6.347s] void Goalie::main(message_info::msg::DetectionBall ball, message_info::msg::DetectionRobot robot, message_info::msg::GoalInfo goal, message_info::msg::RobotCommand & send_message){
[6.347s]                                                    ^
[6.347s] /Users/mukuyo/Desktop/RI-AI/src/main/src/goalie.cpp:7:92: warning: unused parameter 'robot' [-Wunused-parameter]
[6.347s] void Goalie::main(message_info::msg::DetectionBall ball, message_info::msg::DetectionRobot robot, message_info::msg::GoalInfo goal, message_info::msg::RobotCommand & send_message){
[6.347s]                                                                                            ^
[6.347s] /Users/mukuyo/Desktop/RI-AI/src/main/src/goalie.cpp:7:127: warning: unused parameter 'goal' [-Wunused-parameter]
[6.348s] void Goalie::main(message_info::msg::DetectionBall ball, message_info::msg::DetectionRobot robot, message_info::msg::GoalInfo goal, message_info::msg::RobotCommand & send_message){
[6.348s]                                                                                                                               ^
[6.348s] /Users/mukuyo/Desktop/RI-AI/src/main/src/goalie.cpp:7:167: warning: unused parameter 'send_message' [-Wunused-parameter]
[6.348s] void Goalie::main(message_info::msg::DetectionBall ball, message_info::msg::DetectionRobot robot, message_info::msg::GoalInfo goal, message_info::msg::RobotCommand & send_message){
[6.348s]                                                                                                                                                                       ^
[6.380s] /Users/mukuyo/Desktop/RI-AI/src/main/src/game.cpp:31:16: warning: unused variable 'field_width' [-Wunused-variable]
[6.380s]          float field_width = geometry_message->field_width;
[6.381s]                ^
[6.412s] /Users/mukuyo/Desktop/RI-AI/src/main/src/game.cpp:48:5: error: use of undeclared identifier 'goalie'; did you mean 'goal'?
[6.412s]     goalie.main(ball,robot,goal,command);
[6.413s]     ^~~~~~
[6.413s]     goal
[6.413s] /Users/mukuyo/Desktop/RI-AI/src/main/src/game.hpp:32:33: note: 'goal' declared here
[6.413s]                 message_info::msg::GoalInfo goal;
[6.413s]                                             ^
[6.413s] /Users/mukuyo/Desktop/RI-AI/src/main/src/game.cpp:48:12: error: no member named 'main' in 'message_info::msg::GoalInfo_<std::__1::allocator<void> >'
[6.413s]     goalie.main(ball,robot,goal,command);
[6.413s]     ~~~~~~ ^
[6.912s] 4 warnings generated.
[8.693s] 1 warning and 2 errors generated.
[8.713s] make[2]: *** [CMakeFiles/main.dir/src/game.cpp.o] Error 1
[8.714s] make[1]: *** [CMakeFiles/main.dir/all] Error 2
[8.714s] make: *** [all] Error 2
[8.715s] Invoked command in '/Users/mukuyo/Desktop/RI-AI/build/main' returned '2': AMENT_PREFIX_PATH=/Users/mukuyo/Desktop/RI-AI/install/message_info:${AMENT_PREFIX_PATH} CMAKE_PREFIX_PATH=/Users/mukuyo/Desktop/RI-AI/install/message_info:${CMAKE_PREFIX_PATH} DYLD_LIBRARY_PATH=/Users/mukuyo/Desktop/RI-AI/install/message_info/lib:${DYLD_LIBRARY_PATH} PYTHONPATH=/Users/mukuyo/Desktop/RI-AI/install/message_info/lib/python3.8/site-packages:${PYTHONPATH} SHLVL=2 _=/usr/bin/env /usr/local/bin/cmake --build /Users/mukuyo/Desktop/RI-AI/build/main -- -j8 -l8
