[0.072s] Invoking command in '/Users/mukuyo/Desktop/RI-AI/build/message_info': SHLVL=2 _=/usr/bin/env /usr/local/bin/cmake --build /Users/mukuyo/Desktop/RI-AI/build/message_info -- -j8 -l8
[0.345s] [  0%] Built target message_info__cpp
[0.352s] [ 12%] Built target message_info__rosidl_generator_c
[0.569s] [ 28%] Built target message_info__rosidl_typesupport_cpp
[0.570s] [ 36%] Built target message_info__rosidl_typesupport_fastrtps_cpp
[0.580s] [ 48%] Built target message_info__rosidl_typesupport_c
[0.587s] [ 60%] Built target message_info__rosidl_typesupport_introspection_cpp
[0.596s] [ 72%] Built target message_info__rosidl_typesupport_introspection_c
[0.743s] [ 84%] Built target message_info__rosidl_typesupport_fastrtps_c
[0.892s] [ 84%] Built target message_info
[1.043s] [ 85%] Built target message_info__py
[1.233s] [ 96%] Built target message_info__python
[1.423s] [ 97%] Built target message_info__rosidl_typesupport_fastrtps_c__pyext
[1.424s] [100%] Built target message_info__rosidl_typesupport_c__pyext
[1.424s] [100%] Built target message_info__rosidl_typesupport_introspection_c__pyext
[1.473s] Invoked command in '/Users/mukuyo/Desktop/RI-AI/build/message_info' returned '0': SHLVL=2 _=/usr/bin/env /usr/local/bin/cmake --build /Users/mukuyo/Desktop/RI-AI/build/message_info -- -j8 -l8
[7.193s] Invoking command in '/Users/mukuyo/Desktop/RI-AI/build/message_info': SHLVL=2 _=/usr/bin/env /usr/local/bin/cmake --install /Users/mukuyo/Desktop/RI-AI/build/message_info
[7.213s] -- Install configuration: ""
[7.214s] -- Up-to-date: /Users/mukuyo/Desktop/RI-AI/install/message_info/share/ament_index/resource_index/rosidl_interfaces/message_info
[7.215s] -- Up-to-date: /Users/mukuyo/Desktop/RI-AI/install/message_info/include/message_info
[7.215s] -- Up-to-date: /Users/mukuyo/Desktop/RI-AI/install/message_info/include/message_info/msg
[7.215s] -- Up-to-date: /Users/mukuyo/Desktop/RI-AI/install/message_info/include/message_info/msg/detection_frame.h
[7.217s] -- Up-to-date: /Users/mukuyo/Desktop/RI-AI/install/message_info/include/message_info/msg/referee_game_event.h
[7.217s] -- Up-to-date: /Users/mukuyo/Desktop/RI-AI/install/message_info/include/message_info/msg/rosidl_generator_c__visibility_control.h
[7.218s] -- Up-to-date: /Users/mukuyo/Desktop/RI-AI/install/message_info/include/message_info/msg/goal_info.h
[7.219s] -- Up-to-date: /Users/mukuyo/Desktop/RI-AI/install/message_info/include/message_info/msg/field_line_segment.h
[7.220s] -- Up-to-date: /Users/mukuyo/Desktop/RI-AI/install/message_info/include/message_info/msg/referee_team_info.h
[7.220s] -- Up-to-date: /Users/mukuyo/Desktop/RI-AI/install/message_info/include/message_info/msg/detection_ball.h
[7.221s] -- Up-to-date: /Users/mukuyo/Desktop/RI-AI/install/message_info/include/message_info/msg/vision_detections.h
[7.221s] -- Up-to-date: /Users/mukuyo/Desktop/RI-AI/install/message_info/include/message_info/msg/test.h
[7.221s] -- Up-to-date: /Users/mukuyo/Desktop/RI-AI/install/message_info/include/message_info/msg/field_circular_arc.h
[7.221s] -- Up-to-date: /Users/mukuyo/Desktop/RI-AI/install/message_info/include/message_info/msg/robot_command.h
[7.221s] -- Up-to-date: /Users/mukuyo/Desktop/RI-AI/install/message_info/include/message_info/msg/detection_robot.h
[7.222s] -- Up-to-date: /Users/mukuyo/Desktop/RI-AI/install/message_info/include/message_info/msg/detail
[7.222s] -- Up-to-date: /Users/mukuyo/Desktop/RI-AI/install/message_info/include/message_info/msg/detail/detection_frame__type_support.h
[7.222s] -- Up-to-date: /Users/mukuyo/Desktop/RI-AI/install/message_info/include/message_info/msg/detail/detection_frame__struct.h
[7.222s] -- Up-to-date: /Users/mukuyo/Desktop/RI-AI/install/message_info/include/message_info/msg/detail/detection_robot__functions.c
[7.223s] -- Up-to-date: /Users/mukuyo/Desktop/RI-AI/install/message_info/include/message_info/msg/detail/vision_geometry__type_support.h
[7.223s] -- Up-to-date: /Users/mukuyo/Desktop/RI-AI/install/message_info/include/message_info/msg/detail/detection_frame__functions.c
[7.224s] -- Up-to-date: /Users/mukuyo/Desktop/RI-AI/install/message_info/include/message_info/msg/detail/referee_team_info__struct.h
[7.224s] -- Up-to-date: /Users/mukuyo/Desktop/RI-AI/install/message_info/include/message_info/msg/detail/robot_command__functions.c
[7.224s] -- Up-to-date: /Users/mukuyo/Desktop/RI-AI/install/message_info/include/message_info/msg/detail/robot_commands__functions.c
[7.225s] -- Up-to-date: /Users/mukuyo/Desktop/RI-AI/install/message_info/include/message_info/msg/detail/robot_command__struct.h
[7.225s] -- Up-to-date: /Users/mukuyo/Desktop/RI-AI/install/message_info/include/message_info/msg/detail/referee_game_event__struct.h
[7.225s] -- Up-to-date: /Users/mukuyo/Desktop/RI-AI/install/message_info/include/message_info/msg/detail/detection_ball__struct.h
[7.225s] -- Up-to-date: /Users/mukuyo/Desktop/RI-AI/install/message_info/include/message_info/msg/detail/goal_info__functions.c
[7.226s] -- Up-to-date: /Users/mukuyo/Desktop/RI-AI/install/message_info/include/message_info/msg/detail/referee__struct.h
[7.226s] -- Up-to-date: /Users/mukuyo/Desktop/RI-AI/install/message_info/include/message_info/msg/detail/referee_team_info__functions.c
[7.226s] -- Up-to-date: /Users/mukuyo/Desktop/RI-AI/install/message_info/include/message_info/msg/detail/referee_game_event__type_support.h
[7.226s] -- Up-to-date: /Users/mukuyo/Desktop/RI-AI/install/message_info/include/message_info/msg/detail/test__functions.h
[7.226s] -- Up-to-date: /Users/mukuyo/Desktop/RI-AI/install/message_info/include/message_info/msg/detail/field_circular_arc__struct.h
[7.226s] -- Up-to-date: /Users/mukuyo/Desktop/RI-AI/install/message_info/include/message_info/msg/detail/field_circular_arc__type_support.h
[7.226s] -- Up-to-date: /Users/mukuyo/Desktop/RI-AI/install/message_info/include/message_info/msg/detail/ball_info__struct.h
[7.226s] -- Up-to-date: /Users/mukuyo/Desktop/RI-AI/install/message_info/include/message_info/msg/detail/vision_geometry__functions.h
[7.226s] -- Up-to-date: /Users/mukuyo/Desktop/RI-AI/install/message_info/include/message_info/msg/detail/vision_detections__struct.h
[7.226s] -- Up-to-date: /Users/mukuyo/Desktop/RI-AI/install/message_info/include/message_info/msg/detail/ball_info__functions.c
[7.227s] -- Up-to-date: /Users/mukuyo/Desktop/RI-AI/install/message_info/include/message_info/msg/detail/referee__type_support.h
[7.227s] -- Up-to-date: /Users/mukuyo/Desktop/RI-AI/install/message_info/include/message_info/msg/detail/vision_detections__type_support.h
[7.227s] -- Up-to-date: /Users/mukuyo/Desktop/RI-AI/install/message_info/include/message_info/msg/detail/referee__functions.c
[7.227s] -- Up-to-date: /Users/mukuyo/Desktop/RI-AI/install/message_info/include/message_info/msg/detail/vision_detections__functions.c
[7.227s] -- Up-to-date: /Users/mukuyo/Desktop/RI-AI/install/message_info/include/message_info/msg/detail/detection_ball__functions.c
[7.227s] -- Up-to-date: /Users/mukuyo/Desktop/RI-AI/install/message_info/include/message_info/msg/detail/field_circular_arc__functions.c
[7.227s] -- Up-to-date: /Users/mukuyo/Desktop/RI-AI/install/message_info/include/message_info/msg/detail/referee_game_event__functions.h
[7.227s] -- Up-to-date: /Users/mukuyo/Desktop/RI-AI/install/message_info/include/message_info/msg/detail/robot_commands__struct.h
[7.227s] -- Up-to-date: /Users/mukuyo/Desktop/RI-AI/install/message_info/include/message_info/msg/detail/field_line_segment__functions.c
[7.227s] -- Up-to-date: /Users/mukuyo/Desktop/RI-AI/install/message_info/include/message_info/msg/detail/robot_commands__functions.h
[7.227s] -- Up-to-date: /Users/mukuyo/Desktop/RI-AI/install/message_info/include/message_info/msg/detail/robot_command__functions.h
[7.228s] -- Up-to-date: /Users/mukuyo/Desktop/RI-AI/install/message_info/include/message_info/msg/detail/test__type_support.h
[7.228s] -- Up-to-date: /Users/mukuyo/Desktop/RI-AI/install/message_info/include/message_info/msg/detail/robot_commands__type_support.h
[7.228s] -- Up-to-date: /Users/mukuyo/Desktop/RI-AI/install/message_info/include/message_info/msg/detail/detection_frame__functions.h
[7.228s] -- Up-to-date: /Users/mukuyo/Desktop/RI-AI/install/message_info/include/message_info/msg/detail/field_line_segment__struct.h
[7.228s] -- Up-to-date: /Users/mukuyo/Desktop/RI-AI/install/message_info/include/message_info/msg/detail/detection_robot__functions.h
[7.228s] -- Up-to-date: /Users/mukuyo/Desktop/RI-AI/install/message_info/include/message_info/msg/detail/test__struct.h
[7.228s] -- Up-to-date: /Users/mukuyo/Desktop/RI-AI/install/message_info/include/message_info/msg/detail/detection_robot__struct.h
[7.228s] -- Up-to-date: /Users/mukuyo/Desktop/RI-AI/install/message_info/include/message_info/msg/detail/vision_geometry__struct.h
[7.228s] -- Up-to-date: /Users/mukuyo/Desktop/RI-AI/install/message_info/include/message_info/msg/detail/field_line_segment__type_support.h
[7.228s] -- Up-to-date: /Users/mukuyo/Desktop/RI-AI/install/message_info/include/message_info/msg/detail/test__functions.c
[7.228s] -- Up-to-date: /Users/mukuyo/Desktop/RI-AI/install/message_info/include/message_info/msg/detail/referee_team_info__functions.h
[7.229s] -- Up-to-date: /Users/mukuyo/Desktop/RI-AI/install/message_info/include/message_info/msg/detail/detection_ball__type_support.h
[7.229s] -- Up-to-date: /Users/mukuyo/Desktop/RI-AI/install/message_info/include/message_info/msg/detail/goal_info__type_support.h
[7.229s] -- Up-to-date: /Users/mukuyo/Desktop/RI-AI/install/message_info/include/message_info/msg/detail/goal_info__functions.h
[7.229s] -- Up-to-date: /Users/mukuyo/Desktop/RI-AI/install/message_info/include/message_info/msg/detail/referee__functions.h
[7.229s] -- Up-to-date: /Users/mukuyo/Desktop/RI-AI/install/message_info/include/message_info/msg/detail/referee_team_info__type_support.h
[7.229s] -- Up-to-date: /Users/mukuyo/Desktop/RI-AI/install/message_info/include/message_info/msg/detail/detection_robot__type_support.h
[7.229s] -- Up-to-date: /Users/mukuyo/Desktop/RI-AI/install/message_info/include/message_info/msg/detail/ball_info__functions.h
[7.229s] -- Up-to-date: /Users/mukuyo/Desktop/RI-AI/install/message_info/include/message_info/msg/detail/vision_geometry__functions.c
[7.229s] -- Up-to-date: /Users/mukuyo/Desktop/RI-AI/install/message_info/include/message_info/msg/detail/ball_info__type_support.h
[7.229s] -- Up-to-date: /Users/mukuyo/Desktop/RI-AI/install/message_info/include/message_info/msg/detail/goal_info__struct.h
[7.229s] -- Up-to-date: /Users/mukuyo/Desktop/RI-AI/install/message_info/include/message_info/msg/detail/field_line_segment__functions.h
[7.230s] -- Up-to-date: /Users/mukuyo/Desktop/RI-AI/install/message_info/include/message_info/msg/detail/detection_ball__functions.h
[7.230s] -- Up-to-date: /Users/mukuyo/Desktop/RI-AI/install/message_info/include/message_info/msg/detail/vision_detections__functions.h
[7.230s] -- Up-to-date: /Users/mukuyo/Desktop/RI-AI/install/message_info/include/message_info/msg/detail/referee_game_event__functions.c
[7.230s] -- Up-to-date: /Users/mukuyo/Desktop/RI-AI/install/message_info/include/message_info/msg/detail/field_circular_arc__functions.h
[7.230s] -- Up-to-date: /Users/mukuyo/Desktop/RI-AI/install/message_info/include/message_info/msg/detail/robot_command__type_support.h
[7.230s] -- Up-to-date: /Users/mukuyo/Desktop/RI-AI/install/message_info/include/message_info/msg/ball_info.h
[7.230s] -- Up-to-date: /Users/mukuyo/Desktop/RI-AI/install/message_info/include/message_info/msg/referee.h
[7.230s] -- Up-to-date: /Users/mukuyo/Desktop/RI-AI/install/message_info/include/message_info/msg/robot_commands.h
[7.230s] -- Up-to-date: /Users/mukuyo/Desktop/RI-AI/install/message_info/include/message_info/msg/vision_geometry.h
[7.230s] -- Up-to-date: /Users/mukuyo/Desktop/RI-AI/install/message_info/share/message_info/environment/library_path.sh
[7.230s] -- Up-to-date: /Users/mukuyo/Desktop/RI-AI/install/message_info/share/message_info/environment/library_path.dsv
[7.231s] -- Installing: /Users/mukuyo/Desktop/RI-AI/install/message_info/lib/libmessage_info__rosidl_generator_c.dylib
[7.264s] -- Up-to-date: /Users/mukuyo/Desktop/RI-AI/install/message_info/include/message_info
[7.264s] -- Up-to-date: /Users/mukuyo/Desktop/RI-AI/install/message_info/include/message_info/msg
[7.265s] -- Up-to-date: /Users/mukuyo/Desktop/RI-AI/install/message_info/include/message_info/msg/detail
[7.266s] -- Up-to-date: /Users/mukuyo/Desktop/RI-AI/install/message_info/include/message_info/msg/detail/field_line_segment__rosidl_typesupport_fastrtps_c.h
[7.266s] -- Up-to-date: /Users/mukuyo/Desktop/RI-AI/install/message_info/include/message_info/msg/detail/detection_frame__rosidl_typesupport_fastrtps_c.h
[7.266s] -- Up-to-date: /Users/mukuyo/Desktop/RI-AI/install/message_info/include/message_info/msg/detail/detection_ball__rosidl_typesupport_fastrtps_c.h
[7.266s] -- Up-to-date: /Users/mukuyo/Desktop/RI-AI/install/message_info/include/message_info/msg/detail/referee_team_info__rosidl_typesupport_fastrtps_c.h
[7.266s] -- Up-to-date: /Users/mukuyo/Desktop/RI-AI/install/message_info/include/message_info/msg/detail/robot_command__rosidl_typesupport_fastrtps_c.h
[7.266s] -- Up-to-date: /Users/mukuyo/Desktop/RI-AI/install/message_info/include/message_info/msg/detail/goal_info__rosidl_typesupport_fastrtps_c.h
[7.266s] -- Up-to-date: /Users/mukuyo/Desktop/RI-AI/install/message_info/include/message_info/msg/detail/vision_geometry__rosidl_typesupport_fastrtps_c.h
[7.267s] -- Up-to-date: /Users/mukuyo/Desktop/RI-AI/install/message_info/include/message_info/msg/detail/field_circular_arc__rosidl_typesupport_fastrtps_c.h
[7.267s] -- Up-to-date: /Users/mukuyo/Desktop/RI-AI/install/message_info/include/message_info/msg/detail/ball_info__rosidl_typesupport_fastrtps_c.h
[7.267s] -- Up-to-date: /Users/mukuyo/Desktop/RI-AI/install/message_info/include/message_info/msg/detail/referee_game_event__rosidl_typesupport_fastrtps_c.h
[7.267s] -- Up-to-date: /Users/mukuyo/Desktop/RI-AI/install/message_info/include/message_info/msg/detail/robot_commands__rosidl_typesupport_fastrtps_c.h
[7.267s] -- Up-to-date: /Users/mukuyo/Desktop/RI-AI/install/message_info/include/message_info/msg/detail/test__rosidl_typesupport_fastrtps_c.h
[7.268s] -- Up-to-date: /Users/mukuyo/Desktop/RI-AI/install/message_info/include/message_info/msg/detail/detection_robot__rosidl_typesupport_fastrtps_c.h
[7.268s] -- Up-to-date: /Users/mukuyo/Desktop/RI-AI/install/message_info/include/message_info/msg/detail/referee__rosidl_typesupport_fastrtps_c.h
[7.268s] -- Up-to-date: /Users/mukuyo/Desktop/RI-AI/install/message_info/include/message_info/msg/detail/vision_detections__rosidl_typesupport_fastrtps_c.h
[7.268s] -- Up-to-date: /Users/mukuyo/Desktop/RI-AI/install/message_info/include/message_info/msg/rosidl_typesupport_fastrtps_c__visibility_control.h
[7.268s] -- Installing: /Users/mukuyo/Desktop/RI-AI/install/message_info/lib/libmessage_info__rosidl_typesupport_fastrtps_c.dylib
[7.330s] -- Up-to-date: /Users/mukuyo/Desktop/RI-AI/install/message_info/include/message_info
[7.331s] -- Up-to-date: /Users/mukuyo/Desktop/RI-AI/install/message_info/include/message_info/msg
[7.332s] -- Up-to-date: /Users/mukuyo/Desktop/RI-AI/install/message_info/include/message_info/msg/rosidl_typesupport_fastrtps_cpp__visibility_control.h
[7.332s] -- Up-to-date: /Users/mukuyo/Desktop/RI-AI/install/message_info/include/message_info/msg/detail
[7.332s] -- Up-to-date: /Users/mukuyo/Desktop/RI-AI/install/message_info/include/message_info/msg/detail/referee__rosidl_typesupport_fastrtps_cpp.hpp
[7.333s] -- Up-to-date: /Users/mukuyo/Desktop/RI-AI/install/message_info/include/message_info/msg/detail/referee_team_info__rosidl_typesupport_fastrtps_cpp.hpp
[7.333s] -- Up-to-date: /Users/mukuyo/Desktop/RI-AI/install/message_info/include/message_info/msg/detail/detection_robot__rosidl_typesupport_fastrtps_cpp.hpp
[7.333s] -- Up-to-date: /Users/mukuyo/Desktop/RI-AI/install/message_info/include/message_info/msg/detail/vision_geometry__rosidl_typesupport_fastrtps_cpp.hpp
[7.333s] -- Up-to-date: /Users/mukuyo/Desktop/RI-AI/install/message_info/include/message_info/msg/detail/referee_game_event__rosidl_typesupport_fastrtps_cpp.hpp
[7.333s] -- Up-to-date: /Users/mukuyo/Desktop/RI-AI/install/message_info/include/message_info/msg/detail/field_line_segment__rosidl_typesupport_fastrtps_cpp.hpp
[7.333s] -- Up-to-date: /Users/mukuyo/Desktop/RI-AI/install/message_info/include/message_info/msg/detail/robot_command__rosidl_typesupport_fastrtps_cpp.hpp
[7.334s] -- Up-to-date: /Users/mukuyo/Desktop/RI-AI/install/message_info/include/message_info/msg/detail/test__rosidl_typesupport_fastrtps_cpp.hpp
[7.334s] -- Up-to-date: /Users/mukuyo/Desktop/RI-AI/install/message_info/include/message_info/msg/detail/vision_detections__rosidl_typesupport_fastrtps_cpp.hpp
[7.334s] -- Up-to-date: /Users/mukuyo/Desktop/RI-AI/install/message_info/include/message_info/msg/detail/field_circular_arc__rosidl_typesupport_fastrtps_cpp.hpp
[7.334s] -- Up-to-date: /Users/mukuyo/Desktop/RI-AI/install/message_info/include/message_info/msg/detail/robot_commands__rosidl_typesupport_fastrtps_cpp.hpp
[7.334s] -- Up-to-date: /Users/mukuyo/Desktop/RI-AI/install/message_info/include/message_info/msg/detail/detection_ball__rosidl_typesupport_fastrtps_cpp.hpp
[7.334s] -- Up-to-date: /Users/mukuyo/Desktop/RI-AI/install/message_info/include/message_info/msg/detail/detection_frame__rosidl_typesupport_fastrtps_cpp.hpp
[7.334s] -- Up-to-date: /Users/mukuyo/Desktop/RI-AI/install/message_info/include/message_info/msg/detail/dds_fastrtps
[7.335s] -- Up-to-date: /Users/mukuyo/Desktop/RI-AI/install/message_info/include/message_info/msg/detail/ball_info__rosidl_typesupport_fastrtps_cpp.hpp
[7.335s] -- Up-to-date: /Users/mukuyo/Desktop/RI-AI/install/message_info/include/message_info/msg/detail/goal_info__rosidl_typesupport_fastrtps_cpp.hpp
[7.335s] -- Installing: /Users/mukuyo/Desktop/RI-AI/install/message_info/lib/libmessage_info__rosidl_typesupport_fastrtps_cpp.dylib
[7.377s] -- Up-to-date: /Users/mukuyo/Desktop/RI-AI/install/message_info/include/message_info
[7.379s] -- Up-to-date: /Users/mukuyo/Desktop/RI-AI/install/message_info/include/message_info/msg
[7.380s] -- Up-to-date: /Users/mukuyo/Desktop/RI-AI/install/message_info/include/message_info/msg/detail
[7.380s] -- Up-to-date: /Users/mukuyo/Desktop/RI-AI/install/message_info/include/message_info/msg/detail/field_line_segment__type_support.c
[7.381s] -- Up-to-date: /Users/mukuyo/Desktop/RI-AI/install/message_info/include/message_info/msg/detail/robot_commands__type_support.c
[7.382s] -- Up-to-date: /Users/mukuyo/Desktop/RI-AI/install/message_info/include/message_info/msg/detail/test__type_support.c
[7.382s] -- Up-to-date: /Users/mukuyo/Desktop/RI-AI/install/message_info/include/message_info/msg/detail/goal_info__type_support.c
[7.382s] -- Up-to-date: /Users/mukuyo/Desktop/RI-AI/install/message_info/include/message_info/msg/detail/referee_game_event__rosidl_typesupport_introspection_c.h
[7.382s] -- Up-to-date: /Users/mukuyo/Desktop/RI-AI/install/message_info/include/message_info/msg/detail/field_line_segment__rosidl_typesupport_introspection_c.h
[7.382s] -- Up-to-date: /Users/mukuyo/Desktop/RI-AI/install/message_info/include/message_info/msg/detail/goal_info__rosidl_typesupport_introspection_c.h
[7.383s] -- Up-to-date: /Users/mukuyo/Desktop/RI-AI/install/message_info/include/message_info/msg/detail/detection_ball__type_support.c
[7.383s] -- Up-to-date: /Users/mukuyo/Desktop/RI-AI/install/message_info/include/message_info/msg/detail/robot_commands__rosidl_typesupport_introspection_c.h
[7.383s] -- Up-to-date: /Users/mukuyo/Desktop/RI-AI/install/message_info/include/message_info/msg/detail/ball_info__type_support.c
[7.383s] -- Up-to-date: /Users/mukuyo/Desktop/RI-AI/install/message_info/include/message_info/msg/detail/detection_robot__type_support.c
[7.383s] -- Up-to-date: /Users/mukuyo/Desktop/RI-AI/install/message_info/include/message_info/msg/detail/referee_team_info__type_support.c
[7.384s] -- Up-to-date: /Users/mukuyo/Desktop/RI-AI/install/message_info/include/message_info/msg/detail/robot_command__type_support.c
[7.384s] -- Up-to-date: /Users/mukuyo/Desktop/RI-AI/install/message_info/include/message_info/msg/detail/field_circular_arc__rosidl_typesupport_introspection_c.h
[7.384s] -- Up-to-date: /Users/mukuyo/Desktop/RI-AI/install/message_info/include/message_info/msg/detail/robot_command__rosidl_typesupport_introspection_c.h
[7.384s] -- Up-to-date: /Users/mukuyo/Desktop/RI-AI/install/message_info/include/message_info/msg/detail/vision_detections__rosidl_typesupport_introspection_c.h
[7.384s] -- Up-to-date: /Users/mukuyo/Desktop/RI-AI/install/message_info/include/message_info/msg/detail/vision_geometry__type_support.c
[7.384s] -- Up-to-date: /Users/mukuyo/Desktop/RI-AI/install/message_info/include/message_info/msg/detail/detection_frame__type_support.c
[7.385s] -- Up-to-date: /Users/mukuyo/Desktop/RI-AI/install/message_info/include/message_info/msg/detail/detection_frame__rosidl_typesupport_introspection_c.h
[7.385s] -- Up-to-date: /Users/mukuyo/Desktop/RI-AI/install/message_info/include/message_info/msg/detail/test__rosidl_typesupport_introspection_c.h
[7.385s] -- Up-to-date: /Users/mukuyo/Desktop/RI-AI/install/message_info/include/message_info/msg/detail/field_circular_arc__type_support.c
[7.385s] -- Up-to-date: /Users/mukuyo/Desktop/RI-AI/install/message_info/include/message_info/msg/detail/referee_game_event__type_support.c
[7.385s] -- Up-to-date: /Users/mukuyo/Desktop/RI-AI/install/message_info/include/message_info/msg/detail/detection_ball__rosidl_typesupport_introspection_c.h
[7.385s] -- Up-to-date: /Users/mukuyo/Desktop/RI-AI/install/message_info/include/message_info/msg/detail/vision_detections__type_support.c
[7.385s] -- Up-to-date: /Users/mukuyo/Desktop/RI-AI/install/message_info/include/message_info/msg/detail/vision_geometry__rosidl_typesupport_introspection_c.h
[7.385s] -- Up-to-date: /Users/mukuyo/Desktop/RI-AI/install/message_info/include/message_info/msg/detail/referee__type_support.c
[7.386s] -- Up-to-date: /Users/mukuyo/Desktop/RI-AI/install/message_info/include/message_info/msg/detail/referee_team_info__rosidl_typesupport_introspection_c.h
[7.386s] -- Up-to-date: /Users/mukuyo/Desktop/RI-AI/install/message_info/include/message_info/msg/detail/ball_info__rosidl_typesupport_introspection_c.h
[7.386s] -- Up-to-date: /Users/mukuyo/Desktop/RI-AI/install/message_info/include/message_info/msg/detail/referee__rosidl_typesupport_introspection_c.h
[7.386s] -- Up-to-date: /Users/mukuyo/Desktop/RI-AI/install/message_info/include/message_info/msg/detail/detection_robot__rosidl_typesupport_introspection_c.h
[7.386s] -- Up-to-date: /Users/mukuyo/Desktop/RI-AI/install/message_info/include/message_info/msg/rosidl_typesupport_introspection_c__visibility_control.h
[7.386s] -- Installing: /Users/mukuyo/Desktop/RI-AI/install/message_info/lib/libmessage_info__rosidl_typesupport_introspection_c.dylib
[7.448s] -- Installing: /Users/mukuyo/Desktop/RI-AI/install/message_info/lib/libmessage_info__rosidl_typesupport_c.dylib
[7.491s] -- Up-to-date: /Users/mukuyo/Desktop/RI-AI/install/message_info/include/message_info
[7.491s] -- Up-to-date: /Users/mukuyo/Desktop/RI-AI/install/message_info/include/message_info/msg
[7.492s] -- Up-to-date: /Users/mukuyo/Desktop/RI-AI/install/message_info/include/message_info/msg/detection_robot.hpp
[7.492s] -- Up-to-date: /Users/mukuyo/Desktop/RI-AI/install/message_info/include/message_info/msg/field_circular_arc.hpp
[7.493s] -- Up-to-date: /Users/mukuyo/Desktop/RI-AI/install/message_info/include/message_info/msg/ball_info.hpp
[7.493s] -- Up-to-date: /Users/mukuyo/Desktop/RI-AI/install/message_info/include/message_info/msg/detection_frame.hpp
[7.493s] -- Up-to-date: /Users/mukuyo/Desktop/RI-AI/install/message_info/include/message_info/msg/referee_game_event.hpp
[7.494s] -- Up-to-date: /Users/mukuyo/Desktop/RI-AI/install/message_info/include/message_info/msg/robot_commands.hpp
[7.494s] -- Up-to-date: /Users/mukuyo/Desktop/RI-AI/install/message_info/include/message_info/msg/vision_detections.hpp
[7.494s] -- Up-to-date: /Users/mukuyo/Desktop/RI-AI/install/message_info/include/message_info/msg/detail
[7.494s] -- Up-to-date: /Users/mukuyo/Desktop/RI-AI/install/message_info/include/message_info/msg/detail/robot_command__traits.hpp
[7.495s] -- Up-to-date: /Users/mukuyo/Desktop/RI-AI/install/message_info/include/message_info/msg/detail/detection_ball__traits.hpp
[7.495s] -- Up-to-date: /Users/mukuyo/Desktop/RI-AI/install/message_info/include/message_info/msg/detail/field_circular_arc__builder.hpp
[7.495s] -- Up-to-date: /Users/mukuyo/Desktop/RI-AI/install/message_info/include/message_info/msg/detail/referee__struct.hpp
[7.495s] -- Up-to-date: /Users/mukuyo/Desktop/RI-AI/install/message_info/include/message_info/msg/detail/detection_ball__builder.hpp
[7.496s] -- Up-to-date: /Users/mukuyo/Desktop/RI-AI/install/message_info/include/message_info/msg/detail/vision_detections__builder.hpp
[7.496s] -- Up-to-date: /Users/mukuyo/Desktop/RI-AI/install/message_info/include/message_info/msg/detail/test__traits.hpp
[7.496s] -- Up-to-date: /Users/mukuyo/Desktop/RI-AI/install/message_info/include/message_info/msg/detail/goal_info__traits.hpp
[7.496s] -- Up-to-date: /Users/mukuyo/Desktop/RI-AI/install/message_info/include/message_info/msg/detail/detection_frame__struct.hpp
[7.497s] -- Up-to-date: /Users/mukuyo/Desktop/RI-AI/install/message_info/include/message_info/msg/detail/field_line_segment__builder.hpp
[7.497s] -- Up-to-date: /Users/mukuyo/Desktop/RI-AI/install/message_info/include/message_info/msg/detail/detection_robot__traits.hpp
[7.497s] -- Up-to-date: /Users/mukuyo/Desktop/RI-AI/install/message_info/include/message_info/msg/detail/ball_info__builder.hpp
[7.498s] -- Up-to-date: /Users/mukuyo/Desktop/RI-AI/install/message_info/include/message_info/msg/detail/referee_game_event__struct.hpp
[7.498s] -- Up-to-date: /Users/mukuyo/Desktop/RI-AI/install/message_info/include/message_info/msg/detail/vision_geometry__struct.hpp
[7.499s] -- Up-to-date: /Users/mukuyo/Desktop/RI-AI/install/message_info/include/message_info/msg/detail/referee__builder.hpp
[7.499s] -- Up-to-date: /Users/mukuyo/Desktop/RI-AI/install/message_info/include/message_info/msg/detail/goal_info__builder.hpp
[7.500s] -- Up-to-date: /Users/mukuyo/Desktop/RI-AI/install/message_info/include/message_info/msg/detail/vision_detections__struct.hpp
[7.500s] -- Up-to-date: /Users/mukuyo/Desktop/RI-AI/install/message_info/include/message_info/msg/detail/referee_team_info__builder.hpp
[7.500s] -- Up-to-date: /Users/mukuyo/Desktop/RI-AI/install/message_info/include/message_info/msg/detail/field_circular_arc__struct.hpp
[7.501s] -- Up-to-date: /Users/mukuyo/Desktop/RI-AI/install/message_info/include/message_info/msg/detail/ball_info__struct.hpp
[7.501s] -- Up-to-date: /Users/mukuyo/Desktop/RI-AI/install/message_info/include/message_info/msg/detail/field_line_segment__struct.hpp
[7.501s] -- Up-to-date: /Users/mukuyo/Desktop/RI-AI/install/message_info/include/message_info/msg/detail/robot_commands__struct.hpp
[7.501s] -- Up-to-date: /Users/mukuyo/Desktop/RI-AI/install/message_info/include/message_info/msg/detail/detection_robot__builder.hpp
[7.502s] -- Up-to-date: /Users/mukuyo/Desktop/RI-AI/install/message_info/include/message_info/msg/detail/referee_team_info__struct.hpp
[7.502s] -- Up-to-date: /Users/mukuyo/Desktop/RI-AI/install/message_info/include/message_info/msg/detail/detection_frame__builder.hpp
[7.502s] -- Up-to-date: /Users/mukuyo/Desktop/RI-AI/install/message_info/include/message_info/msg/detail/robot_command__builder.hpp
[7.502s] -- Up-to-date: /Users/mukuyo/Desktop/RI-AI/install/message_info/include/message_info/msg/detail/robot_commands__builder.hpp
[7.502s] -- Up-to-date: /Users/mukuyo/Desktop/RI-AI/install/message_info/include/message_info/msg/detail/detection_robot__struct.hpp
[7.503s] -- Up-to-date: /Users/mukuyo/Desktop/RI-AI/install/message_info/include/message_info/msg/detail/goal_info__struct.hpp
[7.503s] -- Up-to-date: /Users/mukuyo/Desktop/RI-AI/install/message_info/include/message_info/msg/detail/detection_frame__traits.hpp
[7.503s] -- Up-to-date: /Users/mukuyo/Desktop/RI-AI/install/message_info/include/message_info/msg/detail/detection_ball__struct.hpp
[7.503s] -- Up-to-date: /Users/mukuyo/Desktop/RI-AI/install/message_info/include/message_info/msg/detail/referee_game_event__builder.hpp
[7.503s] -- Up-to-date: /Users/mukuyo/Desktop/RI-AI/install/message_info/include/message_info/msg/detail/referee__traits.hpp
[7.504s] -- Up-to-date: /Users/mukuyo/Desktop/RI-AI/install/message_info/include/message_info/msg/detail/test__struct.hpp
[7.504s] -- Up-to-date: /Users/mukuyo/Desktop/RI-AI/install/message_info/include/message_info/msg/detail/robot_command__struct.hpp
[7.504s] -- Up-to-date: /Users/mukuyo/Desktop/RI-AI/install/message_info/include/message_info/msg/detail/vision_geometry__traits.hpp
[7.504s] -- Up-to-date: /Users/mukuyo/Desktop/RI-AI/install/message_info/include/message_info/msg/detail/referee_game_event__traits.hpp
[7.504s] -- Up-to-date: /Users/mukuyo/Desktop/RI-AI/install/message_info/include/message_info/msg/detail/vision_geometry__builder.hpp
[7.504s] -- Up-to-date: /Users/mukuyo/Desktop/RI-AI/install/message_info/include/message_info/msg/detail/field_circular_arc__traits.hpp
[7.505s] -- Up-to-date: /Users/mukuyo/Desktop/RI-AI/install/message_info/include/message_info/msg/detail/ball_info__traits.hpp
[7.505s] -- Up-to-date: /Users/mukuyo/Desktop/RI-AI/install/message_info/include/message_info/msg/detail/test__builder.hpp
[7.505s] -- Up-to-date: /Users/mukuyo/Desktop/RI-AI/install/message_info/include/message_info/msg/detail/field_line_segment__traits.hpp
[7.505s] -- Up-to-date: /Users/mukuyo/Desktop/RI-AI/install/message_info/include/message_info/msg/detail/vision_detections__traits.hpp
[7.505s] -- Up-to-date: /Users/mukuyo/Desktop/RI-AI/install/message_info/include/message_info/msg/detail/referee_team_info__traits.hpp
[7.505s] -- Up-to-date: /Users/mukuyo/Desktop/RI-AI/install/message_info/include/message_info/msg/detail/robot_commands__traits.hpp
[7.506s] -- Up-to-date: /Users/mukuyo/Desktop/RI-AI/install/message_info/include/message_info/msg/test.hpp
[7.506s] -- Up-to-date: /Users/mukuyo/Desktop/RI-AI/install/message_info/include/message_info/msg/field_line_segment.hpp
[7.506s] -- Up-to-date: /Users/mukuyo/Desktop/RI-AI/install/message_info/include/message_info/msg/referee.hpp
[7.506s] -- Up-to-date: /Users/mukuyo/Desktop/RI-AI/install/message_info/include/message_info/msg/robot_command.hpp
[7.506s] -- Up-to-date: /Users/mukuyo/Desktop/RI-AI/install/message_info/include/message_info/msg/referee_team_info.hpp
[7.506s] -- Up-to-date: /Users/mukuyo/Desktop/RI-AI/install/message_info/include/message_info/msg/detection_ball.hpp
[7.506s] -- Up-to-date: /Users/mukuyo/Desktop/RI-AI/install/message_info/include/message_info/msg/vision_geometry.hpp
[7.506s] -- Up-to-date: /Users/mukuyo/Desktop/RI-AI/install/message_info/include/message_info/msg/goal_info.hpp
[7.507s] -- Up-to-date: /Users/mukuyo/Desktop/RI-AI/install/message_info/include/message_info
[7.507s] -- Up-to-date: /Users/mukuyo/Desktop/RI-AI/install/message_info/include/message_info/msg
[7.507s] -- Up-to-date: /Users/mukuyo/Desktop/RI-AI/install/message_info/include/message_info/msg/detail
[7.507s] -- Up-to-date: /Users/mukuyo/Desktop/RI-AI/install/message_info/include/message_info/msg/detail/referee_team_info__rosidl_typesupport_introspection_cpp.hpp
[7.507s] -- Up-to-date: /Users/mukuyo/Desktop/RI-AI/install/message_info/include/message_info/msg/detail/vision_detections__rosidl_typesupport_introspection_cpp.hpp
[7.507s] -- Up-to-date: /Users/mukuyo/Desktop/RI-AI/install/message_info/include/message_info/msg/detail/robot_command__type_support.cpp
[7.507s] -- Up-to-date: /Users/mukuyo/Desktop/RI-AI/install/message_info/include/message_info/msg/detail/vision_detections__type_support.cpp
[7.508s] -- Up-to-date: /Users/mukuyo/Desktop/RI-AI/install/message_info/include/message_info/msg/detail/detection_ball__rosidl_typesupport_introspection_cpp.hpp
[7.508s] -- Up-to-date: /Users/mukuyo/Desktop/RI-AI/install/message_info/include/message_info/msg/detail/vision_geometry__rosidl_typesupport_introspection_cpp.hpp
[7.508s] -- Up-to-date: /Users/mukuyo/Desktop/RI-AI/install/message_info/include/message_info/msg/detail/referee_team_info__type_support.cpp
[7.508s] -- Up-to-date: /Users/mukuyo/Desktop/RI-AI/install/message_info/include/message_info/msg/detail/detection_ball__type_support.cpp
[7.508s] -- Up-to-date: /Users/mukuyo/Desktop/RI-AI/install/message_info/include/message_info/msg/detail/goal_info__rosidl_typesupport_introspection_cpp.hpp
[7.508s] -- Up-to-date: /Users/mukuyo/Desktop/RI-AI/install/message_info/include/message_info/msg/detail/robot_command__rosidl_typesupport_introspection_cpp.hpp
[7.508s] -- Up-to-date: /Users/mukuyo/Desktop/RI-AI/install/message_info/include/message_info/msg/detail/detection_robot__rosidl_typesupport_introspection_cpp.hpp
[7.509s] -- Up-to-date: /Users/mukuyo/Desktop/RI-AI/install/message_info/include/message_info/msg/detail/field_line_segment__rosidl_typesupport_introspection_cpp.hpp
[7.509s] -- Up-to-date: /Users/mukuyo/Desktop/RI-AI/install/message_info/include/message_info/msg/detail/field_line_segment__type_support.cpp
[7.509s] -- Up-to-date: /Users/mukuyo/Desktop/RI-AI/install/message_info/include/message_info/msg/detail/robot_commands__type_support.cpp
[7.509s] -- Up-to-date: /Users/mukuyo/Desktop/RI-AI/install/message_info/include/message_info/msg/detail/referee_game_event__type_support.cpp
[7.509s] -- Up-to-date: /Users/mukuyo/Desktop/RI-AI/install/message_info/include/message_info/msg/detail/field_circular_arc__rosidl_typesupport_introspection_cpp.hpp
[7.509s] -- Up-to-date: /Users/mukuyo/Desktop/RI-AI/install/message_info/include/message_info/msg/detail/robot_commands__rosidl_typesupport_introspection_cpp.hpp
[7.509s] -- Up-to-date: /Users/mukuyo/Desktop/RI-AI/install/message_info/include/message_info/msg/detail/test__rosidl_typesupport_introspection_cpp.hpp
[7.509s] -- Up-to-date: /Users/mukuyo/Desktop/RI-AI/install/message_info/include/message_info/msg/detail/vision_geometry__type_support.cpp
[7.509s] -- Up-to-date: /Users/mukuyo/Desktop/RI-AI/install/message_info/include/message_info/msg/detail/detection_robot__type_support.cpp
[7.509s] -- Up-to-date: /Users/mukuyo/Desktop/RI-AI/install/message_info/include/message_info/msg/detail/detection_frame__rosidl_typesupport_introspection_cpp.hpp
[7.509s] -- Up-to-date: /Users/mukuyo/Desktop/RI-AI/install/message_info/include/message_info/msg/detail/goal_info__type_support.cpp
[7.510s] -- Up-to-date: /Users/mukuyo/Desktop/RI-AI/install/message_info/include/message_info/msg/detail/field_circular_arc__type_support.cpp
[7.510s] -- Up-to-date: /Users/mukuyo/Desktop/RI-AI/install/message_info/include/message_info/msg/detail/ball_info__rosidl_typesupport_introspection_cpp.hpp
[7.510s] -- Up-to-date: /Users/mukuyo/Desktop/RI-AI/install/message_info/include/message_info/msg/detail/referee__rosidl_typesupport_introspection_cpp.hpp
[7.510s] -- Up-to-date: /Users/mukuyo/Desktop/RI-AI/install/message_info/include/message_info/msg/detail/referee_game_event__rosidl_typesupport_introspection_cpp.hpp
[7.510s] -- Up-to-date: /Users/mukuyo/Desktop/RI-AI/install/message_info/include/message_info/msg/detail/referee__type_support.cpp
[7.510s] -- Up-to-date: /Users/mukuyo/Desktop/RI-AI/install/message_info/include/message_info/msg/detail/detection_frame__type_support.cpp
[7.510s] -- Up-to-date: /Users/mukuyo/Desktop/RI-AI/install/message_info/include/message_info/msg/detail/test__type_support.cpp
[7.510s] -- Up-to-date: /Users/mukuyo/Desktop/RI-AI/install/message_info/include/message_info/msg/detail/ball_info__type_support.cpp
[7.510s] -- Installing: /Users/mukuyo/Desktop/RI-AI/install/message_info/lib/libmessage_info__rosidl_typesupport_introspection_cpp.dylib
[7.550s] -- Installing: /Users/mukuyo/Desktop/RI-AI/install/message_info/lib/libmessage_info__rosidl_typesupport_cpp.dylib
[7.589s] -- Up-to-date: /Users/mukuyo/Desktop/RI-AI/install/message_info/share/message_info/environment/pythonpath.sh
[7.589s] -- Up-to-date: /Users/mukuyo/Desktop/RI-AI/install/message_info/share/message_info/environment/pythonpath.dsv
[7.589s] -- Up-to-date: /Users/mukuyo/Desktop/RI-AI/install/message_info/lib/python3.8/site-packages/message_info/__init__.py
[7.653s] -- Up-to-date: /Users/mukuyo/Desktop/RI-AI/install/message_info/lib/python3.8/site-packages/message_info/msg
[7.653s] -- Up-to-date: /Users/mukuyo/Desktop/RI-AI/install/message_info/lib/python3.8/site-packages/message_info/msg/_referee_team_info_s.c
[7.653s] -- Up-to-date: /Users/mukuyo/Desktop/RI-AI/install/message_info/lib/python3.8/site-packages/message_info/msg/_field_circular_arc_s.c
[7.654s] -- Up-to-date: /Users/mukuyo/Desktop/RI-AI/install/message_info/lib/python3.8/site-packages/message_info/msg/_referee_team_info.py
[7.654s] -- Up-to-date: /Users/mukuyo/Desktop/RI-AI/install/message_info/lib/python3.8/site-packages/message_info/msg/_detection_frame_s.c
[7.655s] -- Up-to-date: /Users/mukuyo/Desktop/RI-AI/install/message_info/lib/python3.8/site-packages/message_info/msg/_detection_robot.py
[7.656s] -- Up-to-date: /Users/mukuyo/Desktop/RI-AI/install/message_info/lib/python3.8/site-packages/message_info/msg/_referee.py
[7.656s] -- Up-to-date: /Users/mukuyo/Desktop/RI-AI/install/message_info/lib/python3.8/site-packages/message_info/msg/_detection_robot_s.c
[7.657s] -- Up-to-date: /Users/mukuyo/Desktop/RI-AI/install/message_info/lib/python3.8/site-packages/message_info/msg/_goal_info.py
[7.657s] -- Up-to-date: /Users/mukuyo/Desktop/RI-AI/install/message_info/lib/python3.8/site-packages/message_info/msg/_vision_detections.py
[7.657s] -- Up-to-date: /Users/mukuyo/Desktop/RI-AI/install/message_info/lib/python3.8/site-packages/message_info/msg/_detection_frame.py
[7.657s] -- Up-to-date: /Users/mukuyo/Desktop/RI-AI/install/message_info/lib/python3.8/site-packages/message_info/msg/_robot_command.py
[7.657s] -- Up-to-date: /Users/mukuyo/Desktop/RI-AI/install/message_info/lib/python3.8/site-packages/message_info/msg/__init__.py
[7.657s] -- Up-to-date: /Users/mukuyo/Desktop/RI-AI/install/message_info/lib/python3.8/site-packages/message_info/msg/_referee_game_event.py
[7.658s] -- Up-to-date: /Users/mukuyo/Desktop/RI-AI/install/message_info/lib/python3.8/site-packages/message_info/msg/_ball_info_s.c
[7.658s] -- Up-to-date: /Users/mukuyo/Desktop/RI-AI/install/message_info/lib/python3.8/site-packages/message_info/msg/_robot_commands_s.c
[7.658s] -- Up-to-date: /Users/mukuyo/Desktop/RI-AI/install/message_info/lib/python3.8/site-packages/message_info/msg/_referee_game_event_s.c
[7.658s] -- Up-to-date: /Users/mukuyo/Desktop/RI-AI/install/message_info/lib/python3.8/site-packages/message_info/msg/_test.py
[7.658s] -- Up-to-date: /Users/mukuyo/Desktop/RI-AI/install/message_info/lib/python3.8/site-packages/message_info/msg/_field_circular_arc.py
[7.658s] -- Up-to-date: /Users/mukuyo/Desktop/RI-AI/install/message_info/lib/python3.8/site-packages/message_info/msg/_robot_command_s.c
[7.658s] -- Up-to-date: /Users/mukuyo/Desktop/RI-AI/install/message_info/lib/python3.8/site-packages/message_info/msg/_goal_info_s.c
[7.658s] -- Up-to-date: /Users/mukuyo/Desktop/RI-AI/install/message_info/lib/python3.8/site-packages/message_info/msg/_referee_s.c
[7.659s] -- Up-to-date: /Users/mukuyo/Desktop/RI-AI/install/message_info/lib/python3.8/site-packages/message_info/msg/_field_line_segment_s.c
[7.659s] -- Up-to-date: /Users/mukuyo/Desktop/RI-AI/install/message_info/lib/python3.8/site-packages/message_info/msg/_vision_detections_s.c
[7.659s] -- Up-to-date: /Users/mukuyo/Desktop/RI-AI/install/message_info/lib/python3.8/site-packages/message_info/msg/_vision_geometry_s.c
[7.659s] -- Up-to-date: /Users/mukuyo/Desktop/RI-AI/install/message_info/lib/python3.8/site-packages/message_info/msg/_robot_commands.py
[7.660s] -- Up-to-date: /Users/mukuyo/Desktop/RI-AI/install/message_info/lib/python3.8/site-packages/message_info/msg/_ball_info.py
[7.660s] -- Up-to-date: /Users/mukuyo/Desktop/RI-AI/install/message_info/lib/python3.8/site-packages/message_info/msg/_test_s.c
[7.660s] -- Up-to-date: /Users/mukuyo/Desktop/RI-AI/install/message_info/lib/python3.8/site-packages/message_info/msg/_detection_ball.py
[7.660s] -- Up-to-date: /Users/mukuyo/Desktop/RI-AI/install/message_info/lib/python3.8/site-packages/message_info/msg/_vision_geometry.py
[7.661s] -- Up-to-date: /Users/mukuyo/Desktop/RI-AI/install/message_info/lib/python3.8/site-packages/message_info/msg/_detection_ball_s.c
[7.661s] -- Up-to-date: /Users/mukuyo/Desktop/RI-AI/install/message_info/lib/python3.8/site-packages/message_info/msg/_field_line_segment.py
[7.661s] -- Installing: /Users/mukuyo/Desktop/RI-AI/install/message_info/lib/python3.8/site-packages/message_info/message_info_s__rosidl_typesupport_fastrtps_c.cpython-38-darwin.so
[7.812s] -- Installing: /Users/mukuyo/Desktop/RI-AI/install/message_info/lib/python3.8/site-packages/message_info/message_info_s__rosidl_typesupport_introspection_c.cpython-38-darwin.so
[7.973s] -- Installing: /Users/mukuyo/Desktop/RI-AI/install/message_info/lib/python3.8/site-packages/message_info/message_info_s__rosidl_typesupport_c.cpython-38-darwin.so
[8.138s] -- Installing: /Users/mukuyo/Desktop/RI-AI/install/message_info/lib/libmessage_info__python.dylib
[8.279s] -- Up-to-date: /Users/mukuyo/Desktop/RI-AI/install/message_info/share/message_info/msg/RefereeGameEvent.idl
[8.280s] -- Up-to-date: /Users/mukuyo/Desktop/RI-AI/install/message_info/share/message_info/msg/RefereeTeamInfo.idl
[8.280s] -- Up-to-date: /Users/mukuyo/Desktop/RI-AI/install/message_info/share/message_info/msg/Referee.idl
[8.281s] -- Up-to-date: /Users/mukuyo/Desktop/RI-AI/install/message_info/share/message_info/msg/FieldCircularArc.idl
[8.281s] -- Up-to-date: /Users/mukuyo/Desktop/RI-AI/install/message_info/share/message_info/msg/FieldLineSegment.idl
[8.282s] -- Up-to-date: /Users/mukuyo/Desktop/RI-AI/install/message_info/share/message_info/msg/VisionGeometry.idl
[8.283s] -- Up-to-date: /Users/mukuyo/Desktop/RI-AI/install/message_info/share/message_info/msg/DetectionBall.idl
[8.284s] -- Up-to-date: /Users/mukuyo/Desktop/RI-AI/install/message_info/share/message_info/msg/DetectionRobot.idl
[8.285s] -- Up-to-date: /Users/mukuyo/Desktop/RI-AI/install/message_info/share/message_info/msg/DetectionFrame.idl
[8.285s] -- Up-to-date: /Users/mukuyo/Desktop/RI-AI/install/message_info/share/message_info/msg/VisionDetections.idl
[8.287s] -- Up-to-date: /Users/mukuyo/Desktop/RI-AI/install/message_info/share/message_info/msg/RobotCommand.idl
[8.287s] -- Up-to-date: /Users/mukuyo/Desktop/RI-AI/install/message_info/share/message_info/msg/RobotCommands.idl
[8.287s] -- Up-to-date: /Users/mukuyo/Desktop/RI-AI/install/message_info/share/message_info/msg/Test.idl
[8.287s] -- Up-to-date: /Users/mukuyo/Desktop/RI-AI/install/message_info/share/message_info/msg/BallInfo.idl
[8.287s] -- Up-to-date: /Users/mukuyo/Desktop/RI-AI/install/message_info/share/message_info/msg/GoalInfo.idl
[8.288s] -- Up-to-date: /Users/mukuyo/Desktop/RI-AI/install/message_info/share/message_info/msg/RefereeGameEvent.msg
[8.288s] -- Up-to-date: /Users/mukuyo/Desktop/RI-AI/install/message_info/share/message_info/msg/RefereeTeamInfo.msg
[8.288s] -- Up-to-date: /Users/mukuyo/Desktop/RI-AI/install/message_info/share/message_info/msg/Referee.msg
[8.288s] -- Up-to-date: /Users/mukuyo/Desktop/RI-AI/install/message_info/share/message_info/msg/FieldCircularArc.msg
[8.288s] -- Up-to-date: /Users/mukuyo/Desktop/RI-AI/install/message_info/share/message_info/msg/FieldLineSegment.msg
[8.289s] -- Up-to-date: /Users/mukuyo/Desktop/RI-AI/install/message_info/share/message_info/msg/VisionGeometry.msg
[8.289s] -- Up-to-date: /Users/mukuyo/Desktop/RI-AI/install/message_info/share/message_info/msg/DetectionBall.msg
[8.289s] -- Up-to-date: /Users/mukuyo/Desktop/RI-AI/install/message_info/share/message_info/msg/DetectionRobot.msg
[8.289s] -- Up-to-date: /Users/mukuyo/Desktop/RI-AI/install/message_info/share/message_info/msg/DetectionFrame.msg
[8.289s] -- Up-to-date: /Users/mukuyo/Desktop/RI-AI/install/message_info/share/message_info/msg/VisionDetections.msg
[8.290s] -- Up-to-date: /Users/mukuyo/Desktop/RI-AI/install/message_info/share/message_info/msg/RobotCommand.msg
[8.290s] -- Up-to-date: /Users/mukuyo/Desktop/RI-AI/install/message_info/share/message_info/msg/RobotCommands.msg
[8.290s] -- Up-to-date: /Users/mukuyo/Desktop/RI-AI/install/message_info/share/message_info/msg/Test.msg
[8.290s] -- Up-to-date: /Users/mukuyo/Desktop/RI-AI/install/message_info/share/message_info/msg/BallInfo.msg
[8.291s] -- Up-to-date: /Users/mukuyo/Desktop/RI-AI/install/message_info/share/message_info/msg/GoalInfo.msg
[8.291s] -- Up-to-date: /Users/mukuyo/Desktop/RI-AI/install/message_info/share/ament_index/resource_index/package_run_dependencies/message_info
[8.291s] -- Up-to-date: /Users/mukuyo/Desktop/RI-AI/install/message_info/share/ament_index/resource_index/parent_prefix_path/message_info
[8.292s] -- Up-to-date: /Users/mukuyo/Desktop/RI-AI/install/message_info/share/message_info/environment/ament_prefix_path.sh
[8.293s] -- Up-to-date: /Users/mukuyo/Desktop/RI-AI/install/message_info/share/message_info/environment/ament_prefix_path.dsv
[8.293s] -- Up-to-date: /Users/mukuyo/Desktop/RI-AI/install/message_info/share/message_info/environment/path.sh
[8.293s] -- Up-to-date: /Users/mukuyo/Desktop/RI-AI/install/message_info/share/message_info/environment/path.dsv
[8.293s] -- Up-to-date: /Users/mukuyo/Desktop/RI-AI/install/message_info/share/message_info/local_setup.bash
[8.293s] -- Up-to-date: /Users/mukuyo/Desktop/RI-AI/install/message_info/share/message_info/local_setup.sh
[8.293s] -- Up-to-date: /Users/mukuyo/Desktop/RI-AI/install/message_info/share/message_info/local_setup.zsh
[8.294s] -- Up-to-date: /Users/mukuyo/Desktop/RI-AI/install/message_info/share/message_info/local_setup.dsv
[8.294s] -- Installing: /Users/mukuyo/Desktop/RI-AI/install/message_info/share/message_info/package.dsv
[8.294s] -- Up-to-date: /Users/mukuyo/Desktop/RI-AI/install/message_info/share/ament_index/resource_index/packages/message_info
[8.294s] -- Up-to-date: /Users/mukuyo/Desktop/RI-AI/install/message_info/share/message_info/cmake/message_info__rosidl_generator_cExport.cmake
[8.294s] -- Up-to-date: /Users/mukuyo/Desktop/RI-AI/install/message_info/share/message_info/cmake/message_info__rosidl_generator_cExport-noconfig.cmake
[8.294s] -- Up-to-date: /Users/mukuyo/Desktop/RI-AI/install/message_info/share/message_info/cmake/message_info__rosidl_typesupport_introspection_cExport.cmake
[8.294s] -- Up-to-date: /Users/mukuyo/Desktop/RI-AI/install/message_info/share/message_info/cmake/message_info__rosidl_typesupport_introspection_cExport-noconfig.cmake
[8.294s] -- Up-to-date: /Users/mukuyo/Desktop/RI-AI/install/message_info/share/message_info/cmake/message_info__rosidl_typesupport_cExport.cmake
[8.295s] -- Up-to-date: /Users/mukuyo/Desktop/RI-AI/install/message_info/share/message_info/cmake/message_info__rosidl_typesupport_cExport-noconfig.cmake
[8.295s] -- Up-to-date: /Users/mukuyo/Desktop/RI-AI/install/message_info/share/message_info/cmake/message_info__rosidl_generator_cppExport.cmake
[8.307s] -- Up-to-date: /Users/mukuyo/Desktop/RI-AI/install/message_info/share/message_info/cmake/message_info__rosidl_typesupport_introspection_cppExport.cmake
[8.307s] -- Up-to-date: /Users/mukuyo/Desktop/RI-AI/install/message_info/share/message_info/cmake/message_info__rosidl_typesupport_introspection_cppExport-noconfig.cmake
[8.307s] -- Up-to-date: /Users/mukuyo/Desktop/RI-AI/install/message_info/share/message_info/cmake/message_info__rosidl_typesupport_cppExport.cmake
[8.308s] -- Up-to-date: /Users/mukuyo/Desktop/RI-AI/install/message_info/share/message_info/cmake/message_info__rosidl_typesupport_cppExport-noconfig.cmake
[8.308s] -- Up-to-date: /Users/mukuyo/Desktop/RI-AI/install/message_info/share/message_info/cmake/rosidl_cmake-extras.cmake
[8.308s] -- Up-to-date: /Users/mukuyo/Desktop/RI-AI/install/message_info/share/message_info/cmake/ament_cmake_export_dependencies-extras.cmake
[8.309s] -- Up-to-date: /Users/mukuyo/Desktop/RI-AI/install/message_info/share/message_info/cmake/ament_cmake_export_libraries-extras.cmake
[8.309s] -- Up-to-date: /Users/mukuyo/Desktop/RI-AI/install/message_info/share/message_info/cmake/ament_cmake_export_targets-extras.cmake
[8.310s] -- Up-to-date: /Users/mukuyo/Desktop/RI-AI/install/message_info/share/message_info/cmake/ament_cmake_export_include_directories-extras.cmake
[8.310s] -- Up-to-date: /Users/mukuyo/Desktop/RI-AI/install/message_info/share/message_info/cmake/rosidl_cmake_export_typesupport_libraries-extras.cmake
[8.311s] -- Up-to-date: /Users/mukuyo/Desktop/RI-AI/install/message_info/share/message_info/cmake/rosidl_cmake_export_typesupport_targets-extras.cmake
[8.311s] -- Up-to-date: /Users/mukuyo/Desktop/RI-AI/install/message_info/share/message_info/cmake/message_infoConfig.cmake
[8.311s] -- Up-to-date: /Users/mukuyo/Desktop/RI-AI/install/message_info/share/message_info/cmake/message_infoConfig-version.cmake
[8.312s] -- Up-to-date: /Users/mukuyo/Desktop/RI-AI/install/message_info/share/message_info/package.xml
[8.312s] Invoked command in '/Users/mukuyo/Desktop/RI-AI/build/message_info' returned '0': SHLVL=2 _=/usr/bin/env /usr/local/bin/cmake --install /Users/mukuyo/Desktop/RI-AI/build/message_info
