[0.258s] Invoking command in '/Users/mukuyo/Desktop/RI-AI/build/sender': CMAKE_PREFIX_PATH=/Users/mukuyo/Desktop/RI-AI/install/proto_info:/Users/mukuyo/Desktop/RI-AI/install/message_info:/Users/mukuyo/Desktop/RI-AI/install/sender:/Users/mukuyo/Desktop/RI-AI/install/reciever:/Users/mukuyo/Desktop/RI-AI/install/main:/Users/mukuyo/ros2_ws/ros2-osx DYLD_LIBRARY_PATH=/Users/mukuyo/Desktop/RI-AI/install/proto_info/lib:/Users/mukuyo/Desktop/RI-AI/install/message_info/lib:/Users/mukuyo/Desktop/RI-AI/install/sender/lib:/Users/mukuyo/ros2_ws/ros2-osx/opt/yaml_cpp_vendor/lib:/Users/mukuyo/ros2_ws/ros2-osx/opt/rviz_ogre_vendor/lib:/Users/mukuyo/ros2_ws/ros2-osx/lib PYTHONPATH=/Users/mukuyo/Desktop/RI-AI/install/proto_info/lib/python3.8/site-packages:/Users/mukuyo/Desktop/RI-AI/install/message_info/lib/python3.8/site-packages:/Users/mukuyo/Desktop/RI-AI/install/sender/lib/python3.8/site-packages:/Users/mukuyo/ros2_ws/ros2-osx/lib/python3.8/site-packages SHLVL=2 _=/usr/bin/env /usr/local/bin/cmake --build /Users/mukuyo/Desktop/RI-AI/build/sender -- -j8 -l8
[1.055s] [  9%] Built target sender__rosidl_generator_c
[1.092s] [ 12%] Built target sender__cpp
[1.183s] [ 15%] Linking CXX executable sim_sender
[1.534s] [ 24%] Built target sender__rosidl_typesupport_fastrtps_cpp
[1.548s] [ 33%] Built target sender__rosidl_typesupport_introspection_cpp
[1.560s] [ 42%] Built target sender__rosidl_typesupport_c
[1.575s] [ 51%] Built target sender__rosidl_typesupport_introspection_c
[1.577s] [ 60%] Built target sender__rosidl_typesupport_cpp
[1.772s] [ 63%] Built target sim_sender
[1.869s] [ 72%] Built target sender__rosidl_typesupport_fastrtps_c
[2.177s] [ 72%] Built target sender
[2.505s] [ 75%] Built target sender__py
[2.814s] [ 81%] Built target sender__python
[3.173s] [ 87%] Built target sender__rosidl_typesupport_fastrtps_c__pyext
[3.177s] [ 93%] Built target sender__rosidl_typesupport_introspection_c__pyext
[3.183s] [100%] Built target sender__rosidl_typesupport_c__pyext
[3.264s] Invoked command in '/Users/mukuyo/Desktop/RI-AI/build/sender' returned '0': CMAKE_PREFIX_PATH=/Users/mukuyo/Desktop/RI-AI/install/proto_info:/Users/mukuyo/Desktop/RI-AI/install/message_info:/Users/mukuyo/Desktop/RI-AI/install/sender:/Users/mukuyo/Desktop/RI-AI/install/reciever:/Users/mukuyo/Desktop/RI-AI/install/main:/Users/mukuyo/ros2_ws/ros2-osx DYLD_LIBRARY_PATH=/Users/mukuyo/Desktop/RI-AI/install/proto_info/lib:/Users/mukuyo/Desktop/RI-AI/install/message_info/lib:/Users/mukuyo/Desktop/RI-AI/install/sender/lib:/Users/mukuyo/ros2_ws/ros2-osx/opt/yaml_cpp_vendor/lib:/Users/mukuyo/ros2_ws/ros2-osx/opt/rviz_ogre_vendor/lib:/Users/mukuyo/ros2_ws/ros2-osx/lib PYTHONPATH=/Users/mukuyo/Desktop/RI-AI/install/proto_info/lib/python3.8/site-packages:/Users/mukuyo/Desktop/RI-AI/install/message_info/lib/python3.8/site-packages:/Users/mukuyo/Desktop/RI-AI/install/sender/lib/python3.8/site-packages:/Users/mukuyo/ros2_ws/ros2-osx/lib/python3.8/site-packages SHLVL=2 _=/usr/bin/env /usr/local/bin/cmake --build /Users/mukuyo/Desktop/RI-AI/build/sender -- -j8 -l8
[5.480s] Invoking command in '/Users/mukuyo/Desktop/RI-AI/build/sender': CMAKE_PREFIX_PATH=/Users/mukuyo/Desktop/RI-AI/install/proto_info:/Users/mukuyo/Desktop/RI-AI/install/message_info:/Users/mukuyo/Desktop/RI-AI/install/sender:/Users/mukuyo/Desktop/RI-AI/install/reciever:/Users/mukuyo/Desktop/RI-AI/install/main:/Users/mukuyo/ros2_ws/ros2-osx DYLD_LIBRARY_PATH=/Users/mukuyo/Desktop/RI-AI/install/proto_info/lib:/Users/mukuyo/Desktop/RI-AI/install/message_info/lib:/Users/mukuyo/Desktop/RI-AI/install/sender/lib:/Users/mukuyo/ros2_ws/ros2-osx/opt/yaml_cpp_vendor/lib:/Users/mukuyo/ros2_ws/ros2-osx/opt/rviz_ogre_vendor/lib:/Users/mukuyo/ros2_ws/ros2-osx/lib PYTHONPATH=/Users/mukuyo/Desktop/RI-AI/install/proto_info/lib/python3.8/site-packages:/Users/mukuyo/Desktop/RI-AI/install/message_info/lib/python3.8/site-packages:/Users/mukuyo/Desktop/RI-AI/install/sender/lib/python3.8/site-packages:/Users/mukuyo/ros2_ws/ros2-osx/lib/python3.8/site-packages SHLVL=2 _=/usr/bin/env /usr/local/bin/cmake --install /Users/mukuyo/Desktop/RI-AI/build/sender
[5.515s] -- Install configuration: ""
[5.516s] -- Up-to-date: /Users/mukuyo/Desktop/RI-AI/install/sender/share/ament_index/resource_index/rosidl_interfaces/sender
[5.517s] -- Up-to-date: /Users/mukuyo/Desktop/RI-AI/install/sender/include/sender
[5.517s] -- Up-to-date: /Users/mukuyo/Desktop/RI-AI/install/sender/include/sender/msg
[5.517s] -- Up-to-date: /Users/mukuyo/Desktop/RI-AI/install/sender/include/sender/msg/rosidl_generator_c__visibility_control.h
[5.518s] -- Up-to-date: /Users/mukuyo/Desktop/RI-AI/install/sender/include/sender/msg/test.h
[5.518s] -- Up-to-date: /Users/mukuyo/Desktop/RI-AI/install/sender/include/sender/msg/detail
[5.519s] -- Up-to-date: /Users/mukuyo/Desktop/RI-AI/install/sender/include/sender/msg/detail/test__functions.h
[5.519s] -- Up-to-date: /Users/mukuyo/Desktop/RI-AI/install/sender/include/sender/msg/detail/test__type_support.h
[5.520s] -- Up-to-date: /Users/mukuyo/Desktop/RI-AI/install/sender/include/sender/msg/detail/test__struct.h
[5.520s] -- Up-to-date: /Users/mukuyo/Desktop/RI-AI/install/sender/include/sender/msg/detail/test__functions.c
[5.520s] -- Up-to-date: /Users/mukuyo/Desktop/RI-AI/install/sender/share/sender/environment/library_path.sh
[5.521s] -- Up-to-date: /Users/mukuyo/Desktop/RI-AI/install/sender/share/sender/environment/library_path.dsv
[5.521s] -- Installing: /Users/mukuyo/Desktop/RI-AI/install/sender/lib/libsender__rosidl_generator_c.dylib
[5.593s] -- Up-to-date: /Users/mukuyo/Desktop/RI-AI/install/sender/include/sender
[5.593s] -- Up-to-date: /Users/mukuyo/Desktop/RI-AI/install/sender/include/sender/msg
[5.593s] -- Up-to-date: /Users/mukuyo/Desktop/RI-AI/install/sender/include/sender/msg/detail
[5.593s] -- Up-to-date: /Users/mukuyo/Desktop/RI-AI/install/sender/include/sender/msg/detail/test__rosidl_typesupport_fastrtps_c.h
[5.593s] -- Up-to-date: /Users/mukuyo/Desktop/RI-AI/install/sender/include/sender/msg/rosidl_typesupport_fastrtps_c__visibility_control.h
[5.594s] -- Installing: /Users/mukuyo/Desktop/RI-AI/install/sender/lib/libsender__rosidl_typesupport_fastrtps_c.dylib
[5.704s] -- Up-to-date: /Users/mukuyo/Desktop/RI-AI/install/sender/include/sender
[5.704s] -- Up-to-date: /Users/mukuyo/Desktop/RI-AI/install/sender/include/sender/msg
[5.705s] -- Up-to-date: /Users/mukuyo/Desktop/RI-AI/install/sender/include/sender/msg/rosidl_typesupport_fastrtps_cpp__visibility_control.h
[5.705s] -- Up-to-date: /Users/mukuyo/Desktop/RI-AI/install/sender/include/sender/msg/detail
[5.705s] -- Up-to-date: /Users/mukuyo/Desktop/RI-AI/install/sender/include/sender/msg/detail/test__rosidl_typesupport_fastrtps_cpp.hpp
[5.705s] -- Up-to-date: /Users/mukuyo/Desktop/RI-AI/install/sender/include/sender/msg/detail/dds_fastrtps
[5.706s] -- Installing: /Users/mukuyo/Desktop/RI-AI/install/sender/lib/libsender__rosidl_typesupport_fastrtps_cpp.dylib
[5.773s] -- Up-to-date: /Users/mukuyo/Desktop/RI-AI/install/sender/include/sender
[5.773s] -- Up-to-date: /Users/mukuyo/Desktop/RI-AI/install/sender/include/sender/msg
[5.773s] -- Up-to-date: /Users/mukuyo/Desktop/RI-AI/install/sender/include/sender/msg/detail
[5.773s] -- Up-to-date: /Users/mukuyo/Desktop/RI-AI/install/sender/include/sender/msg/detail/test__type_support.c
[5.773s] -- Up-to-date: /Users/mukuyo/Desktop/RI-AI/install/sender/include/sender/msg/detail/test__rosidl_typesupport_introspection_c.h
[5.774s] -- Up-to-date: /Users/mukuyo/Desktop/RI-AI/install/sender/include/sender/msg/rosidl_typesupport_introspection_c__visibility_control.h
[5.774s] -- Installing: /Users/mukuyo/Desktop/RI-AI/install/sender/lib/libsender__rosidl_typesupport_introspection_c.dylib
[5.872s] -- Installing: /Users/mukuyo/Desktop/RI-AI/install/sender/lib/libsender__rosidl_typesupport_c.dylib
[5.958s] -- Up-to-date: /Users/mukuyo/Desktop/RI-AI/install/sender/include/sender
[5.958s] -- Up-to-date: /Users/mukuyo/Desktop/RI-AI/install/sender/include/sender/msg
[5.959s] -- Up-to-date: /Users/mukuyo/Desktop/RI-AI/install/sender/include/sender/msg/detail
[5.959s] -- Up-to-date: /Users/mukuyo/Desktop/RI-AI/install/sender/include/sender/msg/detail/test__traits.hpp
[5.959s] -- Up-to-date: /Users/mukuyo/Desktop/RI-AI/install/sender/include/sender/msg/detail/test__struct.hpp
[5.959s] -- Up-to-date: /Users/mukuyo/Desktop/RI-AI/install/sender/include/sender/msg/detail/test__builder.hpp
[5.960s] -- Up-to-date: /Users/mukuyo/Desktop/RI-AI/install/sender/include/sender/msg/test.hpp
[5.960s] -- Up-to-date: /Users/mukuyo/Desktop/RI-AI/install/sender/include/sender
[5.960s] -- Up-to-date: /Users/mukuyo/Desktop/RI-AI/install/sender/include/sender/msg
[5.961s] -- Up-to-date: /Users/mukuyo/Desktop/RI-AI/install/sender/include/sender/msg/detail
[5.961s] -- Up-to-date: /Users/mukuyo/Desktop/RI-AI/install/sender/include/sender/msg/detail/test__rosidl_typesupport_introspection_cpp.hpp
[5.961s] -- Up-to-date: /Users/mukuyo/Desktop/RI-AI/install/sender/include/sender/msg/detail/test__type_support.cpp
[5.962s] -- Installing: /Users/mukuyo/Desktop/RI-AI/install/sender/lib/libsender__rosidl_typesupport_introspection_cpp.dylib
[6.047s] -- Installing: /Users/mukuyo/Desktop/RI-AI/install/sender/lib/libsender__rosidl_typesupport_cpp.dylib
[6.142s] -- Up-to-date: /Users/mukuyo/Desktop/RI-AI/install/sender/share/sender/environment/pythonpath.sh
[6.142s] -- Up-to-date: /Users/mukuyo/Desktop/RI-AI/install/sender/share/sender/environment/pythonpath.dsv
[6.143s] -- Up-to-date: /Users/mukuyo/Desktop/RI-AI/install/sender/lib/python3.8/site-packages/sender/__init__.py
[6.269s] -- Up-to-date: /Users/mukuyo/Desktop/RI-AI/install/sender/lib/python3.8/site-packages/sender/msg
[6.270s] -- Up-to-date: /Users/mukuyo/Desktop/RI-AI/install/sender/lib/python3.8/site-packages/sender/msg/__init__.py
[6.270s] -- Up-to-date: /Users/mukuyo/Desktop/RI-AI/install/sender/lib/python3.8/site-packages/sender/msg/_test.py
[6.270s] -- Up-to-date: /Users/mukuyo/Desktop/RI-AI/install/sender/lib/python3.8/site-packages/sender/msg/_test_s.c
[6.270s] -- Installing: /Users/mukuyo/Desktop/RI-AI/install/sender/lib/python3.8/site-packages/sender/sender_s__rosidl_typesupport_fastrtps_c.cpython-38-darwin.so
[6.442s] -- Installing: /Users/mukuyo/Desktop/RI-AI/install/sender/lib/python3.8/site-packages/sender/sender_s__rosidl_typesupport_introspection_c.cpython-38-darwin.so
[6.603s] -- Installing: /Users/mukuyo/Desktop/RI-AI/install/sender/lib/python3.8/site-packages/sender/sender_s__rosidl_typesupport_c.cpython-38-darwin.so
[6.773s] -- Installing: /Users/mukuyo/Desktop/RI-AI/install/sender/lib/libsender__python.dylib
[6.902s] -- Up-to-date: /Users/mukuyo/Desktop/RI-AI/install/sender/share/sender/msg/Test.idl
[6.903s] -- Up-to-date: /Users/mukuyo/Desktop/RI-AI/install/sender/share/sender/msg/Test.msg
[6.903s] -- Installing: /Users/mukuyo/Desktop/RI-AI/install/sender/lib/sender/sim_sender
[7.113s] -- Up-to-date: /Users/mukuyo/Desktop/RI-AI/install/sender/share/sender//config
[7.114s] -- Up-to-date: /Users/mukuyo/Desktop/RI-AI/install/sender/share/sender//config/.DS_Store
[7.115s] -- Up-to-date: /Users/mukuyo/Desktop/RI-AI/install/sender/share/sender//config/grsim.yaml
[7.116s] -- Up-to-date: /Users/mukuyo/Desktop/RI-AI/install/sender/share/sender//launch
[7.117s] -- Up-to-date: /Users/mukuyo/Desktop/RI-AI/install/sender/share/sender//launch/.DS_Store
[7.117s] -- Up-to-date: /Users/mukuyo/Desktop/RI-AI/install/sender/share/sender//launch/sender.xml
[7.118s] -- Up-to-date: /Users/mukuyo/Desktop/RI-AI/install/sender/share/ament_index/resource_index/package_run_dependencies/sender
[7.119s] -- Up-to-date: /Users/mukuyo/Desktop/RI-AI/install/sender/share/ament_index/resource_index/parent_prefix_path/sender
[7.120s] -- Up-to-date: /Users/mukuyo/Desktop/RI-AI/install/sender/share/sender/environment/ament_prefix_path.sh
[7.121s] -- Up-to-date: /Users/mukuyo/Desktop/RI-AI/install/sender/share/sender/environment/ament_prefix_path.dsv
[7.122s] -- Up-to-date: /Users/mukuyo/Desktop/RI-AI/install/sender/share/sender/environment/path.sh
[7.123s] -- Up-to-date: /Users/mukuyo/Desktop/RI-AI/install/sender/share/sender/environment/path.dsv
[7.124s] -- Up-to-date: /Users/mukuyo/Desktop/RI-AI/install/sender/share/sender/local_setup.bash
[7.124s] -- Up-to-date: /Users/mukuyo/Desktop/RI-AI/install/sender/share/sender/local_setup.sh
[7.124s] -- Up-to-date: /Users/mukuyo/Desktop/RI-AI/install/sender/share/sender/local_setup.zsh
[7.124s] -- Up-to-date: /Users/mukuyo/Desktop/RI-AI/install/sender/share/sender/local_setup.dsv
[7.125s] -- Up-to-date: /Users/mukuyo/Desktop/RI-AI/install/sender/share/sender/package.dsv
[7.125s] -- Up-to-date: /Users/mukuyo/Desktop/RI-AI/install/sender/share/ament_index/resource_index/packages/sender
[7.125s] -- Up-to-date: /Users/mukuyo/Desktop/RI-AI/install/sender/share/sender/cmake/sender__rosidl_generator_cExport.cmake
[7.125s] -- Up-to-date: /Users/mukuyo/Desktop/RI-AI/install/sender/share/sender/cmake/sender__rosidl_generator_cExport-noconfig.cmake
[7.125s] -- Up-to-date: /Users/mukuyo/Desktop/RI-AI/install/sender/share/sender/cmake/sender__rosidl_typesupport_introspection_cExport.cmake
[7.126s] -- Up-to-date: /Users/mukuyo/Desktop/RI-AI/install/sender/share/sender/cmake/sender__rosidl_typesupport_introspection_cExport-noconfig.cmake
[7.126s] -- Up-to-date: /Users/mukuyo/Desktop/RI-AI/install/sender/share/sender/cmake/sender__rosidl_typesupport_cExport.cmake
[7.126s] -- Up-to-date: /Users/mukuyo/Desktop/RI-AI/install/sender/share/sender/cmake/sender__rosidl_typesupport_cExport-noconfig.cmake
[7.127s] -- Up-to-date: /Users/mukuyo/Desktop/RI-AI/install/sender/share/sender/cmake/sender__rosidl_generator_cppExport.cmake
[7.127s] -- Up-to-date: /Users/mukuyo/Desktop/RI-AI/install/sender/share/sender/cmake/sender__rosidl_typesupport_introspection_cppExport.cmake
[7.127s] -- Up-to-date: /Users/mukuyo/Desktop/RI-AI/install/sender/share/sender/cmake/sender__rosidl_typesupport_introspection_cppExport-noconfig.cmake
[7.128s] -- Up-to-date: /Users/mukuyo/Desktop/RI-AI/install/sender/share/sender/cmake/sender__rosidl_typesupport_cppExport.cmake
[7.128s] -- Up-to-date: /Users/mukuyo/Desktop/RI-AI/install/sender/share/sender/cmake/sender__rosidl_typesupport_cppExport-noconfig.cmake
[7.128s] -- Up-to-date: /Users/mukuyo/Desktop/RI-AI/install/sender/share/sender/cmake/rosidl_cmake-extras.cmake
[7.128s] -- Up-to-date: /Users/mukuyo/Desktop/RI-AI/install/sender/share/sender/cmake/ament_cmake_export_dependencies-extras.cmake
[7.128s] -- Up-to-date: /Users/mukuyo/Desktop/RI-AI/install/sender/share/sender/cmake/ament_cmake_export_libraries-extras.cmake
[7.128s] -- Up-to-date: /Users/mukuyo/Desktop/RI-AI/install/sender/share/sender/cmake/ament_cmake_export_targets-extras.cmake
[7.129s] -- Up-to-date: /Users/mukuyo/Desktop/RI-AI/install/sender/share/sender/cmake/ament_cmake_export_include_directories-extras.cmake
[7.129s] -- Up-to-date: /Users/mukuyo/Desktop/RI-AI/install/sender/share/sender/cmake/rosidl_cmake_export_typesupport_libraries-extras.cmake
[7.129s] -- Up-to-date: /Users/mukuyo/Desktop/RI-AI/install/sender/share/sender/cmake/rosidl_cmake_export_typesupport_targets-extras.cmake
[7.129s] -- Up-to-date: /Users/mukuyo/Desktop/RI-AI/install/sender/share/sender/cmake/senderConfig.cmake
[7.129s] -- Up-to-date: /Users/mukuyo/Desktop/RI-AI/install/sender/share/sender/cmake/senderConfig-version.cmake
[7.129s] -- Up-to-date: /Users/mukuyo/Desktop/RI-AI/install/sender/share/sender/package.xml
