[0.170s] Invoking command in '/Users/mukuyo/Desktop/RI-AI/build/proto_info': SHLVL=2 _=/usr/bin/env /usr/local/bin/cmake --build /Users/mukuyo/Desktop/RI-AI/build/proto_info -- -j8 -l8
[0.707s] [ 32%] Built target proto_info_py
[0.980s] [100%] Built target proto_info
[1.052s] Invoked command in '/Users/mukuyo/Desktop/RI-AI/build/proto_info' returned '0': SHLVL=2 _=/usr/bin/env /usr/local/bin/cmake --build /Users/mukuyo/Desktop/RI-AI/build/proto_info -- -j8 -l8
[3.844s] Invoking command in '/Users/mukuyo/Desktop/RI-AI/build/proto_info': SHLVL=2 _=/usr/bin/env /usr/local/bin/cmake --install /Users/mukuyo/Desktop/RI-AI/build/proto_info
[3.910s] -- Install configuration: ""
[3.911s] -- Up-to-date: /Users/mukuyo/Desktop/RI-AI/install/proto_info/share/proto_info/environment/pythonpath.sh
[3.911s] -- Up-to-date: /Users/mukuyo/Desktop/RI-AI/install/proto_info/share/proto_info/environment/pythonpath.dsv
[3.911s] -- Up-to-date: /Users/mukuyo/Desktop/RI-AI/install/proto_info/lib/python3.8/site-packages/proto_info
[3.911s] -- Up-to-date: /Users/mukuyo/Desktop/RI-AI/install/proto_info/lib/python3.8/site-packages/proto_info/__init__.py
[4.070s] Listing '/Users/mukuyo/Desktop/RI-AI/install/proto_info/lib/python3.8/site-packages/proto_info'...
[4.079s] -- Up-to-date: /Users/mukuyo/Desktop/RI-AI/install/proto_info/include/proto_info/messages_robocup_ssl_wrapper.pb.h
[4.079s] -- Up-to-date: /Users/mukuyo/Desktop/RI-AI/install/proto_info/include/proto_info/messages_robocup_ssl_geometry.pb.h
[4.080s] -- Up-to-date: /Users/mukuyo/Desktop/RI-AI/install/proto_info/include/proto_info/messages_robocup_ssl_detection.pb.h
[4.080s] -- Up-to-date: /Users/mukuyo/Desktop/RI-AI/install/proto_info/include/proto_info/messages_robocup_ssl_robot_status.pb.h
[4.081s] -- Up-to-date: /Users/mukuyo/Desktop/RI-AI/install/proto_info/include/proto_info/messages_robocup_ssl_refbox_log.pb.h
[4.081s] -- Up-to-date: /Users/mukuyo/Desktop/RI-AI/install/proto_info/include/proto_info/referee.pb.h
[4.082s] -- Up-to-date: /Users/mukuyo/Desktop/RI-AI/install/proto_info/include/proto_info/game_event.pb.h
[4.083s] -- Up-to-date: /Users/mukuyo/Desktop/RI-AI/install/proto_info/include/proto_info/grSim_Replacement.pb.h
[4.084s] -- Up-to-date: /Users/mukuyo/Desktop/RI-AI/install/proto_info/include/proto_info/grSim_Commands.pb.h
[4.084s] -- Up-to-date: /Users/mukuyo/Desktop/RI-AI/install/proto_info/include/proto_info/grSim_Packet.pb.h
[4.085s] -- Up-to-date: /Users/mukuyo/Desktop/RI-AI/install/proto_info/lib/libproto_info.dylib
[4.085s] -- Up-to-date: /Users/mukuyo/Desktop/RI-AI/install/proto_info/lib/python3.8/site-packages/messages_robocup_ssl_wrapper_pb2.py
[4.086s] -- Up-to-date: /Users/mukuyo/Desktop/RI-AI/install/proto_info/lib/python3.8/site-packages/messages_robocup_ssl_geometry_pb2.py
[4.086s] -- Up-to-date: /Users/mukuyo/Desktop/RI-AI/install/proto_info/lib/python3.8/site-packages/messages_robocup_ssl_detection_pb2.py
[4.086s] -- Up-to-date: /Users/mukuyo/Desktop/RI-AI/install/proto_info/lib/python3.8/site-packages/messages_robocup_ssl_robot_status_pb2.py
[4.086s] -- Up-to-date: /Users/mukuyo/Desktop/RI-AI/install/proto_info/lib/python3.8/site-packages/messages_robocup_ssl_refbox_log_pb2.py
[4.087s] -- Up-to-date: /Users/mukuyo/Desktop/RI-AI/install/proto_info/lib/python3.8/site-packages/referee_pb2.py
[4.088s] -- Up-to-date: /Users/mukuyo/Desktop/RI-AI/install/proto_info/lib/python3.8/site-packages/game_event_pb2.py
[4.088s] -- Up-to-date: /Users/mukuyo/Desktop/RI-AI/install/proto_info/lib/python3.8/site-packages/grSim_Replacement_pb2.py
[4.089s] -- Up-to-date: /Users/mukuyo/Desktop/RI-AI/install/proto_info/lib/python3.8/site-packages/grSim_Commands_pb2.py
[4.089s] -- Up-to-date: /Users/mukuyo/Desktop/RI-AI/install/proto_info/lib/python3.8/site-packages/grSim_Packet_pb2.py
[4.089s] -- Up-to-date: /Users/mukuyo/Desktop/RI-AI/install/proto_info/share/proto_info/environment/library_path.sh
[4.090s] -- Up-to-date: /Users/mukuyo/Desktop/RI-AI/install/proto_info/share/proto_info/environment/library_path.dsv
[4.090s] -- Up-to-date: /Users/mukuyo/Desktop/RI-AI/install/proto_info/share/ament_index/resource_index/package_run_dependencies/proto_info
[4.090s] -- Up-to-date: /Users/mukuyo/Desktop/RI-AI/install/proto_info/share/ament_index/resource_index/parent_prefix_path/proto_info
[4.090s] -- Up-to-date: /Users/mukuyo/Desktop/RI-AI/install/proto_info/share/proto_info/environment/ament_prefix_path.sh
[4.091s] -- Up-to-date: /Users/mukuyo/Desktop/RI-AI/install/proto_info/share/proto_info/environment/ament_prefix_path.dsv
[4.092s] -- Up-to-date: /Users/mukuyo/Desktop/RI-AI/install/proto_info/share/proto_info/environment/path.sh
[4.096s] -- Up-to-date: /Users/mukuyo/Desktop/RI-AI/install/proto_info/share/proto_info/environment/path.dsv
[4.096s] -- Up-to-date: /Users/mukuyo/Desktop/RI-AI/install/proto_info/share/proto_info/local_setup.bash
[4.096s] -- Up-to-date: /Users/mukuyo/Desktop/RI-AI/install/proto_info/share/proto_info/local_setup.sh
[4.097s] -- Up-to-date: /Users/mukuyo/Desktop/RI-AI/install/proto_info/share/proto_info/local_setup.zsh
[4.097s] -- Up-to-date: /Users/mukuyo/Desktop/RI-AI/install/proto_info/share/proto_info/local_setup.dsv
[4.097s] -- Installing: /Users/mukuyo/Desktop/RI-AI/install/proto_info/share/proto_info/package.dsv
[4.098s] -- Up-to-date: /Users/mukuyo/Desktop/RI-AI/install/proto_info/share/ament_index/resource_index/packages/proto_info
[4.098s] -- Up-to-date: /Users/mukuyo/Desktop/RI-AI/install/proto_info/share/proto_info/cmake/ament_cmake_export_include_directories-extras.cmake
[4.098s] -- Up-to-date: /Users/mukuyo/Desktop/RI-AI/install/proto_info/share/proto_info/cmake/ament_cmake_export_libraries-extras.cmake
[4.098s] -- Up-to-date: /Users/mukuyo/Desktop/RI-AI/install/proto_info/share/proto_info/cmake/ament_cmake_export_dependencies-extras.cmake
[4.099s] -- Up-to-date: /Users/mukuyo/Desktop/RI-AI/install/proto_info/share/proto_info/cmake/proto_infoConfig.cmake
[4.099s] -- Up-to-date: /Users/mukuyo/Desktop/RI-AI/install/proto_info/share/proto_info/cmake/proto_infoConfig-version.cmake
[4.100s] -- Up-to-date: /Users/mukuyo/Desktop/RI-AI/install/proto_info/share/proto_info/package.xml
[4.100s] Invoked command in '/Users/mukuyo/Desktop/RI-AI/build/proto_info' returned '0': SHLVL=2 _=/usr/bin/env /usr/local/bin/cmake --install /Users/mukuyo/Desktop/RI-AI/build/proto_info
