[0.122s] Invoking command in '/Users/mukuyo/Desktop/RI-AI/build/main': CMAKE_PREFIX_PATH=/Users/mukuyo/Desktop/RI-AI/install/message_info:/Users/mukuyo/Desktop/RI-AI/install/sender:/Users/mukuyo/Desktop/RI-AI/install/reciever:/Users/mukuyo/Desktop/RI-AI/install/proto_info:/Users/mukuyo/Desktop/RI-AI/install/main:/Users/mukuyo/ros2_ws/ros2-osx DYLD_LIBRARY_PATH=/Users/mukuyo/Desktop/RI-AI/install/message_info/lib:/Users/mukuyo/Desktop/RI-AI/install/sender/lib:/Users/mukuyo/Desktop/RI-AI/install/proto_info/lib:/Users/mukuyo/ros2_ws/ros2-osx/opt/yaml_cpp_vendor/lib:/Users/mukuyo/ros2_ws/ros2-osx/opt/rviz_ogre_vendor/lib:/Users/mukuyo/ros2_ws/ros2-osx/lib PYTHONPATH=/Users/mukuyo/Desktop/RI-AI/install/message_info/lib/python3.8/site-packages:/Users/mukuyo/Desktop/RI-AI/install/sender/lib/python3.8/site-packages:/Users/mukuyo/Desktop/RI-AI/install/proto_info/lib/python3.8/site-packages:/Users/mukuyo/ros2_ws/ros2-osx/lib/python3.8/site-packages SHLVL=2 _=/usr/bin/env /usr/local/bin/cmake --build /Users/mukuyo/Desktop/RI-AI/build/main -- -j8 -l8
[0.696s] Scanning dependencies of target main
[0.959s] [ 20%] Building CXX object CMakeFiles/main.dir/src/game.cpp.o
[0.974s] [ 40%] Building CXX object CMakeFiles/main.dir/src/main.cpp.o
[3.445s] /Users/mukuyo/Desktop/RI-AI/src/main/src/game.cpp:31:16: warning: unused variable 'field_width' [-Wunused-variable]
[3.445s]          float field_width = geometry_message->field_width;
[3.446s]                ^
[9.250s] 1 warning generated.
[9.345s] [ 60%] Linking CXX executable main
[9.623s] [100%] Built target main
[9.662s] Invoked command in '/Users/mukuyo/Desktop/RI-AI/build/main' returned '0': CMAKE_PREFIX_PATH=/Users/mukuyo/Desktop/RI-AI/install/message_info:/Users/mukuyo/Desktop/RI-AI/install/sender:/Users/mukuyo/Desktop/RI-AI/install/reciever:/Users/mukuyo/Desktop/RI-AI/install/proto_info:/Users/mukuyo/Desktop/RI-AI/install/main:/Users/mukuyo/ros2_ws/ros2-osx DYLD_LIBRARY_PATH=/Users/mukuyo/Desktop/RI-AI/install/message_info/lib:/Users/mukuyo/Desktop/RI-AI/install/sender/lib:/Users/mukuyo/Desktop/RI-AI/install/proto_info/lib:/Users/mukuyo/ros2_ws/ros2-osx/opt/yaml_cpp_vendor/lib:/Users/mukuyo/ros2_ws/ros2-osx/opt/rviz_ogre_vendor/lib:/Users/mukuyo/ros2_ws/ros2-osx/lib PYTHONPATH=/Users/mukuyo/Desktop/RI-AI/install/message_info/lib/python3.8/site-packages:/Users/mukuyo/Desktop/RI-AI/install/sender/lib/python3.8/site-packages:/Users/mukuyo/Desktop/RI-AI/install/proto_info/lib/python3.8/site-packages:/Users/mukuyo/ros2_ws/ros2-osx/lib/python3.8/site-packages SHLVL=2 _=/usr/bin/env /usr/local/bin/cmake --build /Users/mukuyo/Desktop/RI-AI/build/main -- -j8 -l8
[10.515s] Invoking command in '/Users/mukuyo/Desktop/RI-AI/build/main': CMAKE_PREFIX_PATH=/Users/mukuyo/Desktop/RI-AI/install/message_info:/Users/mukuyo/Desktop/RI-AI/install/sender:/Users/mukuyo/Desktop/RI-AI/install/reciever:/Users/mukuyo/Desktop/RI-AI/install/proto_info:/Users/mukuyo/Desktop/RI-AI/install/main:/Users/mukuyo/ros2_ws/ros2-osx DYLD_LIBRARY_PATH=/Users/mukuyo/Desktop/RI-AI/install/message_info/lib:/Users/mukuyo/Desktop/RI-AI/install/sender/lib:/Users/mukuyo/Desktop/RI-AI/install/proto_info/lib:/Users/mukuyo/ros2_ws/ros2-osx/opt/yaml_cpp_vendor/lib:/Users/mukuyo/ros2_ws/ros2-osx/opt/rviz_ogre_vendor/lib:/Users/mukuyo/ros2_ws/ros2-osx/lib PYTHONPATH=/Users/mukuyo/Desktop/RI-AI/install/message_info/lib/python3.8/site-packages:/Users/mukuyo/Desktop/RI-AI/install/sender/lib/python3.8/site-packages:/Users/mukuyo/Desktop/RI-AI/install/proto_info/lib/python3.8/site-packages:/Users/mukuyo/ros2_ws/ros2-osx/lib/python3.8/site-packages SHLVL=2 _=/usr/bin/env /usr/local/bin/cmake --install /Users/mukuyo/Desktop/RI-AI/build/main
[10.546s] -- Install configuration: ""
[10.546s] -- Installing: /Users/mukuyo/Desktop/RI-AI/install/main/lib/main/main
[10.655s] -- Up-to-date: /Users/mukuyo/Desktop/RI-AI/install/main/share/ament_index/resource_index/package_run_dependencies/main
[10.656s] -- Up-to-date: /Users/mukuyo/Desktop/RI-AI/install/main/share/ament_index/resource_index/parent_prefix_path/main
[10.656s] -- Up-to-date: /Users/mukuyo/Desktop/RI-AI/install/main/share/main/environment/ament_prefix_path.sh
[10.656s] -- Up-to-date: /Users/mukuyo/Desktop/RI-AI/install/main/share/main/environment/ament_prefix_path.dsv
[10.657s] -- Up-to-date: /Users/mukuyo/Desktop/RI-AI/install/main/share/main/environment/path.sh
[10.657s] -- Up-to-date: /Users/mukuyo/Desktop/RI-AI/install/main/share/main/environment/path.dsv
[10.658s] -- Up-to-date: /Users/mukuyo/Desktop/RI-AI/install/main/share/main/local_setup.bash
[10.658s] -- Up-to-date: /Users/mukuyo/Desktop/RI-AI/install/main/share/main/local_setup.sh
[10.659s] -- Up-to-date: /Users/mukuyo/Desktop/RI-AI/install/main/share/main/local_setup.zsh
[10.659s] -- Up-to-date: /Users/mukuyo/Desktop/RI-AI/install/main/share/main/local_setup.dsv
[10.660s] -- Installing: /Users/mukuyo/Desktop/RI-AI/install/main/share/main/package.dsv
[10.660s] -- Up-to-date: /Users/mukuyo/Desktop/RI-AI/install/main/share/ament_index/resource_index/packages/main
[10.661s] -- Up-to-date: /Users/mukuyo/Desktop/RI-AI/install/main/share/main/cmake/mainConfig.cmake
[10.661s] -- Up-to-date: /Users/mukuyo/Desktop/RI-AI/install/main/share/main/cmake/mainConfig-version.cmake
[10.661s] -- Up-to-date: /Users/mukuyo/Desktop/RI-AI/install/main/share/main/package.xml
[10.673s] Invoked command in '/Users/mukuyo/Desktop/RI-AI/build/main' returned '0': CMAKE_PREFIX_PATH=/Users/mukuyo/Desktop/RI-AI/install/message_info:/Users/mukuyo/Desktop/RI-AI/install/sender:/Users/mukuyo/Desktop/RI-AI/install/reciever:/Users/mukuyo/Desktop/RI-AI/install/proto_info:/Users/mukuyo/Desktop/RI-AI/install/main:/Users/mukuyo/ros2_ws/ros2-osx DYLD_LIBRARY_PATH=/Users/mukuyo/Desktop/RI-AI/install/message_info/lib:/Users/mukuyo/Desktop/RI-AI/install/sender/lib:/Users/mukuyo/Desktop/RI-AI/install/proto_info/lib:/Users/mukuyo/ros2_ws/ros2-osx/opt/yaml_cpp_vendor/lib:/Users/mukuyo/ros2_ws/ros2-osx/opt/rviz_ogre_vendor/lib:/Users/mukuyo/ros2_ws/ros2-osx/lib PYTHONPATH=/Users/mukuyo/Desktop/RI-AI/install/message_info/lib/python3.8/site-packages:/Users/mukuyo/Desktop/RI-AI/install/sender/lib/python3.8/site-packages:/Users/mukuyo/Desktop/RI-AI/install/proto_info/lib/python3.8/site-packages:/Users/mukuyo/ros2_ws/ros2-osx/lib/python3.8/site-packages SHLVL=2 _=/usr/bin/env /usr/local/bin/cmake --install /Users/mukuyo/Desktop/RI-AI/build/main
