[0.080s] Invoking command in '/Users/mukuyo/RI-AI/src/main/build/main': CMAKE_PREFIX_PATH=${CMAKE_PREFIX_PATH}:/Users/mukuyo/RI-AI/install/sender SHLVL=2 _=/usr/bin/env /usr/local/bin/cmake --build /Users/mukuyo/RI-AI/src/main/build/main -- -j8 -l8
[0.295s] Scanning dependencies of target main
[0.364s] [ 50%] Building CXX object CMakeFiles/main.dir/src/main.cpp.o
[1.357s] /Users/mukuyo/RI-AI/src/main/src/main.cpp:16:16: error: no viable overloaded '='
[1.357s]     subscriber = this->create_subscription<message_info::msg::VisionDetections>("vision_detections",10,std::bind(&Main::callback,_1));
[1.358s]     ~~~~~~~~~~ ^ ~~~~~~~~~~~~~~~~~~~~~~~~~~~~~~~~~~~~~~~~~~~~~~~~~~~~~~~~~~~~~~~~~~~~~~~~~~~~~~~~~~~~~~~~~~~~~~~~~~~~~~~~~~~~~~~~~~~~
[1.358s] /Library/Developer/CommandLineTools/usr/bin/../include/c++/v1/memory:3839:17: note: candidate function not viable: no known conversion from 'shared_ptr<Subscription<message_info::msg::RobotCommands_<std::__1::allocator<void> >, [...], MessageMemoryStrategy<message_info::msg::RobotCommands_<std::__1::allocator<void> >, [...]>>>' to 'const shared_ptr<Subscription<message_info::msg::VisionDetections_<std::__1::allocator<void> >, [...], MessageMemoryStrategy<message_info::msg::VisionDetections_<std::__1::allocator<void> >, [...]>>>' for 1st argument
[1.358s]     shared_ptr& operator=(const shared_ptr& __r) _NOEXCEPT;
[1.358s]                 ^
[1.358s] /Library/Developer/CommandLineTools/usr/bin/../include/c++/v1/memory:3850:17: note: candidate function not viable: no known conversion from 'shared_ptr<Subscription<message_info::msg::RobotCommands_<std::__1::allocator<void> >, [...], MessageMemoryStrategy<message_info::msg::RobotCommands_<std::__1::allocator<void> >, [...]>>>' to 'shared_ptr<Subscription<message_info::msg::VisionDetections_<std::__1::allocator<void> >, [...], MessageMemoryStrategy<message_info::msg::VisionDetections_<std::__1::allocator<void> >, [...]>>>' for 1st argument
[1.358s]     shared_ptr& operator=(shared_ptr&& __r) _NOEXCEPT;
[1.358s]                 ^
[1.358s] /Library/Developer/CommandLineTools/usr/bin/../include/c++/v1/memory:3847:9: note: candidate template ignored: requirement 'is_convertible<rclcpp::Subscription<message_info::msg::RobotCommands_<std::__1::allocator<void> >, std::__1::allocator<void>, rclcpp::message_memory_strategy::MessageMemoryStrategy<message_info::msg::RobotCommands_<std::__1::allocator<void> >, std::__1::allocator<void> > > *, rclcpp::Subscription<message_info::msg::VisionDetections_<std::__1::allocator<void> >, std::__1::allocator<void>, rclcpp::message_memory_strategy::MessageMemoryStrategy<message_info::msg::VisionDetections_<std::__1::allocator<void> >, std::__1::allocator<void> > > *>::value' was not satisfied [with _Yp = rclcpp::Subscription<message_info::msg::RobotCommands_<std::__1::allocator<void> >, std::__1::allocator<void>, rclcpp::message_memory_strategy::MessageMemoryStrategy<message_info::msg::RobotCommands_<std::__1::allocator<void> >, std::__1::allocator<void> > >]
[1.358s]         operator=(const shared_ptr<_Yp>& __r) _NOEXCEPT;
[1.358s]         ^
[1.359s] /Library/Developer/CommandLineTools/usr/bin/../include/c++/v1/memory:3858:9: note: candidate template ignored: requirement 'is_convertible<rclcpp::Subscription<message_info::msg::RobotCommands_<std::__1::allocator<void> >, std::__1::allocator<void>, rclcpp::message_memory_strategy::MessageMemoryStrategy<message_info::msg::RobotCommands_<std::__1::allocator<void> >, std::__1::allocator<void> > > *, rclcpp::Subscription<message_info::msg::VisionDetections_<std::__1::allocator<void> >, std::__1::allocator<void>, rclcpp::message_memory_strategy::MessageMemoryStrategy<message_info::msg::VisionDetections_<std::__1::allocator<void> >, std::__1::allocator<void> > > *>::value' was not satisfied [with _Yp = rclcpp::Subscription<message_info::msg::RobotCommands_<std::__1::allocator<void> >, std::__1::allocator<void>, rclcpp::message_memory_strategy::MessageMemoryStrategy<message_info::msg::RobotCommands_<std::__1::allocator<void> >, std::__1::allocator<void> > >]
[1.359s]         operator=(shared_ptr<_Yp>&& __r);
[1.359s]         ^
[1.359s] /Library/Developer/CommandLineTools/usr/bin/../include/c++/v1/memory:3868:9: note: candidate template ignored: could not match 'auto_ptr' against 'shared_ptr'
[1.359s]         operator=(auto_ptr<_Yp>&& __r);
[1.359s]         ^
[1.359s] /Library/Developer/CommandLineTools/usr/bin/../include/c++/v1/memory:3892:9: note: candidate template ignored: could not match 'unique_ptr' against 'shared_ptr'
[1.359s]         operator=(unique_ptr<_Yp, _Dp>&& __r);
[1.359s]         ^
[1.359s] /Users/mukuyo/RI-AI/src/main/src/main.cpp:24:67: warning: unused parameter 'vision_message' [-Wunused-parameter]
[1.359s]   void callback(const message_info::msg::RobotCommands::SharedPtr vision_message) {
[1.360s]                                                                   ^
[2.233s] In file included from /Users/mukuyo/RI-AI/src/main/src/main.cpp:1:
[2.233s] In file included from /Users/mukuyo/ros2_ws/ros2-osx/include/rclcpp/rclcpp.hpp:146:
[2.233s] In file included from /Users/mukuyo/ros2_ws/ros2-osx/include/rclcpp/executors.hpp:21:
[2.233s] In file included from /Users/mukuyo/ros2_ws/ros2-osx/include/rclcpp/executors/multi_threaded_executor.hpp:25:
[2.233s] In file included from /Users/mukuyo/ros2_ws/ros2-osx/include/rclcpp/executor.hpp:33:
[2.234s] In file included from /Users/mukuyo/ros2_ws/ros2-osx/include/rclcpp/executor_options.hpp:20:
[2.234s] In file included from /Users/mukuyo/ros2_ws/ros2-osx/include/rclcpp/memory_strategies.hpp:18:
[2.234s] In file included from /Users/mukuyo/ros2_ws/ros2-osx/include/rclcpp/memory_strategy.hpp:24:
[2.234s] In file included from /Users/mukuyo/ros2_ws/ros2-osx/include/rclcpp/any_executable.hpp:20:
[2.234s] In file included from /Users/mukuyo/ros2_ws/ros2-osx/include/rclcpp/callback_group.hpp:26:
[2.234s] In file included from /Users/mukuyo/ros2_ws/ros2-osx/include/rclcpp/subscription_base.hpp:29:
[2.234s] /Users/mukuyo/ros2_ws/ros2-osx/include/rclcpp/any_subscription_callback.hpp:85:26: error: no viable overloaded '='
[2.234s]     shared_ptr_callback_ = callback;
[2.234s]     ~~~~~~~~~~~~~~~~~~~~ ^ ~~~~~~~~
[2.234s] /Users/mukuyo/ros2_ws/ros2-osx/include/rclcpp/subscription_factory.hpp:97:29: note: in instantiation of function template specialization 'rclcpp::AnySubscriptionCallback<message_info::msg::RobotCommands_<std::__1::allocator<void> >, std::__1::allocator<void> >::set<std::__1::__bind<void (Main::*)(std::__1::shared_ptr<message_info::msg::RobotCommands_<std::__1::allocator<void> > >), const std::__1::placeholders::__ph<1> &>, nullptr>' requested here
[2.234s]   any_subscription_callback.set(std::forward<CallbackT>(callback));
[2.235s]                             ^
[2.235s] /Users/mukuyo/ros2_ws/ros2-osx/include/rclcpp/create_subscription.hpp:112:26: note: in instantiation of function template specialization 'rclcpp::create_subscription_factory<message_info::msg::VisionDetections_<std::__1::allocator<void> >, std::__1::__bind<void (Main::*)(std::__1::shared_ptr<message_info::msg::RobotCommands_<std::__1::allocator<void> > >), const std::__1::placeholders::__ph<1> &>, std::__1::allocator<void>, message_info::msg::RobotCommands_<std::__1::allocator<void> >, rclcpp::Subscription<message_info::msg::RobotCommands_<std::__1::allocator<void> >, std::__1::allocator<void>, rclcpp::message_memory_strategy::MessageMemoryStrategy<message_info::msg::RobotCommands_<std::__1::allocator<void> >, std::__1::allocator<void> > >, rclcpp::message_memory_strategy::MessageMemoryStrategy<message_info::msg::RobotCommands_<std::__1::allocator<void> >, std::__1::allocator<void> > >' requested here
[2.235s]   auto factory = rclcpp::create_subscription_factory<MessageT>(
[2.235s]                          ^
[2.235s] /Users/mukuyo/ros2_ws/ros2-osx/include/rclcpp/node_impl.hpp:98:18: note: in instantiation of function template specialization 'rclcpp::create_subscription<message_info::msg::VisionDetections_<std::__1::allocator<void> >, std::__1::__bind<void (Main::*)(std::__1::shared_ptr<message_info::msg::RobotCommands_<std::__1::allocator<void> > >), const std::__1::placeholders::__ph<1> &>, std::__1::allocator<void>, message_info::msg::RobotCommands_<std::__1::allocator<void> >, rclcpp::Subscription<message_info::msg::RobotCommands_<std::__1::allocator<void> >, std::__1::allocator<void>, rclcpp::message_memory_strategy::MessageMemoryStrategy<message_info::msg::RobotCommands_<std::__1::allocator<void> >, std::__1::allocator<void> > >, rclcpp::message_memory_strategy::MessageMemoryStrategy<message_info::msg::RobotCommands_<std::__1::allocator<void> >, std::__1::allocator<void> >, rclcpp::Node &>' requested here
[2.235s]   return rclcpp::create_subscription<MessageT>(
[2.235s]                  ^
[2.235s] /Users/mukuyo/RI-AI/src/main/src/main.cpp:16:24: note: in instantiation of function template specialization 'rclcpp::Node::create_subscription<message_info::msg::VisionDetections_<std::__1::allocator<void> >, std::__1::__bind<void (Main::*)(std::__1::shared_ptr<message_info::msg::RobotCommands_<std::__1::allocator<void> > >), const std::__1::placeholders::__ph<1> &>, std::__1::allocator<void>, message_info::msg::RobotCommands_<std::__1::allocator<void> >, rclcpp::Subscription<message_info::msg::RobotCommands_<std::__1::allocator<void> >, std::__1::allocator<void>, rclcpp::message_memory_strategy::MessageMemoryStrategy<message_info::msg::RobotCommands_<std::__1::allocator<void> >, std::__1::allocator<void> > >, rclcpp::message_memory_strategy::MessageMemoryStrategy<message_info::msg::RobotCommands_<std::__1::allocator<void> >, std::__1::allocator<void> > >' requested here
[2.235s]     subscriber = this->create_subscription<message_info::msg::VisionDetections>("vision_detections",10,std::bind(&Main::callback,_1));
[2.235s]                        ^
[2.236s] /Library/Developer/CommandLineTools/usr/bin/../include/c++/v1/functional:2297:15: note: candidate function not viable: no known conversion from 'std::__1::__bind<void (Main::*)(std::__1::shared_ptr<message_info::msg::RobotCommands_<std::__1::allocator<void> > >), const std::__1::placeholders::__ph<1> &>' to 'const std::__1::function<void (std::__1::shared_ptr<message_info::msg::RobotCommands_<std::__1::allocator<void> > >)>' for 1st argument
[2.236s]     function& operator=(const function&);
[2.236s]               ^
[2.236s] /Library/Developer/CommandLineTools/usr/bin/../include/c++/v1/functional:2298:15: note: candidate function not viable: no known conversion from 'std::__1::__bind<void (Main::*)(std::__1::shared_ptr<message_info::msg::RobotCommands_<std::__1::allocator<void> > >), const std::__1::placeholders::__ph<1> &>' to 'std::__1::function<void (std::__1::shared_ptr<message_info::msg::RobotCommands_<std::__1::allocator<void> > >)>' for 1st argument
[2.236s]     function& operator=(function&&) _NOEXCEPT;
[2.236s]               ^
[2.236s] /Library/Developer/CommandLineTools/usr/bin/../include/c++/v1/functional:2299:15: note: candidate function not viable: no known conversion from 'std::__1::__bind<void (Main::*)(std::__1::shared_ptr<message_info::msg::RobotCommands_<std::__1::allocator<void> > >), const std::__1::placeholders::__ph<1> &>' to 'std::nullptr_t' (aka 'nullptr_t') for 1st argument
[2.236s]     function& operator=(nullptr_t) _NOEXCEPT;
[2.236s]               ^
[2.236s] /Library/Developer/CommandLineTools/usr/bin/../include/c++/v1/functional:2301:15: note: candidate template ignored: requirement '__callable<std::__1::__bind<void (Main::*)(std::__1::shared_ptr<message_info::msg::RobotCommands_<std::__1::allocator<void> > >), const std::__1::placeholders::__ph<1> &> &, false>::value' was not satisfied [with _Fp = std::__1::__bind<void (Main::*)(std::__1::shared_ptr<message_info::msg::RobotCommands_<std::__1::allocator<void> > >), const std::__1::placeholders::__ph<1> &> &]
[2.236s]     function& operator=(_Fp&&);
[2.236s]               ^
[2.577s] 1 warning and 2 errors generated.
[2.592s] make[2]: *** [CMakeFiles/main.dir/src/main.cpp.o] Error 1
[2.593s] make[1]: *** [CMakeFiles/main.dir/all] Error 2
[2.593s] make: *** [all] Error 2
[2.594s] Invoked command in '/Users/mukuyo/RI-AI/src/main/build/main' returned '2': CMAKE_PREFIX_PATH=${CMAKE_PREFIX_PATH}:/Users/mukuyo/RI-AI/install/sender SHLVL=2 _=/usr/bin/env /usr/local/bin/cmake --build /Users/mukuyo/RI-AI/src/main/build/main -- -j8 -l8
