/Users/mukuyo/RI-AI/src/main/src/main.cpp:16:16: error: no viable overloaded '='
    subscriber = this->create_subscription<message_info::msg::VisionDetections>("vision_detections",10,std::bind(&Main::callback,this,std::placeholders::_1));
    ~~~~~~~~~~ ^ ~~~~~~~~~~~~~~~~~~~~~~~~~~~~~~~~~~~~~~~~~~~~~~~~~~~~~~~~~~~~~~~~~~~~~~~~~~~~~~~~~~~~~~~~~~~~~~~~~~~~~~~~~~~~~~~~~~~~~~~~~~~~~~~~~~~~~~~~~~~~
/Library/Developer/CommandLineTools/usr/bin/../include/c++/v1/memory:3839:17: note: candidate function not viable: no known conversion from 'shared_ptr<Subscription<message_info::msg::RobotCommands_<std::__1::allocator<void> >, [...], MessageMemoryStrategy<message_info::msg::RobotCommands_<std::__1::allocator<void> >, [...]>>>' to 'const shared_ptr<Subscription<message_info::msg::VisionDetections_<std::__1::allocator<void> >, [...], MessageMemoryStrategy<message_info::msg::VisionDetections_<std::__1::allocator<void> >, [...]>>>' for 1st argument
    shared_ptr& operator=(const shared_ptr& __r) _NOEXCEPT;
                ^
/Library/Developer/CommandLineTools/usr/bin/../include/c++/v1/memory:3850:17: note: candidate function not viable: no known conversion from 'shared_ptr<Subscription<message_info::msg::RobotCommands_<std::__1::allocator<void> >, [...], MessageMemoryStrategy<message_info::msg::RobotCommands_<std::__1::allocator<void> >, [...]>>>' to 'shared_ptr<Subscription<message_info::msg::VisionDetections_<std::__1::allocator<void> >, [...], MessageMemoryStrategy<message_info::msg::VisionDetections_<std::__1::allocator<void> >, [...]>>>' for 1st argument
    shared_ptr& operator=(shared_ptr&& __r) _NOEXCEPT;
                ^
/Library/Developer/CommandLineTools/usr/bin/../include/c++/v1/memory:3847:9: note: candidate template ignored: requirement 'is_convertible<rclcpp::Subscription<message_info::msg::RobotCommands_<std::__1::allocator<void> >, std::__1::allocator<void>, rclcpp::message_memory_strategy::MessageMemoryStrategy<message_info::msg::RobotCommands_<std::__1::allocator<void> >, std::__1::allocator<void> > > *, rclcpp::Subscription<message_info::msg::VisionDetections_<std::__1::allocator<void> >, std::__1::allocator<void>, rclcpp::message_memory_strategy::MessageMemoryStrategy<message_info::msg::VisionDetections_<std::__1::allocator<void> >, std::__1::allocator<void> > > *>::value' was not satisfied [with _Yp = rclcpp::Subscription<message_info::msg::RobotCommands_<std::__1::allocator<void> >, std::__1::allocator<void>, rclcpp::message_memory_strategy::MessageMemoryStrategy<message_info::msg::RobotCommands_<std::__1::allocator<void> >, std::__1::allocator<void> > >]
        operator=(const shared_ptr<_Yp>& __r) _NOEXCEPT;
        ^
/Library/Developer/CommandLineTools/usr/bin/../include/c++/v1/memory:3858:9: note: candidate template ignored: requirement 'is_convertible<rclcpp::Subscription<message_info::msg::RobotCommands_<std::__1::allocator<void> >, std::__1::allocator<void>, rclcpp::message_memory_strategy::MessageMemoryStrategy<message_info::msg::RobotCommands_<std::__1::allocator<void> >, std::__1::allocator<void> > > *, rclcpp::Subscription<message_info::msg::VisionDetections_<std::__1::allocator<void> >, std::__1::allocator<void>, rclcpp::message_memory_strategy::MessageMemoryStrategy<message_info::msg::VisionDetections_<std::__1::allocator<void> >, std::__1::allocator<void> > > *>::value' was not satisfied [with _Yp = rclcpp::Subscription<message_info::msg::RobotCommands_<std::__1::allocator<void> >, std::__1::allocator<void>, rclcpp::message_memory_strategy::MessageMemoryStrategy<message_info::msg::RobotCommands_<std::__1::allocator<void> >, std::__1::allocator<void> > >]
        operator=(shared_ptr<_Yp>&& __r);
        ^
/Library/Developer/CommandLineTools/usr/bin/../include/c++/v1/memory:3868:9: note: candidate template ignored: could not match 'auto_ptr' against 'shared_ptr'
        operator=(auto_ptr<_Yp>&& __r);
        ^
/Library/Developer/CommandLineTools/usr/bin/../include/c++/v1/memory:3892:9: note: candidate template ignored: could not match 'unique_ptr' against 'shared_ptr'
        operator=(unique_ptr<_Yp, _Dp>&& __r);
        ^
/Users/mukuyo/RI-AI/src/main/src/main.cpp:17:39: error: no matching literal operator for call to 'operator""s' with argument of type 'unsigned long long' or 'const char *', and no matching literal operator template
    timer_ = this->create_wall_timer(1s, std::bind(&Main::timer_callback, this));
                                      ^
/Users/mukuyo/RI-AI/src/main/src/main.cpp:25:57: error: no member named 'frames' in 'message_info::msg::RobotCommands_<std::__1::allocator<void> >'
    RCLCPP_INFO(this->get_logger(),"%f",vision_message->frames[0].balls[0].pose.x);
                                        ~~~~~~~~~~~~~~  ^
/Users/mukuyo/ros2_ws/ros2-osx/include/rclcpp/logging.hpp:545:35: note: expanded from macro 'RCLCPP_INFO'
        RCLCPP_ALL_BUT_FIRST_ARGS(__VA_ARGS__,"")); \
                                  ^~~~~~~~~~~
/Users/mukuyo/ros2_ws/ros2-osx/include/rclcpp/logging.hpp:36:43: note: expanded from macro 'RCLCPP_ALL_BUT_FIRST_ARGS'
#define RCLCPP_ALL_BUT_FIRST_ARGS(N, ...) __VA_ARGS__
                                          ^~~~~~~~~~~
/Users/mukuyo/ros2_ws/ros2-osx/include/rcutils/logging_macros.h:503:5: note: expanded from macro 'RCUTILS_LOG_INFO_NAMED'
    __VA_ARGS__)
    ^~~~~~~~~~~
/Users/mukuyo/ros2_ws/ros2-osx/include/rcutils/logging_macros.h:72:64: note: expanded from macro 'RCUTILS_LOG_COND_NAMED'
      rcutils_log(&__rcutils_logging_location, severity, name, __VA_ARGS__); \
                                                               ^~~~~~~~~~~
3 errors generated.
make[2]: *** [CMakeFiles/main.dir/src/main.cpp.o] Error 1
make[1]: *** [CMakeFiles/main.dir/all] Error 2
make: *** [all] Error 2
