[0.160s] Invoking command in '/Users/mukuyo/Desktop/RI-AI/build/main': CMAKE_PREFIX_PATH=/Users/mukuyo/Desktop/RI-AI/install/message_info:/Users/mukuyo/Desktop/RI-AI/install/sender:/Users/mukuyo/Desktop/RI-AI/install/reciever:/Users/mukuyo/Desktop/RI-AI/install/proto_info:/Users/mukuyo/Desktop/RI-AI/install/main:/Users/mukuyo/ros2_ws/ros2-osx DYLD_LIBRARY_PATH=/Users/mukuyo/Desktop/RI-AI/install/message_info/lib:/Users/mukuyo/Desktop/RI-AI/install/sender/lib:/Users/mukuyo/Desktop/RI-AI/install/proto_info/lib:/Users/mukuyo/ros2_ws/ros2-osx/opt/yaml_cpp_vendor/lib:/Users/mukuyo/ros2_ws/ros2-osx/opt/rviz_ogre_vendor/lib:/Users/mukuyo/ros2_ws/ros2-osx/lib PYTHONPATH=/Users/mukuyo/Desktop/RI-AI/install/message_info/lib/python3.8/site-packages:/Users/mukuyo/Desktop/RI-AI/install/sender/lib/python3.8/site-packages:/Users/mukuyo/Desktop/RI-AI/install/proto_info/lib/python3.8/site-packages:/Users/mukuyo/ros2_ws/ros2-osx/lib/python3.8/site-packages SHLVL=2 _=/usr/bin/env /usr/local/bin/cmake --build /Users/mukuyo/Desktop/RI-AI/build/main -- -j8 -l8
[0.789s] Scanning dependencies of target main
[1.078s] [ 20%] Building CXX object CMakeFiles/main.dir/src/main.cpp.o
[1.089s] [ 40%] Building CXX object CMakeFiles/main.dir/src/game.cpp.o
[1.113s] [ 60%] Building CXX object CMakeFiles/main.dir/src/goalie.cpp.o
[3.838s] /Users/mukuyo/Desktop/RI-AI/src/main/src/goalie.cpp:7:52: warning: unused parameter 'ball' [-Wunused-parameter]
[3.839s] void Goalie::main(message_info::msg::DetectionBall ball, message_info::msg::DetectionRobot robot, message_info::msg::GoalInfo goal, message_info::msg::RobotCommand & send_message){
[3.839s]                                                    ^
[3.839s] /Users/mukuyo/Desktop/RI-AI/src/main/src/goalie.cpp:7:92: warning: unused parameter 'robot' [-Wunused-parameter]
[3.840s] void Goalie::main(message_info::msg::DetectionBall ball, message_info::msg::DetectionRobot robot, message_info::msg::GoalInfo goal, message_info::msg::RobotCommand & send_message){
[3.840s]                                                                                            ^
[3.840s] /Users/mukuyo/Desktop/RI-AI/src/main/src/goalie.cpp:7:127: warning: unused parameter 'goal' [-Wunused-parameter]
[3.840s] void Goalie::main(message_info::msg::DetectionBall ball, message_info::msg::DetectionRobot robot, message_info::msg::GoalInfo goal, message_info::msg::RobotCommand & send_message){
[3.840s]                                                                                                                               ^
[3.840s] /Users/mukuyo/Desktop/RI-AI/src/main/src/goalie.cpp:7:167: warning: unused parameter 'send_message' [-Wunused-parameter]
[3.841s] void Goalie::main(message_info::msg::DetectionBall ball, message_info::msg::DetectionRobot robot, message_info::msg::GoalInfo goal, message_info::msg::RobotCommand & send_message){
[3.841s]                                                                                                                                                                       ^
[3.933s] /Users/mukuyo/Desktop/RI-AI/src/main/src/game.cpp:31:16: warning: unused variable 'field_width' [-Wunused-variable]
[3.933s]          float field_width = geometry_message->field_width;
[3.933s]                ^
[3.956s] /Users/mukuyo/Desktop/RI-AI/src/main/src/game.cpp:49:13: error: call to non-static member function without an object argument
[3.956s]     Goalie::main(ball,robot,goal,command);
[3.956s]     ~~~~~~~~^~~~
[4.451s] 4 warnings generated.
[6.632s] 1 warning and 1 error generated.
[6.658s] make[2]: *** [CMakeFiles/main.dir/src/game.cpp.o] Error 1
[6.658s] make[1]: *** [CMakeFiles/main.dir/all] Error 2
[6.658s] make: *** [all] Error 2
[6.660s] Invoked command in '/Users/mukuyo/Desktop/RI-AI/build/main' returned '2': CMAKE_PREFIX_PATH=/Users/mukuyo/Desktop/RI-AI/install/message_info:/Users/mukuyo/Desktop/RI-AI/install/sender:/Users/mukuyo/Desktop/RI-AI/install/reciever:/Users/mukuyo/Desktop/RI-AI/install/proto_info:/Users/mukuyo/Desktop/RI-AI/install/main:/Users/mukuyo/ros2_ws/ros2-osx DYLD_LIBRARY_PATH=/Users/mukuyo/Desktop/RI-AI/install/message_info/lib:/Users/mukuyo/Desktop/RI-AI/install/sender/lib:/Users/mukuyo/Desktop/RI-AI/install/proto_info/lib:/Users/mukuyo/ros2_ws/ros2-osx/opt/yaml_cpp_vendor/lib:/Users/mukuyo/ros2_ws/ros2-osx/opt/rviz_ogre_vendor/lib:/Users/mukuyo/ros2_ws/ros2-osx/lib PYTHONPATH=/Users/mukuyo/Desktop/RI-AI/install/message_info/lib/python3.8/site-packages:/Users/mukuyo/Desktop/RI-AI/install/sender/lib/python3.8/site-packages:/Users/mukuyo/Desktop/RI-AI/install/proto_info/lib/python3.8/site-packages:/Users/mukuyo/ros2_ws/ros2-osx/lib/python3.8/site-packages SHLVL=2 _=/usr/bin/env /usr/local/bin/cmake --build /Users/mukuyo/Desktop/RI-AI/build/main -- -j8 -l8
