[0.123s] Invoking command in '/Users/mukuyo/Desktop/RI-AI/build/main': AMENT_PREFIX_PATH=/Users/mukuyo/Desktop/RI-AI/install/message_info:${AMENT_PREFIX_PATH} CMAKE_PREFIX_PATH=/Users/mukuyo/Desktop/RI-AI/install/message_info:${CMAKE_PREFIX_PATH} DYLD_LIBRARY_PATH=/Users/mukuyo/Desktop/RI-AI/install/message_info/lib:${DYLD_LIBRARY_PATH} PYTHONPATH=/Users/mukuyo/Desktop/RI-AI/install/message_info/lib/python3.8/site-packages:${PYTHONPATH} SHLVL=2 _=/usr/bin/env /usr/local/bin/cmake --build /Users/mukuyo/Desktop/RI-AI/build/main -- -j8 -l8
[0.492s] Scanning dependencies of target main
[0.627s] [ 50%] Building CXX object CMakeFiles/main.dir/src/game.cpp.o
[0.627s] [ 50%] Building CXX object CMakeFiles/main.dir/src/main.cpp.o
[2.809s] /Users/mukuyo/Desktop/RI-AI/src/main/src/game.cpp:31:16: warning: unused variable 'field_width' [-Wunused-variable]
[2.809s]          float field_width = geometry_message->field_width;
[2.809s]                ^
[8.078s] 1 warning generated.
[8.148s] [ 75%] Linking CXX executable main
[8.374s] [100%] Built target main
[8.401s] Invoked command in '/Users/mukuyo/Desktop/RI-AI/build/main' returned '0': AMENT_PREFIX_PATH=/Users/mukuyo/Desktop/RI-AI/install/message_info:${AMENT_PREFIX_PATH} CMAKE_PREFIX_PATH=/Users/mukuyo/Desktop/RI-AI/install/message_info:${CMAKE_PREFIX_PATH} DYLD_LIBRARY_PATH=/Users/mukuyo/Desktop/RI-AI/install/message_info/lib:${DYLD_LIBRARY_PATH} PYTHONPATH=/Users/mukuyo/Desktop/RI-AI/install/message_info/lib/python3.8/site-packages:${PYTHONPATH} SHLVL=2 _=/usr/bin/env /usr/local/bin/cmake --build /Users/mukuyo/Desktop/RI-AI/build/main -- -j8 -l8
[8.780s] Invoking command in '/Users/mukuyo/Desktop/RI-AI/build/main': AMENT_PREFIX_PATH=/Users/mukuyo/Desktop/RI-AI/install/message_info:${AMENT_PREFIX_PATH} CMAKE_PREFIX_PATH=/Users/mukuyo/Desktop/RI-AI/install/message_info:${CMAKE_PREFIX_PATH} DYLD_LIBRARY_PATH=/Users/mukuyo/Desktop/RI-AI/install/message_info/lib:${DYLD_LIBRARY_PATH} PYTHONPATH=/Users/mukuyo/Desktop/RI-AI/install/message_info/lib/python3.8/site-packages:${PYTHONPATH} SHLVL=2 _=/usr/bin/env /usr/local/bin/cmake --install /Users/mukuyo/Desktop/RI-AI/build/main
[8.800s] -- Install configuration: ""
[8.800s] -- Up-to-date: /Users/mukuyo/Desktop/RI-AI/install/main/share/ament_index/resource_index/package_run_dependencies/main
[8.800s] -- Up-to-date: /Users/mukuyo/Desktop/RI-AI/install/main/share/ament_index/resource_index/parent_prefix_path/main
[8.801s] -- Up-to-date: /Users/mukuyo/Desktop/RI-AI/install/main/share/main/environment/ament_prefix_path.sh
[8.801s] -- Up-to-date: /Users/mukuyo/Desktop/RI-AI/install/main/share/main/environment/ament_prefix_path.dsv
[8.801s] -- Up-to-date: /Users/mukuyo/Desktop/RI-AI/install/main/share/main/environment/path.sh
[8.802s] -- Up-to-date: /Users/mukuyo/Desktop/RI-AI/install/main/share/main/environment/path.dsv
[8.802s] -- Up-to-date: /Users/mukuyo/Desktop/RI-AI/install/main/share/main/local_setup.bash
[8.802s] -- Up-to-date: /Users/mukuyo/Desktop/RI-AI/install/main/share/main/local_setup.sh
[8.803s] -- Up-to-date: /Users/mukuyo/Desktop/RI-AI/install/main/share/main/local_setup.zsh
[8.803s] -- Up-to-date: /Users/mukuyo/Desktop/RI-AI/install/main/share/main/local_setup.dsv
[8.803s] -- Installing: /Users/mukuyo/Desktop/RI-AI/install/main/share/main/package.dsv
[8.804s] -- Up-to-date: /Users/mukuyo/Desktop/RI-AI/install/main/share/ament_index/resource_index/packages/main
[8.813s] -- Up-to-date: /Users/mukuyo/Desktop/RI-AI/install/main/share/main/cmake/mainConfig.cmake
[8.814s] -- Up-to-date: /Users/mukuyo/Desktop/RI-AI/install/main/share/main/cmake/mainConfig-version.cmake
[8.814s] -- Up-to-date: /Users/mukuyo/Desktop/RI-AI/install/main/share/main/package.xml
[8.814s] Invoked command in '/Users/mukuyo/Desktop/RI-AI/build/main' returned '0': AMENT_PREFIX_PATH=/Users/mukuyo/Desktop/RI-AI/install/message_info:${AMENT_PREFIX_PATH} CMAKE_PREFIX_PATH=/Users/mukuyo/Desktop/RI-AI/install/message_info:${CMAKE_PREFIX_PATH} DYLD_LIBRARY_PATH=/Users/mukuyo/Desktop/RI-AI/install/message_info/lib:${DYLD_LIBRARY_PATH} PYTHONPATH=/Users/mukuyo/Desktop/RI-AI/install/message_info/lib/python3.8/site-packages:${PYTHONPATH} SHLVL=2 _=/usr/bin/env /usr/local/bin/cmake --install /Users/mukuyo/Desktop/RI-AI/build/main
